2025-12-11 19:05:37 [ERROR] [lib.training.pipeline:796] Model forward pass test failed: apply_temporal_augmentations() got an unexpected keyword argument 'train'
Traceback (most recent call last):
  File "/gpfs/accounts/si670f25_class_root/si670f25_class/santoshd/fvc/lib/training/pipeline.py", line 787, in stage5_train_models
    # Create data loaders
                          
  File "/gpfs/accounts/si670f25_class_root/si670f25_class/santoshd/fvc/venv/lib/python3.11/site-packages/torch/utils/data/dataloader.py", line 732, in __next__
    data = self._next_data()
           ^^^^^^^^^^^^^^^^^
  File "/gpfs/accounts/si670f25_class_root/si670f25_class/santoshd/fvc/venv/lib/python3.11/site-packages/torch/utils/data/dataloader.py", line 788, in _next_data
    data = self._dataset_fetcher.fetch(index)  # may raise StopIteration
           ^^^^^^^^^^^^^^^^^^^^^^^^^^^^^^^^^^
  File "/gpfs/accounts/si670f25_class_root/si670f25_class/santoshd/fvc/venv/lib/python3.11/site-packages/torch/utils/data/_utils/fetch.py", line 52, in fetch
    data = [self.dataset[idx] for idx in possibly_batched_index]
           ^^^^^^^^^^^^^^^^^^^^^^^^^^^^^^^^^^^^^^^^^^^^^^^^^^^^^
  File "/gpfs/accounts/si670f25_class_root/si670f25_class/santoshd/fvc/venv/lib/python3.11/site-packages/torch/utils/data/_utils/fetch.py", line 52, in <listcomp>
    data = [self.dataset[idx] for idx in possibly_batched_index]
            ~~~~~~~~~~~~^^^^^
  File "/gpfs/accounts/si670f25_class_root/si670f25_class/santoshd/fvc/lib/models/video.py", line 532, in __getitem__
    frames = apply_temporal_augmentations(
             ^^^^^^^^^^^^^^^^^^^^^^^^^^^^^
TypeError: apply_temporal_augmentations() got an unexpected keyword argument 'train'
2025-12-11 19:05:37 [ERROR] [__main__:305] ================================================================================
2025-12-11 19:05:37 [ERROR] [__main__:306] STAGE 5 FAILED
2025-12-11 19:05:37 [ERROR] [__main__:307] ================================================================================
2025-12-11 19:05:37 [ERROR] [__main__:308] Error: Model initialization failed: apply_temporal_augmentations() got an unexpected keyword argument 'train'
2025-12-11 19:05:37 [ERROR] [__main__:309] Exception type: ValueError
2025-12-11 19:05:37 [ERROR] [__main__:310] Full traceback:
Traceback (most recent call last):
  File "/gpfs/accounts/si670f25_class_root/si670f25_class/santoshd/fvc/lib/training/pipeline.py", line 787, in stage5_train_models
    # Create data loaders
                          
  File "/gpfs/accounts/si670f25_class_root/si670f25_class/santoshd/fvc/venv/lib/python3.11/site-packages/torch/utils/data/dataloader.py", line 732, in __next__
    data = self._next_data()
           ^^^^^^^^^^^^^^^^^
  File "/gpfs/accounts/si670f25_class_root/si670f25_class/santoshd/fvc/venv/lib/python3.11/site-packages/torch/utils/data/dataloader.py", line 788, in _next_data
    data = self._dataset_fetcher.fetch(index)  # may raise StopIteration
           ^^^^^^^^^^^^^^^^^^^^^^^^^^^^^^^^^^
  File "/gpfs/accounts/si670f25_class_root/si670f25_class/santoshd/fvc/venv/lib/python3.11/site-packages/torch/utils/data/_utils/fetch.py", line 52, in fetch
    data = [self.dataset[idx] for idx in possibly_batched_index]
           ^^^^^^^^^^^^^^^^^^^^^^^^^^^^^^^^^^^^^^^^^^^^^^^^^^^^^
  File "/gpfs/accounts/si670f25_class_root/si670f25_class/santoshd/fvc/venv/lib/python3.11/site-packages/torch/utils/data/_utils/fetch.py", line 52, in <listcomp>
    data = [self.dataset[idx] for idx in possibly_batched_index]
            ~~~~~~~~~~~~^^^^^
  File "/gpfs/accounts/si670f25_class_root/si670f25_class/santoshd/fvc/lib/models/video.py", line 532, in __getitem__
    frames = apply_temporal_augmentations(
             ^^^^^^^^^^^^^^^^^^^^^^^^^^^^^
TypeError: apply_temporal_augmentations() got an unexpected keyword argument 'train'

The above exception was the direct cause of the following exception:

Traceback (most recent call last):
  File "/gpfs/accounts/si670f25_class_root/si670f25_class/santoshd/fvc/src/scripts/run_stage5_training.py", line 249, in main
    logger.debug("Working directory: %s", os.getcwd())
                  ^^^^^^^^^^^^^^^^^^^^^^^^^^^^^^^^^^^^
  File "/gpfs/accounts/si670f25_class_root/si670f25_class/santoshd/fvc/lib/training/pipeline.py", line 797, in stage5_train_models
    pin_memory=use_cuda,  # Faster GPU transfer
ValueError: Model initialization failed: apply_temporal_augmentations() got an unexpected keyword argument 'train'
2025-12-11 19:05:37 [ERROR] [__main__:311] Output directory: /gpfs/accounts/si670f25_class_root/si670f25_class/santoshd/fvc/data/stage5
2025-12-11 19:05:37 [ERROR] [__main__:312] Partial results may be available
2025-12-11 19:05:37 [ERROR] [__main__:313] ================================================================================
