2025-12-10 01:45:23 [INFO] [lib.utils.memory:89] Memory stats (Stage 5: before training): {'cpu_memory_mb': 755.203125, 'cpu_memory_gb': 0.7375030517578125, 'cpu_vms_mb': 10240.0, 'gpu_allocated_gb': 0.0, 'gpu_reserved_gb': 0.0, 'gpu_total_gb': 16.928342016, 'gpu_free_gb': 16.928342016}
2025-12-10 01:45:23 [DEBUG] [lib.utils.memory:95] CPU percent: 0.0%
2025-12-10 01:45:23 [DEBUG] [lib.utils.memory:96] Num threads: 5
2025-12-10 01:45:23 [INFO] [lib.training.pipeline:74] Stage 5: Loading metadata...
2025-12-10 01:45:24 [WARNING] [lib.utils.paths:169] Metadata file is empty: /gpfs/accounts/si670f25_class_root/si670f25_class/santoshd/fvc/data/features_stage2/features_metadata.arrow, trying other formats...
2025-12-10 01:45:24 [WARNING] [lib.utils.paths:178] No valid metadata file found for /gpfs/accounts/si670f25_class_root/si670f25_class/santoshd/fvc/data/features_stage2/features_metadata.arrow
2025-12-10 01:45:24 [INFO] [lib.training.pipeline:85] Stage 5: Found 3244 scaled videos
2025-12-10 01:45:24 [ERROR] [__main__:332] ================================================================================
2025-12-10 01:45:24 [ERROR] [__main__:333] STAGE 5 FAILED
2025-12-10 01:45:24 [ERROR] [__main__:334] ================================================================================
2025-12-10 01:45:24 [ERROR] [__main__:335] Error: cannot access local variable 'sys' where it is not associated with a value
2025-12-10 01:45:24 [ERROR] [__main__:336] Exception type: UnboundLocalError
2025-12-10 01:45:24 [ERROR] [__main__:337] Full traceback:
Traceback (most recent call last):
  File "/gpfs/accounts/si670f25_class_root/si670f25_class/santoshd/fvc/src/scripts/run_stage5_training.py", line 277, in main
    results = stage5_train_models(
              ^^^^^^^^^^^^^^^^^^^^
  File "/gpfs/accounts/si670f25_class_root/si670f25_class/santoshd/fvc/lib/training/pipeline.py", line 111, in stage5_train_models
    if project_root_str not in sys.path:
                               ^^^
UnboundLocalError: cannot access local variable 'sys' where it is not associated with a value
2025-12-10 01:45:24 [ERROR] [__main__:338] Output directory: /gpfs/accounts/si670f25_class_root/si670f25_class/santoshd/fvc/data/stage5
2025-12-10 01:45:24 [ERROR] [__main__:339] Partial results may be available
2025-12-10 01:45:24 [ERROR] [__main__:340] ================================================================================
