2025-12-14 15:08:32 [INFO] [__main__:310] ================================================================================
2025-12-14 15:08:32 [INFO] [__main__:311] STAGE 5: MODEL TRAINING
2025-12-14 15:08:32 [INFO] [__main__:312] ================================================================================
2025-12-14 15:08:32 [INFO] [__main__:313] Project root: /gpfs/accounts/si670f25_class_root/si670f25_class/santoshd/fvc
2025-12-14 15:08:32 [INFO] [__main__:314] Scaled metadata: /gpfs/accounts/si670f25_class_root/si670f25_class/santoshd/fvc/data/scaled_videos/scaled_metadata.arrow
2025-12-14 15:08:32 [INFO] [__main__:315] Features Stage 2: /gpfs/accounts/si670f25_class_root/si670f25_class/santoshd/fvc/data/features_stage2/features_metadata.arrow
2025-12-14 15:08:32 [INFO] [__main__:316] Features Stage 4: /gpfs/accounts/si670f25_class_root/si670f25_class/santoshd/fvc/data/features_stage4/features_scaled_metadata.arrow
2025-12-14 15:08:32 [INFO] [__main__:317] Model types: ['slowfast']
2025-12-14 15:08:32 [INFO] [__main__:318] K-fold splits: 5
2025-12-14 15:08:32 [INFO] [__main__:319] Number of frames: 500
2025-12-14 15:08:32 [INFO] [__main__:320] Output directory: /gpfs/accounts/si670f25_class_root/si670f25_class/santoshd/fvc/data/stage5
2025-12-14 15:08:32 [INFO] [__main__:321] Experiment tracking: Enabled
2025-12-14 15:08:32 [INFO] [__main__:324] Delete existing: False
2025-12-14 15:08:32 [INFO] [__main__:325] Resume mode: True
2025-12-14 15:08:32 [INFO] [__main__:326] Log file: /gpfs/accounts/si670f25_class_root/si670f25_class/santoshd/fvc/logs/stage5_training_1765742912.log
2025-12-14 15:08:32 [INFO] [__main__:333] ================================================================================
2025-12-14 15:08:32 [INFO] [__main__:334] Checking prerequisites...
2025-12-14 15:08:32 [INFO] [__main__:335] ================================================================================
2025-12-14 15:08:32 [INFO] [__main__:342] ✓ Scaled metadata file found: /gpfs/accounts/si670f25_class_root/si670f25_class/santoshd/fvc/data/scaled_videos/scaled_metadata.arrow
2025-12-14 15:08:32 [INFO] [__main__:352] ✓ All model types are valid
2025-12-14 15:08:32 [INFO] [__main__:358] ================================================================================
2025-12-14 15:08:32 [INFO] [__main__:359] Initial memory statistics:
2025-12-14 15:08:32 [INFO] [__main__:360] ================================================================================
2025-12-14 15:08:32 [INFO] [lib.utils.memory:91] Memory stats (Stage 5: before training): {'cpu_memory_mb': 735.6953125, 'cpu_memory_gb': 0.7184524536132812, 'cpu_vms_mb': 10217.62890625, 'gpu_allocated_gb': 0.0, 'gpu_reserved_gb': 0.0, 'gpu_total_gb': 16.928342016, 'gpu_free_gb': 16.928342016}
2025-12-14 15:08:32 [INFO] [__main__:364] ================================================================================
2025-12-14 15:08:32 [INFO] [__main__:365] Starting Stage 5: Model Training
2025-12-14 15:08:32 [INFO] [__main__:366] ================================================================================
2025-12-14 15:08:32 [INFO] [__main__:367] Training 1 model(s) with 5-fold cross-validation
2025-12-14 15:08:32 [INFO] [__main__:368] This may take a while depending on dataset size and model complexity...
2025-12-14 15:08:32 [INFO] [__main__:369] Progress will be logged in real-time
2025-12-14 15:08:32 [INFO] [__main__:370] ================================================================================
2025-12-14 15:08:32 [INFO] [__main__:375] Calling Stage 5 training pipeline...
2025-12-14 15:08:32 [INFO] [__main__:376] This may take a while - progress will be logged in real-time
2025-12-14 15:08:32 [INFO] [lib.training.pipeline:851] ================================================================================
2025-12-14 15:08:32 [INFO] [lib.training.pipeline:852] Stage 5: Model Training Pipeline Started
2025-12-14 15:08:32 [INFO] [lib.training.pipeline:853] ================================================================================
2025-12-14 15:08:32 [INFO] [lib.training.pipeline:854] Model types: ['slowfast']
2025-12-14 15:08:32 [INFO] [lib.training.pipeline:855] K-fold splits: 5
2025-12-14 15:08:32 [INFO] [lib.training.pipeline:856] Frames per video: 500
2025-12-14 15:08:32 [INFO] [lib.training.pipeline:857] Output directory: data/stage5
2025-12-14 15:08:32 [INFO] [lib.training.pipeline:858] Initializing pipeline...
2025-12-14 15:08:32 [INFO] [lib.training.pipeline:261] ================================================================================
2025-12-14 15:08:32 [INFO] [lib.training.pipeline:262] STAGE 5 PREREQUISITE VALIDATION
2025-12-14 15:08:32 [INFO] [lib.training.pipeline:263] ================================================================================
2025-12-14 15:08:32 [INFO] [lib.training.pipeline:266] 
[1/3] Checking Stage 3 (scaled videos) - REQUIRED for all models...
2025-12-14 15:08:34 [INFO] [lib.training.pipeline:275] ✓ Stage 3 metadata found: 3278 scaled videos
2025-12-14 15:08:34 [INFO] [lib.training.pipeline:276]   Path: /gpfs/accounts/si670f25_class_root/si670f25_class/santoshd/fvc/data/scaled_videos/scaled_metadata.arrow
2025-12-14 15:08:34 [INFO] [lib.training.pipeline:279] 
[2/3] Checking Stage 2 (features) - REQUIRED for *_stage2 models...
2025-12-14 15:08:34 [INFO] [lib.training.pipeline:287] ✓ Stage 2 metadata found: 3278 feature rows
2025-12-14 15:08:34 [INFO] [lib.training.pipeline:288]   Path: /gpfs/accounts/si670f25_class_root/si670f25_class/santoshd/fvc/data/features_stage2/features_metadata.arrow
2025-12-14 15:08:34 [INFO] [lib.training.pipeline:291] 
[3/3] Checking Stage 4 (scaled features) - REQUIRED for *_stage2_stage4 models...
2025-12-14 15:08:34 [INFO] [lib.training.pipeline:299] ✓ Stage 4 metadata found: 3277 feature rows
2025-12-14 15:08:34 [INFO] [lib.training.pipeline:300]   Path: /gpfs/accounts/si670f25_class_root/si670f25_class/santoshd/fvc/data/features_stage4/features_scaled_metadata.arrow
2025-12-14 15:08:34 [INFO] [lib.training.pipeline:303] 
================================================================================
2025-12-14 15:08:34 [INFO] [lib.training.pipeline:304] MODEL REQUIREMENTS CHECK
2025-12-14 15:08:34 [INFO] [lib.training.pipeline:305] ================================================================================
2025-12-14 15:08:34 [INFO] [lib.training.pipeline:329] ✓ slowfast: CAN RUN
2025-12-14 15:08:34 [INFO] [lib.training.pipeline:332] 
================================================================================
2025-12-14 15:08:34 [INFO] [lib.training.pipeline:333] VALIDATION SUMMARY
2025-12-14 15:08:34 [INFO] [lib.training.pipeline:334] ================================================================================
2025-12-14 15:08:34 [INFO] [lib.training.pipeline:335] Stage 3 (scaled videos): ✓ Available
2025-12-14 15:08:34 [INFO] [lib.training.pipeline:336]   Count: 3278 videos
2025-12-14 15:08:34 [INFO] [lib.training.pipeline:337] Stage 2 (features): ✓ Available
2025-12-14 15:08:34 [INFO] [lib.training.pipeline:338]   Count: 3278 feature rows
2025-12-14 15:08:34 [INFO] [lib.training.pipeline:339] Stage 4 (scaled features): ✓ Available
2025-12-14 15:08:34 [INFO] [lib.training.pipeline:340]   Count: 3277 feature rows
2025-12-14 15:08:34 [INFO] [lib.training.pipeline:341] 
Runnable models: 1/1
2025-12-14 15:08:34 [INFO] [lib.training.pipeline:342]   ['slowfast']
2025-12-14 15:08:34 [INFO] [lib.training.pipeline:349] ================================================================================
2025-12-14 15:08:34 [INFO] [lib.training.pipeline:942] 
Stage 5: Loading metadata...
2025-12-14 15:08:34 [INFO] [lib.training.pipeline:968] Loaded metadata: 3278 rows
2025-12-14 15:08:34 [INFO] [lib.training.pipeline:978] ✓ Data validation passed: 3278 rows (> 3000 required)
2025-12-14 15:08:34 [WARNING] [lib.utils.guardrails:171] Disk usage high: free=826124.09GB, used=1673715.91GB (67.0%)
2025-12-14 15:08:34 [INFO] [lib.training.pipeline:1010] Stage 5: Found 3278 scaled videos
2025-12-14 15:08:34 [INFO] [lib.training.pipeline:1015] ================================================================================
2025-12-14 15:08:34 [INFO] [lib.training.pipeline:1016] STAGE 5: VALIDATING VIDEOS (checking for corruption and empty videos)
2025-12-14 15:08:34 [INFO] [lib.training.pipeline:1017] ================================================================================
2025-12-14 15:08:34 [INFO] [lib.data.loading:156] Checking file existence for 3278 videos...
2025-12-14 15:08:38 [INFO] [lib.data.loading:166] Found 3278 existing video files (filtered out 0 missing files)
2025-12-14 15:08:38 [INFO] [lib.data.loading:170] Checking for corrupted videos (moov atom errors, etc.)...
2025-12-14 15:08:39 [INFO] [lib.data.loading:92] Loaded validation cache from /gpfs/accounts/si670f25_class_root/si670f25_class/santoshd/fvc/data/.video_validation_cache/validation_0192be168a40eb7e_corruptTrue_framesTrue.parquet (3278 entries)
2025-12-14 15:08:39 [INFO] [lib.data.loading:194] Cache hit: 3278 videos, Cache miss: 0 videos
2025-12-14 15:08:40 [WARNING] [lib.data.loading:306] Filtered out 1 corrupted videos and 0 empty videos. Keeping 3277 valid videos.
2025-12-14 15:08:40 [WARNING] [lib.data.loading:311] Sample of invalid videos:
2025-12-14 15:08:40 [WARNING] [lib.data.loading:313]   data/scaled_videos/FX5aeuJFQ64_aug1_scaled_aug1.mp4: Corrupted video: moov atom not found
2025-12-14 15:08:40 [INFO] [lib.data.loading:323] Found /gpfs/accounts/si670f25_class_root/si670f25_class/santoshd/fvc/data/skip_frame_check.txt - skipping frame check as requested.
2025-12-14 15:08:40 [WARNING] [lib.data.loading:387] Filtered out 1 invalid videos (corrupted). Keeping 3277 valid videos.
2025-12-14 15:08:40 [INFO] [lib.training.pipeline:1029] ✓ Video validation complete: 3277 valid videos ready for training
2025-12-14 15:08:40 [INFO] [lib.training.pipeline:1030] ================================================================================
2025-12-14 15:08:40 [INFO] [lib.training.pipeline:1101] Enabling adaptive chunked frame loading for slowfast: initial_chunk_size=30, num_frames=500. Chunk size will adapt automatically based on OOM events (AIMD algorithm).
2025-12-14 15:08:40 [INFO] [lib.training.pipeline:1116] Frame caching enabled (default): cache_dir=data/.frame_cache. This will cache processed frames to disk to speed up training. First epoch will be slower (building cache), subsequent epochs will be faster. To disable, set FVC_USE_FRAME_CACHE=0
2025-12-14 15:08:40 [INFO] [lib.training.pipeline:1252] 
================================================================================
2025-12-14 15:08:40 [INFO] [lib.training.pipeline:1253] Stage 5: Training model: slowfast
2025-12-14 15:08:40 [INFO] [lib.training.pipeline:1254] ================================================================================
2025-12-14 15:08:40 [INFO] [lib.training.pipeline:1294] Grid search: 1 hyperparameter combinations to try
2025-12-14 15:08:40 [INFO] [lib.training.pipeline:1308] ================================================================================
2025-12-14 15:08:40 [INFO] [lib.training.pipeline:1309] HYPERPARAMETER SEARCH: Using 10.0% stratified sample for efficiency
2025-12-14 15:08:40 [INFO] [lib.training.pipeline:1310] ================================================================================
2025-12-14 15:08:40 [INFO] [lib.training.pipeline:1320] Hyperparameter search sample: 327 rows (10.0% of 3277 total)
2025-12-14 15:08:40 [INFO] [lib.training.pipeline:1321] To change sample size, set FVC_GRID_SEARCH_SAMPLE_SIZE environment variable (current: 0.1)
2025-12-14 15:08:40 [INFO] [lib.training.pipeline:1334] Using 5-fold stratified cross-validation on 10.0% sample for hyperparameter search
2025-12-14 15:08:40 [INFO] [lib.training.pipeline:1347] 
================================================================================
2025-12-14 15:08:40 [INFO] [lib.training.pipeline:1348] Grid Search: Hyperparameter combination 1/1
2025-12-14 15:08:40 [INFO] [lib.training.pipeline:1349] Parameters: {'learning_rate': 0.0001, 'backbone_lr': 5e-06, 'head_lr': 0.0005, 'weight_decay': 0.0001}
2025-12-14 15:08:40 [INFO] [lib.training.pipeline:1350] ================================================================================
2025-12-14 15:08:40 [INFO] [lib.training.pipeline:1372] 
Hyperparameter Search - slowfast - Fold 1/5 (10.0% sample)
2025-12-14 15:08:40 [INFO] [lib.training.pipeline:1468] Training configuration - Batch size: 1, Gradient accumulation steps: 32, Effective batch size: 32
2025-12-14 15:08:41 [INFO] [lib.training.pipeline:1513] Applied PyTorch memory optimizations: expandable_segments, cudnn.benchmark=False
2025-12-14 15:08:41 [INFO] [lib.training.slowfast:102] torchvision SlowFast not available. Trying PyTorch Hub (pytorchvideo)...
2025-12-14 15:08:41 [INFO] [lib.training.slowfast:108] Loading SlowFast R50 from PyTorch Hub (facebookresearch/pytorchvideo)...
2025-12-14 15:08:44 [INFO] [lib.training.slowfast:163] ✓ Loaded SlowFast from PyTorch Hub (pytorchvideo)
2025-12-14 15:08:44 [INFO] [lib.training.slowfast:188] ✓ Verified SlowFast model structure: Net
2025-12-14 15:08:49 [INFO] [lib.mlops.mlflow_tracker:89] MLflow run started: 3e876bcc59914ffcbce94071b3676845 (experiment: slowfast)
2025-12-14 15:08:49 [INFO] [lib.training.pipeline:1606] Training PyTorch model slowfast on fold 1...
2025-12-14 15:08:52 [ERROR] [lib.training.pipeline:1731] Model forward pass test failed: Input type (torch.cuda.ByteTensor) and weight type (torch.cuda.FloatTensor) should be the same
Traceback (most recent call last):
  File "/gpfs/accounts/si670f25_class_root/si670f25_class/santoshd/fvc/lib/training/pipeline.py", line 1679, in stage5_train_models
    sample_output = model(sample_clips)
                    ^^^^^^^^^^^^^^^^^^^
  File "/gpfs/accounts/si670f25_class_root/si670f25_class/santoshd/fvc/venv/lib/python3.11/site-packages/torch/nn/modules/module.py", line 1775, in _wrapped_call_impl
    return self._call_impl(*args, **kwargs)
           ^^^^^^^^^^^^^^^^^^^^^^^^^^^^^^^^
  File "/gpfs/accounts/si670f25_class_root/si670f25_class/santoshd/fvc/venv/lib/python3.11/site-packages/torch/nn/modules/module.py", line 1786, in _call_impl
    return forward_call(*args, **kwargs)
           ^^^^^^^^^^^^^^^^^^^^^^^^^^^^^
  File "/gpfs/accounts/si670f25_class_root/si670f25_class/santoshd/fvc/lib/training/slowfast.py", line 517, in forward
    return self.backbone([slow_x, fast_x])
           ^^^^^^^^^^^^^^^^^^^^^^^^^^^^^^^
  File "/gpfs/accounts/si670f25_class_root/si670f25_class/santoshd/fvc/venv/lib/python3.11/site-packages/torch/nn/modules/module.py", line 1775, in _wrapped_call_impl
    return self._call_impl(*args, **kwargs)
           ^^^^^^^^^^^^^^^^^^^^^^^^^^^^^^^^
  File "/gpfs/accounts/si670f25_class_root/si670f25_class/santoshd/fvc/venv/lib/python3.11/site-packages/torch/nn/modules/module.py", line 1786, in _call_impl
    return forward_call(*args, **kwargs)
           ^^^^^^^^^^^^^^^^^^^^^^^^^^^^^
  File "/home/suzanef/.cache/torch/hub/facebookresearch_pytorchvideo_main/pytorchvideo/models/net.py", line 43, in forward
    x = block(x)
        ^^^^^^^^
  File "/gpfs/accounts/si670f25_class_root/si670f25_class/santoshd/fvc/venv/lib/python3.11/site-packages/torch/nn/modules/module.py", line 1775, in _wrapped_call_impl
    return self._call_impl(*args, **kwargs)
           ^^^^^^^^^^^^^^^^^^^^^^^^^^^^^^^^
  File "/gpfs/accounts/si670f25_class_root/si670f25_class/santoshd/fvc/venv/lib/python3.11/site-packages/torch/nn/modules/module.py", line 1786, in _call_impl
    return forward_call(*args, **kwargs)
           ^^^^^^^^^^^^^^^^^^^^^^^^^^^^^
  File "/home/suzanef/.cache/torch/hub/facebookresearch_pytorchvideo_main/pytorchvideo/models/net.py", line 117, in forward
    x_out[pathway_idx] = self.multipathway_blocks[pathway_idx](
                         ^^^^^^^^^^^^^^^^^^^^^^^^^^^^^^^^^^^^^^
  File "/gpfs/accounts/si670f25_class_root/si670f25_class/santoshd/fvc/venv/lib/python3.11/site-packages/torch/nn/modules/module.py", line 1775, in _wrapped_call_impl
    return self._call_impl(*args, **kwargs)
           ^^^^^^^^^^^^^^^^^^^^^^^^^^^^^^^^
  File "/gpfs/accounts/si670f25_class_root/si670f25_class/santoshd/fvc/venv/lib/python3.11/site-packages/torch/nn/modules/module.py", line 1786, in _call_impl
    return forward_call(*args, **kwargs)
           ^^^^^^^^^^^^^^^^^^^^^^^^^^^^^
  File "/home/suzanef/.cache/torch/hub/facebookresearch_pytorchvideo_main/pytorchvideo/models/stem.py", line 253, in forward
    x = self.conv(x)
        ^^^^^^^^^^^^
  File "/gpfs/accounts/si670f25_class_root/si670f25_class/santoshd/fvc/venv/lib/python3.11/site-packages/torch/nn/modules/module.py", line 1775, in _wrapped_call_impl
    return self._call_impl(*args, **kwargs)
           ^^^^^^^^^^^^^^^^^^^^^^^^^^^^^^^^
  File "/gpfs/accounts/si670f25_class_root/si670f25_class/santoshd/fvc/venv/lib/python3.11/site-packages/torch/nn/modules/module.py", line 1786, in _call_impl
    return forward_call(*args, **kwargs)
           ^^^^^^^^^^^^^^^^^^^^^^^^^^^^^
  File "/gpfs/accounts/si670f25_class_root/si670f25_class/santoshd/fvc/venv/lib/python3.11/site-packages/torch/nn/modules/conv.py", line 717, in forward
    return self._conv_forward(input, self.weight, self.bias)
           ^^^^^^^^^^^^^^^^^^^^^^^^^^^^^^^^^^^^^^^^^^^^^^^^^
  File "/gpfs/accounts/si670f25_class_root/si670f25_class/santoshd/fvc/venv/lib/python3.11/site-packages/torch/nn/modules/conv.py", line 712, in _conv_forward
    return F.conv3d(
           ^^^^^^^^^
RuntimeError: Input type (torch.cuda.ByteTensor) and weight type (torch.cuda.FloatTensor) should be the same
2025-12-14 15:08:52 [ERROR] [lib.training.pipeline:1982] Error training fold 1: Model initialization failed: Input type (torch.cuda.ByteTensor) and weight type (torch.cuda.FloatTensor) should be the same
Traceback (most recent call last):
  File "/gpfs/accounts/si670f25_class_root/si670f25_class/santoshd/fvc/lib/training/pipeline.py", line 1679, in stage5_train_models
    sample_output = model(sample_clips)
                    ^^^^^^^^^^^^^^^^^^^
  File "/gpfs/accounts/si670f25_class_root/si670f25_class/santoshd/fvc/venv/lib/python3.11/site-packages/torch/nn/modules/module.py", line 1775, in _wrapped_call_impl
    return self._call_impl(*args, **kwargs)
           ^^^^^^^^^^^^^^^^^^^^^^^^^^^^^^^^
  File "/gpfs/accounts/si670f25_class_root/si670f25_class/santoshd/fvc/venv/lib/python3.11/site-packages/torch/nn/modules/module.py", line 1786, in _call_impl
    return forward_call(*args, **kwargs)
           ^^^^^^^^^^^^^^^^^^^^^^^^^^^^^
  File "/gpfs/accounts/si670f25_class_root/si670f25_class/santoshd/fvc/lib/training/slowfast.py", line 517, in forward
    return self.backbone([slow_x, fast_x])
           ^^^^^^^^^^^^^^^^^^^^^^^^^^^^^^^
  File "/gpfs/accounts/si670f25_class_root/si670f25_class/santoshd/fvc/venv/lib/python3.11/site-packages/torch/nn/modules/module.py", line 1775, in _wrapped_call_impl
    return self._call_impl(*args, **kwargs)
           ^^^^^^^^^^^^^^^^^^^^^^^^^^^^^^^^
  File "/gpfs/accounts/si670f25_class_root/si670f25_class/santoshd/fvc/venv/lib/python3.11/site-packages/torch/nn/modules/module.py", line 1786, in _call_impl
    return forward_call(*args, **kwargs)
           ^^^^^^^^^^^^^^^^^^^^^^^^^^^^^
  File "/home/suzanef/.cache/torch/hub/facebookresearch_pytorchvideo_main/pytorchvideo/models/net.py", line 43, in forward
    x = block(x)
        ^^^^^^^^
  File "/gpfs/accounts/si670f25_class_root/si670f25_class/santoshd/fvc/venv/lib/python3.11/site-packages/torch/nn/modules/module.py", line 1775, in _wrapped_call_impl
    return self._call_impl(*args, **kwargs)
           ^^^^^^^^^^^^^^^^^^^^^^^^^^^^^^^^
  File "/gpfs/accounts/si670f25_class_root/si670f25_class/santoshd/fvc/venv/lib/python3.11/site-packages/torch/nn/modules/module.py", line 1786, in _call_impl
    return forward_call(*args, **kwargs)
           ^^^^^^^^^^^^^^^^^^^^^^^^^^^^^
  File "/home/suzanef/.cache/torch/hub/facebookresearch_pytorchvideo_main/pytorchvideo/models/net.py", line 117, in forward
    x_out[pathway_idx] = self.multipathway_blocks[pathway_idx](
                         ^^^^^^^^^^^^^^^^^^^^^^^^^^^^^^^^^^^^^^
  File "/gpfs/accounts/si670f25_class_root/si670f25_class/santoshd/fvc/venv/lib/python3.11/site-packages/torch/nn/modules/module.py", line 1775, in _wrapped_call_impl
    return self._call_impl(*args, **kwargs)
           ^^^^^^^^^^^^^^^^^^^^^^^^^^^^^^^^
  File "/gpfs/accounts/si670f25_class_root/si670f25_class/santoshd/fvc/venv/lib/python3.11/site-packages/torch/nn/modules/module.py", line 1786, in _call_impl
    return forward_call(*args, **kwargs)
           ^^^^^^^^^^^^^^^^^^^^^^^^^^^^^
  File "/home/suzanef/.cache/torch/hub/facebookresearch_pytorchvideo_main/pytorchvideo/models/stem.py", line 253, in forward
    x = self.conv(x)
        ^^^^^^^^^^^^
  File "/gpfs/accounts/si670f25_class_root/si670f25_class/santoshd/fvc/venv/lib/python3.11/site-packages/torch/nn/modules/module.py", line 1775, in _wrapped_call_impl
    return self._call_impl(*args, **kwargs)
           ^^^^^^^^^^^^^^^^^^^^^^^^^^^^^^^^
  File "/gpfs/accounts/si670f25_class_root/si670f25_class/santoshd/fvc/venv/lib/python3.11/site-packages/torch/nn/modules/module.py", line 1786, in _call_impl
    return forward_call(*args, **kwargs)
           ^^^^^^^^^^^^^^^^^^^^^^^^^^^^^
  File "/gpfs/accounts/si670f25_class_root/si670f25_class/santoshd/fvc/venv/lib/python3.11/site-packages/torch/nn/modules/conv.py", line 717, in forward
    return self._conv_forward(input, self.weight, self.bias)
           ^^^^^^^^^^^^^^^^^^^^^^^^^^^^^^^^^^^^^^^^^^^^^^^^^
  File "/gpfs/accounts/si670f25_class_root/si670f25_class/santoshd/fvc/venv/lib/python3.11/site-packages/torch/nn/modules/conv.py", line 712, in _conv_forward
    return F.conv3d(
           ^^^^^^^^^
RuntimeError: Input type (torch.cuda.ByteTensor) and weight type (torch.cuda.FloatTensor) should be the same

The above exception was the direct cause of the following exception:

Traceback (most recent call last):
  File "/gpfs/accounts/si670f25_class_root/si670f25_class/santoshd/fvc/lib/training/pipeline.py", line 1732, in stage5_train_models
    raise ValueError(f"Model initialization failed: {e}") from e
ValueError: Model initialization failed: Input type (torch.cuda.ByteTensor) and weight type (torch.cuda.FloatTensor) should be the same
2025-12-14 15:08:52 [INFO] [lib.mlops.mlflow_tracker:142] MLflow run ended: 3e876bcc59914ffcbce94071b3676845
2025-12-14 15:08:53 [INFO] [lib.training.pipeline:1372] 
Hyperparameter Search - slowfast - Fold 2/5 (10.0% sample)
2025-12-14 15:08:53 [INFO] [lib.training.pipeline:1468] Training configuration - Batch size: 1, Gradient accumulation steps: 32, Effective batch size: 32
2025-12-14 15:08:53 [INFO] [lib.training.pipeline:1513] Applied PyTorch memory optimizations: expandable_segments, cudnn.benchmark=False
2025-12-14 15:08:53 [INFO] [lib.training.slowfast:102] torchvision SlowFast not available. Trying PyTorch Hub (pytorchvideo)...
2025-12-14 15:08:53 [INFO] [lib.training.slowfast:108] Loading SlowFast R50 from PyTorch Hub (facebookresearch/pytorchvideo)...
2025-12-14 15:08:54 [INFO] [lib.training.slowfast:163] ✓ Loaded SlowFast from PyTorch Hub (pytorchvideo)
2025-12-14 15:08:54 [INFO] [lib.training.slowfast:188] ✓ Verified SlowFast model structure: Net
2025-12-14 15:08:54 [INFO] [lib.mlops.mlflow_tracker:89] MLflow run started: 57effd8af34c4d79a4f3eb2ededae4c4 (experiment: slowfast)
2025-12-14 15:08:54 [INFO] [lib.training.pipeline:1606] Training PyTorch model slowfast on fold 2...
2025-12-14 15:08:54 [ERROR] [lib.training.pipeline:1731] Model forward pass test failed: Input type (torch.cuda.ByteTensor) and weight type (torch.cuda.FloatTensor) should be the same
Traceback (most recent call last):
  File "/gpfs/accounts/si670f25_class_root/si670f25_class/santoshd/fvc/lib/training/pipeline.py", line 1679, in stage5_train_models
    sample_output = model(sample_clips)
                    ^^^^^^^^^^^^^^^^^^^
  File "/gpfs/accounts/si670f25_class_root/si670f25_class/santoshd/fvc/venv/lib/python3.11/site-packages/torch/nn/modules/module.py", line 1775, in _wrapped_call_impl
    return self._call_impl(*args, **kwargs)
           ^^^^^^^^^^^^^^^^^^^^^^^^^^^^^^^^
  File "/gpfs/accounts/si670f25_class_root/si670f25_class/santoshd/fvc/venv/lib/python3.11/site-packages/torch/nn/modules/module.py", line 1786, in _call_impl
    return forward_call(*args, **kwargs)
           ^^^^^^^^^^^^^^^^^^^^^^^^^^^^^
  File "/gpfs/accounts/si670f25_class_root/si670f25_class/santoshd/fvc/lib/training/slowfast.py", line 517, in forward
    return self.backbone([slow_x, fast_x])
           ^^^^^^^^^^^^^^^^^^^^^^^^^^^^^^^
  File "/gpfs/accounts/si670f25_class_root/si670f25_class/santoshd/fvc/venv/lib/python3.11/site-packages/torch/nn/modules/module.py", line 1775, in _wrapped_call_impl
    return self._call_impl(*args, **kwargs)
           ^^^^^^^^^^^^^^^^^^^^^^^^^^^^^^^^
  File "/gpfs/accounts/si670f25_class_root/si670f25_class/santoshd/fvc/venv/lib/python3.11/site-packages/torch/nn/modules/module.py", line 1786, in _call_impl
    return forward_call(*args, **kwargs)
           ^^^^^^^^^^^^^^^^^^^^^^^^^^^^^
  File "/home/suzanef/.cache/torch/hub/facebookresearch_pytorchvideo_main/pytorchvideo/models/net.py", line 43, in forward
    x = block(x)
        ^^^^^^^^
  File "/gpfs/accounts/si670f25_class_root/si670f25_class/santoshd/fvc/venv/lib/python3.11/site-packages/torch/nn/modules/module.py", line 1775, in _wrapped_call_impl
    return self._call_impl(*args, **kwargs)
           ^^^^^^^^^^^^^^^^^^^^^^^^^^^^^^^^
  File "/gpfs/accounts/si670f25_class_root/si670f25_class/santoshd/fvc/venv/lib/python3.11/site-packages/torch/nn/modules/module.py", line 1786, in _call_impl
    return forward_call(*args, **kwargs)
           ^^^^^^^^^^^^^^^^^^^^^^^^^^^^^
  File "/home/suzanef/.cache/torch/hub/facebookresearch_pytorchvideo_main/pytorchvideo/models/net.py", line 117, in forward
    x_out[pathway_idx] = self.multipathway_blocks[pathway_idx](
                         ^^^^^^^^^^^^^^^^^^^^^^^^^^^^^^^^^^^^^^
  File "/gpfs/accounts/si670f25_class_root/si670f25_class/santoshd/fvc/venv/lib/python3.11/site-packages/torch/nn/modules/module.py", line 1775, in _wrapped_call_impl
    return self._call_impl(*args, **kwargs)
           ^^^^^^^^^^^^^^^^^^^^^^^^^^^^^^^^
  File "/gpfs/accounts/si670f25_class_root/si670f25_class/santoshd/fvc/venv/lib/python3.11/site-packages/torch/nn/modules/module.py", line 1786, in _call_impl
    return forward_call(*args, **kwargs)
           ^^^^^^^^^^^^^^^^^^^^^^^^^^^^^
  File "/home/suzanef/.cache/torch/hub/facebookresearch_pytorchvideo_main/pytorchvideo/models/stem.py", line 253, in forward
    x = self.conv(x)
        ^^^^^^^^^^^^
  File "/gpfs/accounts/si670f25_class_root/si670f25_class/santoshd/fvc/venv/lib/python3.11/site-packages/torch/nn/modules/module.py", line 1775, in _wrapped_call_impl
    return self._call_impl(*args, **kwargs)
           ^^^^^^^^^^^^^^^^^^^^^^^^^^^^^^^^
  File "/gpfs/accounts/si670f25_class_root/si670f25_class/santoshd/fvc/venv/lib/python3.11/site-packages/torch/nn/modules/module.py", line 1786, in _call_impl
    return forward_call(*args, **kwargs)
           ^^^^^^^^^^^^^^^^^^^^^^^^^^^^^
  File "/gpfs/accounts/si670f25_class_root/si670f25_class/santoshd/fvc/venv/lib/python3.11/site-packages/torch/nn/modules/conv.py", line 717, in forward
    return self._conv_forward(input, self.weight, self.bias)
           ^^^^^^^^^^^^^^^^^^^^^^^^^^^^^^^^^^^^^^^^^^^^^^^^^
  File "/gpfs/accounts/si670f25_class_root/si670f25_class/santoshd/fvc/venv/lib/python3.11/site-packages/torch/nn/modules/conv.py", line 712, in _conv_forward
    return F.conv3d(
           ^^^^^^^^^
RuntimeError: Input type (torch.cuda.ByteTensor) and weight type (torch.cuda.FloatTensor) should be the same
2025-12-14 15:08:54 [ERROR] [lib.training.pipeline:1982] Error training fold 2: Model initialization failed: Input type (torch.cuda.ByteTensor) and weight type (torch.cuda.FloatTensor) should be the same
Traceback (most recent call last):
  File "/gpfs/accounts/si670f25_class_root/si670f25_class/santoshd/fvc/lib/training/pipeline.py", line 1679, in stage5_train_models
    sample_output = model(sample_clips)
                    ^^^^^^^^^^^^^^^^^^^
  File "/gpfs/accounts/si670f25_class_root/si670f25_class/santoshd/fvc/venv/lib/python3.11/site-packages/torch/nn/modules/module.py", line 1775, in _wrapped_call_impl
    return self._call_impl(*args, **kwargs)
           ^^^^^^^^^^^^^^^^^^^^^^^^^^^^^^^^
  File "/gpfs/accounts/si670f25_class_root/si670f25_class/santoshd/fvc/venv/lib/python3.11/site-packages/torch/nn/modules/module.py", line 1786, in _call_impl
    return forward_call(*args, **kwargs)
           ^^^^^^^^^^^^^^^^^^^^^^^^^^^^^
  File "/gpfs/accounts/si670f25_class_root/si670f25_class/santoshd/fvc/lib/training/slowfast.py", line 517, in forward
    return self.backbone([slow_x, fast_x])
           ^^^^^^^^^^^^^^^^^^^^^^^^^^^^^^^
  File "/gpfs/accounts/si670f25_class_root/si670f25_class/santoshd/fvc/venv/lib/python3.11/site-packages/torch/nn/modules/module.py", line 1775, in _wrapped_call_impl
    return self._call_impl(*args, **kwargs)
           ^^^^^^^^^^^^^^^^^^^^^^^^^^^^^^^^
  File "/gpfs/accounts/si670f25_class_root/si670f25_class/santoshd/fvc/venv/lib/python3.11/site-packages/torch/nn/modules/module.py", line 1786, in _call_impl
    return forward_call(*args, **kwargs)
           ^^^^^^^^^^^^^^^^^^^^^^^^^^^^^
  File "/home/suzanef/.cache/torch/hub/facebookresearch_pytorchvideo_main/pytorchvideo/models/net.py", line 43, in forward
    x = block(x)
        ^^^^^^^^
  File "/gpfs/accounts/si670f25_class_root/si670f25_class/santoshd/fvc/venv/lib/python3.11/site-packages/torch/nn/modules/module.py", line 1775, in _wrapped_call_impl
    return self._call_impl(*args, **kwargs)
           ^^^^^^^^^^^^^^^^^^^^^^^^^^^^^^^^
  File "/gpfs/accounts/si670f25_class_root/si670f25_class/santoshd/fvc/venv/lib/python3.11/site-packages/torch/nn/modules/module.py", line 1786, in _call_impl
    return forward_call(*args, **kwargs)
           ^^^^^^^^^^^^^^^^^^^^^^^^^^^^^
  File "/home/suzanef/.cache/torch/hub/facebookresearch_pytorchvideo_main/pytorchvideo/models/net.py", line 117, in forward
    x_out[pathway_idx] = self.multipathway_blocks[pathway_idx](
                         ^^^^^^^^^^^^^^^^^^^^^^^^^^^^^^^^^^^^^^
  File "/gpfs/accounts/si670f25_class_root/si670f25_class/santoshd/fvc/venv/lib/python3.11/site-packages/torch/nn/modules/module.py", line 1775, in _wrapped_call_impl
    return self._call_impl(*args, **kwargs)
           ^^^^^^^^^^^^^^^^^^^^^^^^^^^^^^^^
  File "/gpfs/accounts/si670f25_class_root/si670f25_class/santoshd/fvc/venv/lib/python3.11/site-packages/torch/nn/modules/module.py", line 1786, in _call_impl
    return forward_call(*args, **kwargs)
           ^^^^^^^^^^^^^^^^^^^^^^^^^^^^^
  File "/home/suzanef/.cache/torch/hub/facebookresearch_pytorchvideo_main/pytorchvideo/models/stem.py", line 253, in forward
    x = self.conv(x)
        ^^^^^^^^^^^^
  File "/gpfs/accounts/si670f25_class_root/si670f25_class/santoshd/fvc/venv/lib/python3.11/site-packages/torch/nn/modules/module.py", line 1775, in _wrapped_call_impl
    return self._call_impl(*args, **kwargs)
           ^^^^^^^^^^^^^^^^^^^^^^^^^^^^^^^^
  File "/gpfs/accounts/si670f25_class_root/si670f25_class/santoshd/fvc/venv/lib/python3.11/site-packages/torch/nn/modules/module.py", line 1786, in _call_impl
    return forward_call(*args, **kwargs)
           ^^^^^^^^^^^^^^^^^^^^^^^^^^^^^
  File "/gpfs/accounts/si670f25_class_root/si670f25_class/santoshd/fvc/venv/lib/python3.11/site-packages/torch/nn/modules/conv.py", line 717, in forward
    return self._conv_forward(input, self.weight, self.bias)
           ^^^^^^^^^^^^^^^^^^^^^^^^^^^^^^^^^^^^^^^^^^^^^^^^^
  File "/gpfs/accounts/si670f25_class_root/si670f25_class/santoshd/fvc/venv/lib/python3.11/site-packages/torch/nn/modules/conv.py", line 712, in _conv_forward
    return F.conv3d(
           ^^^^^^^^^
RuntimeError: Input type (torch.cuda.ByteTensor) and weight type (torch.cuda.FloatTensor) should be the same

The above exception was the direct cause of the following exception:

Traceback (most recent call last):
  File "/gpfs/accounts/si670f25_class_root/si670f25_class/santoshd/fvc/lib/training/pipeline.py", line 1732, in stage5_train_models
    raise ValueError(f"Model initialization failed: {e}") from e
ValueError: Model initialization failed: Input type (torch.cuda.ByteTensor) and weight type (torch.cuda.FloatTensor) should be the same
2025-12-14 15:08:54 [INFO] [lib.mlops.mlflow_tracker:142] MLflow run ended: 57effd8af34c4d79a4f3eb2ededae4c4
2025-12-14 15:08:55 [INFO] [lib.training.pipeline:1372] 
Hyperparameter Search - slowfast - Fold 3/5 (10.0% sample)
2025-12-14 15:08:55 [INFO] [lib.training.pipeline:1468] Training configuration - Batch size: 1, Gradient accumulation steps: 32, Effective batch size: 32
2025-12-14 15:08:55 [INFO] [lib.training.pipeline:1513] Applied PyTorch memory optimizations: expandable_segments, cudnn.benchmark=False
2025-12-14 15:08:55 [INFO] [lib.training.slowfast:102] torchvision SlowFast not available. Trying PyTorch Hub (pytorchvideo)...
2025-12-14 15:08:55 [INFO] [lib.training.slowfast:108] Loading SlowFast R50 from PyTorch Hub (facebookresearch/pytorchvideo)...
2025-12-14 15:08:56 [INFO] [lib.training.slowfast:163] ✓ Loaded SlowFast from PyTorch Hub (pytorchvideo)
2025-12-14 15:08:56 [INFO] [lib.training.slowfast:188] ✓ Verified SlowFast model structure: Net
2025-12-14 15:08:56 [INFO] [lib.mlops.mlflow_tracker:89] MLflow run started: 1e6d70f66c354d698f45afc48550a9c2 (experiment: slowfast)
2025-12-14 15:08:56 [INFO] [lib.training.pipeline:1606] Training PyTorch model slowfast on fold 3...
2025-12-14 15:08:56 [ERROR] [lib.training.pipeline:1731] Model forward pass test failed: Input type (torch.cuda.ByteTensor) and weight type (torch.cuda.FloatTensor) should be the same
Traceback (most recent call last):
  File "/gpfs/accounts/si670f25_class_root/si670f25_class/santoshd/fvc/lib/training/pipeline.py", line 1679, in stage5_train_models
    sample_output = model(sample_clips)
                    ^^^^^^^^^^^^^^^^^^^
  File "/gpfs/accounts/si670f25_class_root/si670f25_class/santoshd/fvc/venv/lib/python3.11/site-packages/torch/nn/modules/module.py", line 1775, in _wrapped_call_impl
    return self._call_impl(*args, **kwargs)
           ^^^^^^^^^^^^^^^^^^^^^^^^^^^^^^^^
  File "/gpfs/accounts/si670f25_class_root/si670f25_class/santoshd/fvc/venv/lib/python3.11/site-packages/torch/nn/modules/module.py", line 1786, in _call_impl
    return forward_call(*args, **kwargs)
           ^^^^^^^^^^^^^^^^^^^^^^^^^^^^^
  File "/gpfs/accounts/si670f25_class_root/si670f25_class/santoshd/fvc/lib/training/slowfast.py", line 517, in forward
    return self.backbone([slow_x, fast_x])
           ^^^^^^^^^^^^^^^^^^^^^^^^^^^^^^^
  File "/gpfs/accounts/si670f25_class_root/si670f25_class/santoshd/fvc/venv/lib/python3.11/site-packages/torch/nn/modules/module.py", line 1775, in _wrapped_call_impl
    return self._call_impl(*args, **kwargs)
           ^^^^^^^^^^^^^^^^^^^^^^^^^^^^^^^^
  File "/gpfs/accounts/si670f25_class_root/si670f25_class/santoshd/fvc/venv/lib/python3.11/site-packages/torch/nn/modules/module.py", line 1786, in _call_impl
    return forward_call(*args, **kwargs)
           ^^^^^^^^^^^^^^^^^^^^^^^^^^^^^
  File "/home/suzanef/.cache/torch/hub/facebookresearch_pytorchvideo_main/pytorchvideo/models/net.py", line 43, in forward
    x = block(x)
        ^^^^^^^^
  File "/gpfs/accounts/si670f25_class_root/si670f25_class/santoshd/fvc/venv/lib/python3.11/site-packages/torch/nn/modules/module.py", line 1775, in _wrapped_call_impl
    return self._call_impl(*args, **kwargs)
           ^^^^^^^^^^^^^^^^^^^^^^^^^^^^^^^^
  File "/gpfs/accounts/si670f25_class_root/si670f25_class/santoshd/fvc/venv/lib/python3.11/site-packages/torch/nn/modules/module.py", line 1786, in _call_impl
    return forward_call(*args, **kwargs)
           ^^^^^^^^^^^^^^^^^^^^^^^^^^^^^
  File "/home/suzanef/.cache/torch/hub/facebookresearch_pytorchvideo_main/pytorchvideo/models/net.py", line 117, in forward
    x_out[pathway_idx] = self.multipathway_blocks[pathway_idx](
                         ^^^^^^^^^^^^^^^^^^^^^^^^^^^^^^^^^^^^^^
  File "/gpfs/accounts/si670f25_class_root/si670f25_class/santoshd/fvc/venv/lib/python3.11/site-packages/torch/nn/modules/module.py", line 1775, in _wrapped_call_impl
    return self._call_impl(*args, **kwargs)
           ^^^^^^^^^^^^^^^^^^^^^^^^^^^^^^^^
  File "/gpfs/accounts/si670f25_class_root/si670f25_class/santoshd/fvc/venv/lib/python3.11/site-packages/torch/nn/modules/module.py", line 1786, in _call_impl
    return forward_call(*args, **kwargs)
           ^^^^^^^^^^^^^^^^^^^^^^^^^^^^^
  File "/home/suzanef/.cache/torch/hub/facebookresearch_pytorchvideo_main/pytorchvideo/models/stem.py", line 253, in forward
    x = self.conv(x)
        ^^^^^^^^^^^^
  File "/gpfs/accounts/si670f25_class_root/si670f25_class/santoshd/fvc/venv/lib/python3.11/site-packages/torch/nn/modules/module.py", line 1775, in _wrapped_call_impl
    return self._call_impl(*args, **kwargs)
           ^^^^^^^^^^^^^^^^^^^^^^^^^^^^^^^^
  File "/gpfs/accounts/si670f25_class_root/si670f25_class/santoshd/fvc/venv/lib/python3.11/site-packages/torch/nn/modules/module.py", line 1786, in _call_impl
    return forward_call(*args, **kwargs)
           ^^^^^^^^^^^^^^^^^^^^^^^^^^^^^
  File "/gpfs/accounts/si670f25_class_root/si670f25_class/santoshd/fvc/venv/lib/python3.11/site-packages/torch/nn/modules/conv.py", line 717, in forward
    return self._conv_forward(input, self.weight, self.bias)
           ^^^^^^^^^^^^^^^^^^^^^^^^^^^^^^^^^^^^^^^^^^^^^^^^^
  File "/gpfs/accounts/si670f25_class_root/si670f25_class/santoshd/fvc/venv/lib/python3.11/site-packages/torch/nn/modules/conv.py", line 712, in _conv_forward
    return F.conv3d(
           ^^^^^^^^^
RuntimeError: Input type (torch.cuda.ByteTensor) and weight type (torch.cuda.FloatTensor) should be the same
2025-12-14 15:08:56 [ERROR] [lib.training.pipeline:1982] Error training fold 3: Model initialization failed: Input type (torch.cuda.ByteTensor) and weight type (torch.cuda.FloatTensor) should be the same
Traceback (most recent call last):
  File "/gpfs/accounts/si670f25_class_root/si670f25_class/santoshd/fvc/lib/training/pipeline.py", line 1679, in stage5_train_models
    sample_output = model(sample_clips)
                    ^^^^^^^^^^^^^^^^^^^
  File "/gpfs/accounts/si670f25_class_root/si670f25_class/santoshd/fvc/venv/lib/python3.11/site-packages/torch/nn/modules/module.py", line 1775, in _wrapped_call_impl
    return self._call_impl(*args, **kwargs)
           ^^^^^^^^^^^^^^^^^^^^^^^^^^^^^^^^
  File "/gpfs/accounts/si670f25_class_root/si670f25_class/santoshd/fvc/venv/lib/python3.11/site-packages/torch/nn/modules/module.py", line 1786, in _call_impl
    return forward_call(*args, **kwargs)
           ^^^^^^^^^^^^^^^^^^^^^^^^^^^^^
  File "/gpfs/accounts/si670f25_class_root/si670f25_class/santoshd/fvc/lib/training/slowfast.py", line 517, in forward
    return self.backbone([slow_x, fast_x])
           ^^^^^^^^^^^^^^^^^^^^^^^^^^^^^^^
  File "/gpfs/accounts/si670f25_class_root/si670f25_class/santoshd/fvc/venv/lib/python3.11/site-packages/torch/nn/modules/module.py", line 1775, in _wrapped_call_impl
    return self._call_impl(*args, **kwargs)
           ^^^^^^^^^^^^^^^^^^^^^^^^^^^^^^^^
  File "/gpfs/accounts/si670f25_class_root/si670f25_class/santoshd/fvc/venv/lib/python3.11/site-packages/torch/nn/modules/module.py", line 1786, in _call_impl
    return forward_call(*args, **kwargs)
           ^^^^^^^^^^^^^^^^^^^^^^^^^^^^^
  File "/home/suzanef/.cache/torch/hub/facebookresearch_pytorchvideo_main/pytorchvideo/models/net.py", line 43, in forward
    x = block(x)
        ^^^^^^^^
  File "/gpfs/accounts/si670f25_class_root/si670f25_class/santoshd/fvc/venv/lib/python3.11/site-packages/torch/nn/modules/module.py", line 1775, in _wrapped_call_impl
    return self._call_impl(*args, **kwargs)
           ^^^^^^^^^^^^^^^^^^^^^^^^^^^^^^^^
  File "/gpfs/accounts/si670f25_class_root/si670f25_class/santoshd/fvc/venv/lib/python3.11/site-packages/torch/nn/modules/module.py", line 1786, in _call_impl
    return forward_call(*args, **kwargs)
           ^^^^^^^^^^^^^^^^^^^^^^^^^^^^^
  File "/home/suzanef/.cache/torch/hub/facebookresearch_pytorchvideo_main/pytorchvideo/models/net.py", line 117, in forward
    x_out[pathway_idx] = self.multipathway_blocks[pathway_idx](
                         ^^^^^^^^^^^^^^^^^^^^^^^^^^^^^^^^^^^^^^
  File "/gpfs/accounts/si670f25_class_root/si670f25_class/santoshd/fvc/venv/lib/python3.11/site-packages/torch/nn/modules/module.py", line 1775, in _wrapped_call_impl
    return self._call_impl(*args, **kwargs)
           ^^^^^^^^^^^^^^^^^^^^^^^^^^^^^^^^
  File "/gpfs/accounts/si670f25_class_root/si670f25_class/santoshd/fvc/venv/lib/python3.11/site-packages/torch/nn/modules/module.py", line 1786, in _call_impl
    return forward_call(*args, **kwargs)
           ^^^^^^^^^^^^^^^^^^^^^^^^^^^^^
  File "/home/suzanef/.cache/torch/hub/facebookresearch_pytorchvideo_main/pytorchvideo/models/stem.py", line 253, in forward
    x = self.conv(x)
        ^^^^^^^^^^^^
  File "/gpfs/accounts/si670f25_class_root/si670f25_class/santoshd/fvc/venv/lib/python3.11/site-packages/torch/nn/modules/module.py", line 1775, in _wrapped_call_impl
    return self._call_impl(*args, **kwargs)
           ^^^^^^^^^^^^^^^^^^^^^^^^^^^^^^^^
  File "/gpfs/accounts/si670f25_class_root/si670f25_class/santoshd/fvc/venv/lib/python3.11/site-packages/torch/nn/modules/module.py", line 1786, in _call_impl
    return forward_call(*args, **kwargs)
           ^^^^^^^^^^^^^^^^^^^^^^^^^^^^^
  File "/gpfs/accounts/si670f25_class_root/si670f25_class/santoshd/fvc/venv/lib/python3.11/site-packages/torch/nn/modules/conv.py", line 717, in forward
    return self._conv_forward(input, self.weight, self.bias)
           ^^^^^^^^^^^^^^^^^^^^^^^^^^^^^^^^^^^^^^^^^^^^^^^^^
  File "/gpfs/accounts/si670f25_class_root/si670f25_class/santoshd/fvc/venv/lib/python3.11/site-packages/torch/nn/modules/conv.py", line 712, in _conv_forward
    return F.conv3d(
           ^^^^^^^^^
RuntimeError: Input type (torch.cuda.ByteTensor) and weight type (torch.cuda.FloatTensor) should be the same

The above exception was the direct cause of the following exception:

Traceback (most recent call last):
  File "/gpfs/accounts/si670f25_class_root/si670f25_class/santoshd/fvc/lib/training/pipeline.py", line 1732, in stage5_train_models
    raise ValueError(f"Model initialization failed: {e}") from e
ValueError: Model initialization failed: Input type (torch.cuda.ByteTensor) and weight type (torch.cuda.FloatTensor) should be the same
2025-12-14 15:08:56 [INFO] [lib.mlops.mlflow_tracker:142] MLflow run ended: 1e6d70f66c354d698f45afc48550a9c2
2025-12-14 15:08:57 [INFO] [lib.training.pipeline:1372] 
Hyperparameter Search - slowfast - Fold 4/5 (10.0% sample)
2025-12-14 15:08:57 [INFO] [lib.training.pipeline:1468] Training configuration - Batch size: 1, Gradient accumulation steps: 32, Effective batch size: 32
2025-12-14 15:08:57 [INFO] [lib.training.pipeline:1513] Applied PyTorch memory optimizations: expandable_segments, cudnn.benchmark=False
2025-12-14 15:08:57 [INFO] [lib.training.slowfast:102] torchvision SlowFast not available. Trying PyTorch Hub (pytorchvideo)...
2025-12-14 15:08:57 [INFO] [lib.training.slowfast:108] Loading SlowFast R50 from PyTorch Hub (facebookresearch/pytorchvideo)...
2025-12-14 15:08:58 [INFO] [lib.training.slowfast:163] ✓ Loaded SlowFast from PyTorch Hub (pytorchvideo)
2025-12-14 15:08:58 [INFO] [lib.training.slowfast:188] ✓ Verified SlowFast model structure: Net
2025-12-14 15:08:58 [INFO] [lib.mlops.mlflow_tracker:89] MLflow run started: 1892599d6a0640a59c5e38795c484ac2 (experiment: slowfast)
2025-12-14 15:08:58 [INFO] [lib.training.pipeline:1606] Training PyTorch model slowfast on fold 4...
2025-12-14 15:08:58 [ERROR] [lib.training.pipeline:1731] Model forward pass test failed: Input type (torch.cuda.ByteTensor) and weight type (torch.cuda.FloatTensor) should be the same
Traceback (most recent call last):
  File "/gpfs/accounts/si670f25_class_root/si670f25_class/santoshd/fvc/lib/training/pipeline.py", line 1679, in stage5_train_models
    sample_output = model(sample_clips)
                    ^^^^^^^^^^^^^^^^^^^
  File "/gpfs/accounts/si670f25_class_root/si670f25_class/santoshd/fvc/venv/lib/python3.11/site-packages/torch/nn/modules/module.py", line 1775, in _wrapped_call_impl
    return self._call_impl(*args, **kwargs)
           ^^^^^^^^^^^^^^^^^^^^^^^^^^^^^^^^
  File "/gpfs/accounts/si670f25_class_root/si670f25_class/santoshd/fvc/venv/lib/python3.11/site-packages/torch/nn/modules/module.py", line 1786, in _call_impl
    return forward_call(*args, **kwargs)
           ^^^^^^^^^^^^^^^^^^^^^^^^^^^^^
  File "/gpfs/accounts/si670f25_class_root/si670f25_class/santoshd/fvc/lib/training/slowfast.py", line 517, in forward
    return self.backbone([slow_x, fast_x])
           ^^^^^^^^^^^^^^^^^^^^^^^^^^^^^^^
  File "/gpfs/accounts/si670f25_class_root/si670f25_class/santoshd/fvc/venv/lib/python3.11/site-packages/torch/nn/modules/module.py", line 1775, in _wrapped_call_impl
    return self._call_impl(*args, **kwargs)
           ^^^^^^^^^^^^^^^^^^^^^^^^^^^^^^^^
  File "/gpfs/accounts/si670f25_class_root/si670f25_class/santoshd/fvc/venv/lib/python3.11/site-packages/torch/nn/modules/module.py", line 1786, in _call_impl
    return forward_call(*args, **kwargs)
           ^^^^^^^^^^^^^^^^^^^^^^^^^^^^^
  File "/home/suzanef/.cache/torch/hub/facebookresearch_pytorchvideo_main/pytorchvideo/models/net.py", line 43, in forward
    x = block(x)
        ^^^^^^^^
  File "/gpfs/accounts/si670f25_class_root/si670f25_class/santoshd/fvc/venv/lib/python3.11/site-packages/torch/nn/modules/module.py", line 1775, in _wrapped_call_impl
    return self._call_impl(*args, **kwargs)
           ^^^^^^^^^^^^^^^^^^^^^^^^^^^^^^^^
  File "/gpfs/accounts/si670f25_class_root/si670f25_class/santoshd/fvc/venv/lib/python3.11/site-packages/torch/nn/modules/module.py", line 1786, in _call_impl
    return forward_call(*args, **kwargs)
           ^^^^^^^^^^^^^^^^^^^^^^^^^^^^^
  File "/home/suzanef/.cache/torch/hub/facebookresearch_pytorchvideo_main/pytorchvideo/models/net.py", line 117, in forward
    x_out[pathway_idx] = self.multipathway_blocks[pathway_idx](
                         ^^^^^^^^^^^^^^^^^^^^^^^^^^^^^^^^^^^^^^
  File "/gpfs/accounts/si670f25_class_root/si670f25_class/santoshd/fvc/venv/lib/python3.11/site-packages/torch/nn/modules/module.py", line 1775, in _wrapped_call_impl
    return self._call_impl(*args, **kwargs)
           ^^^^^^^^^^^^^^^^^^^^^^^^^^^^^^^^
  File "/gpfs/accounts/si670f25_class_root/si670f25_class/santoshd/fvc/venv/lib/python3.11/site-packages/torch/nn/modules/module.py", line 1786, in _call_impl
    return forward_call(*args, **kwargs)
           ^^^^^^^^^^^^^^^^^^^^^^^^^^^^^
  File "/home/suzanef/.cache/torch/hub/facebookresearch_pytorchvideo_main/pytorchvideo/models/stem.py", line 253, in forward
    x = self.conv(x)
        ^^^^^^^^^^^^
  File "/gpfs/accounts/si670f25_class_root/si670f25_class/santoshd/fvc/venv/lib/python3.11/site-packages/torch/nn/modules/module.py", line 1775, in _wrapped_call_impl
    return self._call_impl(*args, **kwargs)
           ^^^^^^^^^^^^^^^^^^^^^^^^^^^^^^^^
  File "/gpfs/accounts/si670f25_class_root/si670f25_class/santoshd/fvc/venv/lib/python3.11/site-packages/torch/nn/modules/module.py", line 1786, in _call_impl
    return forward_call(*args, **kwargs)
           ^^^^^^^^^^^^^^^^^^^^^^^^^^^^^
  File "/gpfs/accounts/si670f25_class_root/si670f25_class/santoshd/fvc/venv/lib/python3.11/site-packages/torch/nn/modules/conv.py", line 717, in forward
    return self._conv_forward(input, self.weight, self.bias)
           ^^^^^^^^^^^^^^^^^^^^^^^^^^^^^^^^^^^^^^^^^^^^^^^^^
  File "/gpfs/accounts/si670f25_class_root/si670f25_class/santoshd/fvc/venv/lib/python3.11/site-packages/torch/nn/modules/conv.py", line 712, in _conv_forward
    return F.conv3d(
           ^^^^^^^^^
RuntimeError: Input type (torch.cuda.ByteTensor) and weight type (torch.cuda.FloatTensor) should be the same
2025-12-14 15:08:58 [ERROR] [lib.training.pipeline:1982] Error training fold 4: Model initialization failed: Input type (torch.cuda.ByteTensor) and weight type (torch.cuda.FloatTensor) should be the same
Traceback (most recent call last):
  File "/gpfs/accounts/si670f25_class_root/si670f25_class/santoshd/fvc/lib/training/pipeline.py", line 1679, in stage5_train_models
    sample_output = model(sample_clips)
                    ^^^^^^^^^^^^^^^^^^^
  File "/gpfs/accounts/si670f25_class_root/si670f25_class/santoshd/fvc/venv/lib/python3.11/site-packages/torch/nn/modules/module.py", line 1775, in _wrapped_call_impl
    return self._call_impl(*args, **kwargs)
           ^^^^^^^^^^^^^^^^^^^^^^^^^^^^^^^^
  File "/gpfs/accounts/si670f25_class_root/si670f25_class/santoshd/fvc/venv/lib/python3.11/site-packages/torch/nn/modules/module.py", line 1786, in _call_impl
    return forward_call(*args, **kwargs)
           ^^^^^^^^^^^^^^^^^^^^^^^^^^^^^
  File "/gpfs/accounts/si670f25_class_root/si670f25_class/santoshd/fvc/lib/training/slowfast.py", line 517, in forward
    return self.backbone([slow_x, fast_x])
           ^^^^^^^^^^^^^^^^^^^^^^^^^^^^^^^
  File "/gpfs/accounts/si670f25_class_root/si670f25_class/santoshd/fvc/venv/lib/python3.11/site-packages/torch/nn/modules/module.py", line 1775, in _wrapped_call_impl
    return self._call_impl(*args, **kwargs)
           ^^^^^^^^^^^^^^^^^^^^^^^^^^^^^^^^
  File "/gpfs/accounts/si670f25_class_root/si670f25_class/santoshd/fvc/venv/lib/python3.11/site-packages/torch/nn/modules/module.py", line 1786, in _call_impl
    return forward_call(*args, **kwargs)
           ^^^^^^^^^^^^^^^^^^^^^^^^^^^^^
  File "/home/suzanef/.cache/torch/hub/facebookresearch_pytorchvideo_main/pytorchvideo/models/net.py", line 43, in forward
    x = block(x)
        ^^^^^^^^
  File "/gpfs/accounts/si670f25_class_root/si670f25_class/santoshd/fvc/venv/lib/python3.11/site-packages/torch/nn/modules/module.py", line 1775, in _wrapped_call_impl
    return self._call_impl(*args, **kwargs)
           ^^^^^^^^^^^^^^^^^^^^^^^^^^^^^^^^
  File "/gpfs/accounts/si670f25_class_root/si670f25_class/santoshd/fvc/venv/lib/python3.11/site-packages/torch/nn/modules/module.py", line 1786, in _call_impl
    return forward_call(*args, **kwargs)
           ^^^^^^^^^^^^^^^^^^^^^^^^^^^^^
  File "/home/suzanef/.cache/torch/hub/facebookresearch_pytorchvideo_main/pytorchvideo/models/net.py", line 117, in forward
    x_out[pathway_idx] = self.multipathway_blocks[pathway_idx](
                         ^^^^^^^^^^^^^^^^^^^^^^^^^^^^^^^^^^^^^^
  File "/gpfs/accounts/si670f25_class_root/si670f25_class/santoshd/fvc/venv/lib/python3.11/site-packages/torch/nn/modules/module.py", line 1775, in _wrapped_call_impl
    return self._call_impl(*args, **kwargs)
           ^^^^^^^^^^^^^^^^^^^^^^^^^^^^^^^^
  File "/gpfs/accounts/si670f25_class_root/si670f25_class/santoshd/fvc/venv/lib/python3.11/site-packages/torch/nn/modules/module.py", line 1786, in _call_impl
    return forward_call(*args, **kwargs)
           ^^^^^^^^^^^^^^^^^^^^^^^^^^^^^
  File "/home/suzanef/.cache/torch/hub/facebookresearch_pytorchvideo_main/pytorchvideo/models/stem.py", line 253, in forward
    x = self.conv(x)
        ^^^^^^^^^^^^
  File "/gpfs/accounts/si670f25_class_root/si670f25_class/santoshd/fvc/venv/lib/python3.11/site-packages/torch/nn/modules/module.py", line 1775, in _wrapped_call_impl
    return self._call_impl(*args, **kwargs)
           ^^^^^^^^^^^^^^^^^^^^^^^^^^^^^^^^
  File "/gpfs/accounts/si670f25_class_root/si670f25_class/santoshd/fvc/venv/lib/python3.11/site-packages/torch/nn/modules/module.py", line 1786, in _call_impl
    return forward_call(*args, **kwargs)
           ^^^^^^^^^^^^^^^^^^^^^^^^^^^^^
  File "/gpfs/accounts/si670f25_class_root/si670f25_class/santoshd/fvc/venv/lib/python3.11/site-packages/torch/nn/modules/conv.py", line 717, in forward
    return self._conv_forward(input, self.weight, self.bias)
           ^^^^^^^^^^^^^^^^^^^^^^^^^^^^^^^^^^^^^^^^^^^^^^^^^
  File "/gpfs/accounts/si670f25_class_root/si670f25_class/santoshd/fvc/venv/lib/python3.11/site-packages/torch/nn/modules/conv.py", line 712, in _conv_forward
    return F.conv3d(
           ^^^^^^^^^
RuntimeError: Input type (torch.cuda.ByteTensor) and weight type (torch.cuda.FloatTensor) should be the same

The above exception was the direct cause of the following exception:

Traceback (most recent call last):
  File "/gpfs/accounts/si670f25_class_root/si670f25_class/santoshd/fvc/lib/training/pipeline.py", line 1732, in stage5_train_models
    raise ValueError(f"Model initialization failed: {e}") from e
ValueError: Model initialization failed: Input type (torch.cuda.ByteTensor) and weight type (torch.cuda.FloatTensor) should be the same
2025-12-14 15:08:59 [INFO] [lib.mlops.mlflow_tracker:142] MLflow run ended: 1892599d6a0640a59c5e38795c484ac2
2025-12-14 15:08:59 [INFO] [lib.training.pipeline:1372] 
Hyperparameter Search - slowfast - Fold 5/5 (10.0% sample)
2025-12-14 15:08:59 [INFO] [lib.training.pipeline:1468] Training configuration - Batch size: 1, Gradient accumulation steps: 32, Effective batch size: 32
2025-12-14 15:08:59 [INFO] [lib.training.pipeline:1513] Applied PyTorch memory optimizations: expandable_segments, cudnn.benchmark=False
2025-12-14 15:08:59 [INFO] [lib.training.slowfast:102] torchvision SlowFast not available. Trying PyTorch Hub (pytorchvideo)...
2025-12-14 15:08:59 [INFO] [lib.training.slowfast:108] Loading SlowFast R50 from PyTorch Hub (facebookresearch/pytorchvideo)...
2025-12-14 15:09:00 [INFO] [lib.training.slowfast:163] ✓ Loaded SlowFast from PyTorch Hub (pytorchvideo)
2025-12-14 15:09:00 [INFO] [lib.training.slowfast:188] ✓ Verified SlowFast model structure: Net
2025-12-14 15:09:00 [INFO] [lib.mlops.mlflow_tracker:89] MLflow run started: a4776c957691480f9a0ce10b3193d935 (experiment: slowfast)
2025-12-14 15:09:00 [INFO] [lib.training.pipeline:1606] Training PyTorch model slowfast on fold 5...
2025-12-14 15:09:01 [ERROR] [lib.training.pipeline:1731] Model forward pass test failed: Input type (torch.cuda.ByteTensor) and weight type (torch.cuda.FloatTensor) should be the same
Traceback (most recent call last):
  File "/gpfs/accounts/si670f25_class_root/si670f25_class/santoshd/fvc/lib/training/pipeline.py", line 1679, in stage5_train_models
    sample_output = model(sample_clips)
                    ^^^^^^^^^^^^^^^^^^^
  File "/gpfs/accounts/si670f25_class_root/si670f25_class/santoshd/fvc/venv/lib/python3.11/site-packages/torch/nn/modules/module.py", line 1775, in _wrapped_call_impl
    return self._call_impl(*args, **kwargs)
           ^^^^^^^^^^^^^^^^^^^^^^^^^^^^^^^^
  File "/gpfs/accounts/si670f25_class_root/si670f25_class/santoshd/fvc/venv/lib/python3.11/site-packages/torch/nn/modules/module.py", line 1786, in _call_impl
    return forward_call(*args, **kwargs)
           ^^^^^^^^^^^^^^^^^^^^^^^^^^^^^
  File "/gpfs/accounts/si670f25_class_root/si670f25_class/santoshd/fvc/lib/training/slowfast.py", line 517, in forward
    return self.backbone([slow_x, fast_x])
           ^^^^^^^^^^^^^^^^^^^^^^^^^^^^^^^
  File "/gpfs/accounts/si670f25_class_root/si670f25_class/santoshd/fvc/venv/lib/python3.11/site-packages/torch/nn/modules/module.py", line 1775, in _wrapped_call_impl
    return self._call_impl(*args, **kwargs)
           ^^^^^^^^^^^^^^^^^^^^^^^^^^^^^^^^
  File "/gpfs/accounts/si670f25_class_root/si670f25_class/santoshd/fvc/venv/lib/python3.11/site-packages/torch/nn/modules/module.py", line 1786, in _call_impl
    return forward_call(*args, **kwargs)
           ^^^^^^^^^^^^^^^^^^^^^^^^^^^^^
  File "/home/suzanef/.cache/torch/hub/facebookresearch_pytorchvideo_main/pytorchvideo/models/net.py", line 43, in forward
    x = block(x)
        ^^^^^^^^
  File "/gpfs/accounts/si670f25_class_root/si670f25_class/santoshd/fvc/venv/lib/python3.11/site-packages/torch/nn/modules/module.py", line 1775, in _wrapped_call_impl
    return self._call_impl(*args, **kwargs)
           ^^^^^^^^^^^^^^^^^^^^^^^^^^^^^^^^
  File "/gpfs/accounts/si670f25_class_root/si670f25_class/santoshd/fvc/venv/lib/python3.11/site-packages/torch/nn/modules/module.py", line 1786, in _call_impl
    return forward_call(*args, **kwargs)
           ^^^^^^^^^^^^^^^^^^^^^^^^^^^^^
  File "/home/suzanef/.cache/torch/hub/facebookresearch_pytorchvideo_main/pytorchvideo/models/net.py", line 117, in forward
    x_out[pathway_idx] = self.multipathway_blocks[pathway_idx](
                         ^^^^^^^^^^^^^^^^^^^^^^^^^^^^^^^^^^^^^^
  File "/gpfs/accounts/si670f25_class_root/si670f25_class/santoshd/fvc/venv/lib/python3.11/site-packages/torch/nn/modules/module.py", line 1775, in _wrapped_call_impl
    return self._call_impl(*args, **kwargs)
           ^^^^^^^^^^^^^^^^^^^^^^^^^^^^^^^^
  File "/gpfs/accounts/si670f25_class_root/si670f25_class/santoshd/fvc/venv/lib/python3.11/site-packages/torch/nn/modules/module.py", line 1786, in _call_impl
    return forward_call(*args, **kwargs)
           ^^^^^^^^^^^^^^^^^^^^^^^^^^^^^
  File "/home/suzanef/.cache/torch/hub/facebookresearch_pytorchvideo_main/pytorchvideo/models/stem.py", line 253, in forward
    x = self.conv(x)
        ^^^^^^^^^^^^
  File "/gpfs/accounts/si670f25_class_root/si670f25_class/santoshd/fvc/venv/lib/python3.11/site-packages/torch/nn/modules/module.py", line 1775, in _wrapped_call_impl
    return self._call_impl(*args, **kwargs)
           ^^^^^^^^^^^^^^^^^^^^^^^^^^^^^^^^
  File "/gpfs/accounts/si670f25_class_root/si670f25_class/santoshd/fvc/venv/lib/python3.11/site-packages/torch/nn/modules/module.py", line 1786, in _call_impl
    return forward_call(*args, **kwargs)
           ^^^^^^^^^^^^^^^^^^^^^^^^^^^^^
  File "/gpfs/accounts/si670f25_class_root/si670f25_class/santoshd/fvc/venv/lib/python3.11/site-packages/torch/nn/modules/conv.py", line 717, in forward
    return self._conv_forward(input, self.weight, self.bias)
           ^^^^^^^^^^^^^^^^^^^^^^^^^^^^^^^^^^^^^^^^^^^^^^^^^
  File "/gpfs/accounts/si670f25_class_root/si670f25_class/santoshd/fvc/venv/lib/python3.11/site-packages/torch/nn/modules/conv.py", line 712, in _conv_forward
    return F.conv3d(
           ^^^^^^^^^
RuntimeError: Input type (torch.cuda.ByteTensor) and weight type (torch.cuda.FloatTensor) should be the same
2025-12-14 15:09:01 [ERROR] [lib.training.pipeline:1982] Error training fold 5: Model initialization failed: Input type (torch.cuda.ByteTensor) and weight type (torch.cuda.FloatTensor) should be the same
Traceback (most recent call last):
  File "/gpfs/accounts/si670f25_class_root/si670f25_class/santoshd/fvc/lib/training/pipeline.py", line 1679, in stage5_train_models
    sample_output = model(sample_clips)
                    ^^^^^^^^^^^^^^^^^^^
  File "/gpfs/accounts/si670f25_class_root/si670f25_class/santoshd/fvc/venv/lib/python3.11/site-packages/torch/nn/modules/module.py", line 1775, in _wrapped_call_impl
    return self._call_impl(*args, **kwargs)
           ^^^^^^^^^^^^^^^^^^^^^^^^^^^^^^^^
  File "/gpfs/accounts/si670f25_class_root/si670f25_class/santoshd/fvc/venv/lib/python3.11/site-packages/torch/nn/modules/module.py", line 1786, in _call_impl
    return forward_call(*args, **kwargs)
           ^^^^^^^^^^^^^^^^^^^^^^^^^^^^^
  File "/gpfs/accounts/si670f25_class_root/si670f25_class/santoshd/fvc/lib/training/slowfast.py", line 517, in forward
    return self.backbone([slow_x, fast_x])
           ^^^^^^^^^^^^^^^^^^^^^^^^^^^^^^^
  File "/gpfs/accounts/si670f25_class_root/si670f25_class/santoshd/fvc/venv/lib/python3.11/site-packages/torch/nn/modules/module.py", line 1775, in _wrapped_call_impl
    return self._call_impl(*args, **kwargs)
           ^^^^^^^^^^^^^^^^^^^^^^^^^^^^^^^^
  File "/gpfs/accounts/si670f25_class_root/si670f25_class/santoshd/fvc/venv/lib/python3.11/site-packages/torch/nn/modules/module.py", line 1786, in _call_impl
    return forward_call(*args, **kwargs)
           ^^^^^^^^^^^^^^^^^^^^^^^^^^^^^
  File "/home/suzanef/.cache/torch/hub/facebookresearch_pytorchvideo_main/pytorchvideo/models/net.py", line 43, in forward
    x = block(x)
        ^^^^^^^^
  File "/gpfs/accounts/si670f25_class_root/si670f25_class/santoshd/fvc/venv/lib/python3.11/site-packages/torch/nn/modules/module.py", line 1775, in _wrapped_call_impl
    return self._call_impl(*args, **kwargs)
           ^^^^^^^^^^^^^^^^^^^^^^^^^^^^^^^^
  File "/gpfs/accounts/si670f25_class_root/si670f25_class/santoshd/fvc/venv/lib/python3.11/site-packages/torch/nn/modules/module.py", line 1786, in _call_impl
    return forward_call(*args, **kwargs)
           ^^^^^^^^^^^^^^^^^^^^^^^^^^^^^
  File "/home/suzanef/.cache/torch/hub/facebookresearch_pytorchvideo_main/pytorchvideo/models/net.py", line 117, in forward
    x_out[pathway_idx] = self.multipathway_blocks[pathway_idx](
                         ^^^^^^^^^^^^^^^^^^^^^^^^^^^^^^^^^^^^^^
  File "/gpfs/accounts/si670f25_class_root/si670f25_class/santoshd/fvc/venv/lib/python3.11/site-packages/torch/nn/modules/module.py", line 1775, in _wrapped_call_impl
    return self._call_impl(*args, **kwargs)
           ^^^^^^^^^^^^^^^^^^^^^^^^^^^^^^^^
  File "/gpfs/accounts/si670f25_class_root/si670f25_class/santoshd/fvc/venv/lib/python3.11/site-packages/torch/nn/modules/module.py", line 1786, in _call_impl
    return forward_call(*args, **kwargs)
           ^^^^^^^^^^^^^^^^^^^^^^^^^^^^^
  File "/home/suzanef/.cache/torch/hub/facebookresearch_pytorchvideo_main/pytorchvideo/models/stem.py", line 253, in forward
    x = self.conv(x)
        ^^^^^^^^^^^^
  File "/gpfs/accounts/si670f25_class_root/si670f25_class/santoshd/fvc/venv/lib/python3.11/site-packages/torch/nn/modules/module.py", line 1775, in _wrapped_call_impl
    return self._call_impl(*args, **kwargs)
           ^^^^^^^^^^^^^^^^^^^^^^^^^^^^^^^^
  File "/gpfs/accounts/si670f25_class_root/si670f25_class/santoshd/fvc/venv/lib/python3.11/site-packages/torch/nn/modules/module.py", line 1786, in _call_impl
    return forward_call(*args, **kwargs)
           ^^^^^^^^^^^^^^^^^^^^^^^^^^^^^
  File "/gpfs/accounts/si670f25_class_root/si670f25_class/santoshd/fvc/venv/lib/python3.11/site-packages/torch/nn/modules/conv.py", line 717, in forward
    return self._conv_forward(input, self.weight, self.bias)
           ^^^^^^^^^^^^^^^^^^^^^^^^^^^^^^^^^^^^^^^^^^^^^^^^^
  File "/gpfs/accounts/si670f25_class_root/si670f25_class/santoshd/fvc/venv/lib/python3.11/site-packages/torch/nn/modules/conv.py", line 712, in _conv_forward
    return F.conv3d(
           ^^^^^^^^^
RuntimeError: Input type (torch.cuda.ByteTensor) and weight type (torch.cuda.FloatTensor) should be the same

The above exception was the direct cause of the following exception:

Traceback (most recent call last):
  File "/gpfs/accounts/si670f25_class_root/si670f25_class/santoshd/fvc/lib/training/pipeline.py", line 1732, in stage5_train_models
    raise ValueError(f"Model initialization failed: {e}") from e
ValueError: Model initialization failed: Input type (torch.cuda.ByteTensor) and weight type (torch.cuda.FloatTensor) should be the same
2025-12-14 15:09:01 [INFO] [lib.mlops.mlflow_tracker:142] MLflow run ended: a4776c957691480f9a0ce10b3193d935
2025-12-14 15:09:01 [INFO] [lib.training.pipeline:2038] Using single parameter combination: {'learning_rate': 0.0001, 'backbone_lr': 5e-06, 'head_lr': 0.0005, 'weight_decay': 0.0001}
2025-12-14 15:09:01 [INFO] [lib.training.pipeline:2041] ================================================================================
2025-12-14 15:09:01 [INFO] [lib.training.pipeline:2042] FINAL TRAINING: Using full dataset with best hyperparameters
2025-12-14 15:09:01 [INFO] [lib.training.pipeline:2043] ================================================================================
2025-12-14 15:09:01 [INFO] [lib.training.pipeline:2056] Final training: Using 5-fold stratified cross-validation on full dataset (3277 rows)
2025-12-14 15:09:01 [INFO] [lib.training.pipeline:2064] Final training using best hyperparameters: {'learning_rate': 0.0001, 'backbone_lr': 5e-06, 'head_lr': 0.0005, 'weight_decay': 0.0001}
2025-12-14 15:09:01 [INFO] [lib.training.pipeline:2070] 
Final Training - slowfast - Fold 1/5 (full dataset)
2025-12-14 15:09:01 [INFO] [lib.training.pipeline:2170] Applied PyTorch memory optimizations: expandable_segments, cudnn.benchmark=False
2025-12-14 15:09:01 [INFO] [lib.training.slowfast:102] torchvision SlowFast not available. Trying PyTorch Hub (pytorchvideo)...
2025-12-14 15:09:01 [INFO] [lib.training.slowfast:108] Loading SlowFast R50 from PyTorch Hub (facebookresearch/pytorchvideo)...
2025-12-14 15:09:02 [INFO] [lib.training.slowfast:163] ✓ Loaded SlowFast from PyTorch Hub (pytorchvideo)
2025-12-14 15:09:02 [INFO] [lib.training.slowfast:188] ✓ Verified SlowFast model structure: Net
2025-12-14 15:09:02 [INFO] [lib.mlops.mlflow_tracker:89] MLflow run started: 43f064b03f7f4da0a7bd8f7b858f297f (experiment: slowfast)
2025-12-14 15:09:02 [INFO] [lib.training.pipeline:2235] Training PyTorch model slowfast on fold 1 (full dataset)...
2025-12-14 15:09:02 [INFO] [lib.training.trainer:260] Warmup will be handled in training loop (2 epochs)
2025-12-14 15:09:16 [ERROR] [lib.training.pipeline:2335] Error training final fold 1: Sizes of tensors must match except in dimension 1. Expected size 63 but got size 125 for tensor number 1 in the list.
Traceback (most recent call last):
  File "/gpfs/accounts/si670f25_class_root/si670f25_class/santoshd/fvc/lib/training/pipeline.py", line 2241, in stage5_train_models
    model = fit(model, train_loader, val_loader, optim_cfg, train_cfg, use_differential_lr=use_differential_lr)
            ^^^^^^^^^^^^^^^^^^^^^^^^^^^^^^^^^^^^^^^^^^^^^^^^^^^^^^^^^^^^^^^^^^^^^^^^^^^^^^^^^^^^^^^^^^^^^^^^^^^
  File "/gpfs/accounts/si670f25_class_root/si670f25_class/santoshd/fvc/lib/training/trainer.py", line 684, in fit
    train_loss = train_one_epoch(
                 ^^^^^^^^^^^^^^^^
  File "/gpfs/accounts/si670f25_class_root/si670f25_class/santoshd/fvc/lib/training/trainer.py", line 331, in train_one_epoch
    logits = model(clips)
             ^^^^^^^^^^^^
  File "/gpfs/accounts/si670f25_class_root/si670f25_class/santoshd/fvc/venv/lib/python3.11/site-packages/torch/nn/modules/module.py", line 1775, in _wrapped_call_impl
    return self._call_impl(*args, **kwargs)
           ^^^^^^^^^^^^^^^^^^^^^^^^^^^^^^^^
  File "/gpfs/accounts/si670f25_class_root/si670f25_class/santoshd/fvc/venv/lib/python3.11/site-packages/torch/nn/modules/module.py", line 1786, in _call_impl
    return forward_call(*args, **kwargs)
           ^^^^^^^^^^^^^^^^^^^^^^^^^^^^^
  File "/gpfs/accounts/si670f25_class_root/si670f25_class/santoshd/fvc/lib/training/slowfast.py", line 517, in forward
    return self.backbone([slow_x, fast_x])
           ^^^^^^^^^^^^^^^^^^^^^^^^^^^^^^^
  File "/gpfs/accounts/si670f25_class_root/si670f25_class/santoshd/fvc/venv/lib/python3.11/site-packages/torch/nn/modules/module.py", line 1775, in _wrapped_call_impl
    return self._call_impl(*args, **kwargs)
           ^^^^^^^^^^^^^^^^^^^^^^^^^^^^^^^^
  File "/gpfs/accounts/si670f25_class_root/si670f25_class/santoshd/fvc/venv/lib/python3.11/site-packages/torch/nn/modules/module.py", line 1786, in _call_impl
    return forward_call(*args, **kwargs)
           ^^^^^^^^^^^^^^^^^^^^^^^^^^^^^
  File "/home/suzanef/.cache/torch/hub/facebookresearch_pytorchvideo_main/pytorchvideo/models/net.py", line 43, in forward
    x = block(x)
        ^^^^^^^^
  File "/gpfs/accounts/si670f25_class_root/si670f25_class/santoshd/fvc/venv/lib/python3.11/site-packages/torch/nn/modules/module.py", line 1775, in _wrapped_call_impl
    return self._call_impl(*args, **kwargs)
           ^^^^^^^^^^^^^^^^^^^^^^^^^^^^^^^^
  File "/gpfs/accounts/si670f25_class_root/si670f25_class/santoshd/fvc/venv/lib/python3.11/site-packages/torch/nn/modules/module.py", line 1786, in _call_impl
    return forward_call(*args, **kwargs)
           ^^^^^^^^^^^^^^^^^^^^^^^^^^^^^
  File "/home/suzanef/.cache/torch/hub/facebookresearch_pytorchvideo_main/pytorchvideo/models/net.py", line 121, in forward
    x_out = self.multipathway_fusion(x_out)
            ^^^^^^^^^^^^^^^^^^^^^^^^^^^^^^^
  File "/gpfs/accounts/si670f25_class_root/si670f25_class/santoshd/fvc/venv/lib/python3.11/site-packages/torch/nn/modules/module.py", line 1775, in _wrapped_call_impl
    return self._call_impl(*args, **kwargs)
           ^^^^^^^^^^^^^^^^^^^^^^^^^^^^^^^^
  File "/gpfs/accounts/si670f25_class_root/si670f25_class/santoshd/fvc/venv/lib/python3.11/site-packages/torch/nn/modules/module.py", line 1786, in _call_impl
    return forward_call(*args, **kwargs)
           ^^^^^^^^^^^^^^^^^^^^^^^^^^^^^
  File "/home/suzanef/.cache/torch/hub/facebookresearch_pytorchvideo_main/pytorchvideo/models/slowfast.py", line 728, in forward
    x_s_fuse = torch.cat([x_s, fuse], 1)
               ^^^^^^^^^^^^^^^^^^^^^^^^^
RuntimeError: Sizes of tensors must match except in dimension 1. Expected size 63 but got size 125 for tensor number 1 in the list.
2025-12-14 15:09:16 [INFO] [lib.training.pipeline:2070] 
Final Training - slowfast - Fold 2/5 (full dataset)
2025-12-14 15:09:17 [INFO] [lib.training.pipeline:2170] Applied PyTorch memory optimizations: expandable_segments, cudnn.benchmark=False
2025-12-14 15:09:17 [INFO] [lib.training.slowfast:102] torchvision SlowFast not available. Trying PyTorch Hub (pytorchvideo)...
2025-12-14 15:09:17 [INFO] [lib.training.slowfast:108] Loading SlowFast R50 from PyTorch Hub (facebookresearch/pytorchvideo)...
2025-12-14 15:09:17 [INFO] [lib.training.slowfast:163] ✓ Loaded SlowFast from PyTorch Hub (pytorchvideo)
2025-12-14 15:09:17 [INFO] [lib.training.slowfast:188] ✓ Verified SlowFast model structure: Net
2025-12-14 15:09:17 [INFO] [lib.mlops.mlflow_tracker:89] MLflow run started: 528cf97a05f74e479c4235b70911ef6d (experiment: slowfast)
2025-12-14 15:09:18 [INFO] [lib.training.pipeline:2235] Training PyTorch model slowfast on fold 2 (full dataset)...
2025-12-14 15:09:18 [INFO] [lib.training.trainer:260] Warmup will be handled in training loop (2 epochs)
2025-12-14 15:09:26 [ERROR] [lib.training.pipeline:2335] Error training final fold 2: Sizes of tensors must match except in dimension 1. Expected size 63 but got size 125 for tensor number 1 in the list.
Traceback (most recent call last):
  File "/gpfs/accounts/si670f25_class_root/si670f25_class/santoshd/fvc/lib/training/pipeline.py", line 2241, in stage5_train_models
    model = fit(model, train_loader, val_loader, optim_cfg, train_cfg, use_differential_lr=use_differential_lr)
            ^^^^^^^^^^^^^^^^^^^^^^^^^^^^^^^^^^^^^^^^^^^^^^^^^^^^^^^^^^^^^^^^^^^^^^^^^^^^^^^^^^^^^^^^^^^^^^^^^^^
  File "/gpfs/accounts/si670f25_class_root/si670f25_class/santoshd/fvc/lib/training/trainer.py", line 684, in fit
    train_loss = train_one_epoch(
                 ^^^^^^^^^^^^^^^^
  File "/gpfs/accounts/si670f25_class_root/si670f25_class/santoshd/fvc/lib/training/trainer.py", line 331, in train_one_epoch
    logits = model(clips)
             ^^^^^^^^^^^^
  File "/gpfs/accounts/si670f25_class_root/si670f25_class/santoshd/fvc/venv/lib/python3.11/site-packages/torch/nn/modules/module.py", line 1775, in _wrapped_call_impl
    return self._call_impl(*args, **kwargs)
           ^^^^^^^^^^^^^^^^^^^^^^^^^^^^^^^^
  File "/gpfs/accounts/si670f25_class_root/si670f25_class/santoshd/fvc/venv/lib/python3.11/site-packages/torch/nn/modules/module.py", line 1786, in _call_impl
    return forward_call(*args, **kwargs)
           ^^^^^^^^^^^^^^^^^^^^^^^^^^^^^
  File "/gpfs/accounts/si670f25_class_root/si670f25_class/santoshd/fvc/lib/training/slowfast.py", line 517, in forward
    return self.backbone([slow_x, fast_x])
           ^^^^^^^^^^^^^^^^^^^^^^^^^^^^^^^
  File "/gpfs/accounts/si670f25_class_root/si670f25_class/santoshd/fvc/venv/lib/python3.11/site-packages/torch/nn/modules/module.py", line 1775, in _wrapped_call_impl
    return self._call_impl(*args, **kwargs)
           ^^^^^^^^^^^^^^^^^^^^^^^^^^^^^^^^
  File "/gpfs/accounts/si670f25_class_root/si670f25_class/santoshd/fvc/venv/lib/python3.11/site-packages/torch/nn/modules/module.py", line 1786, in _call_impl
    return forward_call(*args, **kwargs)
           ^^^^^^^^^^^^^^^^^^^^^^^^^^^^^
  File "/home/suzanef/.cache/torch/hub/facebookresearch_pytorchvideo_main/pytorchvideo/models/net.py", line 43, in forward
    x = block(x)
        ^^^^^^^^
  File "/gpfs/accounts/si670f25_class_root/si670f25_class/santoshd/fvc/venv/lib/python3.11/site-packages/torch/nn/modules/module.py", line 1775, in _wrapped_call_impl
    return self._call_impl(*args, **kwargs)
           ^^^^^^^^^^^^^^^^^^^^^^^^^^^^^^^^
  File "/gpfs/accounts/si670f25_class_root/si670f25_class/santoshd/fvc/venv/lib/python3.11/site-packages/torch/nn/modules/module.py", line 1786, in _call_impl
    return forward_call(*args, **kwargs)
           ^^^^^^^^^^^^^^^^^^^^^^^^^^^^^
  File "/home/suzanef/.cache/torch/hub/facebookresearch_pytorchvideo_main/pytorchvideo/models/net.py", line 121, in forward
    x_out = self.multipathway_fusion(x_out)
            ^^^^^^^^^^^^^^^^^^^^^^^^^^^^^^^
  File "/gpfs/accounts/si670f25_class_root/si670f25_class/santoshd/fvc/venv/lib/python3.11/site-packages/torch/nn/modules/module.py", line 1775, in _wrapped_call_impl
    return self._call_impl(*args, **kwargs)
           ^^^^^^^^^^^^^^^^^^^^^^^^^^^^^^^^
  File "/gpfs/accounts/si670f25_class_root/si670f25_class/santoshd/fvc/venv/lib/python3.11/site-packages/torch/nn/modules/module.py", line 1786, in _call_impl
    return forward_call(*args, **kwargs)
           ^^^^^^^^^^^^^^^^^^^^^^^^^^^^^
  File "/home/suzanef/.cache/torch/hub/facebookresearch_pytorchvideo_main/pytorchvideo/models/slowfast.py", line 728, in forward
    x_s_fuse = torch.cat([x_s, fuse], 1)
               ^^^^^^^^^^^^^^^^^^^^^^^^^
RuntimeError: Sizes of tensors must match except in dimension 1. Expected size 63 but got size 125 for tensor number 1 in the list.
2025-12-14 15:09:26 [INFO] [lib.training.pipeline:2070] 
Final Training - slowfast - Fold 3/5 (full dataset)
2025-12-14 15:09:26 [INFO] [lib.training.pipeline:2170] Applied PyTorch memory optimizations: expandable_segments, cudnn.benchmark=False
2025-12-14 15:09:26 [INFO] [lib.training.slowfast:102] torchvision SlowFast not available. Trying PyTorch Hub (pytorchvideo)...
2025-12-14 15:09:26 [INFO] [lib.training.slowfast:108] Loading SlowFast R50 from PyTorch Hub (facebookresearch/pytorchvideo)...
2025-12-14 15:09:27 [INFO] [lib.training.slowfast:163] ✓ Loaded SlowFast from PyTorch Hub (pytorchvideo)
2025-12-14 15:09:27 [INFO] [lib.training.slowfast:188] ✓ Verified SlowFast model structure: Net
2025-12-14 15:09:27 [INFO] [lib.mlops.mlflow_tracker:89] MLflow run started: 7a74fff45ea540d4853913e18b0b79ab (experiment: slowfast)
2025-12-14 15:09:27 [INFO] [lib.training.pipeline:2235] Training PyTorch model slowfast on fold 3 (full dataset)...
2025-12-14 15:09:27 [INFO] [lib.training.trainer:260] Warmup will be handled in training loop (2 epochs)
2025-12-14 15:09:31 [INFO] [lib.models.video:462] Chunk size increased from 30 to 40 (after 3 successes, increment: 10)
2025-12-14 15:09:34 [ERROR] [lib.training.pipeline:2335] Error training final fold 3: Sizes of tensors must match except in dimension 1. Expected size 63 but got size 125 for tensor number 1 in the list.
Traceback (most recent call last):
  File "/gpfs/accounts/si670f25_class_root/si670f25_class/santoshd/fvc/lib/training/pipeline.py", line 2241, in stage5_train_models
    model = fit(model, train_loader, val_loader, optim_cfg, train_cfg, use_differential_lr=use_differential_lr)
            ^^^^^^^^^^^^^^^^^^^^^^^^^^^^^^^^^^^^^^^^^^^^^^^^^^^^^^^^^^^^^^^^^^^^^^^^^^^^^^^^^^^^^^^^^^^^^^^^^^^
  File "/gpfs/accounts/si670f25_class_root/si670f25_class/santoshd/fvc/lib/training/trainer.py", line 684, in fit
    train_loss = train_one_epoch(
                 ^^^^^^^^^^^^^^^^
  File "/gpfs/accounts/si670f25_class_root/si670f25_class/santoshd/fvc/lib/training/trainer.py", line 331, in train_one_epoch
    logits = model(clips)
             ^^^^^^^^^^^^
  File "/gpfs/accounts/si670f25_class_root/si670f25_class/santoshd/fvc/venv/lib/python3.11/site-packages/torch/nn/modules/module.py", line 1775, in _wrapped_call_impl
    return self._call_impl(*args, **kwargs)
           ^^^^^^^^^^^^^^^^^^^^^^^^^^^^^^^^
  File "/gpfs/accounts/si670f25_class_root/si670f25_class/santoshd/fvc/venv/lib/python3.11/site-packages/torch/nn/modules/module.py", line 1786, in _call_impl
    return forward_call(*args, **kwargs)
           ^^^^^^^^^^^^^^^^^^^^^^^^^^^^^
  File "/gpfs/accounts/si670f25_class_root/si670f25_class/santoshd/fvc/lib/training/slowfast.py", line 517, in forward
    return self.backbone([slow_x, fast_x])
           ^^^^^^^^^^^^^^^^^^^^^^^^^^^^^^^
  File "/gpfs/accounts/si670f25_class_root/si670f25_class/santoshd/fvc/venv/lib/python3.11/site-packages/torch/nn/modules/module.py", line 1775, in _wrapped_call_impl
    return self._call_impl(*args, **kwargs)
           ^^^^^^^^^^^^^^^^^^^^^^^^^^^^^^^^
  File "/gpfs/accounts/si670f25_class_root/si670f25_class/santoshd/fvc/venv/lib/python3.11/site-packages/torch/nn/modules/module.py", line 1786, in _call_impl
    return forward_call(*args, **kwargs)
           ^^^^^^^^^^^^^^^^^^^^^^^^^^^^^
  File "/home/suzanef/.cache/torch/hub/facebookresearch_pytorchvideo_main/pytorchvideo/models/net.py", line 43, in forward
    x = block(x)
        ^^^^^^^^
  File "/gpfs/accounts/si670f25_class_root/si670f25_class/santoshd/fvc/venv/lib/python3.11/site-packages/torch/nn/modules/module.py", line 1775, in _wrapped_call_impl
    return self._call_impl(*args, **kwargs)
           ^^^^^^^^^^^^^^^^^^^^^^^^^^^^^^^^
  File "/gpfs/accounts/si670f25_class_root/si670f25_class/santoshd/fvc/venv/lib/python3.11/site-packages/torch/nn/modules/module.py", line 1786, in _call_impl
    return forward_call(*args, **kwargs)
           ^^^^^^^^^^^^^^^^^^^^^^^^^^^^^
  File "/home/suzanef/.cache/torch/hub/facebookresearch_pytorchvideo_main/pytorchvideo/models/net.py", line 121, in forward
    x_out = self.multipathway_fusion(x_out)
            ^^^^^^^^^^^^^^^^^^^^^^^^^^^^^^^
  File "/gpfs/accounts/si670f25_class_root/si670f25_class/santoshd/fvc/venv/lib/python3.11/site-packages/torch/nn/modules/module.py", line 1775, in _wrapped_call_impl
    return self._call_impl(*args, **kwargs)
           ^^^^^^^^^^^^^^^^^^^^^^^^^^^^^^^^
  File "/gpfs/accounts/si670f25_class_root/si670f25_class/santoshd/fvc/venv/lib/python3.11/site-packages/torch/nn/modules/module.py", line 1786, in _call_impl
    return forward_call(*args, **kwargs)
           ^^^^^^^^^^^^^^^^^^^^^^^^^^^^^
  File "/home/suzanef/.cache/torch/hub/facebookresearch_pytorchvideo_main/pytorchvideo/models/slowfast.py", line 728, in forward
    x_s_fuse = torch.cat([x_s, fuse], 1)
               ^^^^^^^^^^^^^^^^^^^^^^^^^
RuntimeError: Sizes of tensors must match except in dimension 1. Expected size 63 but got size 125 for tensor number 1 in the list.
2025-12-14 15:09:34 [INFO] [lib.training.pipeline:2070] 
Final Training - slowfast - Fold 4/5 (full dataset)
2025-12-14 15:09:34 [INFO] [lib.training.pipeline:2170] Applied PyTorch memory optimizations: expandable_segments, cudnn.benchmark=False
2025-12-14 15:09:34 [INFO] [lib.training.slowfast:102] torchvision SlowFast not available. Trying PyTorch Hub (pytorchvideo)...
2025-12-14 15:09:34 [INFO] [lib.training.slowfast:108] Loading SlowFast R50 from PyTorch Hub (facebookresearch/pytorchvideo)...
2025-12-14 15:09:34 [INFO] [lib.training.slowfast:163] ✓ Loaded SlowFast from PyTorch Hub (pytorchvideo)
2025-12-14 15:09:34 [INFO] [lib.training.slowfast:188] ✓ Verified SlowFast model structure: Net
2025-12-14 15:09:34 [INFO] [lib.mlops.mlflow_tracker:89] MLflow run started: c8a6b8f1183e4d828e7989262caf8607 (experiment: slowfast)
2025-12-14 15:09:35 [INFO] [lib.training.pipeline:2235] Training PyTorch model slowfast on fold 4 (full dataset)...
2025-12-14 15:09:35 [INFO] [lib.training.trainer:260] Warmup will be handled in training loop (2 epochs)
2025-12-14 15:09:42 [ERROR] [lib.training.pipeline:2335] Error training final fold 4: Sizes of tensors must match except in dimension 1. Expected size 63 but got size 125 for tensor number 1 in the list.
Traceback (most recent call last):
  File "/gpfs/accounts/si670f25_class_root/si670f25_class/santoshd/fvc/lib/training/pipeline.py", line 2241, in stage5_train_models
    model = fit(model, train_loader, val_loader, optim_cfg, train_cfg, use_differential_lr=use_differential_lr)
            ^^^^^^^^^^^^^^^^^^^^^^^^^^^^^^^^^^^^^^^^^^^^^^^^^^^^^^^^^^^^^^^^^^^^^^^^^^^^^^^^^^^^^^^^^^^^^^^^^^^
  File "/gpfs/accounts/si670f25_class_root/si670f25_class/santoshd/fvc/lib/training/trainer.py", line 684, in fit
    train_loss = train_one_epoch(
                 ^^^^^^^^^^^^^^^^
  File "/gpfs/accounts/si670f25_class_root/si670f25_class/santoshd/fvc/lib/training/trainer.py", line 331, in train_one_epoch
    logits = model(clips)
             ^^^^^^^^^^^^
  File "/gpfs/accounts/si670f25_class_root/si670f25_class/santoshd/fvc/venv/lib/python3.11/site-packages/torch/nn/modules/module.py", line 1775, in _wrapped_call_impl
    return self._call_impl(*args, **kwargs)
           ^^^^^^^^^^^^^^^^^^^^^^^^^^^^^^^^
  File "/gpfs/accounts/si670f25_class_root/si670f25_class/santoshd/fvc/venv/lib/python3.11/site-packages/torch/nn/modules/module.py", line 1786, in _call_impl
    return forward_call(*args, **kwargs)
           ^^^^^^^^^^^^^^^^^^^^^^^^^^^^^
  File "/gpfs/accounts/si670f25_class_root/si670f25_class/santoshd/fvc/lib/training/slowfast.py", line 517, in forward
    return self.backbone([slow_x, fast_x])
           ^^^^^^^^^^^^^^^^^^^^^^^^^^^^^^^
  File "/gpfs/accounts/si670f25_class_root/si670f25_class/santoshd/fvc/venv/lib/python3.11/site-packages/torch/nn/modules/module.py", line 1775, in _wrapped_call_impl
    return self._call_impl(*args, **kwargs)
           ^^^^^^^^^^^^^^^^^^^^^^^^^^^^^^^^
  File "/gpfs/accounts/si670f25_class_root/si670f25_class/santoshd/fvc/venv/lib/python3.11/site-packages/torch/nn/modules/module.py", line 1786, in _call_impl
    return forward_call(*args, **kwargs)
           ^^^^^^^^^^^^^^^^^^^^^^^^^^^^^
  File "/home/suzanef/.cache/torch/hub/facebookresearch_pytorchvideo_main/pytorchvideo/models/net.py", line 43, in forward
    x = block(x)
        ^^^^^^^^
  File "/gpfs/accounts/si670f25_class_root/si670f25_class/santoshd/fvc/venv/lib/python3.11/site-packages/torch/nn/modules/module.py", line 1775, in _wrapped_call_impl
    return self._call_impl(*args, **kwargs)
           ^^^^^^^^^^^^^^^^^^^^^^^^^^^^^^^^
  File "/gpfs/accounts/si670f25_class_root/si670f25_class/santoshd/fvc/venv/lib/python3.11/site-packages/torch/nn/modules/module.py", line 1786, in _call_impl
    return forward_call(*args, **kwargs)
           ^^^^^^^^^^^^^^^^^^^^^^^^^^^^^
  File "/home/suzanef/.cache/torch/hub/facebookresearch_pytorchvideo_main/pytorchvideo/models/net.py", line 121, in forward
    x_out = self.multipathway_fusion(x_out)
            ^^^^^^^^^^^^^^^^^^^^^^^^^^^^^^^
  File "/gpfs/accounts/si670f25_class_root/si670f25_class/santoshd/fvc/venv/lib/python3.11/site-packages/torch/nn/modules/module.py", line 1775, in _wrapped_call_impl
    return self._call_impl(*args, **kwargs)
           ^^^^^^^^^^^^^^^^^^^^^^^^^^^^^^^^
  File "/gpfs/accounts/si670f25_class_root/si670f25_class/santoshd/fvc/venv/lib/python3.11/site-packages/torch/nn/modules/module.py", line 1786, in _call_impl
    return forward_call(*args, **kwargs)
           ^^^^^^^^^^^^^^^^^^^^^^^^^^^^^
  File "/home/suzanef/.cache/torch/hub/facebookresearch_pytorchvideo_main/pytorchvideo/models/slowfast.py", line 728, in forward
    x_s_fuse = torch.cat([x_s, fuse], 1)
               ^^^^^^^^^^^^^^^^^^^^^^^^^
RuntimeError: Sizes of tensors must match except in dimension 1. Expected size 63 but got size 125 for tensor number 1 in the list.
2025-12-14 15:09:42 [INFO] [lib.training.pipeline:2070] 
Final Training - slowfast - Fold 5/5 (full dataset)
2025-12-14 15:09:42 [INFO] [lib.training.pipeline:2170] Applied PyTorch memory optimizations: expandable_segments, cudnn.benchmark=False
2025-12-14 15:09:42 [INFO] [lib.training.slowfast:102] torchvision SlowFast not available. Trying PyTorch Hub (pytorchvideo)...
2025-12-14 15:09:42 [INFO] [lib.training.slowfast:108] Loading SlowFast R50 from PyTorch Hub (facebookresearch/pytorchvideo)...
2025-12-14 15:09:43 [INFO] [lib.training.slowfast:163] ✓ Loaded SlowFast from PyTorch Hub (pytorchvideo)
2025-12-14 15:09:43 [INFO] [lib.training.slowfast:188] ✓ Verified SlowFast model structure: Net
2025-12-14 15:09:43 [INFO] [lib.mlops.mlflow_tracker:89] MLflow run started: b6c2b1e8871c4b33a5c94bb87a16bfb6 (experiment: slowfast)
2025-12-14 15:09:43 [INFO] [lib.training.pipeline:2235] Training PyTorch model slowfast on fold 5 (full dataset)...
2025-12-14 15:09:43 [INFO] [lib.training.trainer:260] Warmup will be handled in training loop (2 epochs)
2025-12-14 15:09:53 [ERROR] [lib.training.pipeline:2335] Error training final fold 5: Sizes of tensors must match except in dimension 1. Expected size 63 but got size 125 for tensor number 1 in the list.
Traceback (most recent call last):
  File "/gpfs/accounts/si670f25_class_root/si670f25_class/santoshd/fvc/lib/training/pipeline.py", line 2241, in stage5_train_models
    model = fit(model, train_loader, val_loader, optim_cfg, train_cfg, use_differential_lr=use_differential_lr)
            ^^^^^^^^^^^^^^^^^^^^^^^^^^^^^^^^^^^^^^^^^^^^^^^^^^^^^^^^^^^^^^^^^^^^^^^^^^^^^^^^^^^^^^^^^^^^^^^^^^^
  File "/gpfs/accounts/si670f25_class_root/si670f25_class/santoshd/fvc/lib/training/trainer.py", line 684, in fit
    train_loss = train_one_epoch(
                 ^^^^^^^^^^^^^^^^
  File "/gpfs/accounts/si670f25_class_root/si670f25_class/santoshd/fvc/lib/training/trainer.py", line 331, in train_one_epoch
    logits = model(clips)
             ^^^^^^^^^^^^
  File "/gpfs/accounts/si670f25_class_root/si670f25_class/santoshd/fvc/venv/lib/python3.11/site-packages/torch/nn/modules/module.py", line 1775, in _wrapped_call_impl
    return self._call_impl(*args, **kwargs)
           ^^^^^^^^^^^^^^^^^^^^^^^^^^^^^^^^
  File "/gpfs/accounts/si670f25_class_root/si670f25_class/santoshd/fvc/venv/lib/python3.11/site-packages/torch/nn/modules/module.py", line 1786, in _call_impl
    return forward_call(*args, **kwargs)
           ^^^^^^^^^^^^^^^^^^^^^^^^^^^^^
  File "/gpfs/accounts/si670f25_class_root/si670f25_class/santoshd/fvc/lib/training/slowfast.py", line 517, in forward
    return self.backbone([slow_x, fast_x])
           ^^^^^^^^^^^^^^^^^^^^^^^^^^^^^^^
  File "/gpfs/accounts/si670f25_class_root/si670f25_class/santoshd/fvc/venv/lib/python3.11/site-packages/torch/nn/modules/module.py", line 1775, in _wrapped_call_impl
    return self._call_impl(*args, **kwargs)
           ^^^^^^^^^^^^^^^^^^^^^^^^^^^^^^^^
  File "/gpfs/accounts/si670f25_class_root/si670f25_class/santoshd/fvc/venv/lib/python3.11/site-packages/torch/nn/modules/module.py", line 1786, in _call_impl
    return forward_call(*args, **kwargs)
           ^^^^^^^^^^^^^^^^^^^^^^^^^^^^^
  File "/home/suzanef/.cache/torch/hub/facebookresearch_pytorchvideo_main/pytorchvideo/models/net.py", line 43, in forward
    x = block(x)
        ^^^^^^^^
  File "/gpfs/accounts/si670f25_class_root/si670f25_class/santoshd/fvc/venv/lib/python3.11/site-packages/torch/nn/modules/module.py", line 1775, in _wrapped_call_impl
    return self._call_impl(*args, **kwargs)
           ^^^^^^^^^^^^^^^^^^^^^^^^^^^^^^^^
  File "/gpfs/accounts/si670f25_class_root/si670f25_class/santoshd/fvc/venv/lib/python3.11/site-packages/torch/nn/modules/module.py", line 1786, in _call_impl
    return forward_call(*args, **kwargs)
           ^^^^^^^^^^^^^^^^^^^^^^^^^^^^^
  File "/home/suzanef/.cache/torch/hub/facebookresearch_pytorchvideo_main/pytorchvideo/models/net.py", line 121, in forward
    x_out = self.multipathway_fusion(x_out)
            ^^^^^^^^^^^^^^^^^^^^^^^^^^^^^^^
  File "/gpfs/accounts/si670f25_class_root/si670f25_class/santoshd/fvc/venv/lib/python3.11/site-packages/torch/nn/modules/module.py", line 1775, in _wrapped_call_impl
    return self._call_impl(*args, **kwargs)
           ^^^^^^^^^^^^^^^^^^^^^^^^^^^^^^^^
  File "/gpfs/accounts/si670f25_class_root/si670f25_class/santoshd/fvc/venv/lib/python3.11/site-packages/torch/nn/modules/module.py", line 1786, in _call_impl
    return forward_call(*args, **kwargs)
           ^^^^^^^^^^^^^^^^^^^^^^^^^^^^^
  File "/home/suzanef/.cache/torch/hub/facebookresearch_pytorchvideo_main/pytorchvideo/models/slowfast.py", line 728, in forward
    x_s_fuse = torch.cat([x_s, fuse], 1)
               ^^^^^^^^^^^^^^^^^^^^^^^^^
RuntimeError: Sizes of tensors must match except in dimension 1. Expected size 63 but got size 125 for tensor number 1 in the list.
2025-12-14 15:09:53 [WARNING] [lib.training.pipeline:114] No model files found in /gpfs/accounts/si670f25_class_root/si670f25_class/santoshd/fvc/data/stage5/slowfast/fold_1 to copy
2025-12-14 15:09:53 [INFO] [lib.training.pipeline:2408] 
slowfast - Avg Val Loss: nan, Avg Val Acc: nan, Avg Val F1: nan
2025-12-14 15:09:56 [INFO] [lib.training.visualization:256] Saved CV fold comparison to /gpfs/accounts/si670f25_class_root/si670f25_class/santoshd/fvc/data/stage5/slowfast/plots/cv_fold_comparison.png
2025-12-14 15:09:56 [INFO] [lib.training.pipeline:2436] Generated plots for slowfast in /gpfs/accounts/si670f25_class_root/si670f25_class/santoshd/fvc/data/stage5/slowfast/plots
2025-12-14 15:09:56 [INFO] [lib.training.pipeline:2473] ================================================================================
2025-12-14 15:09:56 [INFO] [lib.training.pipeline:2474] Stage 5: Model Training Pipeline Completed
2025-12-14 15:09:56 [INFO] [lib.training.pipeline:2475] ================================================================================
2025-12-14 15:09:56 [INFO] [__main__:401] ================================================================================
2025-12-14 15:09:56 [INFO] [__main__:402] STAGE 5 COMPLETED SUCCESSFULLY
2025-12-14 15:09:56 [INFO] [__main__:403] ================================================================================
2025-12-14 15:09:56 [INFO] [__main__:404] Execution time: 84.12 seconds (1.40 minutes)
2025-12-14 15:09:56 [INFO] [__main__:406] Output directory: /gpfs/accounts/si670f25_class_root/si670f25_class/santoshd/fvc/data/stage5
2025-12-14 15:09:56 [INFO] [__main__:407] Models trained: ['slowfast']
2025-12-14 15:09:56 [INFO] [__main__:408] K-fold splits: 5
2025-12-14 15:09:56 [INFO] [__main__:414] ================================================================================
2025-12-14 15:09:56 [INFO] [__main__:415] Final memory statistics:
2025-12-14 15:09:56 [INFO] [__main__:416] ================================================================================
2025-12-14 15:09:56 [INFO] [lib.utils.memory:91] Memory stats (Stage 5: after training): {'cpu_memory_mb': 3328.63671875, 'cpu_memory_gb': 3.250621795654297, 'cpu_vms_mb': 50616.4375, 'gpu_allocated_gb': 0.0, 'gpu_reserved_gb': 1.019215872, 'gpu_total_gb': 16.928342016, 'gpu_free_gb': 15.909126144}
2025-12-14 15:09:56 [INFO] [__main__:419] ================================================================================
2025-12-14 15:09:56 [INFO] [__main__:420] Training complete!
2025-12-14 15:09:56 [INFO] [__main__:421] Results saved to: /gpfs/accounts/si670f25_class_root/si670f25_class/santoshd/fvc/data/stage5
2025-12-14 15:09:56 [INFO] [__main__:422] ================================================================================
