2025-12-11 18:30:39 [ERROR] [__main__:305] ================================================================================
2025-12-11 18:30:39 [ERROR] [__main__:306] STAGE 5 FAILED
2025-12-11 18:30:39 [ERROR] [__main__:307] ================================================================================
2025-12-11 18:30:39 [ERROR] [__main__:308] Error: CheckpointManager.__init__() missing 1 required positional argument: 'run_id'
2025-12-11 18:30:39 [ERROR] [__main__:309] Exception type: TypeError
2025-12-11 18:30:39 [ERROR] [__main__:310] Full traceback:
Traceback (most recent call last):
  File "/gpfs/accounts/si670f25_class_root/si670f25_class/santoshd/fvc/src/scripts/run_stage5_training.py", line 249, in main
    results = stage5_train_models(
              ^^^^^^^^^^^^^^^^^^^^
  File "/gpfs/accounts/si670f25_class_root/si670f25_class/santoshd/fvc/lib/training/pipeline.py", line 748, in stage5_train_models
    ckpt_manager = CheckpointManager(str(fold_output_dir))
                   ^^^^^^^^^^^^^^^^^^^^^^^^^^^^^^^^^^^^^^^
TypeError: CheckpointManager.__init__() missing 1 required positional argument: 'run_id'
2025-12-11 18:30:39 [ERROR] [__main__:311] Output directory: /gpfs/accounts/si670f25_class_root/si670f25_class/santoshd/fvc/data/stage5
2025-12-11 18:30:39 [ERROR] [__main__:312] Partial results may be available
2025-12-11 18:30:39 [ERROR] [__main__:313] ================================================================================
