2025-12-10 00:01:32 [INFO] [lib.utils.memory:89] Memory stats (Stage 5: before training): {'cpu_memory_mb': 754.12890625, 'cpu_memory_gb': 0.7364540100097656, 'cpu_vms_mb': 10239.87890625, 'gpu_allocated_gb': 0.0, 'gpu_reserved_gb': 0.0, 'gpu_total_gb': 16.928342016, 'gpu_free_gb': 16.928342016}
2025-12-10 00:01:32 [DEBUG] [lib.utils.memory:95] CPU percent: 0.0%
2025-12-10 00:01:32 [DEBUG] [lib.utils.memory:96] Num threads: 5
2025-12-10 00:01:32 [INFO] [lib.training.pipeline:73] Stage 5: Loading metadata...
2025-12-10 00:01:33 [WARNING] [lib.utils.paths:169] Metadata file is empty: /gpfs/accounts/si670f25_class_root/si670f25_class/santoshd/fvc/data/features_stage2/features_metadata.arrow, trying other formats...
2025-12-10 00:01:33 [WARNING] [lib.utils.paths:178] No valid metadata file found for /gpfs/accounts/si670f25_class_root/si670f25_class/santoshd/fvc/data/features_stage2/features_metadata.arrow
2025-12-10 00:01:34 [INFO] [lib.training.pipeline:84] Stage 5: Found 3244 scaled videos
2025-12-10 00:01:34 [DEBUG] [lib.training.pipeline:110] Direct import failed: No module named 'lib.models', trying alternative methods...
2025-12-10 00:01:34 [DEBUG] [lib.training.pipeline:115] Attempting importlib import from: /gpfs/accounts/si670f25_class_root/si670f25_class/santoshd/fvc/lib/models/__init__.py
2025-12-10 00:01:34 [WARNING] [lib.training.pipeline:125] lib/models/__init__.py not found at: /gpfs/accounts/si670f25_class_root/si670f25_class/santoshd/fvc/lib/models/__init__.py
2025-12-10 00:01:34 [DEBUG] [lib.training.pipeline:133] Attempting direct import from video.py: /gpfs/accounts/si670f25_class_root/si670f25_class/santoshd/fvc/lib/models/video.py
2025-12-10 00:01:34 [WARNING] [lib.training.pipeline:142] lib/models/video.py not found at: /gpfs/accounts/si670f25_class_root/si670f25_class/santoshd/fvc/lib/models/video.py
2025-12-10 00:01:34 [ERROR] [lib.training.pipeline:169] CRITICAL: Failed to import VideoConfig from lib.models after trying all strategies.
Diagnostics: {'project_root': '/gpfs/accounts/si670f25_class_root/si670f25_class/santoshd/fvc', 'project_root_exists': True, 'lib_dir_exists': True, 'lib_models_dir_exists': False, 'lib_models_init_exists': False, 'lib_models_video_exists': False, 'python_path_first_3': ['/gpfs/accounts/si670f25_class_root/si670f25_class/santoshd/fvc', '/gpfs/accounts/si670f25_class_root/si670f25_class/santoshd/fvc/src/scripts', '/sw/pkgs/arc/python3.11-anaconda/2024.02-1/lib/python311.zip'], 'original_import_error': "No module named 'lib.models'"}
Please ensure lib/models directory exists and contains __init__.py and video.py
2025-12-10 00:01:34 [ERROR] [__main__:332] ================================================================================
2025-12-10 00:01:34 [ERROR] [__main__:333] STAGE 5 FAILED
2025-12-10 00:01:34 [ERROR] [__main__:334] ================================================================================
2025-12-10 00:01:34 [ERROR] [__main__:335] Error: CRITICAL: Failed to import VideoConfig from lib.models after trying all strategies.
Diagnostics: {'project_root': '/gpfs/accounts/si670f25_class_root/si670f25_class/santoshd/fvc', 'project_root_exists': True, 'lib_dir_exists': True, 'lib_models_dir_exists': False, 'lib_models_init_exists': False, 'lib_models_video_exists': False, 'python_path_first_3': ['/gpfs/accounts/si670f25_class_root/si670f25_class/santoshd/fvc', '/gpfs/accounts/si670f25_class_root/si670f25_class/santoshd/fvc/src/scripts', '/sw/pkgs/arc/python3.11-anaconda/2024.02-1/lib/python311.zip'], 'original_import_error': "No module named 'lib.models'"}
Please ensure lib/models directory exists and contains __init__.py and video.py
2025-12-10 00:01:34 [ERROR] [__main__:336] Exception type: ImportError
2025-12-10 00:01:34 [ERROR] [__main__:337] Full traceback:
Traceback (most recent call last):
  File "/gpfs/accounts/si670f25_class_root/si670f25_class/santoshd/fvc/lib/training/pipeline.py", line 106, in stage5_train_models
    from lib.models import VideoConfig
ModuleNotFoundError: No module named 'lib.models'

The above exception was the direct cause of the following exception:

Traceback (most recent call last):
  File "/gpfs/accounts/si670f25_class_root/si670f25_class/santoshd/fvc/src/scripts/run_stage5_training.py", line 277, in main
    results = stage5_train_models(
              ^^^^^^^^^^^^^^^^^^^^
  File "/gpfs/accounts/si670f25_class_root/si670f25_class/santoshd/fvc/lib/training/pipeline.py", line 170, in stage5_train_models
    raise ImportError(error_msg) from import_error
ImportError: CRITICAL: Failed to import VideoConfig from lib.models after trying all strategies.
Diagnostics: {'project_root': '/gpfs/accounts/si670f25_class_root/si670f25_class/santoshd/fvc', 'project_root_exists': True, 'lib_dir_exists': True, 'lib_models_dir_exists': False, 'lib_models_init_exists': False, 'lib_models_video_exists': False, 'python_path_first_3': ['/gpfs/accounts/si670f25_class_root/si670f25_class/santoshd/fvc', '/gpfs/accounts/si670f25_class_root/si670f25_class/santoshd/fvc/src/scripts', '/sw/pkgs/arc/python3.11-anaconda/2024.02-1/lib/python311.zip'], 'original_import_error': "No module named 'lib.models'"}
Please ensure lib/models directory exists and contains __init__.py and video.py
2025-12-10 00:01:34 [ERROR] [__main__:338] Output directory: /gpfs/accounts/si670f25_class_root/si670f25_class/santoshd/fvc/data/stage5
2025-12-10 00:01:34 [ERROR] [__main__:339] Partial results may be available
2025-12-10 00:01:34 [ERROR] [__main__:340] ================================================================================
