2025-12-11 18:07:53 [ERROR] [__main__:305] ================================================================================
2025-12-11 18:07:53 [ERROR] [__main__:306] STAGE 5 FAILED
2025-12-11 18:07:53 [ERROR] [__main__:307] ================================================================================
2025-12-11 18:07:53 [ERROR] [__main__:308] Error: VideoConfig.__init__() got an unexpected keyword argument 'use_scaled_videos'
2025-12-11 18:07:53 [ERROR] [__main__:309] Exception type: TypeError
2025-12-11 18:07:53 [ERROR] [__main__:310] Full traceback:
Traceback (most recent call last):
  File "/gpfs/accounts/si670f25_class_root/si670f25_class/santoshd/fvc/src/scripts/run_stage5_training.py", line 249, in main
    results = stage5_train_models(
              ^^^^^^^^^^^^^^^^^^^^
  File "/gpfs/accounts/si670f25_class_root/si670f25_class/santoshd/fvc/lib/training/pipeline.py", line 532, in stage5_train_models
    video_config = VideoConfig(
                   ^^^^^^^^^^^^
TypeError: VideoConfig.__init__() got an unexpected keyword argument 'use_scaled_videos'
2025-12-11 18:07:53 [ERROR] [__main__:311] Output directory: /gpfs/accounts/si670f25_class_root/si670f25_class/santoshd/fvc/data/stage5
2025-12-11 18:07:53 [ERROR] [__main__:312] Partial results may be available
2025-12-11 18:07:53 [ERROR] [__main__:313] ================================================================================
