2025-12-14 13:50:05 [INFO] [__main__:310] ================================================================================
2025-12-14 13:50:05 [INFO] [__main__:311] STAGE 5: MODEL TRAINING
2025-12-14 13:50:05 [INFO] [__main__:312] ================================================================================
2025-12-14 13:50:05 [INFO] [__main__:313] Project root: /gpfs/accounts/si670f25_class_root/si670f25_class/santoshd/fvc
2025-12-14 13:50:05 [INFO] [__main__:314] Scaled metadata: /gpfs/accounts/si670f25_class_root/si670f25_class/santoshd/fvc/data/scaled_videos/scaled_metadata.arrow
2025-12-14 13:50:05 [INFO] [__main__:315] Features Stage 2: /gpfs/accounts/si670f25_class_root/si670f25_class/santoshd/fvc/data/features_stage2/features_metadata.arrow
2025-12-14 13:50:05 [INFO] [__main__:316] Features Stage 4: /gpfs/accounts/si670f25_class_root/si670f25_class/santoshd/fvc/data/features_stage4/features_scaled_metadata.arrow
2025-12-14 13:50:05 [INFO] [__main__:317] Model types: ['x3d']
2025-12-14 13:50:05 [INFO] [__main__:318] K-fold splits: 5
2025-12-14 13:50:05 [INFO] [__main__:319] Number of frames: 500
2025-12-14 13:50:05 [INFO] [__main__:320] Output directory: /gpfs/accounts/si670f25_class_root/si670f25_class/santoshd/fvc/data/stage5
2025-12-14 13:50:05 [INFO] [__main__:321] Experiment tracking: Enabled
2025-12-14 13:50:05 [INFO] [__main__:324] Delete existing: False
2025-12-14 13:50:05 [INFO] [__main__:325] Resume mode: True
2025-12-14 13:50:05 [INFO] [__main__:326] Log file: /gpfs/accounts/si670f25_class_root/si670f25_class/santoshd/fvc/logs/stage5_training_1765738205.log
2025-12-14 13:50:05 [INFO] [__main__:333] ================================================================================
2025-12-14 13:50:05 [INFO] [__main__:334] Checking prerequisites...
2025-12-14 13:50:05 [INFO] [__main__:335] ================================================================================
2025-12-14 13:50:05 [INFO] [__main__:342] ✓ Scaled metadata file found: /gpfs/accounts/si670f25_class_root/si670f25_class/santoshd/fvc/data/scaled_videos/scaled_metadata.arrow
2025-12-14 13:50:05 [INFO] [__main__:352] ✓ All model types are valid
2025-12-14 13:50:05 [INFO] [__main__:358] ================================================================================
2025-12-14 13:50:05 [INFO] [__main__:359] Initial memory statistics:
2025-12-14 13:50:05 [INFO] [__main__:360] ================================================================================
2025-12-14 13:50:05 [INFO] [lib.utils.memory:91] Memory stats (Stage 5: before training): {'cpu_memory_mb': 735.37890625, 'cpu_memory_gb': 0.7181434631347656, 'cpu_vms_mb': 10217.61328125, 'gpu_allocated_gb': 0.0, 'gpu_reserved_gb': 0.0, 'gpu_total_gb': 16.928342016, 'gpu_free_gb': 16.928342016}
2025-12-14 13:50:05 [INFO] [__main__:364] ================================================================================
2025-12-14 13:50:05 [INFO] [__main__:365] Starting Stage 5: Model Training
2025-12-14 13:50:05 [INFO] [__main__:366] ================================================================================
2025-12-14 13:50:05 [INFO] [__main__:367] Training 1 model(s) with 5-fold cross-validation
2025-12-14 13:50:05 [INFO] [__main__:368] This may take a while depending on dataset size and model complexity...
2025-12-14 13:50:05 [INFO] [__main__:369] Progress will be logged in real-time
2025-12-14 13:50:05 [INFO] [__main__:370] ================================================================================
2025-12-14 13:50:05 [INFO] [__main__:375] Calling Stage 5 training pipeline...
2025-12-14 13:50:05 [INFO] [__main__:376] This may take a while - progress will be logged in real-time
2025-12-14 13:50:05 [INFO] [lib.training.pipeline:851] ================================================================================
2025-12-14 13:50:05 [INFO] [lib.training.pipeline:852] Stage 5: Model Training Pipeline Started
2025-12-14 13:50:05 [INFO] [lib.training.pipeline:853] ================================================================================
2025-12-14 13:50:05 [INFO] [lib.training.pipeline:854] Model types: ['x3d']
2025-12-14 13:50:05 [INFO] [lib.training.pipeline:855] K-fold splits: 5
2025-12-14 13:50:05 [INFO] [lib.training.pipeline:856] Frames per video: 500
2025-12-14 13:50:05 [INFO] [lib.training.pipeline:857] Output directory: data/stage5
2025-12-14 13:50:05 [INFO] [lib.training.pipeline:858] Initializing pipeline...
2025-12-14 13:50:05 [INFO] [lib.training.pipeline:261] ================================================================================
2025-12-14 13:50:05 [INFO] [lib.training.pipeline:262] STAGE 5 PREREQUISITE VALIDATION
2025-12-14 13:50:05 [INFO] [lib.training.pipeline:263] ================================================================================
2025-12-14 13:50:05 [INFO] [lib.training.pipeline:266] 
[1/3] Checking Stage 3 (scaled videos) - REQUIRED for all models...
2025-12-14 13:50:07 [INFO] [lib.training.pipeline:275] ✓ Stage 3 metadata found: 3278 scaled videos
2025-12-14 13:50:07 [INFO] [lib.training.pipeline:276]   Path: /gpfs/accounts/si670f25_class_root/si670f25_class/santoshd/fvc/data/scaled_videos/scaled_metadata.arrow
2025-12-14 13:50:07 [INFO] [lib.training.pipeline:279] 
[2/3] Checking Stage 2 (features) - REQUIRED for *_stage2 models...
2025-12-14 13:50:07 [INFO] [lib.training.pipeline:287] ✓ Stage 2 metadata found: 3278 feature rows
2025-12-14 13:50:07 [INFO] [lib.training.pipeline:288]   Path: /gpfs/accounts/si670f25_class_root/si670f25_class/santoshd/fvc/data/features_stage2/features_metadata.arrow
2025-12-14 13:50:07 [INFO] [lib.training.pipeline:291] 
[3/3] Checking Stage 4 (scaled features) - REQUIRED for *_stage2_stage4 models...
2025-12-14 13:50:07 [INFO] [lib.training.pipeline:299] ✓ Stage 4 metadata found: 3277 feature rows
2025-12-14 13:50:07 [INFO] [lib.training.pipeline:300]   Path: /gpfs/accounts/si670f25_class_root/si670f25_class/santoshd/fvc/data/features_stage4/features_scaled_metadata.arrow
2025-12-14 13:50:07 [INFO] [lib.training.pipeline:303] 
================================================================================
2025-12-14 13:50:07 [INFO] [lib.training.pipeline:304] MODEL REQUIREMENTS CHECK
2025-12-14 13:50:07 [INFO] [lib.training.pipeline:305] ================================================================================
2025-12-14 13:50:07 [INFO] [lib.training.pipeline:329] ✓ x3d: CAN RUN
2025-12-14 13:50:07 [INFO] [lib.training.pipeline:332] 
================================================================================
2025-12-14 13:50:07 [INFO] [lib.training.pipeline:333] VALIDATION SUMMARY
2025-12-14 13:50:07 [INFO] [lib.training.pipeline:334] ================================================================================
2025-12-14 13:50:07 [INFO] [lib.training.pipeline:335] Stage 3 (scaled videos): ✓ Available
2025-12-14 13:50:07 [INFO] [lib.training.pipeline:336]   Count: 3278 videos
2025-12-14 13:50:07 [INFO] [lib.training.pipeline:337] Stage 2 (features): ✓ Available
2025-12-14 13:50:07 [INFO] [lib.training.pipeline:338]   Count: 3278 feature rows
2025-12-14 13:50:07 [INFO] [lib.training.pipeline:339] Stage 4 (scaled features): ✓ Available
2025-12-14 13:50:07 [INFO] [lib.training.pipeline:340]   Count: 3277 feature rows
2025-12-14 13:50:07 [INFO] [lib.training.pipeline:341] 
Runnable models: 1/1
2025-12-14 13:50:07 [INFO] [lib.training.pipeline:342]   ['x3d']
2025-12-14 13:50:07 [INFO] [lib.training.pipeline:349] ================================================================================
2025-12-14 13:50:07 [INFO] [lib.training.pipeline:942] 
Stage 5: Loading metadata...
2025-12-14 13:50:07 [INFO] [lib.training.pipeline:968] Loaded metadata: 3278 rows
2025-12-14 13:50:07 [INFO] [lib.training.pipeline:978] ✓ Data validation passed: 3278 rows (> 3000 required)
2025-12-14 13:50:07 [WARNING] [lib.utils.guardrails:171] Disk usage high: free=825732.74GB, used=1674107.26GB (67.0%)
2025-12-14 13:50:07 [INFO] [lib.training.pipeline:1010] Stage 5: Found 3278 scaled videos
2025-12-14 13:50:07 [INFO] [lib.training.pipeline:1015] ================================================================================
2025-12-14 13:50:07 [INFO] [lib.training.pipeline:1016] STAGE 5: VALIDATING VIDEOS (checking for corruption and empty videos)
2025-12-14 13:50:07 [INFO] [lib.training.pipeline:1017] ================================================================================
2025-12-14 13:50:07 [INFO] [lib.data.loading:156] Checking file existence for 3278 videos...
2025-12-14 13:50:12 [INFO] [lib.data.loading:166] Found 3278 existing video files (filtered out 0 missing files)
2025-12-14 13:50:12 [INFO] [lib.data.loading:170] Checking for corrupted videos (moov atom errors, etc.)...
2025-12-14 13:50:13 [INFO] [lib.data.loading:92] Loaded validation cache from /gpfs/accounts/si670f25_class_root/si670f25_class/santoshd/fvc/data/.video_validation_cache/validation_0192be168a40eb7e_corruptTrue_framesTrue.parquet (3278 entries)
2025-12-14 13:50:13 [INFO] [lib.data.loading:194] Cache hit: 3278 videos, Cache miss: 0 videos
2025-12-14 13:50:13 [WARNING] [lib.data.loading:306] Filtered out 1 corrupted videos and 0 empty videos. Keeping 3277 valid videos.
2025-12-14 13:50:13 [WARNING] [lib.data.loading:311] Sample of invalid videos:
2025-12-14 13:50:13 [WARNING] [lib.data.loading:313]   data/scaled_videos/FX5aeuJFQ64_aug1_scaled_aug1.mp4: Corrupted video: moov atom not found
2025-12-14 13:50:13 [INFO] [lib.data.loading:323] Found /gpfs/accounts/si670f25_class_root/si670f25_class/santoshd/fvc/data/skip_frame_check.txt - skipping frame check as requested.
2025-12-14 13:50:13 [WARNING] [lib.data.loading:387] Filtered out 1 invalid videos (corrupted). Keeping 3277 valid videos.
2025-12-14 13:50:13 [INFO] [lib.training.pipeline:1029] ✓ Video validation complete: 3277 valid videos ready for training
2025-12-14 13:50:13 [INFO] [lib.training.pipeline:1030] ================================================================================
2025-12-14 13:50:13 [INFO] [lib.training.pipeline:1101] Enabling adaptive chunked frame loading for x3d: initial_chunk_size=30, num_frames=500. Chunk size will adapt automatically based on OOM events (AIMD algorithm).
2025-12-14 13:50:13 [INFO] [lib.training.pipeline:1116] Frame caching enabled (default): cache_dir=data/.frame_cache. This will cache processed frames to disk to speed up training. First epoch will be slower (building cache), subsequent epochs will be faster. To disable, set FVC_USE_FRAME_CACHE=0
2025-12-14 13:50:13 [INFO] [lib.training.pipeline:1252] 
================================================================================
2025-12-14 13:50:13 [INFO] [lib.training.pipeline:1253] Stage 5: Training model: x3d
2025-12-14 13:50:13 [INFO] [lib.training.pipeline:1254] ================================================================================
2025-12-14 13:50:13 [INFO] [lib.training.pipeline:1294] Grid search: 1 hyperparameter combinations to try
2025-12-14 13:50:13 [INFO] [lib.training.pipeline:1308] ================================================================================
2025-12-14 13:50:13 [INFO] [lib.training.pipeline:1309] HYPERPARAMETER SEARCH: Using 10.0% stratified sample for efficiency
2025-12-14 13:50:13 [INFO] [lib.training.pipeline:1310] ================================================================================
2025-12-14 13:50:13 [INFO] [lib.training.pipeline:1320] Hyperparameter search sample: 327 rows (10.0% of 3277 total)
2025-12-14 13:50:13 [INFO] [lib.training.pipeline:1321] To change sample size, set FVC_GRID_SEARCH_SAMPLE_SIZE environment variable (current: 0.1)
2025-12-14 13:50:14 [INFO] [lib.training.pipeline:1334] Using 5-fold stratified cross-validation on 10.0% sample for hyperparameter search
2025-12-14 13:50:14 [INFO] [lib.training.pipeline:1347] 
================================================================================
2025-12-14 13:50:14 [INFO] [lib.training.pipeline:1348] Grid Search: Hyperparameter combination 1/1
2025-12-14 13:50:14 [INFO] [lib.training.pipeline:1349] Parameters: {'learning_rate': 0.0001, 'backbone_lr': 5e-06, 'head_lr': 0.0005, 'weight_decay': 0.0001, 'batch_size': 2}
2025-12-14 13:50:14 [INFO] [lib.training.pipeline:1350] ================================================================================
2025-12-14 13:50:14 [INFO] [lib.training.pipeline:1372] 
Hyperparameter Search - x3d - Fold 1/5 (10.0% sample)
2025-12-14 13:50:14 [INFO] [lib.training.pipeline:1468] Training configuration - Batch size: 1, Gradient accumulation steps: 32, Effective batch size: 32
2025-12-14 13:50:14 [INFO] [lib.training.pipeline:1513] Applied PyTorch memory optimizations: expandable_segments, cudnn.benchmark=False
2025-12-14 13:50:14 [INFO] [lib.training.x3d:47] Loading X3D model from PyTorchVideo: x3d_m (pretrained=True)
2025-12-14 13:50:16 [INFO] [lib.training.x3d:140] ✓ Successfully loaded X3D model from PyTorchVideo: x3d_m
2025-12-14 13:50:16 [INFO] [lib.training.x3d:141] ✓ Verified X3D model structure: Net
2025-12-14 13:50:21 [INFO] [lib.mlops.mlflow_tracker:89] MLflow run started: 275b127708f842ad8a1ca6ba38d7b074 (experiment: x3d)
2025-12-14 13:50:21 [INFO] [lib.training.pipeline:1606] Training PyTorch model x3d on fold 1...
2025-12-14 13:50:24 [ERROR] [lib.training.pipeline:1731] Model forward pass test failed: Input type (torch.cuda.ByteTensor) and weight type (torch.cuda.FloatTensor) should be the same
Traceback (most recent call last):
  File "/gpfs/accounts/si670f25_class_root/si670f25_class/santoshd/fvc/lib/training/pipeline.py", line 1679, in stage5_train_models
    sample_output = model(sample_clips)
                    ^^^^^^^^^^^^^^^^^^^
  File "/gpfs/accounts/si670f25_class_root/si670f25_class/santoshd/fvc/venv/lib/python3.11/site-packages/torch/nn/modules/module.py", line 1775, in _wrapped_call_impl
    return self._call_impl(*args, **kwargs)
           ^^^^^^^^^^^^^^^^^^^^^^^^^^^^^^^^
  File "/gpfs/accounts/si670f25_class_root/si670f25_class/santoshd/fvc/venv/lib/python3.11/site-packages/torch/nn/modules/module.py", line 1786, in _call_impl
    return forward_call(*args, **kwargs)
           ^^^^^^^^^^^^^^^^^^^^^^^^^^^^^
  File "/gpfs/accounts/si670f25_class_root/si670f25_class/santoshd/fvc/lib/training/x3d.py", line 298, in forward
    return self.backbone(x)
           ^^^^^^^^^^^^^^^^
  File "/gpfs/accounts/si670f25_class_root/si670f25_class/santoshd/fvc/venv/lib/python3.11/site-packages/torch/nn/modules/module.py", line 1775, in _wrapped_call_impl
    return self._call_impl(*args, **kwargs)
           ^^^^^^^^^^^^^^^^^^^^^^^^^^^^^^^^
  File "/gpfs/accounts/si670f25_class_root/si670f25_class/santoshd/fvc/venv/lib/python3.11/site-packages/torch/nn/modules/module.py", line 1786, in _call_impl
    return forward_call(*args, **kwargs)
           ^^^^^^^^^^^^^^^^^^^^^^^^^^^^^
  File "/home/urvim/.cache/torch/hub/facebookresearch_pytorchvideo_main/pytorchvideo/models/net.py", line 43, in forward
    x = block(x)
        ^^^^^^^^
  File "/gpfs/accounts/si670f25_class_root/si670f25_class/santoshd/fvc/venv/lib/python3.11/site-packages/torch/nn/modules/module.py", line 1775, in _wrapped_call_impl
    return self._call_impl(*args, **kwargs)
           ^^^^^^^^^^^^^^^^^^^^^^^^^^^^^^^^
  File "/gpfs/accounts/si670f25_class_root/si670f25_class/santoshd/fvc/venv/lib/python3.11/site-packages/torch/nn/modules/module.py", line 1786, in _call_impl
    return forward_call(*args, **kwargs)
           ^^^^^^^^^^^^^^^^^^^^^^^^^^^^^
  File "/home/urvim/.cache/torch/hub/facebookresearch_pytorchvideo_main/pytorchvideo/models/stem.py", line 253, in forward
    x = self.conv(x)
        ^^^^^^^^^^^^
  File "/gpfs/accounts/si670f25_class_root/si670f25_class/santoshd/fvc/venv/lib/python3.11/site-packages/torch/nn/modules/module.py", line 1775, in _wrapped_call_impl
    return self._call_impl(*args, **kwargs)
           ^^^^^^^^^^^^^^^^^^^^^^^^^^^^^^^^
  File "/gpfs/accounts/si670f25_class_root/si670f25_class/santoshd/fvc/venv/lib/python3.11/site-packages/torch/nn/modules/module.py", line 1786, in _call_impl
    return forward_call(*args, **kwargs)
           ^^^^^^^^^^^^^^^^^^^^^^^^^^^^^
  File "/home/urvim/.cache/torch/hub/facebookresearch_pytorchvideo_main/pytorchvideo/layers/convolutions.py", line 233, in forward
    x = self.conv_xy(x) if self.conv_xy_first else self.conv_t(x)
                                                   ^^^^^^^^^^^^^^
  File "/gpfs/accounts/si670f25_class_root/si670f25_class/santoshd/fvc/venv/lib/python3.11/site-packages/torch/nn/modules/module.py", line 1775, in _wrapped_call_impl
    return self._call_impl(*args, **kwargs)
           ^^^^^^^^^^^^^^^^^^^^^^^^^^^^^^^^
  File "/gpfs/accounts/si670f25_class_root/si670f25_class/santoshd/fvc/venv/lib/python3.11/site-packages/torch/nn/modules/module.py", line 1786, in _call_impl
    return forward_call(*args, **kwargs)
           ^^^^^^^^^^^^^^^^^^^^^^^^^^^^^
  File "/gpfs/accounts/si670f25_class_root/si670f25_class/santoshd/fvc/venv/lib/python3.11/site-packages/torch/nn/modules/conv.py", line 717, in forward
    return self._conv_forward(input, self.weight, self.bias)
           ^^^^^^^^^^^^^^^^^^^^^^^^^^^^^^^^^^^^^^^^^^^^^^^^^
  File "/gpfs/accounts/si670f25_class_root/si670f25_class/santoshd/fvc/venv/lib/python3.11/site-packages/torch/nn/modules/conv.py", line 712, in _conv_forward
    return F.conv3d(
           ^^^^^^^^^
RuntimeError: Input type (torch.cuda.ByteTensor) and weight type (torch.cuda.FloatTensor) should be the same
2025-12-14 13:50:24 [ERROR] [lib.training.pipeline:1982] Error training fold 1: Model initialization failed: Input type (torch.cuda.ByteTensor) and weight type (torch.cuda.FloatTensor) should be the same
Traceback (most recent call last):
  File "/gpfs/accounts/si670f25_class_root/si670f25_class/santoshd/fvc/lib/training/pipeline.py", line 1679, in stage5_train_models
    sample_output = model(sample_clips)
                    ^^^^^^^^^^^^^^^^^^^
  File "/gpfs/accounts/si670f25_class_root/si670f25_class/santoshd/fvc/venv/lib/python3.11/site-packages/torch/nn/modules/module.py", line 1775, in _wrapped_call_impl
    return self._call_impl(*args, **kwargs)
           ^^^^^^^^^^^^^^^^^^^^^^^^^^^^^^^^
  File "/gpfs/accounts/si670f25_class_root/si670f25_class/santoshd/fvc/venv/lib/python3.11/site-packages/torch/nn/modules/module.py", line 1786, in _call_impl
    return forward_call(*args, **kwargs)
           ^^^^^^^^^^^^^^^^^^^^^^^^^^^^^
  File "/gpfs/accounts/si670f25_class_root/si670f25_class/santoshd/fvc/lib/training/x3d.py", line 298, in forward
    return self.backbone(x)
           ^^^^^^^^^^^^^^^^
  File "/gpfs/accounts/si670f25_class_root/si670f25_class/santoshd/fvc/venv/lib/python3.11/site-packages/torch/nn/modules/module.py", line 1775, in _wrapped_call_impl
    return self._call_impl(*args, **kwargs)
           ^^^^^^^^^^^^^^^^^^^^^^^^^^^^^^^^
  File "/gpfs/accounts/si670f25_class_root/si670f25_class/santoshd/fvc/venv/lib/python3.11/site-packages/torch/nn/modules/module.py", line 1786, in _call_impl
    return forward_call(*args, **kwargs)
           ^^^^^^^^^^^^^^^^^^^^^^^^^^^^^
  File "/home/urvim/.cache/torch/hub/facebookresearch_pytorchvideo_main/pytorchvideo/models/net.py", line 43, in forward
    x = block(x)
        ^^^^^^^^
  File "/gpfs/accounts/si670f25_class_root/si670f25_class/santoshd/fvc/venv/lib/python3.11/site-packages/torch/nn/modules/module.py", line 1775, in _wrapped_call_impl
    return self._call_impl(*args, **kwargs)
           ^^^^^^^^^^^^^^^^^^^^^^^^^^^^^^^^
  File "/gpfs/accounts/si670f25_class_root/si670f25_class/santoshd/fvc/venv/lib/python3.11/site-packages/torch/nn/modules/module.py", line 1786, in _call_impl
    return forward_call(*args, **kwargs)
           ^^^^^^^^^^^^^^^^^^^^^^^^^^^^^
  File "/home/urvim/.cache/torch/hub/facebookresearch_pytorchvideo_main/pytorchvideo/models/stem.py", line 253, in forward
    x = self.conv(x)
        ^^^^^^^^^^^^
  File "/gpfs/accounts/si670f25_class_root/si670f25_class/santoshd/fvc/venv/lib/python3.11/site-packages/torch/nn/modules/module.py", line 1775, in _wrapped_call_impl
    return self._call_impl(*args, **kwargs)
           ^^^^^^^^^^^^^^^^^^^^^^^^^^^^^^^^
  File "/gpfs/accounts/si670f25_class_root/si670f25_class/santoshd/fvc/venv/lib/python3.11/site-packages/torch/nn/modules/module.py", line 1786, in _call_impl
    return forward_call(*args, **kwargs)
           ^^^^^^^^^^^^^^^^^^^^^^^^^^^^^
  File "/home/urvim/.cache/torch/hub/facebookresearch_pytorchvideo_main/pytorchvideo/layers/convolutions.py", line 233, in forward
    x = self.conv_xy(x) if self.conv_xy_first else self.conv_t(x)
                                                   ^^^^^^^^^^^^^^
  File "/gpfs/accounts/si670f25_class_root/si670f25_class/santoshd/fvc/venv/lib/python3.11/site-packages/torch/nn/modules/module.py", line 1775, in _wrapped_call_impl
    return self._call_impl(*args, **kwargs)
           ^^^^^^^^^^^^^^^^^^^^^^^^^^^^^^^^
  File "/gpfs/accounts/si670f25_class_root/si670f25_class/santoshd/fvc/venv/lib/python3.11/site-packages/torch/nn/modules/module.py", line 1786, in _call_impl
    return forward_call(*args, **kwargs)
           ^^^^^^^^^^^^^^^^^^^^^^^^^^^^^
  File "/gpfs/accounts/si670f25_class_root/si670f25_class/santoshd/fvc/venv/lib/python3.11/site-packages/torch/nn/modules/conv.py", line 717, in forward
    return self._conv_forward(input, self.weight, self.bias)
           ^^^^^^^^^^^^^^^^^^^^^^^^^^^^^^^^^^^^^^^^^^^^^^^^^
  File "/gpfs/accounts/si670f25_class_root/si670f25_class/santoshd/fvc/venv/lib/python3.11/site-packages/torch/nn/modules/conv.py", line 712, in _conv_forward
    return F.conv3d(
           ^^^^^^^^^
RuntimeError: Input type (torch.cuda.ByteTensor) and weight type (torch.cuda.FloatTensor) should be the same

The above exception was the direct cause of the following exception:

Traceback (most recent call last):
  File "/gpfs/accounts/si670f25_class_root/si670f25_class/santoshd/fvc/lib/training/pipeline.py", line 1732, in stage5_train_models
    raise ValueError(f"Model initialization failed: {e}") from e
ValueError: Model initialization failed: Input type (torch.cuda.ByteTensor) and weight type (torch.cuda.FloatTensor) should be the same
2025-12-14 13:50:24 [INFO] [lib.mlops.mlflow_tracker:142] MLflow run ended: 275b127708f842ad8a1ca6ba38d7b074
2025-12-14 13:50:24 [INFO] [lib.training.pipeline:1372] 
Hyperparameter Search - x3d - Fold 2/5 (10.0% sample)
2025-12-14 13:50:24 [INFO] [lib.training.pipeline:1468] Training configuration - Batch size: 1, Gradient accumulation steps: 32, Effective batch size: 32
2025-12-14 13:50:24 [INFO] [lib.training.pipeline:1513] Applied PyTorch memory optimizations: expandable_segments, cudnn.benchmark=False
2025-12-14 13:50:24 [INFO] [lib.training.x3d:47] Loading X3D model from PyTorchVideo: x3d_m (pretrained=True)
2025-12-14 13:50:24 [INFO] [lib.training.x3d:140] ✓ Successfully loaded X3D model from PyTorchVideo: x3d_m
2025-12-14 13:50:24 [INFO] [lib.training.x3d:141] ✓ Verified X3D model structure: Net
2025-12-14 13:50:25 [INFO] [lib.mlops.mlflow_tracker:89] MLflow run started: 83c49869595c46239aaeed7b889c072d (experiment: x3d)
2025-12-14 13:50:25 [INFO] [lib.training.pipeline:1606] Training PyTorch model x3d on fold 2...
2025-12-14 13:50:25 [ERROR] [lib.training.pipeline:1731] Model forward pass test failed: Input type (torch.cuda.ByteTensor) and weight type (torch.cuda.FloatTensor) should be the same
Traceback (most recent call last):
  File "/gpfs/accounts/si670f25_class_root/si670f25_class/santoshd/fvc/lib/training/pipeline.py", line 1679, in stage5_train_models
    sample_output = model(sample_clips)
                    ^^^^^^^^^^^^^^^^^^^
  File "/gpfs/accounts/si670f25_class_root/si670f25_class/santoshd/fvc/venv/lib/python3.11/site-packages/torch/nn/modules/module.py", line 1775, in _wrapped_call_impl
    return self._call_impl(*args, **kwargs)
           ^^^^^^^^^^^^^^^^^^^^^^^^^^^^^^^^
  File "/gpfs/accounts/si670f25_class_root/si670f25_class/santoshd/fvc/venv/lib/python3.11/site-packages/torch/nn/modules/module.py", line 1786, in _call_impl
    return forward_call(*args, **kwargs)
           ^^^^^^^^^^^^^^^^^^^^^^^^^^^^^
  File "/gpfs/accounts/si670f25_class_root/si670f25_class/santoshd/fvc/lib/training/x3d.py", line 298, in forward
    return self.backbone(x)
           ^^^^^^^^^^^^^^^^
  File "/gpfs/accounts/si670f25_class_root/si670f25_class/santoshd/fvc/venv/lib/python3.11/site-packages/torch/nn/modules/module.py", line 1775, in _wrapped_call_impl
    return self._call_impl(*args, **kwargs)
           ^^^^^^^^^^^^^^^^^^^^^^^^^^^^^^^^
  File "/gpfs/accounts/si670f25_class_root/si670f25_class/santoshd/fvc/venv/lib/python3.11/site-packages/torch/nn/modules/module.py", line 1786, in _call_impl
    return forward_call(*args, **kwargs)
           ^^^^^^^^^^^^^^^^^^^^^^^^^^^^^
  File "/home/urvim/.cache/torch/hub/facebookresearch_pytorchvideo_main/pytorchvideo/models/net.py", line 43, in forward
    x = block(x)
        ^^^^^^^^
  File "/gpfs/accounts/si670f25_class_root/si670f25_class/santoshd/fvc/venv/lib/python3.11/site-packages/torch/nn/modules/module.py", line 1775, in _wrapped_call_impl
    return self._call_impl(*args, **kwargs)
           ^^^^^^^^^^^^^^^^^^^^^^^^^^^^^^^^
  File "/gpfs/accounts/si670f25_class_root/si670f25_class/santoshd/fvc/venv/lib/python3.11/site-packages/torch/nn/modules/module.py", line 1786, in _call_impl
    return forward_call(*args, **kwargs)
           ^^^^^^^^^^^^^^^^^^^^^^^^^^^^^
  File "/home/urvim/.cache/torch/hub/facebookresearch_pytorchvideo_main/pytorchvideo/models/stem.py", line 253, in forward
    x = self.conv(x)
        ^^^^^^^^^^^^
  File "/gpfs/accounts/si670f25_class_root/si670f25_class/santoshd/fvc/venv/lib/python3.11/site-packages/torch/nn/modules/module.py", line 1775, in _wrapped_call_impl
    return self._call_impl(*args, **kwargs)
           ^^^^^^^^^^^^^^^^^^^^^^^^^^^^^^^^
  File "/gpfs/accounts/si670f25_class_root/si670f25_class/santoshd/fvc/venv/lib/python3.11/site-packages/torch/nn/modules/module.py", line 1786, in _call_impl
    return forward_call(*args, **kwargs)
           ^^^^^^^^^^^^^^^^^^^^^^^^^^^^^
  File "/home/urvim/.cache/torch/hub/facebookresearch_pytorchvideo_main/pytorchvideo/layers/convolutions.py", line 233, in forward
    x = self.conv_xy(x) if self.conv_xy_first else self.conv_t(x)
                                                   ^^^^^^^^^^^^^^
  File "/gpfs/accounts/si670f25_class_root/si670f25_class/santoshd/fvc/venv/lib/python3.11/site-packages/torch/nn/modules/module.py", line 1775, in _wrapped_call_impl
    return self._call_impl(*args, **kwargs)
           ^^^^^^^^^^^^^^^^^^^^^^^^^^^^^^^^
  File "/gpfs/accounts/si670f25_class_root/si670f25_class/santoshd/fvc/venv/lib/python3.11/site-packages/torch/nn/modules/module.py", line 1786, in _call_impl
    return forward_call(*args, **kwargs)
           ^^^^^^^^^^^^^^^^^^^^^^^^^^^^^
  File "/gpfs/accounts/si670f25_class_root/si670f25_class/santoshd/fvc/venv/lib/python3.11/site-packages/torch/nn/modules/conv.py", line 717, in forward
    return self._conv_forward(input, self.weight, self.bias)
           ^^^^^^^^^^^^^^^^^^^^^^^^^^^^^^^^^^^^^^^^^^^^^^^^^
  File "/gpfs/accounts/si670f25_class_root/si670f25_class/santoshd/fvc/venv/lib/python3.11/site-packages/torch/nn/modules/conv.py", line 712, in _conv_forward
    return F.conv3d(
           ^^^^^^^^^
RuntimeError: Input type (torch.cuda.ByteTensor) and weight type (torch.cuda.FloatTensor) should be the same
2025-12-14 13:50:25 [ERROR] [lib.training.pipeline:1982] Error training fold 2: Model initialization failed: Input type (torch.cuda.ByteTensor) and weight type (torch.cuda.FloatTensor) should be the same
Traceback (most recent call last):
  File "/gpfs/accounts/si670f25_class_root/si670f25_class/santoshd/fvc/lib/training/pipeline.py", line 1679, in stage5_train_models
    sample_output = model(sample_clips)
                    ^^^^^^^^^^^^^^^^^^^
  File "/gpfs/accounts/si670f25_class_root/si670f25_class/santoshd/fvc/venv/lib/python3.11/site-packages/torch/nn/modules/module.py", line 1775, in _wrapped_call_impl
    return self._call_impl(*args, **kwargs)
           ^^^^^^^^^^^^^^^^^^^^^^^^^^^^^^^^
  File "/gpfs/accounts/si670f25_class_root/si670f25_class/santoshd/fvc/venv/lib/python3.11/site-packages/torch/nn/modules/module.py", line 1786, in _call_impl
    return forward_call(*args, **kwargs)
           ^^^^^^^^^^^^^^^^^^^^^^^^^^^^^
  File "/gpfs/accounts/si670f25_class_root/si670f25_class/santoshd/fvc/lib/training/x3d.py", line 298, in forward
    return self.backbone(x)
           ^^^^^^^^^^^^^^^^
  File "/gpfs/accounts/si670f25_class_root/si670f25_class/santoshd/fvc/venv/lib/python3.11/site-packages/torch/nn/modules/module.py", line 1775, in _wrapped_call_impl
    return self._call_impl(*args, **kwargs)
           ^^^^^^^^^^^^^^^^^^^^^^^^^^^^^^^^
  File "/gpfs/accounts/si670f25_class_root/si670f25_class/santoshd/fvc/venv/lib/python3.11/site-packages/torch/nn/modules/module.py", line 1786, in _call_impl
    return forward_call(*args, **kwargs)
           ^^^^^^^^^^^^^^^^^^^^^^^^^^^^^
  File "/home/urvim/.cache/torch/hub/facebookresearch_pytorchvideo_main/pytorchvideo/models/net.py", line 43, in forward
    x = block(x)
        ^^^^^^^^
  File "/gpfs/accounts/si670f25_class_root/si670f25_class/santoshd/fvc/venv/lib/python3.11/site-packages/torch/nn/modules/module.py", line 1775, in _wrapped_call_impl
    return self._call_impl(*args, **kwargs)
           ^^^^^^^^^^^^^^^^^^^^^^^^^^^^^^^^
  File "/gpfs/accounts/si670f25_class_root/si670f25_class/santoshd/fvc/venv/lib/python3.11/site-packages/torch/nn/modules/module.py", line 1786, in _call_impl
    return forward_call(*args, **kwargs)
           ^^^^^^^^^^^^^^^^^^^^^^^^^^^^^
  File "/home/urvim/.cache/torch/hub/facebookresearch_pytorchvideo_main/pytorchvideo/models/stem.py", line 253, in forward
    x = self.conv(x)
        ^^^^^^^^^^^^
  File "/gpfs/accounts/si670f25_class_root/si670f25_class/santoshd/fvc/venv/lib/python3.11/site-packages/torch/nn/modules/module.py", line 1775, in _wrapped_call_impl
    return self._call_impl(*args, **kwargs)
           ^^^^^^^^^^^^^^^^^^^^^^^^^^^^^^^^
  File "/gpfs/accounts/si670f25_class_root/si670f25_class/santoshd/fvc/venv/lib/python3.11/site-packages/torch/nn/modules/module.py", line 1786, in _call_impl
    return forward_call(*args, **kwargs)
           ^^^^^^^^^^^^^^^^^^^^^^^^^^^^^
  File "/home/urvim/.cache/torch/hub/facebookresearch_pytorchvideo_main/pytorchvideo/layers/convolutions.py", line 233, in forward
    x = self.conv_xy(x) if self.conv_xy_first else self.conv_t(x)
                                                   ^^^^^^^^^^^^^^
  File "/gpfs/accounts/si670f25_class_root/si670f25_class/santoshd/fvc/venv/lib/python3.11/site-packages/torch/nn/modules/module.py", line 1775, in _wrapped_call_impl
    return self._call_impl(*args, **kwargs)
           ^^^^^^^^^^^^^^^^^^^^^^^^^^^^^^^^
  File "/gpfs/accounts/si670f25_class_root/si670f25_class/santoshd/fvc/venv/lib/python3.11/site-packages/torch/nn/modules/module.py", line 1786, in _call_impl
    return forward_call(*args, **kwargs)
           ^^^^^^^^^^^^^^^^^^^^^^^^^^^^^
  File "/gpfs/accounts/si670f25_class_root/si670f25_class/santoshd/fvc/venv/lib/python3.11/site-packages/torch/nn/modules/conv.py", line 717, in forward
    return self._conv_forward(input, self.weight, self.bias)
           ^^^^^^^^^^^^^^^^^^^^^^^^^^^^^^^^^^^^^^^^^^^^^^^^^
  File "/gpfs/accounts/si670f25_class_root/si670f25_class/santoshd/fvc/venv/lib/python3.11/site-packages/torch/nn/modules/conv.py", line 712, in _conv_forward
    return F.conv3d(
           ^^^^^^^^^
RuntimeError: Input type (torch.cuda.ByteTensor) and weight type (torch.cuda.FloatTensor) should be the same

The above exception was the direct cause of the following exception:

Traceback (most recent call last):
  File "/gpfs/accounts/si670f25_class_root/si670f25_class/santoshd/fvc/lib/training/pipeline.py", line 1732, in stage5_train_models
    raise ValueError(f"Model initialization failed: {e}") from e
ValueError: Model initialization failed: Input type (torch.cuda.ByteTensor) and weight type (torch.cuda.FloatTensor) should be the same
2025-12-14 13:50:25 [INFO] [lib.mlops.mlflow_tracker:142] MLflow run ended: 83c49869595c46239aaeed7b889c072d
2025-12-14 13:50:26 [INFO] [lib.training.pipeline:1372] 
Hyperparameter Search - x3d - Fold 3/5 (10.0% sample)
2025-12-14 13:50:26 [INFO] [lib.training.pipeline:1468] Training configuration - Batch size: 1, Gradient accumulation steps: 32, Effective batch size: 32
2025-12-14 13:50:26 [INFO] [lib.training.pipeline:1513] Applied PyTorch memory optimizations: expandable_segments, cudnn.benchmark=False
2025-12-14 13:50:26 [INFO] [lib.training.x3d:47] Loading X3D model from PyTorchVideo: x3d_m (pretrained=True)
2025-12-14 13:50:26 [INFO] [lib.training.x3d:140] ✓ Successfully loaded X3D model from PyTorchVideo: x3d_m
2025-12-14 13:50:26 [INFO] [lib.training.x3d:141] ✓ Verified X3D model structure: Net
2025-12-14 13:50:26 [INFO] [lib.mlops.mlflow_tracker:89] MLflow run started: 262f5aabbe114ce186ee2cbfbb8c351e (experiment: x3d)
2025-12-14 13:50:26 [INFO] [lib.training.pipeline:1606] Training PyTorch model x3d on fold 3...
2025-12-14 13:50:27 [ERROR] [lib.training.pipeline:1731] Model forward pass test failed: Input type (torch.cuda.ByteTensor) and weight type (torch.cuda.FloatTensor) should be the same
Traceback (most recent call last):
  File "/gpfs/accounts/si670f25_class_root/si670f25_class/santoshd/fvc/lib/training/pipeline.py", line 1679, in stage5_train_models
    sample_output = model(sample_clips)
                    ^^^^^^^^^^^^^^^^^^^
  File "/gpfs/accounts/si670f25_class_root/si670f25_class/santoshd/fvc/venv/lib/python3.11/site-packages/torch/nn/modules/module.py", line 1775, in _wrapped_call_impl
    return self._call_impl(*args, **kwargs)
           ^^^^^^^^^^^^^^^^^^^^^^^^^^^^^^^^
  File "/gpfs/accounts/si670f25_class_root/si670f25_class/santoshd/fvc/venv/lib/python3.11/site-packages/torch/nn/modules/module.py", line 1786, in _call_impl
    return forward_call(*args, **kwargs)
           ^^^^^^^^^^^^^^^^^^^^^^^^^^^^^
  File "/gpfs/accounts/si670f25_class_root/si670f25_class/santoshd/fvc/lib/training/x3d.py", line 298, in forward
    return self.backbone(x)
           ^^^^^^^^^^^^^^^^
  File "/gpfs/accounts/si670f25_class_root/si670f25_class/santoshd/fvc/venv/lib/python3.11/site-packages/torch/nn/modules/module.py", line 1775, in _wrapped_call_impl
    return self._call_impl(*args, **kwargs)
           ^^^^^^^^^^^^^^^^^^^^^^^^^^^^^^^^
  File "/gpfs/accounts/si670f25_class_root/si670f25_class/santoshd/fvc/venv/lib/python3.11/site-packages/torch/nn/modules/module.py", line 1786, in _call_impl
    return forward_call(*args, **kwargs)
           ^^^^^^^^^^^^^^^^^^^^^^^^^^^^^
  File "/home/urvim/.cache/torch/hub/facebookresearch_pytorchvideo_main/pytorchvideo/models/net.py", line 43, in forward
    x = block(x)
        ^^^^^^^^
  File "/gpfs/accounts/si670f25_class_root/si670f25_class/santoshd/fvc/venv/lib/python3.11/site-packages/torch/nn/modules/module.py", line 1775, in _wrapped_call_impl
    return self._call_impl(*args, **kwargs)
           ^^^^^^^^^^^^^^^^^^^^^^^^^^^^^^^^
  File "/gpfs/accounts/si670f25_class_root/si670f25_class/santoshd/fvc/venv/lib/python3.11/site-packages/torch/nn/modules/module.py", line 1786, in _call_impl
    return forward_call(*args, **kwargs)
           ^^^^^^^^^^^^^^^^^^^^^^^^^^^^^
  File "/home/urvim/.cache/torch/hub/facebookresearch_pytorchvideo_main/pytorchvideo/models/stem.py", line 253, in forward
    x = self.conv(x)
        ^^^^^^^^^^^^
  File "/gpfs/accounts/si670f25_class_root/si670f25_class/santoshd/fvc/venv/lib/python3.11/site-packages/torch/nn/modules/module.py", line 1775, in _wrapped_call_impl
    return self._call_impl(*args, **kwargs)
           ^^^^^^^^^^^^^^^^^^^^^^^^^^^^^^^^
  File "/gpfs/accounts/si670f25_class_root/si670f25_class/santoshd/fvc/venv/lib/python3.11/site-packages/torch/nn/modules/module.py", line 1786, in _call_impl
    return forward_call(*args, **kwargs)
           ^^^^^^^^^^^^^^^^^^^^^^^^^^^^^
  File "/home/urvim/.cache/torch/hub/facebookresearch_pytorchvideo_main/pytorchvideo/layers/convolutions.py", line 233, in forward
    x = self.conv_xy(x) if self.conv_xy_first else self.conv_t(x)
                                                   ^^^^^^^^^^^^^^
  File "/gpfs/accounts/si670f25_class_root/si670f25_class/santoshd/fvc/venv/lib/python3.11/site-packages/torch/nn/modules/module.py", line 1775, in _wrapped_call_impl
    return self._call_impl(*args, **kwargs)
           ^^^^^^^^^^^^^^^^^^^^^^^^^^^^^^^^
  File "/gpfs/accounts/si670f25_class_root/si670f25_class/santoshd/fvc/venv/lib/python3.11/site-packages/torch/nn/modules/module.py", line 1786, in _call_impl
    return forward_call(*args, **kwargs)
           ^^^^^^^^^^^^^^^^^^^^^^^^^^^^^
  File "/gpfs/accounts/si670f25_class_root/si670f25_class/santoshd/fvc/venv/lib/python3.11/site-packages/torch/nn/modules/conv.py", line 717, in forward
    return self._conv_forward(input, self.weight, self.bias)
           ^^^^^^^^^^^^^^^^^^^^^^^^^^^^^^^^^^^^^^^^^^^^^^^^^
  File "/gpfs/accounts/si670f25_class_root/si670f25_class/santoshd/fvc/venv/lib/python3.11/site-packages/torch/nn/modules/conv.py", line 712, in _conv_forward
    return F.conv3d(
           ^^^^^^^^^
RuntimeError: Input type (torch.cuda.ByteTensor) and weight type (torch.cuda.FloatTensor) should be the same
2025-12-14 13:50:27 [ERROR] [lib.training.pipeline:1982] Error training fold 3: Model initialization failed: Input type (torch.cuda.ByteTensor) and weight type (torch.cuda.FloatTensor) should be the same
Traceback (most recent call last):
  File "/gpfs/accounts/si670f25_class_root/si670f25_class/santoshd/fvc/lib/training/pipeline.py", line 1679, in stage5_train_models
    sample_output = model(sample_clips)
                    ^^^^^^^^^^^^^^^^^^^
  File "/gpfs/accounts/si670f25_class_root/si670f25_class/santoshd/fvc/venv/lib/python3.11/site-packages/torch/nn/modules/module.py", line 1775, in _wrapped_call_impl
    return self._call_impl(*args, **kwargs)
           ^^^^^^^^^^^^^^^^^^^^^^^^^^^^^^^^
  File "/gpfs/accounts/si670f25_class_root/si670f25_class/santoshd/fvc/venv/lib/python3.11/site-packages/torch/nn/modules/module.py", line 1786, in _call_impl
    return forward_call(*args, **kwargs)
           ^^^^^^^^^^^^^^^^^^^^^^^^^^^^^
  File "/gpfs/accounts/si670f25_class_root/si670f25_class/santoshd/fvc/lib/training/x3d.py", line 298, in forward
    return self.backbone(x)
           ^^^^^^^^^^^^^^^^
  File "/gpfs/accounts/si670f25_class_root/si670f25_class/santoshd/fvc/venv/lib/python3.11/site-packages/torch/nn/modules/module.py", line 1775, in _wrapped_call_impl
    return self._call_impl(*args, **kwargs)
           ^^^^^^^^^^^^^^^^^^^^^^^^^^^^^^^^
  File "/gpfs/accounts/si670f25_class_root/si670f25_class/santoshd/fvc/venv/lib/python3.11/site-packages/torch/nn/modules/module.py", line 1786, in _call_impl
    return forward_call(*args, **kwargs)
           ^^^^^^^^^^^^^^^^^^^^^^^^^^^^^
  File "/home/urvim/.cache/torch/hub/facebookresearch_pytorchvideo_main/pytorchvideo/models/net.py", line 43, in forward
    x = block(x)
        ^^^^^^^^
  File "/gpfs/accounts/si670f25_class_root/si670f25_class/santoshd/fvc/venv/lib/python3.11/site-packages/torch/nn/modules/module.py", line 1775, in _wrapped_call_impl
    return self._call_impl(*args, **kwargs)
           ^^^^^^^^^^^^^^^^^^^^^^^^^^^^^^^^
  File "/gpfs/accounts/si670f25_class_root/si670f25_class/santoshd/fvc/venv/lib/python3.11/site-packages/torch/nn/modules/module.py", line 1786, in _call_impl
    return forward_call(*args, **kwargs)
           ^^^^^^^^^^^^^^^^^^^^^^^^^^^^^
  File "/home/urvim/.cache/torch/hub/facebookresearch_pytorchvideo_main/pytorchvideo/models/stem.py", line 253, in forward
    x = self.conv(x)
        ^^^^^^^^^^^^
  File "/gpfs/accounts/si670f25_class_root/si670f25_class/santoshd/fvc/venv/lib/python3.11/site-packages/torch/nn/modules/module.py", line 1775, in _wrapped_call_impl
    return self._call_impl(*args, **kwargs)
           ^^^^^^^^^^^^^^^^^^^^^^^^^^^^^^^^
  File "/gpfs/accounts/si670f25_class_root/si670f25_class/santoshd/fvc/venv/lib/python3.11/site-packages/torch/nn/modules/module.py", line 1786, in _call_impl
    return forward_call(*args, **kwargs)
           ^^^^^^^^^^^^^^^^^^^^^^^^^^^^^
  File "/home/urvim/.cache/torch/hub/facebookresearch_pytorchvideo_main/pytorchvideo/layers/convolutions.py", line 233, in forward
    x = self.conv_xy(x) if self.conv_xy_first else self.conv_t(x)
                                                   ^^^^^^^^^^^^^^
  File "/gpfs/accounts/si670f25_class_root/si670f25_class/santoshd/fvc/venv/lib/python3.11/site-packages/torch/nn/modules/module.py", line 1775, in _wrapped_call_impl
    return self._call_impl(*args, **kwargs)
           ^^^^^^^^^^^^^^^^^^^^^^^^^^^^^^^^
  File "/gpfs/accounts/si670f25_class_root/si670f25_class/santoshd/fvc/venv/lib/python3.11/site-packages/torch/nn/modules/module.py", line 1786, in _call_impl
    return forward_call(*args, **kwargs)
           ^^^^^^^^^^^^^^^^^^^^^^^^^^^^^
  File "/gpfs/accounts/si670f25_class_root/si670f25_class/santoshd/fvc/venv/lib/python3.11/site-packages/torch/nn/modules/conv.py", line 717, in forward
    return self._conv_forward(input, self.weight, self.bias)
           ^^^^^^^^^^^^^^^^^^^^^^^^^^^^^^^^^^^^^^^^^^^^^^^^^
  File "/gpfs/accounts/si670f25_class_root/si670f25_class/santoshd/fvc/venv/lib/python3.11/site-packages/torch/nn/modules/conv.py", line 712, in _conv_forward
    return F.conv3d(
           ^^^^^^^^^
RuntimeError: Input type (torch.cuda.ByteTensor) and weight type (torch.cuda.FloatTensor) should be the same

The above exception was the direct cause of the following exception:

Traceback (most recent call last):
  File "/gpfs/accounts/si670f25_class_root/si670f25_class/santoshd/fvc/lib/training/pipeline.py", line 1732, in stage5_train_models
    raise ValueError(f"Model initialization failed: {e}") from e
ValueError: Model initialization failed: Input type (torch.cuda.ByteTensor) and weight type (torch.cuda.FloatTensor) should be the same
2025-12-14 13:50:27 [INFO] [lib.mlops.mlflow_tracker:142] MLflow run ended: 262f5aabbe114ce186ee2cbfbb8c351e
2025-12-14 13:50:27 [INFO] [lib.training.pipeline:1372] 
Hyperparameter Search - x3d - Fold 4/5 (10.0% sample)
2025-12-14 13:50:27 [INFO] [lib.training.pipeline:1468] Training configuration - Batch size: 1, Gradient accumulation steps: 32, Effective batch size: 32
2025-12-14 13:50:27 [INFO] [lib.training.pipeline:1513] Applied PyTorch memory optimizations: expandable_segments, cudnn.benchmark=False
2025-12-14 13:50:27 [INFO] [lib.training.x3d:47] Loading X3D model from PyTorchVideo: x3d_m (pretrained=True)
2025-12-14 13:50:28 [INFO] [lib.training.x3d:140] ✓ Successfully loaded X3D model from PyTorchVideo: x3d_m
2025-12-14 13:50:28 [INFO] [lib.training.x3d:141] ✓ Verified X3D model structure: Net
2025-12-14 13:50:28 [INFO] [lib.mlops.mlflow_tracker:89] MLflow run started: 29a7138f515a412a98658a46a1eddf98 (experiment: x3d)
2025-12-14 13:50:28 [INFO] [lib.training.pipeline:1606] Training PyTorch model x3d on fold 4...
2025-12-14 13:50:28 [ERROR] [lib.training.pipeline:1731] Model forward pass test failed: Input type (torch.cuda.ByteTensor) and weight type (torch.cuda.FloatTensor) should be the same
Traceback (most recent call last):
  File "/gpfs/accounts/si670f25_class_root/si670f25_class/santoshd/fvc/lib/training/pipeline.py", line 1679, in stage5_train_models
    sample_output = model(sample_clips)
                    ^^^^^^^^^^^^^^^^^^^
  File "/gpfs/accounts/si670f25_class_root/si670f25_class/santoshd/fvc/venv/lib/python3.11/site-packages/torch/nn/modules/module.py", line 1775, in _wrapped_call_impl
    return self._call_impl(*args, **kwargs)
           ^^^^^^^^^^^^^^^^^^^^^^^^^^^^^^^^
  File "/gpfs/accounts/si670f25_class_root/si670f25_class/santoshd/fvc/venv/lib/python3.11/site-packages/torch/nn/modules/module.py", line 1786, in _call_impl
    return forward_call(*args, **kwargs)
           ^^^^^^^^^^^^^^^^^^^^^^^^^^^^^
  File "/gpfs/accounts/si670f25_class_root/si670f25_class/santoshd/fvc/lib/training/x3d.py", line 298, in forward
    return self.backbone(x)
           ^^^^^^^^^^^^^^^^
  File "/gpfs/accounts/si670f25_class_root/si670f25_class/santoshd/fvc/venv/lib/python3.11/site-packages/torch/nn/modules/module.py", line 1775, in _wrapped_call_impl
    return self._call_impl(*args, **kwargs)
           ^^^^^^^^^^^^^^^^^^^^^^^^^^^^^^^^
  File "/gpfs/accounts/si670f25_class_root/si670f25_class/santoshd/fvc/venv/lib/python3.11/site-packages/torch/nn/modules/module.py", line 1786, in _call_impl
    return forward_call(*args, **kwargs)
           ^^^^^^^^^^^^^^^^^^^^^^^^^^^^^
  File "/home/urvim/.cache/torch/hub/facebookresearch_pytorchvideo_main/pytorchvideo/models/net.py", line 43, in forward
    x = block(x)
        ^^^^^^^^
  File "/gpfs/accounts/si670f25_class_root/si670f25_class/santoshd/fvc/venv/lib/python3.11/site-packages/torch/nn/modules/module.py", line 1775, in _wrapped_call_impl
    return self._call_impl(*args, **kwargs)
           ^^^^^^^^^^^^^^^^^^^^^^^^^^^^^^^^
  File "/gpfs/accounts/si670f25_class_root/si670f25_class/santoshd/fvc/venv/lib/python3.11/site-packages/torch/nn/modules/module.py", line 1786, in _call_impl
    return forward_call(*args, **kwargs)
           ^^^^^^^^^^^^^^^^^^^^^^^^^^^^^
  File "/home/urvim/.cache/torch/hub/facebookresearch_pytorchvideo_main/pytorchvideo/models/stem.py", line 253, in forward
    x = self.conv(x)
        ^^^^^^^^^^^^
  File "/gpfs/accounts/si670f25_class_root/si670f25_class/santoshd/fvc/venv/lib/python3.11/site-packages/torch/nn/modules/module.py", line 1775, in _wrapped_call_impl
    return self._call_impl(*args, **kwargs)
           ^^^^^^^^^^^^^^^^^^^^^^^^^^^^^^^^
  File "/gpfs/accounts/si670f25_class_root/si670f25_class/santoshd/fvc/venv/lib/python3.11/site-packages/torch/nn/modules/module.py", line 1786, in _call_impl
    return forward_call(*args, **kwargs)
           ^^^^^^^^^^^^^^^^^^^^^^^^^^^^^
  File "/home/urvim/.cache/torch/hub/facebookresearch_pytorchvideo_main/pytorchvideo/layers/convolutions.py", line 233, in forward
    x = self.conv_xy(x) if self.conv_xy_first else self.conv_t(x)
                                                   ^^^^^^^^^^^^^^
  File "/gpfs/accounts/si670f25_class_root/si670f25_class/santoshd/fvc/venv/lib/python3.11/site-packages/torch/nn/modules/module.py", line 1775, in _wrapped_call_impl
    return self._call_impl(*args, **kwargs)
           ^^^^^^^^^^^^^^^^^^^^^^^^^^^^^^^^
  File "/gpfs/accounts/si670f25_class_root/si670f25_class/santoshd/fvc/venv/lib/python3.11/site-packages/torch/nn/modules/module.py", line 1786, in _call_impl
    return forward_call(*args, **kwargs)
           ^^^^^^^^^^^^^^^^^^^^^^^^^^^^^
  File "/gpfs/accounts/si670f25_class_root/si670f25_class/santoshd/fvc/venv/lib/python3.11/site-packages/torch/nn/modules/conv.py", line 717, in forward
    return self._conv_forward(input, self.weight, self.bias)
           ^^^^^^^^^^^^^^^^^^^^^^^^^^^^^^^^^^^^^^^^^^^^^^^^^
  File "/gpfs/accounts/si670f25_class_root/si670f25_class/santoshd/fvc/venv/lib/python3.11/site-packages/torch/nn/modules/conv.py", line 712, in _conv_forward
    return F.conv3d(
           ^^^^^^^^^
RuntimeError: Input type (torch.cuda.ByteTensor) and weight type (torch.cuda.FloatTensor) should be the same
2025-12-14 13:50:28 [ERROR] [lib.training.pipeline:1982] Error training fold 4: Model initialization failed: Input type (torch.cuda.ByteTensor) and weight type (torch.cuda.FloatTensor) should be the same
Traceback (most recent call last):
  File "/gpfs/accounts/si670f25_class_root/si670f25_class/santoshd/fvc/lib/training/pipeline.py", line 1679, in stage5_train_models
    sample_output = model(sample_clips)
                    ^^^^^^^^^^^^^^^^^^^
  File "/gpfs/accounts/si670f25_class_root/si670f25_class/santoshd/fvc/venv/lib/python3.11/site-packages/torch/nn/modules/module.py", line 1775, in _wrapped_call_impl
    return self._call_impl(*args, **kwargs)
           ^^^^^^^^^^^^^^^^^^^^^^^^^^^^^^^^
  File "/gpfs/accounts/si670f25_class_root/si670f25_class/santoshd/fvc/venv/lib/python3.11/site-packages/torch/nn/modules/module.py", line 1786, in _call_impl
    return forward_call(*args, **kwargs)
           ^^^^^^^^^^^^^^^^^^^^^^^^^^^^^
  File "/gpfs/accounts/si670f25_class_root/si670f25_class/santoshd/fvc/lib/training/x3d.py", line 298, in forward
    return self.backbone(x)
           ^^^^^^^^^^^^^^^^
  File "/gpfs/accounts/si670f25_class_root/si670f25_class/santoshd/fvc/venv/lib/python3.11/site-packages/torch/nn/modules/module.py", line 1775, in _wrapped_call_impl
    return self._call_impl(*args, **kwargs)
           ^^^^^^^^^^^^^^^^^^^^^^^^^^^^^^^^
  File "/gpfs/accounts/si670f25_class_root/si670f25_class/santoshd/fvc/venv/lib/python3.11/site-packages/torch/nn/modules/module.py", line 1786, in _call_impl
    return forward_call(*args, **kwargs)
           ^^^^^^^^^^^^^^^^^^^^^^^^^^^^^
  File "/home/urvim/.cache/torch/hub/facebookresearch_pytorchvideo_main/pytorchvideo/models/net.py", line 43, in forward
    x = block(x)
        ^^^^^^^^
  File "/gpfs/accounts/si670f25_class_root/si670f25_class/santoshd/fvc/venv/lib/python3.11/site-packages/torch/nn/modules/module.py", line 1775, in _wrapped_call_impl
    return self._call_impl(*args, **kwargs)
           ^^^^^^^^^^^^^^^^^^^^^^^^^^^^^^^^
  File "/gpfs/accounts/si670f25_class_root/si670f25_class/santoshd/fvc/venv/lib/python3.11/site-packages/torch/nn/modules/module.py", line 1786, in _call_impl
    return forward_call(*args, **kwargs)
           ^^^^^^^^^^^^^^^^^^^^^^^^^^^^^
  File "/home/urvim/.cache/torch/hub/facebookresearch_pytorchvideo_main/pytorchvideo/models/stem.py", line 253, in forward
    x = self.conv(x)
        ^^^^^^^^^^^^
  File "/gpfs/accounts/si670f25_class_root/si670f25_class/santoshd/fvc/venv/lib/python3.11/site-packages/torch/nn/modules/module.py", line 1775, in _wrapped_call_impl
    return self._call_impl(*args, **kwargs)
           ^^^^^^^^^^^^^^^^^^^^^^^^^^^^^^^^
  File "/gpfs/accounts/si670f25_class_root/si670f25_class/santoshd/fvc/venv/lib/python3.11/site-packages/torch/nn/modules/module.py", line 1786, in _call_impl
    return forward_call(*args, **kwargs)
           ^^^^^^^^^^^^^^^^^^^^^^^^^^^^^
  File "/home/urvim/.cache/torch/hub/facebookresearch_pytorchvideo_main/pytorchvideo/layers/convolutions.py", line 233, in forward
    x = self.conv_xy(x) if self.conv_xy_first else self.conv_t(x)
                                                   ^^^^^^^^^^^^^^
  File "/gpfs/accounts/si670f25_class_root/si670f25_class/santoshd/fvc/venv/lib/python3.11/site-packages/torch/nn/modules/module.py", line 1775, in _wrapped_call_impl
    return self._call_impl(*args, **kwargs)
           ^^^^^^^^^^^^^^^^^^^^^^^^^^^^^^^^
  File "/gpfs/accounts/si670f25_class_root/si670f25_class/santoshd/fvc/venv/lib/python3.11/site-packages/torch/nn/modules/module.py", line 1786, in _call_impl
    return forward_call(*args, **kwargs)
           ^^^^^^^^^^^^^^^^^^^^^^^^^^^^^
  File "/gpfs/accounts/si670f25_class_root/si670f25_class/santoshd/fvc/venv/lib/python3.11/site-packages/torch/nn/modules/conv.py", line 717, in forward
    return self._conv_forward(input, self.weight, self.bias)
           ^^^^^^^^^^^^^^^^^^^^^^^^^^^^^^^^^^^^^^^^^^^^^^^^^
  File "/gpfs/accounts/si670f25_class_root/si670f25_class/santoshd/fvc/venv/lib/python3.11/site-packages/torch/nn/modules/conv.py", line 712, in _conv_forward
    return F.conv3d(
           ^^^^^^^^^
RuntimeError: Input type (torch.cuda.ByteTensor) and weight type (torch.cuda.FloatTensor) should be the same

The above exception was the direct cause of the following exception:

Traceback (most recent call last):
  File "/gpfs/accounts/si670f25_class_root/si670f25_class/santoshd/fvc/lib/training/pipeline.py", line 1732, in stage5_train_models
    raise ValueError(f"Model initialization failed: {e}") from e
ValueError: Model initialization failed: Input type (torch.cuda.ByteTensor) and weight type (torch.cuda.FloatTensor) should be the same
2025-12-14 13:50:28 [INFO] [lib.mlops.mlflow_tracker:142] MLflow run ended: 29a7138f515a412a98658a46a1eddf98
2025-12-14 13:50:29 [INFO] [lib.training.pipeline:1372] 
Hyperparameter Search - x3d - Fold 5/5 (10.0% sample)
2025-12-14 13:50:29 [INFO] [lib.training.pipeline:1468] Training configuration - Batch size: 1, Gradient accumulation steps: 32, Effective batch size: 32
2025-12-14 13:50:29 [INFO] [lib.training.pipeline:1513] Applied PyTorch memory optimizations: expandable_segments, cudnn.benchmark=False
2025-12-14 13:50:29 [INFO] [lib.training.x3d:47] Loading X3D model from PyTorchVideo: x3d_m (pretrained=True)
2025-12-14 13:50:29 [INFO] [lib.training.x3d:140] ✓ Successfully loaded X3D model from PyTorchVideo: x3d_m
2025-12-14 13:50:29 [INFO] [lib.training.x3d:141] ✓ Verified X3D model structure: Net
2025-12-14 13:50:29 [INFO] [lib.mlops.mlflow_tracker:89] MLflow run started: 4965d2f626194fdba5856e7656723f04 (experiment: x3d)
2025-12-14 13:50:29 [INFO] [lib.training.pipeline:1606] Training PyTorch model x3d on fold 5...
2025-12-14 13:50:30 [ERROR] [lib.training.pipeline:1731] Model forward pass test failed: Input type (torch.cuda.ByteTensor) and weight type (torch.cuda.FloatTensor) should be the same
Traceback (most recent call last):
  File "/gpfs/accounts/si670f25_class_root/si670f25_class/santoshd/fvc/lib/training/pipeline.py", line 1679, in stage5_train_models
    sample_output = model(sample_clips)
                    ^^^^^^^^^^^^^^^^^^^
  File "/gpfs/accounts/si670f25_class_root/si670f25_class/santoshd/fvc/venv/lib/python3.11/site-packages/torch/nn/modules/module.py", line 1775, in _wrapped_call_impl
    return self._call_impl(*args, **kwargs)
           ^^^^^^^^^^^^^^^^^^^^^^^^^^^^^^^^
  File "/gpfs/accounts/si670f25_class_root/si670f25_class/santoshd/fvc/venv/lib/python3.11/site-packages/torch/nn/modules/module.py", line 1786, in _call_impl
    return forward_call(*args, **kwargs)
           ^^^^^^^^^^^^^^^^^^^^^^^^^^^^^
  File "/gpfs/accounts/si670f25_class_root/si670f25_class/santoshd/fvc/lib/training/x3d.py", line 298, in forward
    return self.backbone(x)
           ^^^^^^^^^^^^^^^^
  File "/gpfs/accounts/si670f25_class_root/si670f25_class/santoshd/fvc/venv/lib/python3.11/site-packages/torch/nn/modules/module.py", line 1775, in _wrapped_call_impl
    return self._call_impl(*args, **kwargs)
           ^^^^^^^^^^^^^^^^^^^^^^^^^^^^^^^^
  File "/gpfs/accounts/si670f25_class_root/si670f25_class/santoshd/fvc/venv/lib/python3.11/site-packages/torch/nn/modules/module.py", line 1786, in _call_impl
    return forward_call(*args, **kwargs)
           ^^^^^^^^^^^^^^^^^^^^^^^^^^^^^
  File "/home/urvim/.cache/torch/hub/facebookresearch_pytorchvideo_main/pytorchvideo/models/net.py", line 43, in forward
    x = block(x)
        ^^^^^^^^
  File "/gpfs/accounts/si670f25_class_root/si670f25_class/santoshd/fvc/venv/lib/python3.11/site-packages/torch/nn/modules/module.py", line 1775, in _wrapped_call_impl
    return self._call_impl(*args, **kwargs)
           ^^^^^^^^^^^^^^^^^^^^^^^^^^^^^^^^
  File "/gpfs/accounts/si670f25_class_root/si670f25_class/santoshd/fvc/venv/lib/python3.11/site-packages/torch/nn/modules/module.py", line 1786, in _call_impl
    return forward_call(*args, **kwargs)
           ^^^^^^^^^^^^^^^^^^^^^^^^^^^^^
  File "/home/urvim/.cache/torch/hub/facebookresearch_pytorchvideo_main/pytorchvideo/models/stem.py", line 253, in forward
    x = self.conv(x)
        ^^^^^^^^^^^^
  File "/gpfs/accounts/si670f25_class_root/si670f25_class/santoshd/fvc/venv/lib/python3.11/site-packages/torch/nn/modules/module.py", line 1775, in _wrapped_call_impl
    return self._call_impl(*args, **kwargs)
           ^^^^^^^^^^^^^^^^^^^^^^^^^^^^^^^^
  File "/gpfs/accounts/si670f25_class_root/si670f25_class/santoshd/fvc/venv/lib/python3.11/site-packages/torch/nn/modules/module.py", line 1786, in _call_impl
    return forward_call(*args, **kwargs)
           ^^^^^^^^^^^^^^^^^^^^^^^^^^^^^
  File "/home/urvim/.cache/torch/hub/facebookresearch_pytorchvideo_main/pytorchvideo/layers/convolutions.py", line 233, in forward
    x = self.conv_xy(x) if self.conv_xy_first else self.conv_t(x)
                                                   ^^^^^^^^^^^^^^
  File "/gpfs/accounts/si670f25_class_root/si670f25_class/santoshd/fvc/venv/lib/python3.11/site-packages/torch/nn/modules/module.py", line 1775, in _wrapped_call_impl
    return self._call_impl(*args, **kwargs)
           ^^^^^^^^^^^^^^^^^^^^^^^^^^^^^^^^
  File "/gpfs/accounts/si670f25_class_root/si670f25_class/santoshd/fvc/venv/lib/python3.11/site-packages/torch/nn/modules/module.py", line 1786, in _call_impl
    return forward_call(*args, **kwargs)
           ^^^^^^^^^^^^^^^^^^^^^^^^^^^^^
  File "/gpfs/accounts/si670f25_class_root/si670f25_class/santoshd/fvc/venv/lib/python3.11/site-packages/torch/nn/modules/conv.py", line 717, in forward
    return self._conv_forward(input, self.weight, self.bias)
           ^^^^^^^^^^^^^^^^^^^^^^^^^^^^^^^^^^^^^^^^^^^^^^^^^
  File "/gpfs/accounts/si670f25_class_root/si670f25_class/santoshd/fvc/venv/lib/python3.11/site-packages/torch/nn/modules/conv.py", line 712, in _conv_forward
    return F.conv3d(
           ^^^^^^^^^
RuntimeError: Input type (torch.cuda.ByteTensor) and weight type (torch.cuda.FloatTensor) should be the same
2025-12-14 13:50:30 [ERROR] [lib.training.pipeline:1982] Error training fold 5: Model initialization failed: Input type (torch.cuda.ByteTensor) and weight type (torch.cuda.FloatTensor) should be the same
Traceback (most recent call last):
  File "/gpfs/accounts/si670f25_class_root/si670f25_class/santoshd/fvc/lib/training/pipeline.py", line 1679, in stage5_train_models
    sample_output = model(sample_clips)
                    ^^^^^^^^^^^^^^^^^^^
  File "/gpfs/accounts/si670f25_class_root/si670f25_class/santoshd/fvc/venv/lib/python3.11/site-packages/torch/nn/modules/module.py", line 1775, in _wrapped_call_impl
    return self._call_impl(*args, **kwargs)
           ^^^^^^^^^^^^^^^^^^^^^^^^^^^^^^^^
  File "/gpfs/accounts/si670f25_class_root/si670f25_class/santoshd/fvc/venv/lib/python3.11/site-packages/torch/nn/modules/module.py", line 1786, in _call_impl
    return forward_call(*args, **kwargs)
           ^^^^^^^^^^^^^^^^^^^^^^^^^^^^^
  File "/gpfs/accounts/si670f25_class_root/si670f25_class/santoshd/fvc/lib/training/x3d.py", line 298, in forward
    return self.backbone(x)
           ^^^^^^^^^^^^^^^^
  File "/gpfs/accounts/si670f25_class_root/si670f25_class/santoshd/fvc/venv/lib/python3.11/site-packages/torch/nn/modules/module.py", line 1775, in _wrapped_call_impl
    return self._call_impl(*args, **kwargs)
           ^^^^^^^^^^^^^^^^^^^^^^^^^^^^^^^^
  File "/gpfs/accounts/si670f25_class_root/si670f25_class/santoshd/fvc/venv/lib/python3.11/site-packages/torch/nn/modules/module.py", line 1786, in _call_impl
    return forward_call(*args, **kwargs)
           ^^^^^^^^^^^^^^^^^^^^^^^^^^^^^
  File "/home/urvim/.cache/torch/hub/facebookresearch_pytorchvideo_main/pytorchvideo/models/net.py", line 43, in forward
    x = block(x)
        ^^^^^^^^
  File "/gpfs/accounts/si670f25_class_root/si670f25_class/santoshd/fvc/venv/lib/python3.11/site-packages/torch/nn/modules/module.py", line 1775, in _wrapped_call_impl
    return self._call_impl(*args, **kwargs)
           ^^^^^^^^^^^^^^^^^^^^^^^^^^^^^^^^
  File "/gpfs/accounts/si670f25_class_root/si670f25_class/santoshd/fvc/venv/lib/python3.11/site-packages/torch/nn/modules/module.py", line 1786, in _call_impl
    return forward_call(*args, **kwargs)
           ^^^^^^^^^^^^^^^^^^^^^^^^^^^^^
  File "/home/urvim/.cache/torch/hub/facebookresearch_pytorchvideo_main/pytorchvideo/models/stem.py", line 253, in forward
    x = self.conv(x)
        ^^^^^^^^^^^^
  File "/gpfs/accounts/si670f25_class_root/si670f25_class/santoshd/fvc/venv/lib/python3.11/site-packages/torch/nn/modules/module.py", line 1775, in _wrapped_call_impl
    return self._call_impl(*args, **kwargs)
           ^^^^^^^^^^^^^^^^^^^^^^^^^^^^^^^^
  File "/gpfs/accounts/si670f25_class_root/si670f25_class/santoshd/fvc/venv/lib/python3.11/site-packages/torch/nn/modules/module.py", line 1786, in _call_impl
    return forward_call(*args, **kwargs)
           ^^^^^^^^^^^^^^^^^^^^^^^^^^^^^
  File "/home/urvim/.cache/torch/hub/facebookresearch_pytorchvideo_main/pytorchvideo/layers/convolutions.py", line 233, in forward
    x = self.conv_xy(x) if self.conv_xy_first else self.conv_t(x)
                                                   ^^^^^^^^^^^^^^
  File "/gpfs/accounts/si670f25_class_root/si670f25_class/santoshd/fvc/venv/lib/python3.11/site-packages/torch/nn/modules/module.py", line 1775, in _wrapped_call_impl
    return self._call_impl(*args, **kwargs)
           ^^^^^^^^^^^^^^^^^^^^^^^^^^^^^^^^
  File "/gpfs/accounts/si670f25_class_root/si670f25_class/santoshd/fvc/venv/lib/python3.11/site-packages/torch/nn/modules/module.py", line 1786, in _call_impl
    return forward_call(*args, **kwargs)
           ^^^^^^^^^^^^^^^^^^^^^^^^^^^^^
  File "/gpfs/accounts/si670f25_class_root/si670f25_class/santoshd/fvc/venv/lib/python3.11/site-packages/torch/nn/modules/conv.py", line 717, in forward
    return self._conv_forward(input, self.weight, self.bias)
           ^^^^^^^^^^^^^^^^^^^^^^^^^^^^^^^^^^^^^^^^^^^^^^^^^
  File "/gpfs/accounts/si670f25_class_root/si670f25_class/santoshd/fvc/venv/lib/python3.11/site-packages/torch/nn/modules/conv.py", line 712, in _conv_forward
    return F.conv3d(
           ^^^^^^^^^
RuntimeError: Input type (torch.cuda.ByteTensor) and weight type (torch.cuda.FloatTensor) should be the same

The above exception was the direct cause of the following exception:

Traceback (most recent call last):
  File "/gpfs/accounts/si670f25_class_root/si670f25_class/santoshd/fvc/lib/training/pipeline.py", line 1732, in stage5_train_models
    raise ValueError(f"Model initialization failed: {e}") from e
ValueError: Model initialization failed: Input type (torch.cuda.ByteTensor) and weight type (torch.cuda.FloatTensor) should be the same
2025-12-14 13:50:30 [INFO] [lib.mlops.mlflow_tracker:142] MLflow run ended: 4965d2f626194fdba5856e7656723f04
2025-12-14 13:50:30 [INFO] [lib.training.pipeline:2038] Using single parameter combination: {'learning_rate': 0.0001, 'backbone_lr': 5e-06, 'head_lr': 0.0005, 'weight_decay': 0.0001, 'batch_size': 2}
2025-12-14 13:50:30 [INFO] [lib.training.pipeline:2041] ================================================================================
2025-12-14 13:50:30 [INFO] [lib.training.pipeline:2042] FINAL TRAINING: Using full dataset with best hyperparameters
2025-12-14 13:50:30 [INFO] [lib.training.pipeline:2043] ================================================================================
2025-12-14 13:50:30 [INFO] [lib.training.pipeline:2056] Final training: Using 5-fold stratified cross-validation on full dataset (3277 rows)
2025-12-14 13:50:30 [INFO] [lib.training.pipeline:2064] Final training using best hyperparameters: {'learning_rate': 0.0001, 'backbone_lr': 5e-06, 'head_lr': 0.0005, 'weight_decay': 0.0001, 'batch_size': 2}
2025-12-14 13:50:30 [INFO] [lib.training.pipeline:2070] 
Final Training - x3d - Fold 1/5 (full dataset)
2025-12-14 13:50:30 [WARNING] [lib.training.pipeline:2131] x3d model requires batch_size<=1 to prevent OOM. Overriding batch_size from 2 to 1. Adjusting gradient_accumulation_steps to maintain effective batch size of 64.
2025-12-14 13:50:31 [INFO] [lib.training.pipeline:2170] Applied PyTorch memory optimizations: expandable_segments, cudnn.benchmark=False
2025-12-14 13:50:31 [INFO] [lib.training.x3d:47] Loading X3D model from PyTorchVideo: x3d_m (pretrained=True)
2025-12-14 13:50:31 [INFO] [lib.training.x3d:140] ✓ Successfully loaded X3D model from PyTorchVideo: x3d_m
2025-12-14 13:50:31 [INFO] [lib.training.x3d:141] ✓ Verified X3D model structure: Net
2025-12-14 13:50:31 [INFO] [lib.mlops.mlflow_tracker:89] MLflow run started: f7a61be4148d4360b563b01de04fde2a (experiment: x3d)
2025-12-14 13:50:31 [INFO] [lib.training.pipeline:2235] Training PyTorch model x3d on fold 1 (full dataset)...
2025-12-14 13:50:31 [INFO] [lib.training.trainer:260] Warmup will be handled in training loop (2 epochs)
2025-12-14 13:50:48 [ERROR] [lib.utils.memory:130] OOM error forward pass batch 0: CUDA out of memory. Tried to allocate 106.00 MiB. GPU 0 has a total capacity of 15.77 GiB of which 4.19 MiB is free. Including non-PyTorch memory, this process has 15.76 GiB memory in use. Of the allocated memory 15.27 GiB is allocated by PyTorch, and 121.67 MiB is reserved by PyTorch but unallocated. If reserved but unallocated memory is large try setting PYTORCH_CUDA_ALLOC_CONF=expandable_segments:True to avoid fragmentation.  See documentation for Memory Management  (https://pytorch.org/docs/stable/notes/cuda.html#environment-variables)
2025-12-14 13:50:48 [INFO] [lib.utils.memory:91] Memory stats (after OOM forward pass batch 0): {'cpu_memory_mb': 2050.51953125, 'cpu_memory_gb': 2.002460479736328, 'cpu_vms_mb': 49290.44921875, 'gpu_allocated_gb': 16.395865088, 'gpu_reserved_gb': 16.523460608, 'gpu_total_gb': 16.928342016, 'gpu_free_gb': 0.404881408}
2025-12-14 13:50:48 [ERROR] [lib.training.pipeline:2335] Error training final fold 1: CUDA out of memory. Tried to allocate 106.00 MiB. GPU 0 has a total capacity of 15.77 GiB of which 4.19 MiB is free. Including non-PyTorch memory, this process has 15.76 GiB memory in use. Of the allocated memory 15.27 GiB is allocated by PyTorch, and 121.67 MiB is reserved by PyTorch but unallocated. If reserved but unallocated memory is large try setting PYTORCH_CUDA_ALLOC_CONF=expandable_segments:True to avoid fragmentation.  See documentation for Memory Management  (https://pytorch.org/docs/stable/notes/cuda.html#environment-variables)
Traceback (most recent call last):
  File "/gpfs/accounts/si670f25_class_root/si670f25_class/santoshd/fvc/lib/training/pipeline.py", line 2241, in stage5_train_models
    model = fit(model, train_loader, val_loader, optim_cfg, train_cfg, use_differential_lr=use_differential_lr)
            ^^^^^^^^^^^^^^^^^^^^^^^^^^^^^^^^^^^^^^^^^^^^^^^^^^^^^^^^^^^^^^^^^^^^^^^^^^^^^^^^^^^^^^^^^^^^^^^^^^^
  File "/gpfs/accounts/si670f25_class_root/si670f25_class/santoshd/fvc/lib/training/trainer.py", line 684, in fit
    train_loss = train_one_epoch(
                 ^^^^^^^^^^^^^^^^
  File "/gpfs/accounts/si670f25_class_root/si670f25_class/santoshd/fvc/lib/training/trainer.py", line 343, in train_one_epoch
    logits = model(clips)
             ^^^^^^^^^^^^
  File "/gpfs/accounts/si670f25_class_root/si670f25_class/santoshd/fvc/venv/lib/python3.11/site-packages/torch/nn/modules/module.py", line 1775, in _wrapped_call_impl
    return self._call_impl(*args, **kwargs)
           ^^^^^^^^^^^^^^^^^^^^^^^^^^^^^^^^
  File "/gpfs/accounts/si670f25_class_root/si670f25_class/santoshd/fvc/venv/lib/python3.11/site-packages/torch/nn/modules/module.py", line 1786, in _call_impl
    return forward_call(*args, **kwargs)
           ^^^^^^^^^^^^^^^^^^^^^^^^^^^^^
  File "/gpfs/accounts/si670f25_class_root/si670f25_class/santoshd/fvc/lib/training/x3d.py", line 298, in forward
    return self.backbone(x)
           ^^^^^^^^^^^^^^^^
  File "/gpfs/accounts/si670f25_class_root/si670f25_class/santoshd/fvc/venv/lib/python3.11/site-packages/torch/nn/modules/module.py", line 1775, in _wrapped_call_impl
    return self._call_impl(*args, **kwargs)
           ^^^^^^^^^^^^^^^^^^^^^^^^^^^^^^^^
  File "/gpfs/accounts/si670f25_class_root/si670f25_class/santoshd/fvc/venv/lib/python3.11/site-packages/torch/nn/modules/module.py", line 1786, in _call_impl
    return forward_call(*args, **kwargs)
           ^^^^^^^^^^^^^^^^^^^^^^^^^^^^^
  File "/home/urvim/.cache/torch/hub/facebookresearch_pytorchvideo_main/pytorchvideo/models/net.py", line 43, in forward
    x = block(x)
        ^^^^^^^^
  File "/gpfs/accounts/si670f25_class_root/si670f25_class/santoshd/fvc/venv/lib/python3.11/site-packages/torch/nn/modules/module.py", line 1775, in _wrapped_call_impl
    return self._call_impl(*args, **kwargs)
           ^^^^^^^^^^^^^^^^^^^^^^^^^^^^^^^^
  File "/gpfs/accounts/si670f25_class_root/si670f25_class/santoshd/fvc/venv/lib/python3.11/site-packages/torch/nn/modules/module.py", line 1786, in _call_impl
    return forward_call(*args, **kwargs)
           ^^^^^^^^^^^^^^^^^^^^^^^^^^^^^
  File "/home/urvim/.cache/torch/hub/facebookresearch_pytorchvideo_main/pytorchvideo/models/resnet.py", line 1399, in forward
    x = res_block(x)
        ^^^^^^^^^^^^
  File "/gpfs/accounts/si670f25_class_root/si670f25_class/santoshd/fvc/venv/lib/python3.11/site-packages/torch/nn/modules/module.py", line 1775, in _wrapped_call_impl
    return self._call_impl(*args, **kwargs)
           ^^^^^^^^^^^^^^^^^^^^^^^^^^^^^^^^
  File "/gpfs/accounts/si670f25_class_root/si670f25_class/santoshd/fvc/venv/lib/python3.11/site-packages/torch/nn/modules/module.py", line 1786, in _call_impl
    return forward_call(*args, **kwargs)
           ^^^^^^^^^^^^^^^^^^^^^^^^^^^^^
  File "/home/urvim/.cache/torch/hub/facebookresearch_pytorchvideo_main/pytorchvideo/models/resnet.py", line 1186, in forward
    x = self.branch_fusion(shortcut, self.branch2(x))
                                     ^^^^^^^^^^^^^^^
  File "/gpfs/accounts/si670f25_class_root/si670f25_class/santoshd/fvc/venv/lib/python3.11/site-packages/torch/nn/modules/module.py", line 1775, in _wrapped_call_impl
    return self._call_impl(*args, **kwargs)
           ^^^^^^^^^^^^^^^^^^^^^^^^^^^^^^^^
  File "/gpfs/accounts/si670f25_class_root/si670f25_class/santoshd/fvc/venv/lib/python3.11/site-packages/torch/nn/modules/module.py", line 1786, in _call_impl
    return forward_call(*args, **kwargs)
           ^^^^^^^^^^^^^^^^^^^^^^^^^^^^^
  File "/home/urvim/.cache/torch/hub/facebookresearch_pytorchvideo_main/pytorchvideo/models/resnet.py", line 1352, in forward
    x = self.act_a(x)
        ^^^^^^^^^^^^^
  File "/gpfs/accounts/si670f25_class_root/si670f25_class/santoshd/fvc/venv/lib/python3.11/site-packages/torch/nn/modules/module.py", line 1775, in _wrapped_call_impl
    return self._call_impl(*args, **kwargs)
           ^^^^^^^^^^^^^^^^^^^^^^^^^^^^^^^^
  File "/gpfs/accounts/si670f25_class_root/si670f25_class/santoshd/fvc/venv/lib/python3.11/site-packages/torch/nn/modules/module.py", line 1786, in _call_impl
    return forward_call(*args, **kwargs)
           ^^^^^^^^^^^^^^^^^^^^^^^^^^^^^
  File "/gpfs/accounts/si670f25_class_root/si670f25_class/santoshd/fvc/venv/lib/python3.11/site-packages/torch/nn/modules/activation.py", line 144, in forward
    return F.relu(input, inplace=self.inplace)
           ^^^^^^^^^^^^^^^^^^^^^^^^^^^^^^^^^^^
  File "/gpfs/accounts/si670f25_class_root/si670f25_class/santoshd/fvc/venv/lib/python3.11/site-packages/torch/nn/functional.py", line 1697, in relu
    result = torch.relu(input)
             ^^^^^^^^^^^^^^^^^
torch.OutOfMemoryError: CUDA out of memory. Tried to allocate 106.00 MiB. GPU 0 has a total capacity of 15.77 GiB of which 4.19 MiB is free. Including non-PyTorch memory, this process has 15.76 GiB memory in use. Of the allocated memory 15.27 GiB is allocated by PyTorch, and 121.67 MiB is reserved by PyTorch but unallocated. If reserved but unallocated memory is large try setting PYTORCH_CUDA_ALLOC_CONF=expandable_segments:True to avoid fragmentation.  See documentation for Memory Management  (https://pytorch.org/docs/stable/notes/cuda.html#environment-variables)
2025-12-14 13:50:48 [INFO] [lib.training.pipeline:2070] 
Final Training - x3d - Fold 2/5 (full dataset)
2025-12-14 13:50:48 [WARNING] [lib.training.pipeline:2131] x3d model requires batch_size<=1 to prevent OOM. Overriding batch_size from 2 to 1. Adjusting gradient_accumulation_steps to maintain effective batch size of 64.
2025-12-14 13:50:48 [INFO] [lib.training.pipeline:2170] Applied PyTorch memory optimizations: expandable_segments, cudnn.benchmark=False
2025-12-14 13:50:48 [INFO] [lib.training.x3d:47] Loading X3D model from PyTorchVideo: x3d_m (pretrained=True)
2025-12-14 13:50:49 [INFO] [lib.training.x3d:140] ✓ Successfully loaded X3D model from PyTorchVideo: x3d_m
2025-12-14 13:50:49 [INFO] [lib.training.x3d:141] ✓ Verified X3D model structure: Net
2025-12-14 13:50:49 [INFO] [lib.mlops.mlflow_tracker:89] MLflow run started: 2bc1eec89dc34a2b8bee3d4334506d56 (experiment: x3d)
2025-12-14 13:50:49 [INFO] [lib.training.pipeline:2235] Training PyTorch model x3d on fold 2 (full dataset)...
2025-12-14 13:50:49 [INFO] [lib.training.trainer:260] Warmup will be handled in training loop (2 epochs)
2025-12-14 13:50:56 [ERROR] [lib.utils.memory:130] OOM error forward pass batch 0: CUDA out of memory. Tried to allocate 106.00 MiB. GPU 0 has a total capacity of 15.77 GiB of which 104.19 MiB is free. Including non-PyTorch memory, this process has 15.66 GiB memory in use. Of the allocated memory 15.17 GiB is allocated by PyTorch, and 127.15 MiB is reserved by PyTorch but unallocated. If reserved but unallocated memory is large try setting PYTORCH_CUDA_ALLOC_CONF=expandable_segments:True to avoid fragmentation.  See documentation for Memory Management  (https://pytorch.org/docs/stable/notes/cuda.html#environment-variables)
2025-12-14 13:50:56 [INFO] [lib.utils.memory:91] Memory stats (after OOM forward pass batch 0): {'cpu_memory_mb': 2794.70703125, 'cpu_memory_gb': 2.729206085205078, 'cpu_vms_mb': 50035.0, 'gpu_allocated_gb': 16.285268992, 'gpu_reserved_gb': 16.418603008, 'gpu_total_gb': 16.928342016, 'gpu_free_gb': 0.509739008}
2025-12-14 13:50:56 [ERROR] [lib.training.pipeline:2335] Error training final fold 2: CUDA out of memory. Tried to allocate 106.00 MiB. GPU 0 has a total capacity of 15.77 GiB of which 104.19 MiB is free. Including non-PyTorch memory, this process has 15.66 GiB memory in use. Of the allocated memory 15.17 GiB is allocated by PyTorch, and 127.15 MiB is reserved by PyTorch but unallocated. If reserved but unallocated memory is large try setting PYTORCH_CUDA_ALLOC_CONF=expandable_segments:True to avoid fragmentation.  See documentation for Memory Management  (https://pytorch.org/docs/stable/notes/cuda.html#environment-variables)
Traceback (most recent call last):
  File "/gpfs/accounts/si670f25_class_root/si670f25_class/santoshd/fvc/lib/training/pipeline.py", line 2241, in stage5_train_models
    model = fit(model, train_loader, val_loader, optim_cfg, train_cfg, use_differential_lr=use_differential_lr)
            ^^^^^^^^^^^^^^^^^^^^^^^^^^^^^^^^^^^^^^^^^^^^^^^^^^^^^^^^^^^^^^^^^^^^^^^^^^^^^^^^^^^^^^^^^^^^^^^^^^^
  File "/gpfs/accounts/si670f25_class_root/si670f25_class/santoshd/fvc/lib/training/trainer.py", line 684, in fit
    train_loss = train_one_epoch(
                 ^^^^^^^^^^^^^^^^
  File "/gpfs/accounts/si670f25_class_root/si670f25_class/santoshd/fvc/lib/training/trainer.py", line 343, in train_one_epoch
    logits = model(clips)
             ^^^^^^^^^^^^
  File "/gpfs/accounts/si670f25_class_root/si670f25_class/santoshd/fvc/venv/lib/python3.11/site-packages/torch/nn/modules/module.py", line 1775, in _wrapped_call_impl
    return self._call_impl(*args, **kwargs)
           ^^^^^^^^^^^^^^^^^^^^^^^^^^^^^^^^
  File "/gpfs/accounts/si670f25_class_root/si670f25_class/santoshd/fvc/venv/lib/python3.11/site-packages/torch/nn/modules/module.py", line 1786, in _call_impl
    return forward_call(*args, **kwargs)
           ^^^^^^^^^^^^^^^^^^^^^^^^^^^^^
  File "/gpfs/accounts/si670f25_class_root/si670f25_class/santoshd/fvc/lib/training/x3d.py", line 298, in forward
    return self.backbone(x)
           ^^^^^^^^^^^^^^^^
  File "/gpfs/accounts/si670f25_class_root/si670f25_class/santoshd/fvc/venv/lib/python3.11/site-packages/torch/nn/modules/module.py", line 1775, in _wrapped_call_impl
    return self._call_impl(*args, **kwargs)
           ^^^^^^^^^^^^^^^^^^^^^^^^^^^^^^^^
  File "/gpfs/accounts/si670f25_class_root/si670f25_class/santoshd/fvc/venv/lib/python3.11/site-packages/torch/nn/modules/module.py", line 1786, in _call_impl
    return forward_call(*args, **kwargs)
           ^^^^^^^^^^^^^^^^^^^^^^^^^^^^^
  File "/home/urvim/.cache/torch/hub/facebookresearch_pytorchvideo_main/pytorchvideo/models/net.py", line 43, in forward
    x = block(x)
        ^^^^^^^^
  File "/gpfs/accounts/si670f25_class_root/si670f25_class/santoshd/fvc/venv/lib/python3.11/site-packages/torch/nn/modules/module.py", line 1775, in _wrapped_call_impl
    return self._call_impl(*args, **kwargs)
           ^^^^^^^^^^^^^^^^^^^^^^^^^^^^^^^^
  File "/gpfs/accounts/si670f25_class_root/si670f25_class/santoshd/fvc/venv/lib/python3.11/site-packages/torch/nn/modules/module.py", line 1786, in _call_impl
    return forward_call(*args, **kwargs)
           ^^^^^^^^^^^^^^^^^^^^^^^^^^^^^
  File "/home/urvim/.cache/torch/hub/facebookresearch_pytorchvideo_main/pytorchvideo/models/resnet.py", line 1399, in forward
    x = res_block(x)
        ^^^^^^^^^^^^
  File "/gpfs/accounts/si670f25_class_root/si670f25_class/santoshd/fvc/venv/lib/python3.11/site-packages/torch/nn/modules/module.py", line 1775, in _wrapped_call_impl
    return self._call_impl(*args, **kwargs)
           ^^^^^^^^^^^^^^^^^^^^^^^^^^^^^^^^
  File "/gpfs/accounts/si670f25_class_root/si670f25_class/santoshd/fvc/venv/lib/python3.11/site-packages/torch/nn/modules/module.py", line 1786, in _call_impl
    return forward_call(*args, **kwargs)
           ^^^^^^^^^^^^^^^^^^^^^^^^^^^^^
  File "/home/urvim/.cache/torch/hub/facebookresearch_pytorchvideo_main/pytorchvideo/models/resnet.py", line 1186, in forward
    x = self.branch_fusion(shortcut, self.branch2(x))
                                     ^^^^^^^^^^^^^^^
  File "/gpfs/accounts/si670f25_class_root/si670f25_class/santoshd/fvc/venv/lib/python3.11/site-packages/torch/nn/modules/module.py", line 1775, in _wrapped_call_impl
    return self._call_impl(*args, **kwargs)
           ^^^^^^^^^^^^^^^^^^^^^^^^^^^^^^^^
  File "/gpfs/accounts/si670f25_class_root/si670f25_class/santoshd/fvc/venv/lib/python3.11/site-packages/torch/nn/modules/module.py", line 1786, in _call_impl
    return forward_call(*args, **kwargs)
           ^^^^^^^^^^^^^^^^^^^^^^^^^^^^^
  File "/home/urvim/.cache/torch/hub/facebookresearch_pytorchvideo_main/pytorchvideo/models/resnet.py", line 1350, in forward
    x = self.norm_a(x)
        ^^^^^^^^^^^^^^
  File "/gpfs/accounts/si670f25_class_root/si670f25_class/santoshd/fvc/venv/lib/python3.11/site-packages/torch/nn/modules/module.py", line 1775, in _wrapped_call_impl
    return self._call_impl(*args, **kwargs)
           ^^^^^^^^^^^^^^^^^^^^^^^^^^^^^^^^
  File "/gpfs/accounts/si670f25_class_root/si670f25_class/santoshd/fvc/venv/lib/python3.11/site-packages/torch/nn/modules/module.py", line 1786, in _call_impl
    return forward_call(*args, **kwargs)
           ^^^^^^^^^^^^^^^^^^^^^^^^^^^^^
  File "/gpfs/accounts/si670f25_class_root/si670f25_class/santoshd/fvc/venv/lib/python3.11/site-packages/torch/nn/modules/batchnorm.py", line 193, in forward
    return F.batch_norm(
           ^^^^^^^^^^^^^
  File "/gpfs/accounts/si670f25_class_root/si670f25_class/santoshd/fvc/venv/lib/python3.11/site-packages/torch/nn/functional.py", line 2813, in batch_norm
    return torch.batch_norm(
           ^^^^^^^^^^^^^^^^^
torch.OutOfMemoryError: CUDA out of memory. Tried to allocate 106.00 MiB. GPU 0 has a total capacity of 15.77 GiB of which 104.19 MiB is free. Including non-PyTorch memory, this process has 15.66 GiB memory in use. Of the allocated memory 15.17 GiB is allocated by PyTorch, and 127.15 MiB is reserved by PyTorch but unallocated. If reserved but unallocated memory is large try setting PYTORCH_CUDA_ALLOC_CONF=expandable_segments:True to avoid fragmentation.  See documentation for Memory Management  (https://pytorch.org/docs/stable/notes/cuda.html#environment-variables)
2025-12-14 13:50:56 [INFO] [lib.training.pipeline:2070] 
Final Training - x3d - Fold 3/5 (full dataset)
2025-12-14 13:50:56 [WARNING] [lib.training.pipeline:2131] x3d model requires batch_size<=1 to prevent OOM. Overriding batch_size from 2 to 1. Adjusting gradient_accumulation_steps to maintain effective batch size of 64.
2025-12-14 13:50:56 [INFO] [lib.training.pipeline:2170] Applied PyTorch memory optimizations: expandable_segments, cudnn.benchmark=False
2025-12-14 13:50:56 [INFO] [lib.training.x3d:47] Loading X3D model from PyTorchVideo: x3d_m (pretrained=True)
2025-12-14 13:50:57 [INFO] [lib.training.x3d:140] ✓ Successfully loaded X3D model from PyTorchVideo: x3d_m
2025-12-14 13:50:57 [INFO] [lib.training.x3d:141] ✓ Verified X3D model structure: Net
2025-12-14 13:50:57 [INFO] [lib.mlops.mlflow_tracker:89] MLflow run started: ea2415f7acb84d0dad9dce286a48f8eb (experiment: x3d)
2025-12-14 13:50:57 [INFO] [lib.training.pipeline:2235] Training PyTorch model x3d on fold 3 (full dataset)...
2025-12-14 13:50:57 [INFO] [lib.training.trainer:260] Warmup will be handled in training loop (2 epochs)
2025-12-14 13:51:01 [INFO] [lib.models.video:462] Chunk size increased from 30 to 40 (after 3 successes, increment: 10)
2025-12-14 13:51:04 [ERROR] [lib.utils.memory:130] OOM error forward pass batch 0: CUDA out of memory. Tried to allocate 106.00 MiB. GPU 0 has a total capacity of 15.77 GiB of which 104.19 MiB is free. Including non-PyTorch memory, this process has 15.66 GiB memory in use. Of the allocated memory 15.17 GiB is allocated by PyTorch, and 127.15 MiB is reserved by PyTorch but unallocated. If reserved but unallocated memory is large try setting PYTORCH_CUDA_ALLOC_CONF=expandable_segments:True to avoid fragmentation.  See documentation for Memory Management  (https://pytorch.org/docs/stable/notes/cuda.html#environment-variables)
2025-12-14 13:51:04 [INFO] [lib.utils.memory:91] Memory stats (after OOM forward pass batch 0): {'cpu_memory_mb': 2925.77734375, 'cpu_memory_gb': 2.8572044372558594, 'cpu_vms_mb': 50166.27734375, 'gpu_allocated_gb': 16.285268992, 'gpu_reserved_gb': 16.418603008, 'gpu_total_gb': 16.928342016, 'gpu_free_gb': 0.509739008}
2025-12-14 13:51:04 [ERROR] [lib.training.pipeline:2335] Error training final fold 3: CUDA out of memory. Tried to allocate 106.00 MiB. GPU 0 has a total capacity of 15.77 GiB of which 104.19 MiB is free. Including non-PyTorch memory, this process has 15.66 GiB memory in use. Of the allocated memory 15.17 GiB is allocated by PyTorch, and 127.15 MiB is reserved by PyTorch but unallocated. If reserved but unallocated memory is large try setting PYTORCH_CUDA_ALLOC_CONF=expandable_segments:True to avoid fragmentation.  See documentation for Memory Management  (https://pytorch.org/docs/stable/notes/cuda.html#environment-variables)
Traceback (most recent call last):
  File "/gpfs/accounts/si670f25_class_root/si670f25_class/santoshd/fvc/lib/training/pipeline.py", line 2241, in stage5_train_models
    model = fit(model, train_loader, val_loader, optim_cfg, train_cfg, use_differential_lr=use_differential_lr)
            ^^^^^^^^^^^^^^^^^^^^^^^^^^^^^^^^^^^^^^^^^^^^^^^^^^^^^^^^^^^^^^^^^^^^^^^^^^^^^^^^^^^^^^^^^^^^^^^^^^^
  File "/gpfs/accounts/si670f25_class_root/si670f25_class/santoshd/fvc/lib/training/trainer.py", line 684, in fit
    train_loss = train_one_epoch(
                 ^^^^^^^^^^^^^^^^
  File "/gpfs/accounts/si670f25_class_root/si670f25_class/santoshd/fvc/lib/training/trainer.py", line 343, in train_one_epoch
    logits = model(clips)
             ^^^^^^^^^^^^
  File "/gpfs/accounts/si670f25_class_root/si670f25_class/santoshd/fvc/venv/lib/python3.11/site-packages/torch/nn/modules/module.py", line 1775, in _wrapped_call_impl
    return self._call_impl(*args, **kwargs)
           ^^^^^^^^^^^^^^^^^^^^^^^^^^^^^^^^
  File "/gpfs/accounts/si670f25_class_root/si670f25_class/santoshd/fvc/venv/lib/python3.11/site-packages/torch/nn/modules/module.py", line 1786, in _call_impl
    return forward_call(*args, **kwargs)
           ^^^^^^^^^^^^^^^^^^^^^^^^^^^^^
  File "/gpfs/accounts/si670f25_class_root/si670f25_class/santoshd/fvc/lib/training/x3d.py", line 298, in forward
    return self.backbone(x)
           ^^^^^^^^^^^^^^^^
  File "/gpfs/accounts/si670f25_class_root/si670f25_class/santoshd/fvc/venv/lib/python3.11/site-packages/torch/nn/modules/module.py", line 1775, in _wrapped_call_impl
    return self._call_impl(*args, **kwargs)
           ^^^^^^^^^^^^^^^^^^^^^^^^^^^^^^^^
  File "/gpfs/accounts/si670f25_class_root/si670f25_class/santoshd/fvc/venv/lib/python3.11/site-packages/torch/nn/modules/module.py", line 1786, in _call_impl
    return forward_call(*args, **kwargs)
           ^^^^^^^^^^^^^^^^^^^^^^^^^^^^^
  File "/home/urvim/.cache/torch/hub/facebookresearch_pytorchvideo_main/pytorchvideo/models/net.py", line 43, in forward
    x = block(x)
        ^^^^^^^^
  File "/gpfs/accounts/si670f25_class_root/si670f25_class/santoshd/fvc/venv/lib/python3.11/site-packages/torch/nn/modules/module.py", line 1775, in _wrapped_call_impl
    return self._call_impl(*args, **kwargs)
           ^^^^^^^^^^^^^^^^^^^^^^^^^^^^^^^^
  File "/gpfs/accounts/si670f25_class_root/si670f25_class/santoshd/fvc/venv/lib/python3.11/site-packages/torch/nn/modules/module.py", line 1786, in _call_impl
    return forward_call(*args, **kwargs)
           ^^^^^^^^^^^^^^^^^^^^^^^^^^^^^
  File "/home/urvim/.cache/torch/hub/facebookresearch_pytorchvideo_main/pytorchvideo/models/resnet.py", line 1399, in forward
    x = res_block(x)
        ^^^^^^^^^^^^
  File "/gpfs/accounts/si670f25_class_root/si670f25_class/santoshd/fvc/venv/lib/python3.11/site-packages/torch/nn/modules/module.py", line 1775, in _wrapped_call_impl
    return self._call_impl(*args, **kwargs)
           ^^^^^^^^^^^^^^^^^^^^^^^^^^^^^^^^
  File "/gpfs/accounts/si670f25_class_root/si670f25_class/santoshd/fvc/venv/lib/python3.11/site-packages/torch/nn/modules/module.py", line 1786, in _call_impl
    return forward_call(*args, **kwargs)
           ^^^^^^^^^^^^^^^^^^^^^^^^^^^^^
  File "/home/urvim/.cache/torch/hub/facebookresearch_pytorchvideo_main/pytorchvideo/models/resnet.py", line 1186, in forward
    x = self.branch_fusion(shortcut, self.branch2(x))
                                     ^^^^^^^^^^^^^^^
  File "/gpfs/accounts/si670f25_class_root/si670f25_class/santoshd/fvc/venv/lib/python3.11/site-packages/torch/nn/modules/module.py", line 1775, in _wrapped_call_impl
    return self._call_impl(*args, **kwargs)
           ^^^^^^^^^^^^^^^^^^^^^^^^^^^^^^^^
  File "/gpfs/accounts/si670f25_class_root/si670f25_class/santoshd/fvc/venv/lib/python3.11/site-packages/torch/nn/modules/module.py", line 1786, in _call_impl
    return forward_call(*args, **kwargs)
           ^^^^^^^^^^^^^^^^^^^^^^^^^^^^^
  File "/home/urvim/.cache/torch/hub/facebookresearch_pytorchvideo_main/pytorchvideo/models/resnet.py", line 1350, in forward
    x = self.norm_a(x)
        ^^^^^^^^^^^^^^
  File "/gpfs/accounts/si670f25_class_root/si670f25_class/santoshd/fvc/venv/lib/python3.11/site-packages/torch/nn/modules/module.py", line 1775, in _wrapped_call_impl
    return self._call_impl(*args, **kwargs)
           ^^^^^^^^^^^^^^^^^^^^^^^^^^^^^^^^
  File "/gpfs/accounts/si670f25_class_root/si670f25_class/santoshd/fvc/venv/lib/python3.11/site-packages/torch/nn/modules/module.py", line 1786, in _call_impl
    return forward_call(*args, **kwargs)
           ^^^^^^^^^^^^^^^^^^^^^^^^^^^^^
  File "/gpfs/accounts/si670f25_class_root/si670f25_class/santoshd/fvc/venv/lib/python3.11/site-packages/torch/nn/modules/batchnorm.py", line 193, in forward
    return F.batch_norm(
           ^^^^^^^^^^^^^
  File "/gpfs/accounts/si670f25_class_root/si670f25_class/santoshd/fvc/venv/lib/python3.11/site-packages/torch/nn/functional.py", line 2813, in batch_norm
    return torch.batch_norm(
           ^^^^^^^^^^^^^^^^^
torch.OutOfMemoryError: CUDA out of memory. Tried to allocate 106.00 MiB. GPU 0 has a total capacity of 15.77 GiB of which 104.19 MiB is free. Including non-PyTorch memory, this process has 15.66 GiB memory in use. Of the allocated memory 15.17 GiB is allocated by PyTorch, and 127.15 MiB is reserved by PyTorch but unallocated. If reserved but unallocated memory is large try setting PYTORCH_CUDA_ALLOC_CONF=expandable_segments:True to avoid fragmentation.  See documentation for Memory Management  (https://pytorch.org/docs/stable/notes/cuda.html#environment-variables)
2025-12-14 13:51:04 [INFO] [lib.training.pipeline:2070] 
Final Training - x3d - Fold 4/5 (full dataset)
2025-12-14 13:51:04 [WARNING] [lib.training.pipeline:2131] x3d model requires batch_size<=1 to prevent OOM. Overriding batch_size from 2 to 1. Adjusting gradient_accumulation_steps to maintain effective batch size of 64.
2025-12-14 13:51:05 [INFO] [lib.training.pipeline:2170] Applied PyTorch memory optimizations: expandable_segments, cudnn.benchmark=False
2025-12-14 13:51:05 [INFO] [lib.training.x3d:47] Loading X3D model from PyTorchVideo: x3d_m (pretrained=True)
2025-12-14 13:51:05 [INFO] [lib.training.x3d:140] ✓ Successfully loaded X3D model from PyTorchVideo: x3d_m
2025-12-14 13:51:05 [INFO] [lib.training.x3d:141] ✓ Verified X3D model structure: Net
2025-12-14 13:51:05 [INFO] [lib.mlops.mlflow_tracker:89] MLflow run started: b3622e91de6e42659524b81cc5f2b407 (experiment: x3d)
2025-12-14 13:51:05 [INFO] [lib.training.pipeline:2235] Training PyTorch model x3d on fold 4 (full dataset)...
2025-12-14 13:51:05 [INFO] [lib.training.trainer:260] Warmup will be handled in training loop (2 epochs)
2025-12-14 13:51:11 [ERROR] [lib.utils.memory:130] OOM error forward pass batch 0: CUDA out of memory. Tried to allocate 106.00 MiB. GPU 0 has a total capacity of 15.77 GiB of which 104.19 MiB is free. Including non-PyTorch memory, this process has 15.66 GiB memory in use. Of the allocated memory 15.17 GiB is allocated by PyTorch, and 127.15 MiB is reserved by PyTorch but unallocated. If reserved but unallocated memory is large try setting PYTORCH_CUDA_ALLOC_CONF=expandable_segments:True to avoid fragmentation.  See documentation for Memory Management  (https://pytorch.org/docs/stable/notes/cuda.html#environment-variables)
2025-12-14 13:51:11 [INFO] [lib.utils.memory:91] Memory stats (after OOM forward pass batch 0): {'cpu_memory_mb': 2925.77734375, 'cpu_memory_gb': 2.8572044372558594, 'cpu_vms_mb': 50166.27734375, 'gpu_allocated_gb': 16.285268992, 'gpu_reserved_gb': 16.418603008, 'gpu_total_gb': 16.928342016, 'gpu_free_gb': 0.509739008}
2025-12-14 13:51:11 [ERROR] [lib.training.pipeline:2335] Error training final fold 4: CUDA out of memory. Tried to allocate 106.00 MiB. GPU 0 has a total capacity of 15.77 GiB of which 104.19 MiB is free. Including non-PyTorch memory, this process has 15.66 GiB memory in use. Of the allocated memory 15.17 GiB is allocated by PyTorch, and 127.15 MiB is reserved by PyTorch but unallocated. If reserved but unallocated memory is large try setting PYTORCH_CUDA_ALLOC_CONF=expandable_segments:True to avoid fragmentation.  See documentation for Memory Management  (https://pytorch.org/docs/stable/notes/cuda.html#environment-variables)
Traceback (most recent call last):
  File "/gpfs/accounts/si670f25_class_root/si670f25_class/santoshd/fvc/lib/training/pipeline.py", line 2241, in stage5_train_models
    model = fit(model, train_loader, val_loader, optim_cfg, train_cfg, use_differential_lr=use_differential_lr)
            ^^^^^^^^^^^^^^^^^^^^^^^^^^^^^^^^^^^^^^^^^^^^^^^^^^^^^^^^^^^^^^^^^^^^^^^^^^^^^^^^^^^^^^^^^^^^^^^^^^^
  File "/gpfs/accounts/si670f25_class_root/si670f25_class/santoshd/fvc/lib/training/trainer.py", line 684, in fit
    train_loss = train_one_epoch(
                 ^^^^^^^^^^^^^^^^
  File "/gpfs/accounts/si670f25_class_root/si670f25_class/santoshd/fvc/lib/training/trainer.py", line 343, in train_one_epoch
    logits = model(clips)
             ^^^^^^^^^^^^
  File "/gpfs/accounts/si670f25_class_root/si670f25_class/santoshd/fvc/venv/lib/python3.11/site-packages/torch/nn/modules/module.py", line 1775, in _wrapped_call_impl
    return self._call_impl(*args, **kwargs)
           ^^^^^^^^^^^^^^^^^^^^^^^^^^^^^^^^
  File "/gpfs/accounts/si670f25_class_root/si670f25_class/santoshd/fvc/venv/lib/python3.11/site-packages/torch/nn/modules/module.py", line 1786, in _call_impl
    return forward_call(*args, **kwargs)
           ^^^^^^^^^^^^^^^^^^^^^^^^^^^^^
  File "/gpfs/accounts/si670f25_class_root/si670f25_class/santoshd/fvc/lib/training/x3d.py", line 298, in forward
    return self.backbone(x)
           ^^^^^^^^^^^^^^^^
  File "/gpfs/accounts/si670f25_class_root/si670f25_class/santoshd/fvc/venv/lib/python3.11/site-packages/torch/nn/modules/module.py", line 1775, in _wrapped_call_impl
    return self._call_impl(*args, **kwargs)
           ^^^^^^^^^^^^^^^^^^^^^^^^^^^^^^^^
  File "/gpfs/accounts/si670f25_class_root/si670f25_class/santoshd/fvc/venv/lib/python3.11/site-packages/torch/nn/modules/module.py", line 1786, in _call_impl
    return forward_call(*args, **kwargs)
           ^^^^^^^^^^^^^^^^^^^^^^^^^^^^^
  File "/home/urvim/.cache/torch/hub/facebookresearch_pytorchvideo_main/pytorchvideo/models/net.py", line 43, in forward
    x = block(x)
        ^^^^^^^^
  File "/gpfs/accounts/si670f25_class_root/si670f25_class/santoshd/fvc/venv/lib/python3.11/site-packages/torch/nn/modules/module.py", line 1775, in _wrapped_call_impl
    return self._call_impl(*args, **kwargs)
           ^^^^^^^^^^^^^^^^^^^^^^^^^^^^^^^^
  File "/gpfs/accounts/si670f25_class_root/si670f25_class/santoshd/fvc/venv/lib/python3.11/site-packages/torch/nn/modules/module.py", line 1786, in _call_impl
    return forward_call(*args, **kwargs)
           ^^^^^^^^^^^^^^^^^^^^^^^^^^^^^
  File "/home/urvim/.cache/torch/hub/facebookresearch_pytorchvideo_main/pytorchvideo/models/resnet.py", line 1399, in forward
    x = res_block(x)
        ^^^^^^^^^^^^
  File "/gpfs/accounts/si670f25_class_root/si670f25_class/santoshd/fvc/venv/lib/python3.11/site-packages/torch/nn/modules/module.py", line 1775, in _wrapped_call_impl
    return self._call_impl(*args, **kwargs)
           ^^^^^^^^^^^^^^^^^^^^^^^^^^^^^^^^
  File "/gpfs/accounts/si670f25_class_root/si670f25_class/santoshd/fvc/venv/lib/python3.11/site-packages/torch/nn/modules/module.py", line 1786, in _call_impl
    return forward_call(*args, **kwargs)
           ^^^^^^^^^^^^^^^^^^^^^^^^^^^^^
  File "/home/urvim/.cache/torch/hub/facebookresearch_pytorchvideo_main/pytorchvideo/models/resnet.py", line 1186, in forward
    x = self.branch_fusion(shortcut, self.branch2(x))
                                     ^^^^^^^^^^^^^^^
  File "/gpfs/accounts/si670f25_class_root/si670f25_class/santoshd/fvc/venv/lib/python3.11/site-packages/torch/nn/modules/module.py", line 1775, in _wrapped_call_impl
    return self._call_impl(*args, **kwargs)
           ^^^^^^^^^^^^^^^^^^^^^^^^^^^^^^^^
  File "/gpfs/accounts/si670f25_class_root/si670f25_class/santoshd/fvc/venv/lib/python3.11/site-packages/torch/nn/modules/module.py", line 1786, in _call_impl
    return forward_call(*args, **kwargs)
           ^^^^^^^^^^^^^^^^^^^^^^^^^^^^^
  File "/home/urvim/.cache/torch/hub/facebookresearch_pytorchvideo_main/pytorchvideo/models/resnet.py", line 1350, in forward
    x = self.norm_a(x)
        ^^^^^^^^^^^^^^
  File "/gpfs/accounts/si670f25_class_root/si670f25_class/santoshd/fvc/venv/lib/python3.11/site-packages/torch/nn/modules/module.py", line 1775, in _wrapped_call_impl
    return self._call_impl(*args, **kwargs)
           ^^^^^^^^^^^^^^^^^^^^^^^^^^^^^^^^
  File "/gpfs/accounts/si670f25_class_root/si670f25_class/santoshd/fvc/venv/lib/python3.11/site-packages/torch/nn/modules/module.py", line 1786, in _call_impl
    return forward_call(*args, **kwargs)
           ^^^^^^^^^^^^^^^^^^^^^^^^^^^^^
  File "/gpfs/accounts/si670f25_class_root/si670f25_class/santoshd/fvc/venv/lib/python3.11/site-packages/torch/nn/modules/batchnorm.py", line 193, in forward
    return F.batch_norm(
           ^^^^^^^^^^^^^
  File "/gpfs/accounts/si670f25_class_root/si670f25_class/santoshd/fvc/venv/lib/python3.11/site-packages/torch/nn/functional.py", line 2813, in batch_norm
    return torch.batch_norm(
           ^^^^^^^^^^^^^^^^^
torch.OutOfMemoryError: CUDA out of memory. Tried to allocate 106.00 MiB. GPU 0 has a total capacity of 15.77 GiB of which 104.19 MiB is free. Including non-PyTorch memory, this process has 15.66 GiB memory in use. Of the allocated memory 15.17 GiB is allocated by PyTorch, and 127.15 MiB is reserved by PyTorch but unallocated. If reserved but unallocated memory is large try setting PYTORCH_CUDA_ALLOC_CONF=expandable_segments:True to avoid fragmentation.  See documentation for Memory Management  (https://pytorch.org/docs/stable/notes/cuda.html#environment-variables)
2025-12-14 13:51:11 [INFO] [lib.training.pipeline:2070] 
Final Training - x3d - Fold 5/5 (full dataset)
2025-12-14 13:51:11 [WARNING] [lib.training.pipeline:2131] x3d model requires batch_size<=1 to prevent OOM. Overriding batch_size from 2 to 1. Adjusting gradient_accumulation_steps to maintain effective batch size of 64.
2025-12-14 13:51:12 [INFO] [lib.training.pipeline:2170] Applied PyTorch memory optimizations: expandable_segments, cudnn.benchmark=False
2025-12-14 13:51:12 [INFO] [lib.training.x3d:47] Loading X3D model from PyTorchVideo: x3d_m (pretrained=True)
2025-12-14 13:51:12 [INFO] [lib.training.x3d:140] ✓ Successfully loaded X3D model from PyTorchVideo: x3d_m
2025-12-14 13:51:12 [INFO] [lib.training.x3d:141] ✓ Verified X3D model structure: Net
2025-12-14 13:51:12 [INFO] [lib.mlops.mlflow_tracker:89] MLflow run started: e9c9fc1ac4d0475a86996c33a26bde24 (experiment: x3d)
2025-12-14 13:51:12 [INFO] [lib.training.pipeline:2235] Training PyTorch model x3d on fold 5 (full dataset)...
2025-12-14 13:51:12 [INFO] [lib.training.trainer:260] Warmup will be handled in training loop (2 epochs)
2025-12-14 13:51:18 [ERROR] [lib.utils.memory:130] OOM error forward pass batch 0: CUDA out of memory. Tried to allocate 106.00 MiB. GPU 0 has a total capacity of 15.77 GiB of which 104.19 MiB is free. Including non-PyTorch memory, this process has 15.66 GiB memory in use. Of the allocated memory 15.17 GiB is allocated by PyTorch, and 127.15 MiB is reserved by PyTorch but unallocated. If reserved but unallocated memory is large try setting PYTORCH_CUDA_ALLOC_CONF=expandable_segments:True to avoid fragmentation.  See documentation for Memory Management  (https://pytorch.org/docs/stable/notes/cuda.html#environment-variables)
2025-12-14 13:51:18 [INFO] [lib.utils.memory:91] Memory stats (after OOM forward pass batch 0): {'cpu_memory_mb': 2989.05859375, 'cpu_memory_gb': 2.9190025329589844, 'cpu_vms_mb': 50229.8984375, 'gpu_allocated_gb': 16.285268992, 'gpu_reserved_gb': 16.418603008, 'gpu_total_gb': 16.928342016, 'gpu_free_gb': 0.509739008}
2025-12-14 13:51:18 [ERROR] [lib.training.pipeline:2335] Error training final fold 5: CUDA out of memory. Tried to allocate 106.00 MiB. GPU 0 has a total capacity of 15.77 GiB of which 104.19 MiB is free. Including non-PyTorch memory, this process has 15.66 GiB memory in use. Of the allocated memory 15.17 GiB is allocated by PyTorch, and 127.15 MiB is reserved by PyTorch but unallocated. If reserved but unallocated memory is large try setting PYTORCH_CUDA_ALLOC_CONF=expandable_segments:True to avoid fragmentation.  See documentation for Memory Management  (https://pytorch.org/docs/stable/notes/cuda.html#environment-variables)
Traceback (most recent call last):
  File "/gpfs/accounts/si670f25_class_root/si670f25_class/santoshd/fvc/lib/training/pipeline.py", line 2241, in stage5_train_models
    model = fit(model, train_loader, val_loader, optim_cfg, train_cfg, use_differential_lr=use_differential_lr)
            ^^^^^^^^^^^^^^^^^^^^^^^^^^^^^^^^^^^^^^^^^^^^^^^^^^^^^^^^^^^^^^^^^^^^^^^^^^^^^^^^^^^^^^^^^^^^^^^^^^^
  File "/gpfs/accounts/si670f25_class_root/si670f25_class/santoshd/fvc/lib/training/trainer.py", line 684, in fit
    train_loss = train_one_epoch(
                 ^^^^^^^^^^^^^^^^
  File "/gpfs/accounts/si670f25_class_root/si670f25_class/santoshd/fvc/lib/training/trainer.py", line 343, in train_one_epoch
    logits = model(clips)
             ^^^^^^^^^^^^
  File "/gpfs/accounts/si670f25_class_root/si670f25_class/santoshd/fvc/venv/lib/python3.11/site-packages/torch/nn/modules/module.py", line 1775, in _wrapped_call_impl
    return self._call_impl(*args, **kwargs)
           ^^^^^^^^^^^^^^^^^^^^^^^^^^^^^^^^
  File "/gpfs/accounts/si670f25_class_root/si670f25_class/santoshd/fvc/venv/lib/python3.11/site-packages/torch/nn/modules/module.py", line 1786, in _call_impl
    return forward_call(*args, **kwargs)
           ^^^^^^^^^^^^^^^^^^^^^^^^^^^^^
  File "/gpfs/accounts/si670f25_class_root/si670f25_class/santoshd/fvc/lib/training/x3d.py", line 298, in forward
    return self.backbone(x)
           ^^^^^^^^^^^^^^^^
  File "/gpfs/accounts/si670f25_class_root/si670f25_class/santoshd/fvc/venv/lib/python3.11/site-packages/torch/nn/modules/module.py", line 1775, in _wrapped_call_impl
    return self._call_impl(*args, **kwargs)
           ^^^^^^^^^^^^^^^^^^^^^^^^^^^^^^^^
  File "/gpfs/accounts/si670f25_class_root/si670f25_class/santoshd/fvc/venv/lib/python3.11/site-packages/torch/nn/modules/module.py", line 1786, in _call_impl
    return forward_call(*args, **kwargs)
           ^^^^^^^^^^^^^^^^^^^^^^^^^^^^^
  File "/home/urvim/.cache/torch/hub/facebookresearch_pytorchvideo_main/pytorchvideo/models/net.py", line 43, in forward
    x = block(x)
        ^^^^^^^^
  File "/gpfs/accounts/si670f25_class_root/si670f25_class/santoshd/fvc/venv/lib/python3.11/site-packages/torch/nn/modules/module.py", line 1775, in _wrapped_call_impl
    return self._call_impl(*args, **kwargs)
           ^^^^^^^^^^^^^^^^^^^^^^^^^^^^^^^^
  File "/gpfs/accounts/si670f25_class_root/si670f25_class/santoshd/fvc/venv/lib/python3.11/site-packages/torch/nn/modules/module.py", line 1786, in _call_impl
    return forward_call(*args, **kwargs)
           ^^^^^^^^^^^^^^^^^^^^^^^^^^^^^
  File "/home/urvim/.cache/torch/hub/facebookresearch_pytorchvideo_main/pytorchvideo/models/resnet.py", line 1399, in forward
    x = res_block(x)
        ^^^^^^^^^^^^
  File "/gpfs/accounts/si670f25_class_root/si670f25_class/santoshd/fvc/venv/lib/python3.11/site-packages/torch/nn/modules/module.py", line 1775, in _wrapped_call_impl
    return self._call_impl(*args, **kwargs)
           ^^^^^^^^^^^^^^^^^^^^^^^^^^^^^^^^
  File "/gpfs/accounts/si670f25_class_root/si670f25_class/santoshd/fvc/venv/lib/python3.11/site-packages/torch/nn/modules/module.py", line 1786, in _call_impl
    return forward_call(*args, **kwargs)
           ^^^^^^^^^^^^^^^^^^^^^^^^^^^^^
  File "/home/urvim/.cache/torch/hub/facebookresearch_pytorchvideo_main/pytorchvideo/models/resnet.py", line 1186, in forward
    x = self.branch_fusion(shortcut, self.branch2(x))
                                     ^^^^^^^^^^^^^^^
  File "/gpfs/accounts/si670f25_class_root/si670f25_class/santoshd/fvc/venv/lib/python3.11/site-packages/torch/nn/modules/module.py", line 1775, in _wrapped_call_impl
    return self._call_impl(*args, **kwargs)
           ^^^^^^^^^^^^^^^^^^^^^^^^^^^^^^^^
  File "/gpfs/accounts/si670f25_class_root/si670f25_class/santoshd/fvc/venv/lib/python3.11/site-packages/torch/nn/modules/module.py", line 1786, in _call_impl
    return forward_call(*args, **kwargs)
           ^^^^^^^^^^^^^^^^^^^^^^^^^^^^^
  File "/home/urvim/.cache/torch/hub/facebookresearch_pytorchvideo_main/pytorchvideo/models/resnet.py", line 1350, in forward
    x = self.norm_a(x)
        ^^^^^^^^^^^^^^
  File "/gpfs/accounts/si670f25_class_root/si670f25_class/santoshd/fvc/venv/lib/python3.11/site-packages/torch/nn/modules/module.py", line 1775, in _wrapped_call_impl
    return self._call_impl(*args, **kwargs)
           ^^^^^^^^^^^^^^^^^^^^^^^^^^^^^^^^
  File "/gpfs/accounts/si670f25_class_root/si670f25_class/santoshd/fvc/venv/lib/python3.11/site-packages/torch/nn/modules/module.py", line 1786, in _call_impl
    return forward_call(*args, **kwargs)
           ^^^^^^^^^^^^^^^^^^^^^^^^^^^^^
  File "/gpfs/accounts/si670f25_class_root/si670f25_class/santoshd/fvc/venv/lib/python3.11/site-packages/torch/nn/modules/batchnorm.py", line 193, in forward
    return F.batch_norm(
           ^^^^^^^^^^^^^
  File "/gpfs/accounts/si670f25_class_root/si670f25_class/santoshd/fvc/venv/lib/python3.11/site-packages/torch/nn/functional.py", line 2813, in batch_norm
    return torch.batch_norm(
           ^^^^^^^^^^^^^^^^^
torch.OutOfMemoryError: CUDA out of memory. Tried to allocate 106.00 MiB. GPU 0 has a total capacity of 15.77 GiB of which 104.19 MiB is free. Including non-PyTorch memory, this process has 15.66 GiB memory in use. Of the allocated memory 15.17 GiB is allocated by PyTorch, and 127.15 MiB is reserved by PyTorch but unallocated. If reserved but unallocated memory is large try setting PYTORCH_CUDA_ALLOC_CONF=expandable_segments:True to avoid fragmentation.  See documentation for Memory Management  (https://pytorch.org/docs/stable/notes/cuda.html#environment-variables)
2025-12-14 13:51:18 [WARNING] [lib.training.pipeline:114] No model files found in /gpfs/accounts/si670f25_class_root/si670f25_class/santoshd/fvc/data/stage5/x3d/fold_1 to copy
2025-12-14 13:51:18 [INFO] [lib.training.pipeline:2408] 
x3d - Avg Val Loss: nan, Avg Val Acc: nan, Avg Val F1: nan
2025-12-14 13:51:21 [INFO] [lib.training.visualization:256] Saved CV fold comparison to /gpfs/accounts/si670f25_class_root/si670f25_class/santoshd/fvc/data/stage5/x3d/plots/cv_fold_comparison.png
2025-12-14 13:51:21 [INFO] [lib.training.pipeline:2436] Generated plots for x3d in /gpfs/accounts/si670f25_class_root/si670f25_class/santoshd/fvc/data/stage5/x3d/plots
2025-12-14 13:51:21 [INFO] [lib.training.pipeline:2473] ================================================================================
2025-12-14 13:51:21 [INFO] [lib.training.pipeline:2474] Stage 5: Model Training Pipeline Completed
2025-12-14 13:51:21 [INFO] [lib.training.pipeline:2475] ================================================================================
2025-12-14 13:51:21 [INFO] [__main__:401] ================================================================================
2025-12-14 13:51:21 [INFO] [__main__:402] STAGE 5 COMPLETED SUCCESSFULLY
2025-12-14 13:51:21 [INFO] [__main__:403] ================================================================================
2025-12-14 13:51:21 [INFO] [__main__:404] Execution time: 76.22 seconds (1.27 minutes)
2025-12-14 13:51:21 [INFO] [__main__:406] Output directory: /gpfs/accounts/si670f25_class_root/si670f25_class/santoshd/fvc/data/stage5
2025-12-14 13:51:21 [INFO] [__main__:407] Models trained: ['x3d']
2025-12-14 13:51:21 [INFO] [__main__:408] K-fold splits: 5
2025-12-14 13:51:21 [INFO] [__main__:414] ================================================================================
2025-12-14 13:51:21 [INFO] [__main__:415] Final memory statistics:
2025-12-14 13:51:21 [INFO] [__main__:416] ================================================================================
2025-12-14 13:51:21 [INFO] [lib.utils.memory:91] Memory stats (Stage 5: after training): {'cpu_memory_mb': 2896.95703125, 'cpu_memory_gb': 2.829059600830078, 'cpu_vms_mb': 50168.83984375, 'gpu_allocated_gb': 0.00851968, 'gpu_reserved_gb': 16.418603008, 'gpu_total_gb': 16.928342016, 'gpu_free_gb': 0.509739008}
2025-12-14 13:51:21 [INFO] [__main__:419] ================================================================================
2025-12-14 13:51:21 [INFO] [__main__:420] Training complete!
2025-12-14 13:51:21 [INFO] [__main__:421] Results saved to: /gpfs/accounts/si670f25_class_root/si670f25_class/santoshd/fvc/data/stage5
2025-12-14 13:51:21 [INFO] [__main__:422] ================================================================================
