2025-12-14 17:34:21 [INFO] [__main__:310] ================================================================================
2025-12-14 17:34:21 [INFO] [__main__:311] STAGE 5: MODEL TRAINING
2025-12-14 17:34:21 [INFO] [__main__:312] ================================================================================
2025-12-14 17:34:21 [INFO] [__main__:313] Project root: /gpfs/accounts/si670f25_class_root/si670f25_class/santoshd/fvc
2025-12-14 17:34:21 [INFO] [__main__:314] Scaled metadata: /gpfs/accounts/si670f25_class_root/si670f25_class/santoshd/fvc/data/scaled_videos/scaled_metadata.arrow
2025-12-14 17:34:21 [INFO] [__main__:315] Features Stage 2: /gpfs/accounts/si670f25_class_root/si670f25_class/santoshd/fvc/data/features_stage2/features_metadata.arrow
2025-12-14 17:34:21 [INFO] [__main__:316] Features Stage 4: /gpfs/accounts/si670f25_class_root/si670f25_class/santoshd/fvc/data/features_stage4/features_scaled_metadata.arrow
2025-12-14 17:34:21 [INFO] [__main__:317] Model types: ['slowfast']
2025-12-14 17:34:21 [INFO] [__main__:318] K-fold splits: 5
2025-12-14 17:34:21 [INFO] [__main__:319] Number of frames: 500
2025-12-14 17:34:21 [INFO] [__main__:320] Output directory: /gpfs/accounts/si670f25_class_root/si670f25_class/santoshd/fvc/data/stage5
2025-12-14 17:34:21 [INFO] [__main__:321] Experiment tracking: Enabled
2025-12-14 17:34:21 [INFO] [__main__:324] Delete existing: False
2025-12-14 17:34:21 [INFO] [__main__:325] Resume mode: True
2025-12-14 17:34:21 [INFO] [__main__:326] Log file: /gpfs/accounts/si670f25_class_root/si670f25_class/santoshd/fvc/logs/stage5_training_1765751661.log
2025-12-14 17:34:21 [INFO] [__main__:333] ================================================================================
2025-12-14 17:34:21 [INFO] [__main__:334] Checking prerequisites...
2025-12-14 17:34:21 [INFO] [__main__:335] ================================================================================
2025-12-14 17:34:21 [INFO] [__main__:342] ✓ Scaled metadata file found: /gpfs/accounts/si670f25_class_root/si670f25_class/santoshd/fvc/data/scaled_videos/scaled_metadata.arrow
2025-12-14 17:34:21 [INFO] [__main__:352] ✓ All model types are valid
2025-12-14 17:34:21 [INFO] [__main__:358] ================================================================================
2025-12-14 17:34:21 [INFO] [__main__:359] Initial memory statistics:
2025-12-14 17:34:21 [INFO] [__main__:360] ================================================================================
2025-12-14 17:34:22 [INFO] [lib.utils.memory:91] Memory stats (Stage 5: before training): {'cpu_memory_mb': 736.3515625, 'cpu_memory_gb': 0.7190933227539062, 'cpu_vms_mb': 10218.1640625, 'gpu_allocated_gb': 0.0, 'gpu_reserved_gb': 0.0, 'gpu_total_gb': 16.928342016, 'gpu_free_gb': 16.928342016}
2025-12-14 17:34:22 [INFO] [__main__:364] ================================================================================
2025-12-14 17:34:22 [INFO] [__main__:365] Starting Stage 5: Model Training
2025-12-14 17:34:22 [INFO] [__main__:366] ================================================================================
2025-12-14 17:34:22 [INFO] [__main__:367] Training 1 model(s) with 5-fold cross-validation
2025-12-14 17:34:22 [INFO] [__main__:368] This may take a while depending on dataset size and model complexity...
2025-12-14 17:34:22 [INFO] [__main__:369] Progress will be logged in real-time
2025-12-14 17:34:22 [INFO] [__main__:370] ================================================================================
2025-12-14 17:34:22 [INFO] [__main__:375] Calling Stage 5 training pipeline...
2025-12-14 17:34:22 [INFO] [__main__:376] This may take a while - progress will be logged in real-time
2025-12-14 17:34:22 [INFO] [lib.training.pipeline:851] ================================================================================
2025-12-14 17:34:22 [INFO] [lib.training.pipeline:852] Stage 5: Model Training Pipeline Started
2025-12-14 17:34:22 [INFO] [lib.training.pipeline:853] ================================================================================
2025-12-14 17:34:22 [INFO] [lib.training.pipeline:854] Model types: ['slowfast']
2025-12-14 17:34:22 [INFO] [lib.training.pipeline:855] K-fold splits: 5
2025-12-14 17:34:22 [INFO] [lib.training.pipeline:856] Frames per video: 500
2025-12-14 17:34:22 [INFO] [lib.training.pipeline:857] Output directory: data/stage5
2025-12-14 17:34:22 [INFO] [lib.training.pipeline:858] Initializing pipeline...
2025-12-14 17:34:22 [INFO] [lib.training.pipeline:261] ================================================================================
2025-12-14 17:34:22 [INFO] [lib.training.pipeline:262] STAGE 5 PREREQUISITE VALIDATION
2025-12-14 17:34:22 [INFO] [lib.training.pipeline:263] ================================================================================
2025-12-14 17:34:22 [INFO] [lib.training.pipeline:266] 
[1/3] Checking Stage 3 (scaled videos) - REQUIRED for all models...
2025-12-14 17:34:24 [INFO] [lib.training.pipeline:275] ✓ Stage 3 metadata found: 3278 scaled videos
2025-12-14 17:34:24 [INFO] [lib.training.pipeline:276]   Path: /gpfs/accounts/si670f25_class_root/si670f25_class/santoshd/fvc/data/scaled_videos/scaled_metadata.arrow
2025-12-14 17:34:24 [INFO] [lib.training.pipeline:279] 
[2/3] Checking Stage 2 (features) - REQUIRED for *_stage2 models...
2025-12-14 17:34:24 [INFO] [lib.training.pipeline:287] ✓ Stage 2 metadata found: 3278 feature rows
2025-12-14 17:34:24 [INFO] [lib.training.pipeline:288]   Path: /gpfs/accounts/si670f25_class_root/si670f25_class/santoshd/fvc/data/features_stage2/features_metadata.arrow
2025-12-14 17:34:24 [INFO] [lib.training.pipeline:291] 
[3/3] Checking Stage 4 (scaled features) - REQUIRED for *_stage2_stage4 models...
2025-12-14 17:34:24 [INFO] [lib.training.pipeline:299] ✓ Stage 4 metadata found: 3277 feature rows
2025-12-14 17:34:24 [INFO] [lib.training.pipeline:300]   Path: /gpfs/accounts/si670f25_class_root/si670f25_class/santoshd/fvc/data/features_stage4/features_scaled_metadata.arrow
2025-12-14 17:34:24 [INFO] [lib.training.pipeline:303] 
================================================================================
2025-12-14 17:34:24 [INFO] [lib.training.pipeline:304] MODEL REQUIREMENTS CHECK
2025-12-14 17:34:24 [INFO] [lib.training.pipeline:305] ================================================================================
2025-12-14 17:34:24 [INFO] [lib.training.pipeline:329] ✓ slowfast: CAN RUN
2025-12-14 17:34:24 [INFO] [lib.training.pipeline:332] 
================================================================================
2025-12-14 17:34:24 [INFO] [lib.training.pipeline:333] VALIDATION SUMMARY
2025-12-14 17:34:24 [INFO] [lib.training.pipeline:334] ================================================================================
2025-12-14 17:34:24 [INFO] [lib.training.pipeline:335] Stage 3 (scaled videos): ✓ Available
2025-12-14 17:34:24 [INFO] [lib.training.pipeline:336]   Count: 3278 videos
2025-12-14 17:34:24 [INFO] [lib.training.pipeline:337] Stage 2 (features): ✓ Available
2025-12-14 17:34:24 [INFO] [lib.training.pipeline:338]   Count: 3278 feature rows
2025-12-14 17:34:24 [INFO] [lib.training.pipeline:339] Stage 4 (scaled features): ✓ Available
2025-12-14 17:34:24 [INFO] [lib.training.pipeline:340]   Count: 3277 feature rows
2025-12-14 17:34:24 [INFO] [lib.training.pipeline:341] 
Runnable models: 1/1
2025-12-14 17:34:24 [INFO] [lib.training.pipeline:342]   ['slowfast']
2025-12-14 17:34:24 [INFO] [lib.training.pipeline:349] ================================================================================
2025-12-14 17:34:25 [INFO] [lib.training.pipeline:942] 
Stage 5: Loading metadata...
2025-12-14 17:34:25 [INFO] [lib.training.pipeline:968] Loaded metadata: 3278 rows
2025-12-14 17:34:25 [INFO] [lib.training.pipeline:978] ✓ Data validation passed: 3278 rows (> 3000 required)
2025-12-14 17:34:25 [WARNING] [lib.utils.guardrails:171] Disk usage high: free=825138.88GB, used=1674701.12GB (67.0%)
2025-12-14 17:34:25 [INFO] [lib.training.pipeline:1010] Stage 5: Found 3278 scaled videos
2025-12-14 17:34:25 [INFO] [lib.training.pipeline:1015] ================================================================================
2025-12-14 17:34:25 [INFO] [lib.training.pipeline:1016] STAGE 5: VALIDATING VIDEOS (checking for corruption and empty videos)
2025-12-14 17:34:25 [INFO] [lib.training.pipeline:1017] ================================================================================
2025-12-14 17:34:25 [INFO] [lib.data.loading:156] Checking file existence for 3278 videos...
2025-12-14 17:34:28 [INFO] [lib.data.loading:166] Found 3278 existing video files (filtered out 0 missing files)
2025-12-14 17:34:28 [INFO] [lib.data.loading:170] Checking for corrupted videos (moov atom errors, etc.)...
2025-12-14 17:34:29 [INFO] [lib.data.loading:92] Loaded validation cache from /gpfs/accounts/si670f25_class_root/si670f25_class/santoshd/fvc/data/.video_validation_cache/validation_0192be168a40eb7e_corruptTrue_framesTrue.parquet (3278 entries)
2025-12-14 17:34:29 [INFO] [lib.data.loading:194] Cache hit: 3278 videos, Cache miss: 0 videos
2025-12-14 17:34:30 [WARNING] [lib.data.loading:306] Filtered out 1 corrupted videos and 0 empty videos. Keeping 3277 valid videos.
2025-12-14 17:34:30 [WARNING] [lib.data.loading:311] Sample of invalid videos:
2025-12-14 17:34:30 [WARNING] [lib.data.loading:313]   data/scaled_videos/FX5aeuJFQ64_aug1_scaled_aug1.mp4: Corrupted video: moov atom not found
2025-12-14 17:34:30 [INFO] [lib.data.loading:323] Found /gpfs/accounts/si670f25_class_root/si670f25_class/santoshd/fvc/data/skip_frame_check.txt - skipping frame check as requested.
2025-12-14 17:34:30 [WARNING] [lib.data.loading:387] Filtered out 1 invalid videos (corrupted). Keeping 3277 valid videos.
2025-12-14 17:34:30 [INFO] [lib.training.pipeline:1029] ✓ Video validation complete: 3277 valid videos ready for training
2025-12-14 17:34:30 [INFO] [lib.training.pipeline:1030] ================================================================================
2025-12-14 17:34:30 [INFO] [lib.training.pipeline:1111] Enabling adaptive chunked frame loading for slowfast: initial_chunk_size=5, num_frames=500. Chunk size will adapt automatically based on OOM events (AIMD algorithm).
2025-12-14 17:34:30 [INFO] [lib.training.pipeline:1126] Frame caching enabled (default): cache_dir=data/.frame_cache. This will cache processed frames to disk to speed up training. First epoch will be slower (building cache), subsequent epochs will be faster. To disable, set FVC_USE_FRAME_CACHE=0
2025-12-14 17:34:30 [INFO] [lib.training.pipeline:1262] 
================================================================================
2025-12-14 17:34:30 [INFO] [lib.training.pipeline:1263] Stage 5: Training model: slowfast
2025-12-14 17:34:30 [INFO] [lib.training.pipeline:1264] ================================================================================
2025-12-14 17:34:30 [INFO] [lib.training.pipeline:1304] Grid search: 1 hyperparameter combinations to try
2025-12-14 17:34:30 [INFO] [lib.training.pipeline:1318] ================================================================================
2025-12-14 17:34:30 [INFO] [lib.training.pipeline:1319] HYPERPARAMETER SEARCH: Using 10.0% stratified sample for efficiency
2025-12-14 17:34:30 [INFO] [lib.training.pipeline:1320] ================================================================================
2025-12-14 17:34:30 [INFO] [lib.training.pipeline:1330] Hyperparameter search sample: 327 rows (10.0% of 3277 total)
2025-12-14 17:34:30 [INFO] [lib.training.pipeline:1331] To change sample size, set FVC_GRID_SEARCH_SAMPLE_SIZE environment variable (current: 0.1)
2025-12-14 17:34:30 [INFO] [lib.training.pipeline:1344] Using 5-fold stratified cross-validation on 10.0% sample for hyperparameter search
2025-12-14 17:34:30 [INFO] [lib.training.pipeline:1357] 
================================================================================
2025-12-14 17:34:30 [INFO] [lib.training.pipeline:1358] Grid Search: Hyperparameter combination 1/1
2025-12-14 17:34:30 [INFO] [lib.training.pipeline:1359] Parameters: {'learning_rate': 0.0001, 'backbone_lr': 5e-06, 'head_lr': 0.0005, 'weight_decay': 0.0001}
2025-12-14 17:34:30 [INFO] [lib.training.pipeline:1360] ================================================================================
2025-12-14 17:34:30 [INFO] [lib.training.pipeline:1382] 
Hyperparameter Search - slowfast - Fold 1/5 (10.0% sample)
2025-12-14 17:34:30 [INFO] [lib.training.pipeline:1478] Training configuration - Batch size: 1, Gradient accumulation steps: 32, Effective batch size: 32
2025-12-14 17:34:30 [INFO] [lib.training.pipeline:1523] Applied PyTorch memory optimizations: expandable_segments, cudnn.benchmark=False
2025-12-14 17:34:31 [INFO] [lib.training.slowfast:102] torchvision SlowFast not available. Trying PyTorch Hub (pytorchvideo)...
2025-12-14 17:34:31 [INFO] [lib.training.slowfast:108] Loading SlowFast R50 from PyTorch Hub (facebookresearch/pytorchvideo)...
2025-12-14 17:34:33 [INFO] [lib.training.slowfast:163] ✓ Loaded SlowFast from PyTorch Hub (pytorchvideo)
2025-12-14 17:34:33 [INFO] [lib.training.slowfast:188] ✓ Verified SlowFast model structure: Net
2025-12-14 17:34:41 [INFO] [lib.mlops.mlflow_tracker:89] MLflow run started: a199877e0efc4f24b3777fa39a882ba3 (experiment: slowfast)
2025-12-14 17:34:41 [INFO] [lib.training.pipeline:1616] Training PyTorch model slowfast on fold 1...
2025-12-14 17:34:41 [INFO] [lib.training.pipeline:1622] Performing HYPER-AGGRESSIVE GC before training slowfast...
2025-12-14 17:34:43 [INFO] [lib.training.pipeline:1632] Hyper-aggressive GC complete. GPU memory cleared.
2025-12-14 17:34:55 [ERROR] [lib.training.pipeline:1800] Model forward pass test failed: Sizes of tensors must match except in dimension 1. Expected size 63 but got size 125 for tensor number 1 in the list.
Traceback (most recent call last):
  File "/gpfs/accounts/si670f25_class_root/si670f25_class/santoshd/fvc/lib/training/pipeline.py", line 1748, in stage5_train_models
    sample_output = model(sample_clips)
                    ^^^^^^^^^^^^^^^^^^^
  File "/gpfs/accounts/si670f25_class_root/si670f25_class/santoshd/fvc/venv/lib/python3.11/site-packages/torch/nn/modules/module.py", line 1775, in _wrapped_call_impl
    return self._call_impl(*args, **kwargs)
           ^^^^^^^^^^^^^^^^^^^^^^^^^^^^^^^^
  File "/gpfs/accounts/si670f25_class_root/si670f25_class/santoshd/fvc/venv/lib/python3.11/site-packages/torch/nn/modules/module.py", line 1786, in _call_impl
    return forward_call(*args, **kwargs)
           ^^^^^^^^^^^^^^^^^^^^^^^^^^^^^
  File "/gpfs/accounts/si670f25_class_root/si670f25_class/santoshd/fvc/lib/training/slowfast.py", line 517, in forward
    return self.backbone([slow_x, fast_x])
           ^^^^^^^^^^^^^^^^^^^^^^^^^^^^^^^
  File "/gpfs/accounts/si670f25_class_root/si670f25_class/santoshd/fvc/venv/lib/python3.11/site-packages/torch/nn/modules/module.py", line 1775, in _wrapped_call_impl
    return self._call_impl(*args, **kwargs)
           ^^^^^^^^^^^^^^^^^^^^^^^^^^^^^^^^
  File "/gpfs/accounts/si670f25_class_root/si670f25_class/santoshd/fvc/venv/lib/python3.11/site-packages/torch/nn/modules/module.py", line 1786, in _call_impl
    return forward_call(*args, **kwargs)
           ^^^^^^^^^^^^^^^^^^^^^^^^^^^^^
  File "/home/suzanef/.cache/torch/hub/facebookresearch_pytorchvideo_main/pytorchvideo/models/net.py", line 43, in forward
    x = block(x)
        ^^^^^^^^
  File "/gpfs/accounts/si670f25_class_root/si670f25_class/santoshd/fvc/venv/lib/python3.11/site-packages/torch/nn/modules/module.py", line 1775, in _wrapped_call_impl
    return self._call_impl(*args, **kwargs)
           ^^^^^^^^^^^^^^^^^^^^^^^^^^^^^^^^
  File "/gpfs/accounts/si670f25_class_root/si670f25_class/santoshd/fvc/venv/lib/python3.11/site-packages/torch/nn/modules/module.py", line 1786, in _call_impl
    return forward_call(*args, **kwargs)
           ^^^^^^^^^^^^^^^^^^^^^^^^^^^^^
  File "/home/suzanef/.cache/torch/hub/facebookresearch_pytorchvideo_main/pytorchvideo/models/net.py", line 121, in forward
    x_out = self.multipathway_fusion(x_out)
            ^^^^^^^^^^^^^^^^^^^^^^^^^^^^^^^
  File "/gpfs/accounts/si670f25_class_root/si670f25_class/santoshd/fvc/venv/lib/python3.11/site-packages/torch/nn/modules/module.py", line 1775, in _wrapped_call_impl
    return self._call_impl(*args, **kwargs)
           ^^^^^^^^^^^^^^^^^^^^^^^^^^^^^^^^
  File "/gpfs/accounts/si670f25_class_root/si670f25_class/santoshd/fvc/venv/lib/python3.11/site-packages/torch/nn/modules/module.py", line 1786, in _call_impl
    return forward_call(*args, **kwargs)
           ^^^^^^^^^^^^^^^^^^^^^^^^^^^^^
  File "/home/suzanef/.cache/torch/hub/facebookresearch_pytorchvideo_main/pytorchvideo/models/slowfast.py", line 728, in forward
    x_s_fuse = torch.cat([x_s, fuse], 1)
               ^^^^^^^^^^^^^^^^^^^^^^^^^
RuntimeError: Sizes of tensors must match except in dimension 1. Expected size 63 but got size 125 for tensor number 1 in the list.
2025-12-14 17:34:55 [ERROR] [lib.training.pipeline:2109] Error training fold 1: Model initialization failed: Sizes of tensors must match except in dimension 1. Expected size 63 but got size 125 for tensor number 1 in the list.
Traceback (most recent call last):
  File "/gpfs/accounts/si670f25_class_root/si670f25_class/santoshd/fvc/lib/training/pipeline.py", line 1748, in stage5_train_models
    sample_output = model(sample_clips)
                    ^^^^^^^^^^^^^^^^^^^
  File "/gpfs/accounts/si670f25_class_root/si670f25_class/santoshd/fvc/venv/lib/python3.11/site-packages/torch/nn/modules/module.py", line 1775, in _wrapped_call_impl
    return self._call_impl(*args, **kwargs)
           ^^^^^^^^^^^^^^^^^^^^^^^^^^^^^^^^
  File "/gpfs/accounts/si670f25_class_root/si670f25_class/santoshd/fvc/venv/lib/python3.11/site-packages/torch/nn/modules/module.py", line 1786, in _call_impl
    return forward_call(*args, **kwargs)
           ^^^^^^^^^^^^^^^^^^^^^^^^^^^^^
  File "/gpfs/accounts/si670f25_class_root/si670f25_class/santoshd/fvc/lib/training/slowfast.py", line 517, in forward
    return self.backbone([slow_x, fast_x])
           ^^^^^^^^^^^^^^^^^^^^^^^^^^^^^^^
  File "/gpfs/accounts/si670f25_class_root/si670f25_class/santoshd/fvc/venv/lib/python3.11/site-packages/torch/nn/modules/module.py", line 1775, in _wrapped_call_impl
    return self._call_impl(*args, **kwargs)
           ^^^^^^^^^^^^^^^^^^^^^^^^^^^^^^^^
  File "/gpfs/accounts/si670f25_class_root/si670f25_class/santoshd/fvc/venv/lib/python3.11/site-packages/torch/nn/modules/module.py", line 1786, in _call_impl
    return forward_call(*args, **kwargs)
           ^^^^^^^^^^^^^^^^^^^^^^^^^^^^^
  File "/home/suzanef/.cache/torch/hub/facebookresearch_pytorchvideo_main/pytorchvideo/models/net.py", line 43, in forward
    x = block(x)
        ^^^^^^^^
  File "/gpfs/accounts/si670f25_class_root/si670f25_class/santoshd/fvc/venv/lib/python3.11/site-packages/torch/nn/modules/module.py", line 1775, in _wrapped_call_impl
    return self._call_impl(*args, **kwargs)
           ^^^^^^^^^^^^^^^^^^^^^^^^^^^^^^^^
  File "/gpfs/accounts/si670f25_class_root/si670f25_class/santoshd/fvc/venv/lib/python3.11/site-packages/torch/nn/modules/module.py", line 1786, in _call_impl
    return forward_call(*args, **kwargs)
           ^^^^^^^^^^^^^^^^^^^^^^^^^^^^^
  File "/home/suzanef/.cache/torch/hub/facebookresearch_pytorchvideo_main/pytorchvideo/models/net.py", line 121, in forward
    x_out = self.multipathway_fusion(x_out)
            ^^^^^^^^^^^^^^^^^^^^^^^^^^^^^^^
  File "/gpfs/accounts/si670f25_class_root/si670f25_class/santoshd/fvc/venv/lib/python3.11/site-packages/torch/nn/modules/module.py", line 1775, in _wrapped_call_impl
    return self._call_impl(*args, **kwargs)
           ^^^^^^^^^^^^^^^^^^^^^^^^^^^^^^^^
  File "/gpfs/accounts/si670f25_class_root/si670f25_class/santoshd/fvc/venv/lib/python3.11/site-packages/torch/nn/modules/module.py", line 1786, in _call_impl
    return forward_call(*args, **kwargs)
           ^^^^^^^^^^^^^^^^^^^^^^^^^^^^^
  File "/home/suzanef/.cache/torch/hub/facebookresearch_pytorchvideo_main/pytorchvideo/models/slowfast.py", line 728, in forward
    x_s_fuse = torch.cat([x_s, fuse], 1)
               ^^^^^^^^^^^^^^^^^^^^^^^^^
RuntimeError: Sizes of tensors must match except in dimension 1. Expected size 63 but got size 125 for tensor number 1 in the list.

The above exception was the direct cause of the following exception:

Traceback (most recent call last):
  File "/gpfs/accounts/si670f25_class_root/si670f25_class/santoshd/fvc/lib/training/pipeline.py", line 1801, in stage5_train_models
    raise ValueError(f"Model initialization failed: {e}") from e
ValueError: Model initialization failed: Sizes of tensors must match except in dimension 1. Expected size 63 but got size 125 for tensor number 1 in the list.
2025-12-14 17:34:55 [INFO] [lib.mlops.mlflow_tracker:142] MLflow run ended: a199877e0efc4f24b3777fa39a882ba3
2025-12-14 17:34:56 [INFO] [lib.training.pipeline:1382] 
Hyperparameter Search - slowfast - Fold 2/5 (10.0% sample)
2025-12-14 17:34:56 [INFO] [lib.training.pipeline:1478] Training configuration - Batch size: 1, Gradient accumulation steps: 32, Effective batch size: 32
2025-12-14 17:34:56 [INFO] [lib.training.pipeline:1523] Applied PyTorch memory optimizations: expandable_segments, cudnn.benchmark=False
2025-12-14 17:34:56 [INFO] [lib.training.slowfast:102] torchvision SlowFast not available. Trying PyTorch Hub (pytorchvideo)...
2025-12-14 17:34:56 [INFO] [lib.training.slowfast:108] Loading SlowFast R50 from PyTorch Hub (facebookresearch/pytorchvideo)...
2025-12-14 17:34:57 [INFO] [lib.training.slowfast:163] ✓ Loaded SlowFast from PyTorch Hub (pytorchvideo)
2025-12-14 17:34:57 [INFO] [lib.training.slowfast:188] ✓ Verified SlowFast model structure: Net
2025-12-14 17:34:57 [INFO] [lib.mlops.mlflow_tracker:89] MLflow run started: 69454078fe084e2b994da3676e5f2fe5 (experiment: slowfast)
2025-12-14 17:34:57 [INFO] [lib.training.pipeline:1616] Training PyTorch model slowfast on fold 2...
2025-12-14 17:34:57 [INFO] [lib.training.pipeline:1622] Performing HYPER-AGGRESSIVE GC before training slowfast...
2025-12-14 17:34:59 [INFO] [lib.training.pipeline:1632] Hyper-aggressive GC complete. GPU memory cleared.
2025-12-14 17:35:02 [ERROR] [lib.training.pipeline:1800] Model forward pass test failed: Sizes of tensors must match except in dimension 1. Expected size 63 but got size 125 for tensor number 1 in the list.
Traceback (most recent call last):
  File "/gpfs/accounts/si670f25_class_root/si670f25_class/santoshd/fvc/lib/training/pipeline.py", line 1748, in stage5_train_models
    sample_output = model(sample_clips)
                    ^^^^^^^^^^^^^^^^^^^
  File "/gpfs/accounts/si670f25_class_root/si670f25_class/santoshd/fvc/venv/lib/python3.11/site-packages/torch/nn/modules/module.py", line 1775, in _wrapped_call_impl
    return self._call_impl(*args, **kwargs)
           ^^^^^^^^^^^^^^^^^^^^^^^^^^^^^^^^
  File "/gpfs/accounts/si670f25_class_root/si670f25_class/santoshd/fvc/venv/lib/python3.11/site-packages/torch/nn/modules/module.py", line 1786, in _call_impl
    return forward_call(*args, **kwargs)
           ^^^^^^^^^^^^^^^^^^^^^^^^^^^^^
  File "/gpfs/accounts/si670f25_class_root/si670f25_class/santoshd/fvc/lib/training/slowfast.py", line 517, in forward
    return self.backbone([slow_x, fast_x])
           ^^^^^^^^^^^^^^^^^^^^^^^^^^^^^^^
  File "/gpfs/accounts/si670f25_class_root/si670f25_class/santoshd/fvc/venv/lib/python3.11/site-packages/torch/nn/modules/module.py", line 1775, in _wrapped_call_impl
    return self._call_impl(*args, **kwargs)
           ^^^^^^^^^^^^^^^^^^^^^^^^^^^^^^^^
  File "/gpfs/accounts/si670f25_class_root/si670f25_class/santoshd/fvc/venv/lib/python3.11/site-packages/torch/nn/modules/module.py", line 1786, in _call_impl
    return forward_call(*args, **kwargs)
           ^^^^^^^^^^^^^^^^^^^^^^^^^^^^^
  File "/home/suzanef/.cache/torch/hub/facebookresearch_pytorchvideo_main/pytorchvideo/models/net.py", line 43, in forward
    x = block(x)
        ^^^^^^^^
  File "/gpfs/accounts/si670f25_class_root/si670f25_class/santoshd/fvc/venv/lib/python3.11/site-packages/torch/nn/modules/module.py", line 1775, in _wrapped_call_impl
    return self._call_impl(*args, **kwargs)
           ^^^^^^^^^^^^^^^^^^^^^^^^^^^^^^^^
  File "/gpfs/accounts/si670f25_class_root/si670f25_class/santoshd/fvc/venv/lib/python3.11/site-packages/torch/nn/modules/module.py", line 1786, in _call_impl
    return forward_call(*args, **kwargs)
           ^^^^^^^^^^^^^^^^^^^^^^^^^^^^^
  File "/home/suzanef/.cache/torch/hub/facebookresearch_pytorchvideo_main/pytorchvideo/models/net.py", line 121, in forward
    x_out = self.multipathway_fusion(x_out)
            ^^^^^^^^^^^^^^^^^^^^^^^^^^^^^^^
  File "/gpfs/accounts/si670f25_class_root/si670f25_class/santoshd/fvc/venv/lib/python3.11/site-packages/torch/nn/modules/module.py", line 1775, in _wrapped_call_impl
    return self._call_impl(*args, **kwargs)
           ^^^^^^^^^^^^^^^^^^^^^^^^^^^^^^^^
  File "/gpfs/accounts/si670f25_class_root/si670f25_class/santoshd/fvc/venv/lib/python3.11/site-packages/torch/nn/modules/module.py", line 1786, in _call_impl
    return forward_call(*args, **kwargs)
           ^^^^^^^^^^^^^^^^^^^^^^^^^^^^^
  File "/home/suzanef/.cache/torch/hub/facebookresearch_pytorchvideo_main/pytorchvideo/models/slowfast.py", line 728, in forward
    x_s_fuse = torch.cat([x_s, fuse], 1)
               ^^^^^^^^^^^^^^^^^^^^^^^^^
RuntimeError: Sizes of tensors must match except in dimension 1. Expected size 63 but got size 125 for tensor number 1 in the list.
2025-12-14 17:35:02 [ERROR] [lib.training.pipeline:2109] Error training fold 2: Model initialization failed: Sizes of tensors must match except in dimension 1. Expected size 63 but got size 125 for tensor number 1 in the list.
Traceback (most recent call last):
  File "/gpfs/accounts/si670f25_class_root/si670f25_class/santoshd/fvc/lib/training/pipeline.py", line 1748, in stage5_train_models
    sample_output = model(sample_clips)
                    ^^^^^^^^^^^^^^^^^^^
  File "/gpfs/accounts/si670f25_class_root/si670f25_class/santoshd/fvc/venv/lib/python3.11/site-packages/torch/nn/modules/module.py", line 1775, in _wrapped_call_impl
    return self._call_impl(*args, **kwargs)
           ^^^^^^^^^^^^^^^^^^^^^^^^^^^^^^^^
  File "/gpfs/accounts/si670f25_class_root/si670f25_class/santoshd/fvc/venv/lib/python3.11/site-packages/torch/nn/modules/module.py", line 1786, in _call_impl
    return forward_call(*args, **kwargs)
           ^^^^^^^^^^^^^^^^^^^^^^^^^^^^^
  File "/gpfs/accounts/si670f25_class_root/si670f25_class/santoshd/fvc/lib/training/slowfast.py", line 517, in forward
    return self.backbone([slow_x, fast_x])
           ^^^^^^^^^^^^^^^^^^^^^^^^^^^^^^^
  File "/gpfs/accounts/si670f25_class_root/si670f25_class/santoshd/fvc/venv/lib/python3.11/site-packages/torch/nn/modules/module.py", line 1775, in _wrapped_call_impl
    return self._call_impl(*args, **kwargs)
           ^^^^^^^^^^^^^^^^^^^^^^^^^^^^^^^^
  File "/gpfs/accounts/si670f25_class_root/si670f25_class/santoshd/fvc/venv/lib/python3.11/site-packages/torch/nn/modules/module.py", line 1786, in _call_impl
    return forward_call(*args, **kwargs)
           ^^^^^^^^^^^^^^^^^^^^^^^^^^^^^
  File "/home/suzanef/.cache/torch/hub/facebookresearch_pytorchvideo_main/pytorchvideo/models/net.py", line 43, in forward
    x = block(x)
        ^^^^^^^^
  File "/gpfs/accounts/si670f25_class_root/si670f25_class/santoshd/fvc/venv/lib/python3.11/site-packages/torch/nn/modules/module.py", line 1775, in _wrapped_call_impl
    return self._call_impl(*args, **kwargs)
           ^^^^^^^^^^^^^^^^^^^^^^^^^^^^^^^^
  File "/gpfs/accounts/si670f25_class_root/si670f25_class/santoshd/fvc/venv/lib/python3.11/site-packages/torch/nn/modules/module.py", line 1786, in _call_impl
    return forward_call(*args, **kwargs)
           ^^^^^^^^^^^^^^^^^^^^^^^^^^^^^
  File "/home/suzanef/.cache/torch/hub/facebookresearch_pytorchvideo_main/pytorchvideo/models/net.py", line 121, in forward
    x_out = self.multipathway_fusion(x_out)
            ^^^^^^^^^^^^^^^^^^^^^^^^^^^^^^^
  File "/gpfs/accounts/si670f25_class_root/si670f25_class/santoshd/fvc/venv/lib/python3.11/site-packages/torch/nn/modules/module.py", line 1775, in _wrapped_call_impl
    return self._call_impl(*args, **kwargs)
           ^^^^^^^^^^^^^^^^^^^^^^^^^^^^^^^^
  File "/gpfs/accounts/si670f25_class_root/si670f25_class/santoshd/fvc/venv/lib/python3.11/site-packages/torch/nn/modules/module.py", line 1786, in _call_impl
    return forward_call(*args, **kwargs)
           ^^^^^^^^^^^^^^^^^^^^^^^^^^^^^
  File "/home/suzanef/.cache/torch/hub/facebookresearch_pytorchvideo_main/pytorchvideo/models/slowfast.py", line 728, in forward
    x_s_fuse = torch.cat([x_s, fuse], 1)
               ^^^^^^^^^^^^^^^^^^^^^^^^^
RuntimeError: Sizes of tensors must match except in dimension 1. Expected size 63 but got size 125 for tensor number 1 in the list.

The above exception was the direct cause of the following exception:

Traceback (most recent call last):
  File "/gpfs/accounts/si670f25_class_root/si670f25_class/santoshd/fvc/lib/training/pipeline.py", line 1801, in stage5_train_models
    raise ValueError(f"Model initialization failed: {e}") from e
ValueError: Model initialization failed: Sizes of tensors must match except in dimension 1. Expected size 63 but got size 125 for tensor number 1 in the list.
2025-12-14 17:35:02 [INFO] [lib.mlops.mlflow_tracker:142] MLflow run ended: 69454078fe084e2b994da3676e5f2fe5
2025-12-14 17:35:02 [INFO] [lib.training.pipeline:1382] 
Hyperparameter Search - slowfast - Fold 3/5 (10.0% sample)
2025-12-14 17:35:02 [INFO] [lib.training.pipeline:1478] Training configuration - Batch size: 1, Gradient accumulation steps: 32, Effective batch size: 32
2025-12-14 17:35:02 [INFO] [lib.training.pipeline:1523] Applied PyTorch memory optimizations: expandable_segments, cudnn.benchmark=False
2025-12-14 17:35:02 [INFO] [lib.training.slowfast:102] torchvision SlowFast not available. Trying PyTorch Hub (pytorchvideo)...
2025-12-14 17:35:02 [INFO] [lib.training.slowfast:108] Loading SlowFast R50 from PyTorch Hub (facebookresearch/pytorchvideo)...
2025-12-14 17:35:03 [INFO] [lib.training.slowfast:163] ✓ Loaded SlowFast from PyTorch Hub (pytorchvideo)
2025-12-14 17:35:03 [INFO] [lib.training.slowfast:188] ✓ Verified SlowFast model structure: Net
2025-12-14 17:35:03 [INFO] [lib.mlops.mlflow_tracker:89] MLflow run started: c3b0985551314854b5d2fe5581c66aed (experiment: slowfast)
2025-12-14 17:35:03 [INFO] [lib.training.pipeline:1616] Training PyTorch model slowfast on fold 3...
2025-12-14 17:35:03 [INFO] [lib.training.pipeline:1622] Performing HYPER-AGGRESSIVE GC before training slowfast...
2025-12-14 17:35:05 [INFO] [lib.training.pipeline:1632] Hyper-aggressive GC complete. GPU memory cleared.
2025-12-14 17:35:08 [ERROR] [lib.training.pipeline:1800] Model forward pass test failed: Sizes of tensors must match except in dimension 1. Expected size 63 but got size 125 for tensor number 1 in the list.
Traceback (most recent call last):
  File "/gpfs/accounts/si670f25_class_root/si670f25_class/santoshd/fvc/lib/training/pipeline.py", line 1748, in stage5_train_models
    sample_output = model(sample_clips)
                    ^^^^^^^^^^^^^^^^^^^
  File "/gpfs/accounts/si670f25_class_root/si670f25_class/santoshd/fvc/venv/lib/python3.11/site-packages/torch/nn/modules/module.py", line 1775, in _wrapped_call_impl
    return self._call_impl(*args, **kwargs)
           ^^^^^^^^^^^^^^^^^^^^^^^^^^^^^^^^
  File "/gpfs/accounts/si670f25_class_root/si670f25_class/santoshd/fvc/venv/lib/python3.11/site-packages/torch/nn/modules/module.py", line 1786, in _call_impl
    return forward_call(*args, **kwargs)
           ^^^^^^^^^^^^^^^^^^^^^^^^^^^^^
  File "/gpfs/accounts/si670f25_class_root/si670f25_class/santoshd/fvc/lib/training/slowfast.py", line 517, in forward
    return self.backbone([slow_x, fast_x])
           ^^^^^^^^^^^^^^^^^^^^^^^^^^^^^^^
  File "/gpfs/accounts/si670f25_class_root/si670f25_class/santoshd/fvc/venv/lib/python3.11/site-packages/torch/nn/modules/module.py", line 1775, in _wrapped_call_impl
    return self._call_impl(*args, **kwargs)
           ^^^^^^^^^^^^^^^^^^^^^^^^^^^^^^^^
  File "/gpfs/accounts/si670f25_class_root/si670f25_class/santoshd/fvc/venv/lib/python3.11/site-packages/torch/nn/modules/module.py", line 1786, in _call_impl
    return forward_call(*args, **kwargs)
           ^^^^^^^^^^^^^^^^^^^^^^^^^^^^^
  File "/home/suzanef/.cache/torch/hub/facebookresearch_pytorchvideo_main/pytorchvideo/models/net.py", line 43, in forward
    x = block(x)
        ^^^^^^^^
  File "/gpfs/accounts/si670f25_class_root/si670f25_class/santoshd/fvc/venv/lib/python3.11/site-packages/torch/nn/modules/module.py", line 1775, in _wrapped_call_impl
    return self._call_impl(*args, **kwargs)
           ^^^^^^^^^^^^^^^^^^^^^^^^^^^^^^^^
  File "/gpfs/accounts/si670f25_class_root/si670f25_class/santoshd/fvc/venv/lib/python3.11/site-packages/torch/nn/modules/module.py", line 1786, in _call_impl
    return forward_call(*args, **kwargs)
           ^^^^^^^^^^^^^^^^^^^^^^^^^^^^^
  File "/home/suzanef/.cache/torch/hub/facebookresearch_pytorchvideo_main/pytorchvideo/models/net.py", line 121, in forward
    x_out = self.multipathway_fusion(x_out)
            ^^^^^^^^^^^^^^^^^^^^^^^^^^^^^^^
  File "/gpfs/accounts/si670f25_class_root/si670f25_class/santoshd/fvc/venv/lib/python3.11/site-packages/torch/nn/modules/module.py", line 1775, in _wrapped_call_impl
    return self._call_impl(*args, **kwargs)
           ^^^^^^^^^^^^^^^^^^^^^^^^^^^^^^^^
  File "/gpfs/accounts/si670f25_class_root/si670f25_class/santoshd/fvc/venv/lib/python3.11/site-packages/torch/nn/modules/module.py", line 1786, in _call_impl
    return forward_call(*args, **kwargs)
           ^^^^^^^^^^^^^^^^^^^^^^^^^^^^^
  File "/home/suzanef/.cache/torch/hub/facebookresearch_pytorchvideo_main/pytorchvideo/models/slowfast.py", line 728, in forward
    x_s_fuse = torch.cat([x_s, fuse], 1)
               ^^^^^^^^^^^^^^^^^^^^^^^^^
RuntimeError: Sizes of tensors must match except in dimension 1. Expected size 63 but got size 125 for tensor number 1 in the list.
2025-12-14 17:35:08 [ERROR] [lib.training.pipeline:2109] Error training fold 3: Model initialization failed: Sizes of tensors must match except in dimension 1. Expected size 63 but got size 125 for tensor number 1 in the list.
Traceback (most recent call last):
  File "/gpfs/accounts/si670f25_class_root/si670f25_class/santoshd/fvc/lib/training/pipeline.py", line 1748, in stage5_train_models
    sample_output = model(sample_clips)
                    ^^^^^^^^^^^^^^^^^^^
  File "/gpfs/accounts/si670f25_class_root/si670f25_class/santoshd/fvc/venv/lib/python3.11/site-packages/torch/nn/modules/module.py", line 1775, in _wrapped_call_impl
    return self._call_impl(*args, **kwargs)
           ^^^^^^^^^^^^^^^^^^^^^^^^^^^^^^^^
  File "/gpfs/accounts/si670f25_class_root/si670f25_class/santoshd/fvc/venv/lib/python3.11/site-packages/torch/nn/modules/module.py", line 1786, in _call_impl
    return forward_call(*args, **kwargs)
           ^^^^^^^^^^^^^^^^^^^^^^^^^^^^^
  File "/gpfs/accounts/si670f25_class_root/si670f25_class/santoshd/fvc/lib/training/slowfast.py", line 517, in forward
    return self.backbone([slow_x, fast_x])
           ^^^^^^^^^^^^^^^^^^^^^^^^^^^^^^^
  File "/gpfs/accounts/si670f25_class_root/si670f25_class/santoshd/fvc/venv/lib/python3.11/site-packages/torch/nn/modules/module.py", line 1775, in _wrapped_call_impl
    return self._call_impl(*args, **kwargs)
           ^^^^^^^^^^^^^^^^^^^^^^^^^^^^^^^^
  File "/gpfs/accounts/si670f25_class_root/si670f25_class/santoshd/fvc/venv/lib/python3.11/site-packages/torch/nn/modules/module.py", line 1786, in _call_impl
    return forward_call(*args, **kwargs)
           ^^^^^^^^^^^^^^^^^^^^^^^^^^^^^
  File "/home/suzanef/.cache/torch/hub/facebookresearch_pytorchvideo_main/pytorchvideo/models/net.py", line 43, in forward
    x = block(x)
        ^^^^^^^^
  File "/gpfs/accounts/si670f25_class_root/si670f25_class/santoshd/fvc/venv/lib/python3.11/site-packages/torch/nn/modules/module.py", line 1775, in _wrapped_call_impl
    return self._call_impl(*args, **kwargs)
           ^^^^^^^^^^^^^^^^^^^^^^^^^^^^^^^^
  File "/gpfs/accounts/si670f25_class_root/si670f25_class/santoshd/fvc/venv/lib/python3.11/site-packages/torch/nn/modules/module.py", line 1786, in _call_impl
    return forward_call(*args, **kwargs)
           ^^^^^^^^^^^^^^^^^^^^^^^^^^^^^
  File "/home/suzanef/.cache/torch/hub/facebookresearch_pytorchvideo_main/pytorchvideo/models/net.py", line 121, in forward
    x_out = self.multipathway_fusion(x_out)
            ^^^^^^^^^^^^^^^^^^^^^^^^^^^^^^^
  File "/gpfs/accounts/si670f25_class_root/si670f25_class/santoshd/fvc/venv/lib/python3.11/site-packages/torch/nn/modules/module.py", line 1775, in _wrapped_call_impl
    return self._call_impl(*args, **kwargs)
           ^^^^^^^^^^^^^^^^^^^^^^^^^^^^^^^^
  File "/gpfs/accounts/si670f25_class_root/si670f25_class/santoshd/fvc/venv/lib/python3.11/site-packages/torch/nn/modules/module.py", line 1786, in _call_impl
    return forward_call(*args, **kwargs)
           ^^^^^^^^^^^^^^^^^^^^^^^^^^^^^
  File "/home/suzanef/.cache/torch/hub/facebookresearch_pytorchvideo_main/pytorchvideo/models/slowfast.py", line 728, in forward
    x_s_fuse = torch.cat([x_s, fuse], 1)
               ^^^^^^^^^^^^^^^^^^^^^^^^^
RuntimeError: Sizes of tensors must match except in dimension 1. Expected size 63 but got size 125 for tensor number 1 in the list.

The above exception was the direct cause of the following exception:

Traceback (most recent call last):
  File "/gpfs/accounts/si670f25_class_root/si670f25_class/santoshd/fvc/lib/training/pipeline.py", line 1801, in stage5_train_models
    raise ValueError(f"Model initialization failed: {e}") from e
ValueError: Model initialization failed: Sizes of tensors must match except in dimension 1. Expected size 63 but got size 125 for tensor number 1 in the list.
2025-12-14 17:35:08 [INFO] [lib.mlops.mlflow_tracker:142] MLflow run ended: c3b0985551314854b5d2fe5581c66aed
2025-12-14 17:35:08 [INFO] [lib.training.pipeline:1382] 
Hyperparameter Search - slowfast - Fold 4/5 (10.0% sample)
2025-12-14 17:35:08 [INFO] [lib.training.pipeline:1478] Training configuration - Batch size: 1, Gradient accumulation steps: 32, Effective batch size: 32
2025-12-14 17:35:09 [INFO] [lib.training.pipeline:1523] Applied PyTorch memory optimizations: expandable_segments, cudnn.benchmark=False
2025-12-14 17:35:09 [INFO] [lib.training.slowfast:102] torchvision SlowFast not available. Trying PyTorch Hub (pytorchvideo)...
2025-12-14 17:35:09 [INFO] [lib.training.slowfast:108] Loading SlowFast R50 from PyTorch Hub (facebookresearch/pytorchvideo)...
2025-12-14 17:35:09 [INFO] [lib.training.slowfast:163] ✓ Loaded SlowFast from PyTorch Hub (pytorchvideo)
2025-12-14 17:35:09 [INFO] [lib.training.slowfast:188] ✓ Verified SlowFast model structure: Net
2025-12-14 17:35:09 [INFO] [lib.mlops.mlflow_tracker:89] MLflow run started: e1c0925eb97a402dbf48eb5b9f0dac55 (experiment: slowfast)
2025-12-14 17:35:09 [INFO] [lib.training.pipeline:1616] Training PyTorch model slowfast on fold 4...
2025-12-14 17:35:09 [INFO] [lib.training.pipeline:1622] Performing HYPER-AGGRESSIVE GC before training slowfast...
2025-12-14 17:35:11 [INFO] [lib.training.pipeline:1632] Hyper-aggressive GC complete. GPU memory cleared.
2025-12-14 17:35:14 [ERROR] [lib.training.pipeline:1800] Model forward pass test failed: Sizes of tensors must match except in dimension 1. Expected size 63 but got size 125 for tensor number 1 in the list.
Traceback (most recent call last):
  File "/gpfs/accounts/si670f25_class_root/si670f25_class/santoshd/fvc/lib/training/pipeline.py", line 1748, in stage5_train_models
    sample_output = model(sample_clips)
                    ^^^^^^^^^^^^^^^^^^^
  File "/gpfs/accounts/si670f25_class_root/si670f25_class/santoshd/fvc/venv/lib/python3.11/site-packages/torch/nn/modules/module.py", line 1775, in _wrapped_call_impl
    return self._call_impl(*args, **kwargs)
           ^^^^^^^^^^^^^^^^^^^^^^^^^^^^^^^^
  File "/gpfs/accounts/si670f25_class_root/si670f25_class/santoshd/fvc/venv/lib/python3.11/site-packages/torch/nn/modules/module.py", line 1786, in _call_impl
    return forward_call(*args, **kwargs)
           ^^^^^^^^^^^^^^^^^^^^^^^^^^^^^
  File "/gpfs/accounts/si670f25_class_root/si670f25_class/santoshd/fvc/lib/training/slowfast.py", line 517, in forward
    return self.backbone([slow_x, fast_x])
           ^^^^^^^^^^^^^^^^^^^^^^^^^^^^^^^
  File "/gpfs/accounts/si670f25_class_root/si670f25_class/santoshd/fvc/venv/lib/python3.11/site-packages/torch/nn/modules/module.py", line 1775, in _wrapped_call_impl
    return self._call_impl(*args, **kwargs)
           ^^^^^^^^^^^^^^^^^^^^^^^^^^^^^^^^
  File "/gpfs/accounts/si670f25_class_root/si670f25_class/santoshd/fvc/venv/lib/python3.11/site-packages/torch/nn/modules/module.py", line 1786, in _call_impl
    return forward_call(*args, **kwargs)
           ^^^^^^^^^^^^^^^^^^^^^^^^^^^^^
  File "/home/suzanef/.cache/torch/hub/facebookresearch_pytorchvideo_main/pytorchvideo/models/net.py", line 43, in forward
    x = block(x)
        ^^^^^^^^
  File "/gpfs/accounts/si670f25_class_root/si670f25_class/santoshd/fvc/venv/lib/python3.11/site-packages/torch/nn/modules/module.py", line 1775, in _wrapped_call_impl
    return self._call_impl(*args, **kwargs)
           ^^^^^^^^^^^^^^^^^^^^^^^^^^^^^^^^
  File "/gpfs/accounts/si670f25_class_root/si670f25_class/santoshd/fvc/venv/lib/python3.11/site-packages/torch/nn/modules/module.py", line 1786, in _call_impl
    return forward_call(*args, **kwargs)
           ^^^^^^^^^^^^^^^^^^^^^^^^^^^^^
  File "/home/suzanef/.cache/torch/hub/facebookresearch_pytorchvideo_main/pytorchvideo/models/net.py", line 121, in forward
    x_out = self.multipathway_fusion(x_out)
            ^^^^^^^^^^^^^^^^^^^^^^^^^^^^^^^
  File "/gpfs/accounts/si670f25_class_root/si670f25_class/santoshd/fvc/venv/lib/python3.11/site-packages/torch/nn/modules/module.py", line 1775, in _wrapped_call_impl
    return self._call_impl(*args, **kwargs)
           ^^^^^^^^^^^^^^^^^^^^^^^^^^^^^^^^
  File "/gpfs/accounts/si670f25_class_root/si670f25_class/santoshd/fvc/venv/lib/python3.11/site-packages/torch/nn/modules/module.py", line 1786, in _call_impl
    return forward_call(*args, **kwargs)
           ^^^^^^^^^^^^^^^^^^^^^^^^^^^^^
  File "/home/suzanef/.cache/torch/hub/facebookresearch_pytorchvideo_main/pytorchvideo/models/slowfast.py", line 728, in forward
    x_s_fuse = torch.cat([x_s, fuse], 1)
               ^^^^^^^^^^^^^^^^^^^^^^^^^
RuntimeError: Sizes of tensors must match except in dimension 1. Expected size 63 but got size 125 for tensor number 1 in the list.
2025-12-14 17:35:14 [ERROR] [lib.training.pipeline:2109] Error training fold 4: Model initialization failed: Sizes of tensors must match except in dimension 1. Expected size 63 but got size 125 for tensor number 1 in the list.
Traceback (most recent call last):
  File "/gpfs/accounts/si670f25_class_root/si670f25_class/santoshd/fvc/lib/training/pipeline.py", line 1748, in stage5_train_models
    sample_output = model(sample_clips)
                    ^^^^^^^^^^^^^^^^^^^
  File "/gpfs/accounts/si670f25_class_root/si670f25_class/santoshd/fvc/venv/lib/python3.11/site-packages/torch/nn/modules/module.py", line 1775, in _wrapped_call_impl
    return self._call_impl(*args, **kwargs)
           ^^^^^^^^^^^^^^^^^^^^^^^^^^^^^^^^
  File "/gpfs/accounts/si670f25_class_root/si670f25_class/santoshd/fvc/venv/lib/python3.11/site-packages/torch/nn/modules/module.py", line 1786, in _call_impl
    return forward_call(*args, **kwargs)
           ^^^^^^^^^^^^^^^^^^^^^^^^^^^^^
  File "/gpfs/accounts/si670f25_class_root/si670f25_class/santoshd/fvc/lib/training/slowfast.py", line 517, in forward
    return self.backbone([slow_x, fast_x])
           ^^^^^^^^^^^^^^^^^^^^^^^^^^^^^^^
  File "/gpfs/accounts/si670f25_class_root/si670f25_class/santoshd/fvc/venv/lib/python3.11/site-packages/torch/nn/modules/module.py", line 1775, in _wrapped_call_impl
    return self._call_impl(*args, **kwargs)
           ^^^^^^^^^^^^^^^^^^^^^^^^^^^^^^^^
  File "/gpfs/accounts/si670f25_class_root/si670f25_class/santoshd/fvc/venv/lib/python3.11/site-packages/torch/nn/modules/module.py", line 1786, in _call_impl
    return forward_call(*args, **kwargs)
           ^^^^^^^^^^^^^^^^^^^^^^^^^^^^^
  File "/home/suzanef/.cache/torch/hub/facebookresearch_pytorchvideo_main/pytorchvideo/models/net.py", line 43, in forward
    x = block(x)
        ^^^^^^^^
  File "/gpfs/accounts/si670f25_class_root/si670f25_class/santoshd/fvc/venv/lib/python3.11/site-packages/torch/nn/modules/module.py", line 1775, in _wrapped_call_impl
    return self._call_impl(*args, **kwargs)
           ^^^^^^^^^^^^^^^^^^^^^^^^^^^^^^^^
  File "/gpfs/accounts/si670f25_class_root/si670f25_class/santoshd/fvc/venv/lib/python3.11/site-packages/torch/nn/modules/module.py", line 1786, in _call_impl
    return forward_call(*args, **kwargs)
           ^^^^^^^^^^^^^^^^^^^^^^^^^^^^^
  File "/home/suzanef/.cache/torch/hub/facebookresearch_pytorchvideo_main/pytorchvideo/models/net.py", line 121, in forward
    x_out = self.multipathway_fusion(x_out)
            ^^^^^^^^^^^^^^^^^^^^^^^^^^^^^^^
  File "/gpfs/accounts/si670f25_class_root/si670f25_class/santoshd/fvc/venv/lib/python3.11/site-packages/torch/nn/modules/module.py", line 1775, in _wrapped_call_impl
    return self._call_impl(*args, **kwargs)
           ^^^^^^^^^^^^^^^^^^^^^^^^^^^^^^^^
  File "/gpfs/accounts/si670f25_class_root/si670f25_class/santoshd/fvc/venv/lib/python3.11/site-packages/torch/nn/modules/module.py", line 1786, in _call_impl
    return forward_call(*args, **kwargs)
           ^^^^^^^^^^^^^^^^^^^^^^^^^^^^^
  File "/home/suzanef/.cache/torch/hub/facebookresearch_pytorchvideo_main/pytorchvideo/models/slowfast.py", line 728, in forward
    x_s_fuse = torch.cat([x_s, fuse], 1)
               ^^^^^^^^^^^^^^^^^^^^^^^^^
RuntimeError: Sizes of tensors must match except in dimension 1. Expected size 63 but got size 125 for tensor number 1 in the list.

The above exception was the direct cause of the following exception:

Traceback (most recent call last):
  File "/gpfs/accounts/si670f25_class_root/si670f25_class/santoshd/fvc/lib/training/pipeline.py", line 1801, in stage5_train_models
    raise ValueError(f"Model initialization failed: {e}") from e
ValueError: Model initialization failed: Sizes of tensors must match except in dimension 1. Expected size 63 but got size 125 for tensor number 1 in the list.
2025-12-14 17:35:14 [INFO] [lib.mlops.mlflow_tracker:142] MLflow run ended: e1c0925eb97a402dbf48eb5b9f0dac55
2025-12-14 17:35:14 [INFO] [lib.training.pipeline:1382] 
Hyperparameter Search - slowfast - Fold 5/5 (10.0% sample)
2025-12-14 17:35:14 [INFO] [lib.training.pipeline:1478] Training configuration - Batch size: 1, Gradient accumulation steps: 32, Effective batch size: 32
2025-12-14 17:35:15 [INFO] [lib.training.pipeline:1523] Applied PyTorch memory optimizations: expandable_segments, cudnn.benchmark=False
2025-12-14 17:35:15 [INFO] [lib.training.slowfast:102] torchvision SlowFast not available. Trying PyTorch Hub (pytorchvideo)...
2025-12-14 17:35:15 [INFO] [lib.training.slowfast:108] Loading SlowFast R50 from PyTorch Hub (facebookresearch/pytorchvideo)...
2025-12-14 17:35:15 [INFO] [lib.training.slowfast:163] ✓ Loaded SlowFast from PyTorch Hub (pytorchvideo)
2025-12-14 17:35:15 [INFO] [lib.training.slowfast:188] ✓ Verified SlowFast model structure: Net
2025-12-14 17:35:15 [INFO] [lib.mlops.mlflow_tracker:89] MLflow run started: ea34fce7b9fa449c8f347381d96cdb4a (experiment: slowfast)
2025-12-14 17:35:15 [INFO] [lib.training.pipeline:1616] Training PyTorch model slowfast on fold 5...
2025-12-14 17:35:15 [INFO] [lib.training.pipeline:1622] Performing HYPER-AGGRESSIVE GC before training slowfast...
2025-12-14 17:35:17 [INFO] [lib.training.pipeline:1632] Hyper-aggressive GC complete. GPU memory cleared.
2025-12-14 17:35:20 [ERROR] [lib.training.pipeline:1800] Model forward pass test failed: Sizes of tensors must match except in dimension 1. Expected size 63 but got size 125 for tensor number 1 in the list.
Traceback (most recent call last):
  File "/gpfs/accounts/si670f25_class_root/si670f25_class/santoshd/fvc/lib/training/pipeline.py", line 1748, in stage5_train_models
    logger.info(f"Model forward pass test successful. Output shape: {sample_output.shape}")
                    ^^^^^^^^^^^^^^^^^^^
  File "/gpfs/accounts/si670f25_class_root/si670f25_class/santoshd/fvc/venv/lib/python3.11/site-packages/torch/nn/modules/module.py", line 1775, in _wrapped_call_impl
    return self._call_impl(*args, **kwargs)
           ^^^^^^^^^^^^^^^^^^^^^^^^^^^^^^^^
  File "/gpfs/accounts/si670f25_class_root/si670f25_class/santoshd/fvc/venv/lib/python3.11/site-packages/torch/nn/modules/module.py", line 1786, in _call_impl
    return forward_call(*args, **kwargs)
           ^^^^^^^^^^^^^^^^^^^^^^^^^^^^^
  File "/gpfs/accounts/si670f25_class_root/si670f25_class/santoshd/fvc/lib/training/slowfast.py", line 517, in forward
    return self.backbone([slow_x, fast_x])
           ^^^^^^^^^^^^^^^^^^^^^^^^^^^^^^^
  File "/gpfs/accounts/si670f25_class_root/si670f25_class/santoshd/fvc/venv/lib/python3.11/site-packages/torch/nn/modules/module.py", line 1775, in _wrapped_call_impl
    return self._call_impl(*args, **kwargs)
           ^^^^^^^^^^^^^^^^^^^^^^^^^^^^^^^^
  File "/gpfs/accounts/si670f25_class_root/si670f25_class/santoshd/fvc/venv/lib/python3.11/site-packages/torch/nn/modules/module.py", line 1786, in _call_impl
    return forward_call(*args, **kwargs)
           ^^^^^^^^^^^^^^^^^^^^^^^^^^^^^
  File "/home/suzanef/.cache/torch/hub/facebookresearch_pytorchvideo_main/pytorchvideo/models/net.py", line 43, in forward
    x = block(x)
        ^^^^^^^^
  File "/gpfs/accounts/si670f25_class_root/si670f25_class/santoshd/fvc/venv/lib/python3.11/site-packages/torch/nn/modules/module.py", line 1775, in _wrapped_call_impl
    return self._call_impl(*args, **kwargs)
           ^^^^^^^^^^^^^^^^^^^^^^^^^^^^^^^^
  File "/gpfs/accounts/si670f25_class_root/si670f25_class/santoshd/fvc/venv/lib/python3.11/site-packages/torch/nn/modules/module.py", line 1786, in _call_impl
    return forward_call(*args, **kwargs)
           ^^^^^^^^^^^^^^^^^^^^^^^^^^^^^
  File "/home/suzanef/.cache/torch/hub/facebookresearch_pytorchvideo_main/pytorchvideo/models/net.py", line 121, in forward
    x_out = self.multipathway_fusion(x_out)
            ^^^^^^^^^^^^^^^^^^^^^^^^^^^^^^^
  File "/gpfs/accounts/si670f25_class_root/si670f25_class/santoshd/fvc/venv/lib/python3.11/site-packages/torch/nn/modules/module.py", line 1775, in _wrapped_call_impl
    return self._call_impl(*args, **kwargs)
           ^^^^^^^^^^^^^^^^^^^^^^^^^^^^^^^^
  File "/gpfs/accounts/si670f25_class_root/si670f25_class/santoshd/fvc/venv/lib/python3.11/site-packages/torch/nn/modules/module.py", line 1786, in _call_impl
    return forward_call(*args, **kwargs)
           ^^^^^^^^^^^^^^^^^^^^^^^^^^^^^
  File "/home/suzanef/.cache/torch/hub/facebookresearch_pytorchvideo_main/pytorchvideo/models/slowfast.py", line 728, in forward
    x_s_fuse = torch.cat([x_s, fuse], 1)
               ^^^^^^^^^^^^^^^^^^^^^^^^^
RuntimeError: Sizes of tensors must match except in dimension 1. Expected size 63 but got size 125 for tensor number 1 in the list.
2025-12-14 17:35:20 [ERROR] [lib.training.pipeline:2109] Error training fold 5: Model initialization failed: Sizes of tensors must match except in dimension 1. Expected size 63 but got size 125 for tensor number 1 in the list.
Traceback (most recent call last):
  File "/gpfs/accounts/si670f25_class_root/si670f25_class/santoshd/fvc/lib/training/pipeline.py", line 1748, in stage5_train_models
    logger.info(f"Model forward pass test successful. Output shape: {sample_output.shape}")
                    ^^^^^^^^^^^^^^^^^^^
  File "/gpfs/accounts/si670f25_class_root/si670f25_class/santoshd/fvc/venv/lib/python3.11/site-packages/torch/nn/modules/module.py", line 1775, in _wrapped_call_impl
    return self._call_impl(*args, **kwargs)
           ^^^^^^^^^^^^^^^^^^^^^^^^^^^^^^^^
  File "/gpfs/accounts/si670f25_class_root/si670f25_class/santoshd/fvc/venv/lib/python3.11/site-packages/torch/nn/modules/module.py", line 1786, in _call_impl
    return forward_call(*args, **kwargs)
           ^^^^^^^^^^^^^^^^^^^^^^^^^^^^^
  File "/gpfs/accounts/si670f25_class_root/si670f25_class/santoshd/fvc/lib/training/slowfast.py", line 517, in forward
    return self.backbone([slow_x, fast_x])
           ^^^^^^^^^^^^^^^^^^^^^^^^^^^^^^^
  File "/gpfs/accounts/si670f25_class_root/si670f25_class/santoshd/fvc/venv/lib/python3.11/site-packages/torch/nn/modules/module.py", line 1775, in _wrapped_call_impl
    return self._call_impl(*args, **kwargs)
           ^^^^^^^^^^^^^^^^^^^^^^^^^^^^^^^^
  File "/gpfs/accounts/si670f25_class_root/si670f25_class/santoshd/fvc/venv/lib/python3.11/site-packages/torch/nn/modules/module.py", line 1786, in _call_impl
    return forward_call(*args, **kwargs)
           ^^^^^^^^^^^^^^^^^^^^^^^^^^^^^
  File "/home/suzanef/.cache/torch/hub/facebookresearch_pytorchvideo_main/pytorchvideo/models/net.py", line 43, in forward
    x = block(x)
        ^^^^^^^^
  File "/gpfs/accounts/si670f25_class_root/si670f25_class/santoshd/fvc/venv/lib/python3.11/site-packages/torch/nn/modules/module.py", line 1775, in _wrapped_call_impl
    return self._call_impl(*args, **kwargs)
           ^^^^^^^^^^^^^^^^^^^^^^^^^^^^^^^^
  File "/gpfs/accounts/si670f25_class_root/si670f25_class/santoshd/fvc/venv/lib/python3.11/site-packages/torch/nn/modules/module.py", line 1786, in _call_impl
    return forward_call(*args, **kwargs)
           ^^^^^^^^^^^^^^^^^^^^^^^^^^^^^
  File "/home/suzanef/.cache/torch/hub/facebookresearch_pytorchvideo_main/pytorchvideo/models/net.py", line 121, in forward
    x_out = self.multipathway_fusion(x_out)
            ^^^^^^^^^^^^^^^^^^^^^^^^^^^^^^^
  File "/gpfs/accounts/si670f25_class_root/si670f25_class/santoshd/fvc/venv/lib/python3.11/site-packages/torch/nn/modules/module.py", line 1775, in _wrapped_call_impl
    return self._call_impl(*args, **kwargs)
           ^^^^^^^^^^^^^^^^^^^^^^^^^^^^^^^^
  File "/gpfs/accounts/si670f25_class_root/si670f25_class/santoshd/fvc/venv/lib/python3.11/site-packages/torch/nn/modules/module.py", line 1786, in _call_impl
    return forward_call(*args, **kwargs)
           ^^^^^^^^^^^^^^^^^^^^^^^^^^^^^
  File "/home/suzanef/.cache/torch/hub/facebookresearch_pytorchvideo_main/pytorchvideo/models/slowfast.py", line 728, in forward
    x_s_fuse = torch.cat([x_s, fuse], 1)
               ^^^^^^^^^^^^^^^^^^^^^^^^^
RuntimeError: Sizes of tensors must match except in dimension 1. Expected size 63 but got size 125 for tensor number 1 in the list.

The above exception was the direct cause of the following exception:

Traceback (most recent call last):
  File "/gpfs/accounts/si670f25_class_root/si670f25_class/santoshd/fvc/lib/training/pipeline.py", line 1801, in stage5_train_models
    except Exception as e:
            ^^^^^^^^^^^^^^^
ValueError: Model initialization failed: Sizes of tensors must match except in dimension 1. Expected size 63 but got size 125 for tensor number 1 in the list.
2025-12-14 17:35:20 [INFO] [lib.mlops.mlflow_tracker:142] MLflow run ended: ea34fce7b9fa449c8f347381d96cdb4a
2025-12-14 17:35:20 [INFO] [lib.training.pipeline:2165] Using single parameter combination: {'learning_rate': 0.0001, 'backbone_lr': 5e-06, 'head_lr': 0.0005, 'weight_decay': 0.0001}
2025-12-14 17:35:20 [INFO] [lib.training.pipeline:2168] ================================================================================
2025-12-14 17:35:20 [INFO] [lib.training.pipeline:2169] FINAL TRAINING: Using full dataset with best hyperparameters
2025-12-14 17:35:20 [INFO] [lib.training.pipeline:2170] ================================================================================
2025-12-14 17:35:20 [INFO] [lib.training.pipeline:2183] Final training: Using 5-fold stratified cross-validation on full dataset (3277 rows)
2025-12-14 17:35:20 [INFO] [lib.training.pipeline:2191] Final training using best hyperparameters: {'learning_rate': 0.0001, 'backbone_lr': 5e-06, 'head_lr': 0.0005, 'weight_decay': 0.0001}
2025-12-14 17:35:20 [INFO] [lib.training.pipeline:2197] 
Final Training - slowfast - Fold 1/5 (full dataset)
2025-12-14 17:35:21 [INFO] [lib.training.pipeline:2297] Applied PyTorch memory optimizations: expandable_segments, cudnn.benchmark=False
2025-12-14 17:35:21 [INFO] [lib.training.slowfast:102] torchvision SlowFast not available. Trying PyTorch Hub (pytorchvideo)...
2025-12-14 17:35:21 [INFO] [lib.training.slowfast:108] Loading SlowFast R50 from PyTorch Hub (facebookresearch/pytorchvideo)...
2025-12-14 17:35:21 [INFO] [lib.training.slowfast:163] ✓ Loaded SlowFast from PyTorch Hub (pytorchvideo)
2025-12-14 17:35:21 [INFO] [lib.training.slowfast:188] ✓ Verified SlowFast model structure: Net
2025-12-14 17:35:21 [INFO] [lib.mlops.mlflow_tracker:89] MLflow run started: 7339222aa6694d0a8164ee5e8877dde4 (experiment: slowfast)
2025-12-14 17:35:21 [INFO] [lib.training.pipeline:2362] Training PyTorch model slowfast on fold 1 (full dataset)...
2025-12-14 17:35:21 [INFO] [lib.training.pipeline:2370] Performing HYPER-AGGRESSIVE GC before training slowfast...
2025-12-14 17:35:23 [INFO] [lib.training.pipeline:2380] Hyper-aggressive GC complete. GPU memory cleared.
2025-12-14 17:35:23 [INFO] [lib.training.trainer:260] Warmup will be handled in training loop (2 epochs)
2025-12-14 17:35:42 [ERROR] [lib.training.pipeline:2508] Error training final fold 1: Sizes of tensors must match except in dimension 1. Expected size 63 but got size 125 for tensor number 1 in the list.
Traceback (most recent call last):
  File "/gpfs/accounts/si670f25_class_root/si670f25_class/santoshd/fvc/lib/training/pipeline.py", line 2384, in stage5_train_models
    model, train_loader, val_loader, optim_cfg, train_cfg,
        ^^^^^^^^^^^^^^^^^^^^^^^^^^^^^^^^^^^^^^^^^^^^^^^^^^
  File "/gpfs/accounts/si670f25_class_root/si670f25_class/santoshd/fvc/lib/training/trainer.py", line 733, in fit
    train_loss = train_one_epoch(
                 ^^^^^^^^^^^^^^^^
  File "/gpfs/accounts/si670f25_class_root/si670f25_class/santoshd/fvc/lib/training/trainer.py", line 340, in train_one_epoch
    logits = model(clips)
             ^^^^^^^^^^^^
  File "/gpfs/accounts/si670f25_class_root/si670f25_class/santoshd/fvc/venv/lib/python3.11/site-packages/torch/nn/modules/module.py", line 1775, in _wrapped_call_impl
    return self._call_impl(*args, **kwargs)
           ^^^^^^^^^^^^^^^^^^^^^^^^^^^^^^^^
  File "/gpfs/accounts/si670f25_class_root/si670f25_class/santoshd/fvc/venv/lib/python3.11/site-packages/torch/nn/modules/module.py", line 1786, in _call_impl
    return forward_call(*args, **kwargs)
           ^^^^^^^^^^^^^^^^^^^^^^^^^^^^^
  File "/gpfs/accounts/si670f25_class_root/si670f25_class/santoshd/fvc/lib/training/slowfast.py", line 517, in forward
    return self.backbone([slow_x, fast_x])
           ^^^^^^^^^^^^^^^^^^^^^^^^^^^^^^^
  File "/gpfs/accounts/si670f25_class_root/si670f25_class/santoshd/fvc/venv/lib/python3.11/site-packages/torch/nn/modules/module.py", line 1775, in _wrapped_call_impl
    return self._call_impl(*args, **kwargs)
           ^^^^^^^^^^^^^^^^^^^^^^^^^^^^^^^^
  File "/gpfs/accounts/si670f25_class_root/si670f25_class/santoshd/fvc/venv/lib/python3.11/site-packages/torch/nn/modules/module.py", line 1786, in _call_impl
    return forward_call(*args, **kwargs)
           ^^^^^^^^^^^^^^^^^^^^^^^^^^^^^
  File "/home/suzanef/.cache/torch/hub/facebookresearch_pytorchvideo_main/pytorchvideo/models/net.py", line 43, in forward
    x = block(x)
        ^^^^^^^^
  File "/gpfs/accounts/si670f25_class_root/si670f25_class/santoshd/fvc/venv/lib/python3.11/site-packages/torch/nn/modules/module.py", line 1775, in _wrapped_call_impl
    return self._call_impl(*args, **kwargs)
           ^^^^^^^^^^^^^^^^^^^^^^^^^^^^^^^^
  File "/gpfs/accounts/si670f25_class_root/si670f25_class/santoshd/fvc/venv/lib/python3.11/site-packages/torch/nn/modules/module.py", line 1786, in _call_impl
    return forward_call(*args, **kwargs)
           ^^^^^^^^^^^^^^^^^^^^^^^^^^^^^
  File "/home/suzanef/.cache/torch/hub/facebookresearch_pytorchvideo_main/pytorchvideo/models/net.py", line 121, in forward
    x_out = self.multipathway_fusion(x_out)
            ^^^^^^^^^^^^^^^^^^^^^^^^^^^^^^^
  File "/gpfs/accounts/si670f25_class_root/si670f25_class/santoshd/fvc/venv/lib/python3.11/site-packages/torch/nn/modules/module.py", line 1775, in _wrapped_call_impl
    return self._call_impl(*args, **kwargs)
           ^^^^^^^^^^^^^^^^^^^^^^^^^^^^^^^^
  File "/gpfs/accounts/si670f25_class_root/si670f25_class/santoshd/fvc/venv/lib/python3.11/site-packages/torch/nn/modules/module.py", line 1786, in _call_impl
    return forward_call(*args, **kwargs)
           ^^^^^^^^^^^^^^^^^^^^^^^^^^^^^
  File "/home/suzanef/.cache/torch/hub/facebookresearch_pytorchvideo_main/pytorchvideo/models/slowfast.py", line 728, in forward
    x_s_fuse = torch.cat([x_s, fuse], 1)
               ^^^^^^^^^^^^^^^^^^^^^^^^^
RuntimeError: Sizes of tensors must match except in dimension 1. Expected size 63 but got size 125 for tensor number 1 in the list.
2025-12-14 17:35:42 [INFO] [lib.training.pipeline:2197] 
Final Training - slowfast - Fold 2/5 (full dataset)
2025-12-14 17:35:42 [INFO] [lib.training.pipeline:2297] Applied PyTorch memory optimizations: expandable_segments, cudnn.benchmark=False
2025-12-14 17:35:42 [INFO] [lib.training.slowfast:102] torchvision SlowFast not available. Trying PyTorch Hub (pytorchvideo)...
2025-12-14 17:35:42 [INFO] [lib.training.slowfast:108] Loading SlowFast R50 from PyTorch Hub (facebookresearch/pytorchvideo)...
2025-12-14 17:35:43 [INFO] [lib.training.slowfast:163] ✓ Loaded SlowFast from PyTorch Hub (pytorchvideo)
2025-12-14 17:35:43 [INFO] [lib.training.slowfast:188] ✓ Verified SlowFast model structure: Net
2025-12-14 17:35:43 [INFO] [lib.mlops.mlflow_tracker:89] MLflow run started: 103f4b751b2143708543c3a196726fbe (experiment: slowfast)
2025-12-14 17:35:43 [INFO] [lib.training.pipeline:2362] Training PyTorch model slowfast on fold 2 (full dataset)...
2025-12-14 17:35:43 [INFO] [lib.training.pipeline:2370] Performing HYPER-AGGRESSIVE GC before training slowfast...
2025-12-14 17:35:45 [INFO] [lib.training.pipeline:2380] Hyper-aggressive GC complete. GPU memory cleared.
2025-12-14 17:35:45 [INFO] [lib.training.trainer:260] Warmup will be handled in training loop (2 epochs)
2025-12-14 17:35:47 [ERROR] [lib.training.pipeline:2508] Error training final fold 2: Input type (torch.cuda.ByteTensor) and weight type (torch.cuda.FloatTensor) should be the same
Traceback (most recent call last):
  File "/gpfs/accounts/si670f25_class_root/si670f25_class/santoshd/fvc/lib/training/pipeline.py", line 2384, in stage5_train_models
    model, train_loader, val_loader, optim_cfg, train_cfg,
        ^^^^^^^^^^^^^^^^^^^^^^^^^^^^^^^^^^^^^^^^^^^^^^^^^^
  File "/gpfs/accounts/si670f25_class_root/si670f25_class/santoshd/fvc/lib/training/trainer.py", line 733, in fit
    train_loss = train_one_epoch(
                 ^^^^^^^^^^^^^^^^
  File "/gpfs/accounts/si670f25_class_root/si670f25_class/santoshd/fvc/lib/training/trainer.py", line 340, in train_one_epoch
    logits = model(clips)
             ^^^^^^^^^^^^
  File "/gpfs/accounts/si670f25_class_root/si670f25_class/santoshd/fvc/venv/lib/python3.11/site-packages/torch/nn/modules/module.py", line 1775, in _wrapped_call_impl
    return self._call_impl(*args, **kwargs)
           ^^^^^^^^^^^^^^^^^^^^^^^^^^^^^^^^
  File "/gpfs/accounts/si670f25_class_root/si670f25_class/santoshd/fvc/venv/lib/python3.11/site-packages/torch/nn/modules/module.py", line 1786, in _call_impl
    return forward_call(*args, **kwargs)
           ^^^^^^^^^^^^^^^^^^^^^^^^^^^^^
  File "/gpfs/accounts/si670f25_class_root/si670f25_class/santoshd/fvc/lib/training/slowfast.py", line 517, in forward
    return self.backbone([slow_x, fast_x])
           ^^^^^^^^^^^^^^^^^^^^^^^^^^^^^^^
  File "/gpfs/accounts/si670f25_class_root/si670f25_class/santoshd/fvc/venv/lib/python3.11/site-packages/torch/nn/modules/module.py", line 1775, in _wrapped_call_impl
    return self._call_impl(*args, **kwargs)
           ^^^^^^^^^^^^^^^^^^^^^^^^^^^^^^^^
  File "/gpfs/accounts/si670f25_class_root/si670f25_class/santoshd/fvc/venv/lib/python3.11/site-packages/torch/nn/modules/module.py", line 1786, in _call_impl
    return forward_call(*args, **kwargs)
           ^^^^^^^^^^^^^^^^^^^^^^^^^^^^^
  File "/home/suzanef/.cache/torch/hub/facebookresearch_pytorchvideo_main/pytorchvideo/models/net.py", line 43, in forward
    x = block(x)
        ^^^^^^^^
  File "/gpfs/accounts/si670f25_class_root/si670f25_class/santoshd/fvc/venv/lib/python3.11/site-packages/torch/nn/modules/module.py", line 1775, in _wrapped_call_impl
    return self._call_impl(*args, **kwargs)
           ^^^^^^^^^^^^^^^^^^^^^^^^^^^^^^^^
  File "/gpfs/accounts/si670f25_class_root/si670f25_class/santoshd/fvc/venv/lib/python3.11/site-packages/torch/nn/modules/module.py", line 1786, in _call_impl
    return forward_call(*args, **kwargs)
           ^^^^^^^^^^^^^^^^^^^^^^^^^^^^^
  File "/home/suzanef/.cache/torch/hub/facebookresearch_pytorchvideo_main/pytorchvideo/models/net.py", line 117, in forward
    x_out[pathway_idx] = self.multipathway_blocks[pathway_idx](
                         ^^^^^^^^^^^^^^^^^^^^^^^^^^^^^^^^^^^^^^
  File "/gpfs/accounts/si670f25_class_root/si670f25_class/santoshd/fvc/venv/lib/python3.11/site-packages/torch/nn/modules/module.py", line 1775, in _wrapped_call_impl
    return self._call_impl(*args, **kwargs)
           ^^^^^^^^^^^^^^^^^^^^^^^^^^^^^^^^
  File "/gpfs/accounts/si670f25_class_root/si670f25_class/santoshd/fvc/venv/lib/python3.11/site-packages/torch/nn/modules/module.py", line 1786, in _call_impl
    return forward_call(*args, **kwargs)
           ^^^^^^^^^^^^^^^^^^^^^^^^^^^^^
  File "/home/suzanef/.cache/torch/hub/facebookresearch_pytorchvideo_main/pytorchvideo/models/stem.py", line 253, in forward
    x = self.conv(x)
        ^^^^^^^^^^^^
  File "/gpfs/accounts/si670f25_class_root/si670f25_class/santoshd/fvc/venv/lib/python3.11/site-packages/torch/nn/modules/module.py", line 1775, in _wrapped_call_impl
    return self._call_impl(*args, **kwargs)
           ^^^^^^^^^^^^^^^^^^^^^^^^^^^^^^^^
  File "/gpfs/accounts/si670f25_class_root/si670f25_class/santoshd/fvc/venv/lib/python3.11/site-packages/torch/nn/modules/module.py", line 1786, in _call_impl
    return forward_call(*args, **kwargs)
           ^^^^^^^^^^^^^^^^^^^^^^^^^^^^^
  File "/gpfs/accounts/si670f25_class_root/si670f25_class/santoshd/fvc/venv/lib/python3.11/site-packages/torch/nn/modules/conv.py", line 717, in forward
    return self._conv_forward(input, self.weight, self.bias)
           ^^^^^^^^^^^^^^^^^^^^^^^^^^^^^^^^^^^^^^^^^^^^^^^^^
  File "/gpfs/accounts/si670f25_class_root/si670f25_class/santoshd/fvc/venv/lib/python3.11/site-packages/torch/nn/modules/conv.py", line 712, in _conv_forward
    return F.conv3d(
           ^^^^^^^^^
RuntimeError: Input type (torch.cuda.ByteTensor) and weight type (torch.cuda.FloatTensor) should be the same
2025-12-14 17:35:47 [INFO] [lib.training.pipeline:2197] 
Final Training - slowfast - Fold 3/5 (full dataset)
2025-12-14 17:35:47 [INFO] [lib.training.pipeline:2297] Applied PyTorch memory optimizations: expandable_segments, cudnn.benchmark=False
2025-12-14 17:35:47 [INFO] [lib.training.slowfast:102] torchvision SlowFast not available. Trying PyTorch Hub (pytorchvideo)...
2025-12-14 17:35:47 [INFO] [lib.training.slowfast:108] Loading SlowFast R50 from PyTorch Hub (facebookresearch/pytorchvideo)...
2025-12-14 17:35:48 [INFO] [lib.training.slowfast:163] ✓ Loaded SlowFast from PyTorch Hub (pytorchvideo)
2025-12-14 17:35:48 [INFO] [lib.training.slowfast:188] ✓ Verified SlowFast model structure: Net
2025-12-14 17:35:48 [INFO] [lib.mlops.mlflow_tracker:89] MLflow run started: 1eacc7e4eb1a4c87b4027daaa53921f1 (experiment: slowfast)
2025-12-14 17:35:48 [INFO] [lib.training.pipeline:2362] Training PyTorch model slowfast on fold 3 (full dataset)...
2025-12-14 17:35:48 [INFO] [lib.training.pipeline:2370] Performing HYPER-AGGRESSIVE GC before training slowfast...
2025-12-14 17:35:50 [INFO] [lib.training.pipeline:2380] Hyper-aggressive GC complete. GPU memory cleared.
2025-12-14 17:35:50 [INFO] [lib.training.trainer:260] Warmup will be handled in training loop (2 epochs)
2025-12-14 17:36:03 [ERROR] [lib.training.pipeline:2508] Error training final fold 3: Sizes of tensors must match except in dimension 1. Expected size 63 but got size 125 for tensor number 1 in the list.
Traceback (most recent call last):
  File "/gpfs/accounts/si670f25_class_root/si670f25_class/santoshd/fvc/lib/training/pipeline.py", line 2384, in stage5_train_models
    model, train_loader, val_loader, optim_cfg, train_cfg,
        ^^^^^^^^^^^^^^^^^^^^^^^^^^^^^^^^^^^^^^^^^^^^^^^^^^
  File "/gpfs/accounts/si670f25_class_root/si670f25_class/santoshd/fvc/lib/training/trainer.py", line 733, in fit
    train_loss = train_one_epoch(
                 ^^^^^^^^^^^^^^^^
  File "/gpfs/accounts/si670f25_class_root/si670f25_class/santoshd/fvc/lib/training/trainer.py", line 340, in train_one_epoch
    logits = model(clips)
             ^^^^^^^^^^^^
  File "/gpfs/accounts/si670f25_class_root/si670f25_class/santoshd/fvc/venv/lib/python3.11/site-packages/torch/nn/modules/module.py", line 1775, in _wrapped_call_impl
    return self._call_impl(*args, **kwargs)
           ^^^^^^^^^^^^^^^^^^^^^^^^^^^^^^^^
  File "/gpfs/accounts/si670f25_class_root/si670f25_class/santoshd/fvc/venv/lib/python3.11/site-packages/torch/nn/modules/module.py", line 1786, in _call_impl
    return forward_call(*args, **kwargs)
           ^^^^^^^^^^^^^^^^^^^^^^^^^^^^^
  File "/gpfs/accounts/si670f25_class_root/si670f25_class/santoshd/fvc/lib/training/slowfast.py", line 517, in forward
    return self.backbone([slow_x, fast_x])
           ^^^^^^^^^^^^^^^^^^^^^^^^^^^^^^^
  File "/gpfs/accounts/si670f25_class_root/si670f25_class/santoshd/fvc/venv/lib/python3.11/site-packages/torch/nn/modules/module.py", line 1775, in _wrapped_call_impl
    return self._call_impl(*args, **kwargs)
           ^^^^^^^^^^^^^^^^^^^^^^^^^^^^^^^^
  File "/gpfs/accounts/si670f25_class_root/si670f25_class/santoshd/fvc/venv/lib/python3.11/site-packages/torch/nn/modules/module.py", line 1786, in _call_impl
    return forward_call(*args, **kwargs)
           ^^^^^^^^^^^^^^^^^^^^^^^^^^^^^
  File "/home/suzanef/.cache/torch/hub/facebookresearch_pytorchvideo_main/pytorchvideo/models/net.py", line 43, in forward
    x = block(x)
        ^^^^^^^^
  File "/gpfs/accounts/si670f25_class_root/si670f25_class/santoshd/fvc/venv/lib/python3.11/site-packages/torch/nn/modules/module.py", line 1775, in _wrapped_call_impl
    return self._call_impl(*args, **kwargs)
           ^^^^^^^^^^^^^^^^^^^^^^^^^^^^^^^^
  File "/gpfs/accounts/si670f25_class_root/si670f25_class/santoshd/fvc/venv/lib/python3.11/site-packages/torch/nn/modules/module.py", line 1786, in _call_impl
    return forward_call(*args, **kwargs)
           ^^^^^^^^^^^^^^^^^^^^^^^^^^^^^
  File "/home/suzanef/.cache/torch/hub/facebookresearch_pytorchvideo_main/pytorchvideo/models/net.py", line 121, in forward
    x_out = self.multipathway_fusion(x_out)
            ^^^^^^^^^^^^^^^^^^^^^^^^^^^^^^^
  File "/gpfs/accounts/si670f25_class_root/si670f25_class/santoshd/fvc/venv/lib/python3.11/site-packages/torch/nn/modules/module.py", line 1775, in _wrapped_call_impl
    return self._call_impl(*args, **kwargs)
           ^^^^^^^^^^^^^^^^^^^^^^^^^^^^^^^^
  File "/gpfs/accounts/si670f25_class_root/si670f25_class/santoshd/fvc/venv/lib/python3.11/site-packages/torch/nn/modules/module.py", line 1786, in _call_impl
    return forward_call(*args, **kwargs)
           ^^^^^^^^^^^^^^^^^^^^^^^^^^^^^
  File "/home/suzanef/.cache/torch/hub/facebookresearch_pytorchvideo_main/pytorchvideo/models/slowfast.py", line 728, in forward
    x_s_fuse = torch.cat([x_s, fuse], 1)
               ^^^^^^^^^^^^^^^^^^^^^^^^^
RuntimeError: Sizes of tensors must match except in dimension 1. Expected size 63 but got size 125 for tensor number 1 in the list.
2025-12-14 17:36:03 [INFO] [lib.training.pipeline:2197] 
Final Training - slowfast - Fold 4/5 (full dataset)
2025-12-14 17:36:03 [INFO] [lib.training.pipeline:2297] Applied PyTorch memory optimizations: expandable_segments, cudnn.benchmark=False
2025-12-14 17:36:03 [INFO] [lib.training.slowfast:102] torchvision SlowFast not available. Trying PyTorch Hub (pytorchvideo)...
2025-12-14 17:36:03 [INFO] [lib.training.slowfast:108] Loading SlowFast R50 from PyTorch Hub (facebookresearch/pytorchvideo)...
2025-12-14 17:36:04 [INFO] [lib.training.slowfast:163] ✓ Loaded SlowFast from PyTorch Hub (pytorchvideo)
2025-12-14 17:36:04 [INFO] [lib.training.slowfast:188] ✓ Verified SlowFast model structure: Net
2025-12-14 17:36:04 [INFO] [lib.mlops.mlflow_tracker:89] MLflow run started: f33c442753734cbc81531a4545e57d6c (experiment: slowfast)
2025-12-14 17:36:04 [INFO] [lib.training.pipeline:2362] Training PyTorch model slowfast on fold 4 (full dataset)...
2025-12-14 17:36:04 [INFO] [lib.training.pipeline:2370] Performing HYPER-AGGRESSIVE GC before training slowfast...
2025-12-14 17:36:06 [INFO] [lib.training.pipeline:2380] Hyper-aggressive GC complete. GPU memory cleared.
2025-12-14 17:36:06 [INFO] [lib.training.trainer:260] Warmup will be handled in training loop (2 epochs)
2025-12-14 17:36:42 [INFO] [lib.models.video:462] Chunk size increased from 10 to 20 (after 3 successes, increment: 10)
2025-12-14 17:36:46 [ERROR] [lib.training.pipeline:2508] Error training final fold 4: Sizes of tensors must match except in dimension 1. Expected size 63 but got size 125 for tensor number 1 in the list.
Traceback (most recent call last):
  File "/gpfs/accounts/si670f25_class_root/si670f25_class/santoshd/fvc/lib/training/pipeline.py", line 2384, in stage5_train_models
    model, train_loader, val_loader, optim_cfg, train_cfg,
        ^^^^^^^^^^^^^^^^^^^^^^^^^^^^^^^^^^^^^^^^^^^^^^^^^^
  File "/gpfs/accounts/si670f25_class_root/si670f25_class/santoshd/fvc/lib/training/trainer.py", line 733, in fit
    train_loss = train_one_epoch(
                 ^^^^^^^^^^^^^^^^
  File "/gpfs/accounts/si670f25_class_root/si670f25_class/santoshd/fvc/lib/training/trainer.py", line 340, in train_one_epoch
    logits = model(clips)
             ^^^^^^^^^^^^
  File "/gpfs/accounts/si670f25_class_root/si670f25_class/santoshd/fvc/venv/lib/python3.11/site-packages/torch/nn/modules/module.py", line 1775, in _wrapped_call_impl
    return self._call_impl(*args, **kwargs)
           ^^^^^^^^^^^^^^^^^^^^^^^^^^^^^^^^
  File "/gpfs/accounts/si670f25_class_root/si670f25_class/santoshd/fvc/venv/lib/python3.11/site-packages/torch/nn/modules/module.py", line 1786, in _call_impl
    return forward_call(*args, **kwargs)
           ^^^^^^^^^^^^^^^^^^^^^^^^^^^^^
  File "/gpfs/accounts/si670f25_class_root/si670f25_class/santoshd/fvc/lib/training/slowfast.py", line 517, in forward
    return self.backbone([slow_x, fast_x])
           ^^^^^^^^^^^^^^^^^^^^^^^^^^^^^^^
  File "/gpfs/accounts/si670f25_class_root/si670f25_class/santoshd/fvc/venv/lib/python3.11/site-packages/torch/nn/modules/module.py", line 1775, in _wrapped_call_impl
    return self._call_impl(*args, **kwargs)
           ^^^^^^^^^^^^^^^^^^^^^^^^^^^^^^^^
  File "/gpfs/accounts/si670f25_class_root/si670f25_class/santoshd/fvc/venv/lib/python3.11/site-packages/torch/nn/modules/module.py", line 1786, in _call_impl
    return forward_call(*args, **kwargs)
           ^^^^^^^^^^^^^^^^^^^^^^^^^^^^^
  File "/home/suzanef/.cache/torch/hub/facebookresearch_pytorchvideo_main/pytorchvideo/models/net.py", line 43, in forward
    x = block(x)
        ^^^^^^^^
  File "/gpfs/accounts/si670f25_class_root/si670f25_class/santoshd/fvc/venv/lib/python3.11/site-packages/torch/nn/modules/module.py", line 1775, in _wrapped_call_impl
    return self._call_impl(*args, **kwargs)
           ^^^^^^^^^^^^^^^^^^^^^^^^^^^^^^^^
  File "/gpfs/accounts/si670f25_class_root/si670f25_class/santoshd/fvc/venv/lib/python3.11/site-packages/torch/nn/modules/module.py", line 1786, in _call_impl
    return forward_call(*args, **kwargs)
           ^^^^^^^^^^^^^^^^^^^^^^^^^^^^^
  File "/home/suzanef/.cache/torch/hub/facebookresearch_pytorchvideo_main/pytorchvideo/models/net.py", line 121, in forward
    x_out = self.multipathway_fusion(x_out)
            ^^^^^^^^^^^^^^^^^^^^^^^^^^^^^^^
  File "/gpfs/accounts/si670f25_class_root/si670f25_class/santoshd/fvc/venv/lib/python3.11/site-packages/torch/nn/modules/module.py", line 1775, in _wrapped_call_impl
    return self._call_impl(*args, **kwargs)
           ^^^^^^^^^^^^^^^^^^^^^^^^^^^^^^^^
  File "/gpfs/accounts/si670f25_class_root/si670f25_class/santoshd/fvc/venv/lib/python3.11/site-packages/torch/nn/modules/module.py", line 1786, in _call_impl
    return forward_call(*args, **kwargs)
           ^^^^^^^^^^^^^^^^^^^^^^^^^^^^^
  File "/home/suzanef/.cache/torch/hub/facebookresearch_pytorchvideo_main/pytorchvideo/models/slowfast.py", line 728, in forward
    x_s_fuse = torch.cat([x_s, fuse], 1)
               ^^^^^^^^^^^^^^^^^^^^^^^^^
RuntimeError: Sizes of tensors must match except in dimension 1. Expected size 63 but got size 125 for tensor number 1 in the list.
2025-12-14 17:36:46 [INFO] [lib.training.pipeline:2197] 
Final Training - slowfast - Fold 5/5 (full dataset)
2025-12-14 17:36:46 [INFO] [lib.training.pipeline:2297] Applied PyTorch memory optimizations: expandable_segments, cudnn.benchmark=False
2025-12-14 17:36:46 [INFO] [lib.training.slowfast:102] torchvision SlowFast not available. Trying PyTorch Hub (pytorchvideo)...
2025-12-14 17:36:46 [INFO] [lib.training.slowfast:108] Loading SlowFast R50 from PyTorch Hub (facebookresearch/pytorchvideo)...
2025-12-14 17:36:47 [INFO] [lib.training.slowfast:163] ✓ Loaded SlowFast from PyTorch Hub (pytorchvideo)
2025-12-14 17:36:47 [INFO] [lib.training.slowfast:188] ✓ Verified SlowFast model structure: Net
2025-12-14 17:36:47 [INFO] [lib.mlops.mlflow_tracker:89] MLflow run started: b3a324f0469d4d8abc15a53a8f114e81 (experiment: slowfast)
2025-12-14 17:36:47 [INFO] [lib.training.pipeline:2362] Training PyTorch model slowfast on fold 5 (full dataset)...
2025-12-14 17:36:47 [INFO] [lib.training.pipeline:2370] Performing HYPER-AGGRESSIVE GC before training slowfast...
2025-12-14 17:36:49 [INFO] [lib.training.pipeline:2380] Hyper-aggressive GC complete. GPU memory cleared.
2025-12-14 17:36:49 [INFO] [lib.training.trainer:260] Warmup will be handled in training loop (2 epochs)
2025-12-14 17:37:01 [ERROR] [lib.training.pipeline:2508] Error training final fold 5: Sizes of tensors must match except in dimension 1. Expected size 63 but got size 125 for tensor number 1 in the list.
Traceback (most recent call last):
  File "/gpfs/accounts/si670f25_class_root/si670f25_class/santoshd/fvc/lib/training/pipeline.py", line 2384, in stage5_train_models
    model, train_loader, val_loader, optim_cfg, train_cfg,
        ^^^^^^^^^^^^^^^^^^^^^^^^^^^^^^^^^^^^^^^^^^^^^^^^^^
  File "/gpfs/accounts/si670f25_class_root/si670f25_class/santoshd/fvc/lib/training/trainer.py", line 733, in fit
    train_loss = train_one_epoch(
                 ^^^^^^^^^^^^^^^^
  File "/gpfs/accounts/si670f25_class_root/si670f25_class/santoshd/fvc/lib/training/trainer.py", line 340, in train_one_epoch
    logits = model(clips)
             ^^^^^^^^^^^^
  File "/gpfs/accounts/si670f25_class_root/si670f25_class/santoshd/fvc/venv/lib/python3.11/site-packages/torch/nn/modules/module.py", line 1775, in _wrapped_call_impl
    return self._call_impl(*args, **kwargs)
           ^^^^^^^^^^^^^^^^^^^^^^^^^^^^^^^^
  File "/gpfs/accounts/si670f25_class_root/si670f25_class/santoshd/fvc/venv/lib/python3.11/site-packages/torch/nn/modules/module.py", line 1786, in _call_impl
    return forward_call(*args, **kwargs)
           ^^^^^^^^^^^^^^^^^^^^^^^^^^^^^
  File "/gpfs/accounts/si670f25_class_root/si670f25_class/santoshd/fvc/lib/training/slowfast.py", line 517, in forward
    return self.backbone([slow_x, fast_x])
           ^^^^^^^^^^^^^^^^^^^^^^^^^^^^^^^
  File "/gpfs/accounts/si670f25_class_root/si670f25_class/santoshd/fvc/venv/lib/python3.11/site-packages/torch/nn/modules/module.py", line 1775, in _wrapped_call_impl
    return self._call_impl(*args, **kwargs)
           ^^^^^^^^^^^^^^^^^^^^^^^^^^^^^^^^
  File "/gpfs/accounts/si670f25_class_root/si670f25_class/santoshd/fvc/venv/lib/python3.11/site-packages/torch/nn/modules/module.py", line 1786, in _call_impl
    return forward_call(*args, **kwargs)
           ^^^^^^^^^^^^^^^^^^^^^^^^^^^^^
  File "/home/suzanef/.cache/torch/hub/facebookresearch_pytorchvideo_main/pytorchvideo/models/net.py", line 43, in forward
    x = block(x)
        ^^^^^^^^
  File "/gpfs/accounts/si670f25_class_root/si670f25_class/santoshd/fvc/venv/lib/python3.11/site-packages/torch/nn/modules/module.py", line 1775, in _wrapped_call_impl
    return self._call_impl(*args, **kwargs)
           ^^^^^^^^^^^^^^^^^^^^^^^^^^^^^^^^
  File "/gpfs/accounts/si670f25_class_root/si670f25_class/santoshd/fvc/venv/lib/python3.11/site-packages/torch/nn/modules/module.py", line 1786, in _call_impl
    return forward_call(*args, **kwargs)
           ^^^^^^^^^^^^^^^^^^^^^^^^^^^^^
  File "/home/suzanef/.cache/torch/hub/facebookresearch_pytorchvideo_main/pytorchvideo/models/net.py", line 121, in forward
    x_out = self.multipathway_fusion(x_out)
            ^^^^^^^^^^^^^^^^^^^^^^^^^^^^^^^
  File "/gpfs/accounts/si670f25_class_root/si670f25_class/santoshd/fvc/venv/lib/python3.11/site-packages/torch/nn/modules/module.py", line 1775, in _wrapped_call_impl
    return self._call_impl(*args, **kwargs)
           ^^^^^^^^^^^^^^^^^^^^^^^^^^^^^^^^
  File "/gpfs/accounts/si670f25_class_root/si670f25_class/santoshd/fvc/venv/lib/python3.11/site-packages/torch/nn/modules/module.py", line 1786, in _call_impl
    return forward_call(*args, **kwargs)
           ^^^^^^^^^^^^^^^^^^^^^^^^^^^^^
  File "/home/suzanef/.cache/torch/hub/facebookresearch_pytorchvideo_main/pytorchvideo/models/slowfast.py", line 728, in forward
    x_s_fuse = torch.cat([x_s, fuse], 1)
               ^^^^^^^^^^^^^^^^^^^^^^^^^
RuntimeError: Sizes of tensors must match except in dimension 1. Expected size 63 but got size 125 for tensor number 1 in the list.
2025-12-14 17:37:01 [WARNING] [lib.training.pipeline:114] No model files found in /gpfs/accounts/si670f25_class_root/si670f25_class/santoshd/fvc/data/stage5/slowfast/fold_1 to copy
2025-12-14 17:37:01 [INFO] [lib.training.pipeline:2581] 
slowfast - Avg Val Loss: nan, Avg Val Acc: nan, Avg Val F1: nan
2025-12-14 17:37:04 [INFO] [lib.training.visualization:256] Saved CV fold comparison to /gpfs/accounts/si670f25_class_root/si670f25_class/santoshd/fvc/data/stage5/slowfast/plots/cv_fold_comparison.png
2025-12-14 17:37:04 [INFO] [lib.training.pipeline:2609] Generated plots for slowfast in /gpfs/accounts/si670f25_class_root/si670f25_class/santoshd/fvc/data/stage5/slowfast/plots
2025-12-14 17:37:04 [INFO] [lib.training.pipeline:2646] ================================================================================
2025-12-14 17:37:04 [INFO] [lib.training.pipeline:2647] Stage 5: Model Training Pipeline Completed
2025-12-14 17:37:04 [INFO] [lib.training.pipeline:2648] ================================================================================
2025-12-14 17:37:04 [INFO] [__main__:401] ================================================================================
2025-12-14 17:37:04 [INFO] [__main__:402] STAGE 5 COMPLETED SUCCESSFULLY
2025-12-14 17:37:04 [INFO] [__main__:403] ================================================================================
2025-12-14 17:37:04 [INFO] [__main__:404] Execution time: 162.59 seconds (2.71 minutes)
2025-12-14 17:37:04 [INFO] [__main__:406] Output directory: /gpfs/accounts/si670f25_class_root/si670f25_class/santoshd/fvc/data/stage5
2025-12-14 17:37:04 [INFO] [__main__:407] Models trained: ['slowfast']
2025-12-14 17:37:04 [INFO] [__main__:408] K-fold splits: 5
2025-12-14 17:37:04 [INFO] [__main__:414] ================================================================================
2025-12-14 17:37:04 [INFO] [__main__:415] Final memory statistics:
2025-12-14 17:37:04 [INFO] [__main__:416] ================================================================================
2025-12-14 17:37:04 [INFO] [lib.utils.memory:91] Memory stats (Stage 5: after training): {'cpu_memory_mb': 12637.01171875, 'cpu_memory_gb': 12.340831756591797, 'cpu_vms_mb': 59952.14453125, 'gpu_allocated_gb': 0.0, 'gpu_reserved_gb': 1.312817152, 'gpu_total_gb': 16.928342016, 'gpu_free_gb': 15.615524864}
2025-12-14 17:37:04 [INFO] [__main__:419] ================================================================================
2025-12-14 17:37:04 [INFO] [__main__:420] Training complete!
2025-12-14 17:37:04 [INFO] [__main__:421] Results saved to: /gpfs/accounts/si670f25_class_root/si670f25_class/santoshd/fvc/data/stage5
2025-12-14 17:37:04 [INFO] [__main__:422] ================================================================================
