2025-12-09 19:59:00 [INFO] [lib.utils.memory:89] Memory stats (Stage 5: before training): {'cpu_memory_mb': 754.36328125, 'cpu_memory_gb': 0.7366828918457031, 'cpu_vms_mb': 10239.8984375, 'gpu_allocated_gb': 0.0, 'gpu_reserved_gb': 0.0, 'gpu_total_gb': 16.928342016, 'gpu_free_gb': 16.928342016}
2025-12-09 19:59:00 [DEBUG] [lib.utils.memory:95] CPU percent: 0.0%
2025-12-09 19:59:00 [DEBUG] [lib.utils.memory:96] Num threads: 4
2025-12-09 19:59:00 [INFO] [lib.training.pipeline:71] Stage 5: Loading metadata...
2025-12-09 19:59:02 [WARNING] [lib.utils.paths:169] Metadata file is empty: /gpfs/accounts/si670f25_class_root/si670f25_class/santoshd/fvc/data/features_stage2/features_metadata.arrow, trying other formats...
2025-12-09 19:59:02 [WARNING] [lib.utils.paths:178] No valid metadata file found for /gpfs/accounts/si670f25_class_root/si670f25_class/santoshd/fvc/data/features_stage2/features_metadata.arrow
2025-12-09 19:59:03 [INFO] [lib.training.pipeline:82] Stage 5: Found 3244 scaled videos
2025-12-09 19:59:03 [ERROR] [__main__:332] ================================================================================
2025-12-09 19:59:03 [ERROR] [__main__:333] STAGE 5 FAILED
2025-12-09 19:59:03 [ERROR] [__main__:334] ================================================================================
2025-12-09 19:59:03 [ERROR] [__main__:335] Error: No module named 'lib.models'
2025-12-09 19:59:03 [ERROR] [__main__:336] Exception type: ModuleNotFoundError
2025-12-09 19:59:03 [ERROR] [__main__:337] Full traceback:
Traceback (most recent call last):
  File "/gpfs/accounts/si670f25_class_root/si670f25_class/santoshd/fvc/src/scripts/run_stage5_training.py", line 277, in main
    results = stage5_train_models(
              ^^^^^^^^^^^^^^^^^^^^
  File "/gpfs/accounts/si670f25_class_root/si670f25_class/santoshd/fvc/lib/training/pipeline.py", line 87, in stage5_train_models
    from lib.models import VideoConfig
ModuleNotFoundError: No module named 'lib.models'
2025-12-09 19:59:03 [ERROR] [__main__:338] Output directory: /gpfs/accounts/si670f25_class_root/si670f25_class/santoshd/fvc/data/stage5
2025-12-09 19:59:03 [ERROR] [__main__:339] Partial results may be available
2025-12-09 19:59:03 [ERROR] [__main__:340] ================================================================================
