2025-12-14 16:52:40 [INFO] [__main__:310] ================================================================================
2025-12-14 16:52:40 [INFO] [__main__:311] STAGE 5: MODEL TRAINING
2025-12-14 16:52:40 [INFO] [__main__:312] ================================================================================
2025-12-14 16:52:40 [INFO] [__main__:313] Project root: /gpfs/accounts/si670f25_class_root/si670f25_class/santoshd/fvc
2025-12-14 16:52:40 [INFO] [__main__:314] Scaled metadata: /gpfs/accounts/si670f25_class_root/si670f25_class/santoshd/fvc/data/scaled_videos/scaled_metadata.arrow
2025-12-14 16:52:40 [INFO] [__main__:315] Features Stage 2: /gpfs/accounts/si670f25_class_root/si670f25_class/santoshd/fvc/data/features_stage2/features_metadata.arrow
2025-12-14 16:52:40 [INFO] [__main__:316] Features Stage 4: /gpfs/accounts/si670f25_class_root/si670f25_class/santoshd/fvc/data/features_stage4/features_scaled_metadata.arrow
2025-12-14 16:52:40 [INFO] [__main__:317] Model types: ['slowfast']
2025-12-14 16:52:40 [INFO] [__main__:318] K-fold splits: 5
2025-12-14 16:52:40 [INFO] [__main__:319] Number of frames: 500
2025-12-14 16:52:40 [INFO] [__main__:320] Output directory: /gpfs/accounts/si670f25_class_root/si670f25_class/santoshd/fvc/data/stage5
2025-12-14 16:52:40 [INFO] [__main__:321] Experiment tracking: Enabled
2025-12-14 16:52:40 [INFO] [__main__:324] Delete existing: False
2025-12-14 16:52:40 [INFO] [__main__:325] Resume mode: True
2025-12-14 16:52:40 [INFO] [__main__:326] Log file: /gpfs/accounts/si670f25_class_root/si670f25_class/santoshd/fvc/logs/stage5_training_1765749160.log
2025-12-14 16:52:40 [INFO] [__main__:333] ================================================================================
2025-12-14 16:52:40 [INFO] [__main__:334] Checking prerequisites...
2025-12-14 16:52:40 [INFO] [__main__:335] ================================================================================
2025-12-14 16:52:40 [INFO] [__main__:342] ✓ Scaled metadata file found: /gpfs/accounts/si670f25_class_root/si670f25_class/santoshd/fvc/data/scaled_videos/scaled_metadata.arrow
2025-12-14 16:52:40 [INFO] [__main__:352] ✓ All model types are valid
2025-12-14 16:52:40 [INFO] [__main__:358] ================================================================================
2025-12-14 16:52:40 [INFO] [__main__:359] Initial memory statistics:
2025-12-14 16:52:40 [INFO] [__main__:360] ================================================================================
2025-12-14 16:52:41 [INFO] [lib.utils.memory:91] Memory stats (Stage 5: before training): {'cpu_memory_mb': 736.68359375, 'cpu_memory_gb': 0.7194175720214844, 'cpu_vms_mb': 10218.203125, 'gpu_allocated_gb': 0.0, 'gpu_reserved_gb': 0.0, 'gpu_total_gb': 16.928342016, 'gpu_free_gb': 16.928342016}
2025-12-14 16:52:41 [INFO] [__main__:364] ================================================================================
2025-12-14 16:52:41 [INFO] [__main__:365] Starting Stage 5: Model Training
2025-12-14 16:52:41 [INFO] [__main__:366] ================================================================================
2025-12-14 16:52:41 [INFO] [__main__:367] Training 1 model(s) with 5-fold cross-validation
2025-12-14 16:52:41 [INFO] [__main__:368] This may take a while depending on dataset size and model complexity...
2025-12-14 16:52:41 [INFO] [__main__:369] Progress will be logged in real-time
2025-12-14 16:52:41 [INFO] [__main__:370] ================================================================================
2025-12-14 16:52:41 [INFO] [__main__:375] Calling Stage 5 training pipeline...
2025-12-14 16:52:41 [INFO] [__main__:376] This may take a while - progress will be logged in real-time
2025-12-14 16:52:41 [INFO] [lib.training.pipeline:851] ================================================================================
2025-12-14 16:52:41 [INFO] [lib.training.pipeline:852] Stage 5: Model Training Pipeline Started
2025-12-14 16:52:41 [INFO] [lib.training.pipeline:853] ================================================================================
2025-12-14 16:52:41 [INFO] [lib.training.pipeline:854] Model types: ['slowfast']
2025-12-14 16:52:41 [INFO] [lib.training.pipeline:855] K-fold splits: 5
2025-12-14 16:52:41 [INFO] [lib.training.pipeline:856] Frames per video: 500
2025-12-14 16:52:41 [INFO] [lib.training.pipeline:857] Output directory: data/stage5
2025-12-14 16:52:41 [INFO] [lib.training.pipeline:858] Initializing pipeline...
2025-12-14 16:52:41 [INFO] [lib.training.pipeline:261] ================================================================================
2025-12-14 16:52:41 [INFO] [lib.training.pipeline:262] STAGE 5 PREREQUISITE VALIDATION
2025-12-14 16:52:41 [INFO] [lib.training.pipeline:263] ================================================================================
2025-12-14 16:52:41 [INFO] [lib.training.pipeline:266] 
[1/3] Checking Stage 3 (scaled videos) - REQUIRED for all models...
2025-12-14 16:52:42 [INFO] [lib.training.pipeline:275] ✓ Stage 3 metadata found: 3278 scaled videos
2025-12-14 16:52:42 [INFO] [lib.training.pipeline:276]   Path: /gpfs/accounts/si670f25_class_root/si670f25_class/santoshd/fvc/data/scaled_videos/scaled_metadata.arrow
2025-12-14 16:52:42 [INFO] [lib.training.pipeline:279] 
[2/3] Checking Stage 2 (features) - REQUIRED for *_stage2 models...
2025-12-14 16:52:42 [INFO] [lib.training.pipeline:287] ✓ Stage 2 metadata found: 3278 feature rows
2025-12-14 16:52:42 [INFO] [lib.training.pipeline:288]   Path: /gpfs/accounts/si670f25_class_root/si670f25_class/santoshd/fvc/data/features_stage2/features_metadata.arrow
2025-12-14 16:52:42 [INFO] [lib.training.pipeline:291] 
[3/3] Checking Stage 4 (scaled features) - REQUIRED for *_stage2_stage4 models...
2025-12-14 16:52:43 [INFO] [lib.training.pipeline:299] ✓ Stage 4 metadata found: 3277 feature rows
2025-12-14 16:52:43 [INFO] [lib.training.pipeline:300]   Path: /gpfs/accounts/si670f25_class_root/si670f25_class/santoshd/fvc/data/features_stage4/features_scaled_metadata.arrow
2025-12-14 16:52:43 [INFO] [lib.training.pipeline:303] 
================================================================================
2025-12-14 16:52:43 [INFO] [lib.training.pipeline:304] MODEL REQUIREMENTS CHECK
2025-12-14 16:52:43 [INFO] [lib.training.pipeline:305] ================================================================================
2025-12-14 16:52:43 [INFO] [lib.training.pipeline:329] ✓ slowfast: CAN RUN
2025-12-14 16:52:43 [INFO] [lib.training.pipeline:332] 
================================================================================
2025-12-14 16:52:43 [INFO] [lib.training.pipeline:333] VALIDATION SUMMARY
2025-12-14 16:52:43 [INFO] [lib.training.pipeline:334] ================================================================================
2025-12-14 16:52:43 [INFO] [lib.training.pipeline:335] Stage 3 (scaled videos): ✓ Available
2025-12-14 16:52:43 [INFO] [lib.training.pipeline:336]   Count: 3278 videos
2025-12-14 16:52:43 [INFO] [lib.training.pipeline:337] Stage 2 (features): ✓ Available
2025-12-14 16:52:43 [INFO] [lib.training.pipeline:338]   Count: 3278 feature rows
2025-12-14 16:52:43 [INFO] [lib.training.pipeline:339] Stage 4 (scaled features): ✓ Available
2025-12-14 16:52:43 [INFO] [lib.training.pipeline:340]   Count: 3277 feature rows
2025-12-14 16:52:43 [INFO] [lib.training.pipeline:341] 
Runnable models: 1/1
2025-12-14 16:52:43 [INFO] [lib.training.pipeline:342]   ['slowfast']
2025-12-14 16:52:43 [INFO] [lib.training.pipeline:349] ================================================================================
2025-12-14 16:52:43 [INFO] [lib.training.pipeline:942] 
Stage 5: Loading metadata...
2025-12-14 16:52:43 [INFO] [lib.training.pipeline:968] Loaded metadata: 3278 rows
2025-12-14 16:52:43 [INFO] [lib.training.pipeline:978] ✓ Data validation passed: 3278 rows (> 3000 required)
2025-12-14 16:52:43 [WARNING] [lib.utils.guardrails:171] Disk usage high: free=825018.04GB, used=1674821.96GB (67.0%)
2025-12-14 16:52:43 [INFO] [lib.training.pipeline:1010] Stage 5: Found 3278 scaled videos
2025-12-14 16:52:43 [INFO] [lib.training.pipeline:1015] ================================================================================
2025-12-14 16:52:43 [INFO] [lib.training.pipeline:1016] STAGE 5: VALIDATING VIDEOS (checking for corruption and empty videos)
2025-12-14 16:52:43 [INFO] [lib.training.pipeline:1017] ================================================================================
2025-12-14 16:52:43 [INFO] [lib.data.loading:156] Checking file existence for 3278 videos...
2025-12-14 16:52:46 [INFO] [lib.data.loading:166] Found 3278 existing video files (filtered out 0 missing files)
2025-12-14 16:52:46 [INFO] [lib.data.loading:170] Checking for corrupted videos (moov atom errors, etc.)...
2025-12-14 16:52:47 [INFO] [lib.data.loading:92] Loaded validation cache from /gpfs/accounts/si670f25_class_root/si670f25_class/santoshd/fvc/data/.video_validation_cache/validation_0192be168a40eb7e_corruptTrue_framesTrue.parquet (3278 entries)
2025-12-14 16:52:47 [INFO] [lib.data.loading:194] Cache hit: 3278 videos, Cache miss: 0 videos
2025-12-14 16:52:47 [WARNING] [lib.data.loading:306] Filtered out 1 corrupted videos and 0 empty videos. Keeping 3277 valid videos.
2025-12-14 16:52:47 [WARNING] [lib.data.loading:311] Sample of invalid videos:
2025-12-14 16:52:47 [WARNING] [lib.data.loading:313]   data/scaled_videos/FX5aeuJFQ64_aug1_scaled_aug1.mp4: Corrupted video: moov atom not found
2025-12-14 16:52:47 [INFO] [lib.data.loading:323] Found /gpfs/accounts/si670f25_class_root/si670f25_class/santoshd/fvc/data/skip_frame_check.txt - skipping frame check as requested.
2025-12-14 16:52:47 [WARNING] [lib.data.loading:387] Filtered out 1 invalid videos (corrupted). Keeping 3277 valid videos.
2025-12-14 16:52:47 [INFO] [lib.training.pipeline:1029] ✓ Video validation complete: 3277 valid videos ready for training
2025-12-14 16:52:47 [INFO] [lib.training.pipeline:1030] ================================================================================
2025-12-14 16:52:47 [INFO] [lib.training.pipeline:1101] Enabling adaptive chunked frame loading for slowfast: initial_chunk_size=30, num_frames=500. Chunk size will adapt automatically based on OOM events (AIMD algorithm).
2025-12-14 16:52:47 [INFO] [lib.training.pipeline:1116] Frame caching enabled (default): cache_dir=data/.frame_cache. This will cache processed frames to disk to speed up training. First epoch will be slower (building cache), subsequent epochs will be faster. To disable, set FVC_USE_FRAME_CACHE=0
2025-12-14 16:52:47 [INFO] [lib.training.pipeline:1252] 
================================================================================
2025-12-14 16:52:47 [INFO] [lib.training.pipeline:1253] Stage 5: Training model: slowfast
2025-12-14 16:52:47 [INFO] [lib.training.pipeline:1254] ================================================================================
2025-12-14 16:52:47 [INFO] [lib.training.pipeline:1294] Grid search: 1 hyperparameter combinations to try
2025-12-14 16:52:47 [INFO] [lib.training.pipeline:1308] ================================================================================
2025-12-14 16:52:47 [INFO] [lib.training.pipeline:1309] HYPERPARAMETER SEARCH: Using 10.0% stratified sample for efficiency
2025-12-14 16:52:47 [INFO] [lib.training.pipeline:1310] ================================================================================
2025-12-14 16:52:47 [INFO] [lib.training.pipeline:1320] Hyperparameter search sample: 327 rows (10.0% of 3277 total)
2025-12-14 16:52:47 [INFO] [lib.training.pipeline:1321] To change sample size, set FVC_GRID_SEARCH_SAMPLE_SIZE environment variable (current: 0.1)
2025-12-14 16:52:47 [INFO] [lib.training.pipeline:1334] Using 5-fold stratified cross-validation on 10.0% sample for hyperparameter search
2025-12-14 16:52:47 [INFO] [lib.training.pipeline:1347] 
================================================================================
2025-12-14 16:52:47 [INFO] [lib.training.pipeline:1348] Grid Search: Hyperparameter combination 1/1
2025-12-14 16:52:47 [INFO] [lib.training.pipeline:1349] Parameters: {'learning_rate': 0.0001, 'backbone_lr': 5e-06, 'head_lr': 0.0005, 'weight_decay': 0.0001}
2025-12-14 16:52:47 [INFO] [lib.training.pipeline:1350] ================================================================================
2025-12-14 16:52:47 [INFO] [lib.training.pipeline:1372] 
Hyperparameter Search - slowfast - Fold 1/5 (10.0% sample)
2025-12-14 16:52:47 [INFO] [lib.training.pipeline:1468] Training configuration - Batch size: 1, Gradient accumulation steps: 32, Effective batch size: 32
2025-12-14 16:52:48 [INFO] [lib.training.pipeline:1513] Applied PyTorch memory optimizations: expandable_segments, cudnn.benchmark=False
2025-12-14 16:52:48 [INFO] [lib.training.slowfast:102] torchvision SlowFast not available. Trying PyTorch Hub (pytorchvideo)...
2025-12-14 16:52:48 [INFO] [lib.training.slowfast:108] Loading SlowFast R50 from PyTorch Hub (facebookresearch/pytorchvideo)...
2025-12-14 16:52:51 [INFO] [lib.training.slowfast:163] ✓ Loaded SlowFast from PyTorch Hub (pytorchvideo)
2025-12-14 16:52:51 [INFO] [lib.training.slowfast:188] ✓ Verified SlowFast model structure: Net
2025-12-14 16:52:54 [INFO] [lib.mlops.mlflow_tracker:89] MLflow run started: c8a6a7475f344169b0e6d48087da98bb (experiment: slowfast)
2025-12-14 16:52:54 [INFO] [lib.training.pipeline:1606] Training PyTorch model slowfast on fold 1...
2025-12-14 16:53:04 [ERROR] [lib.training.pipeline:1775] Model forward pass test failed: Sizes of tensors must match except in dimension 1. Expected size 63 but got size 125 for tensor number 1 in the list.
Traceback (most recent call last):
  File "/gpfs/accounts/si670f25_class_root/si670f25_class/santoshd/fvc/lib/training/pipeline.py", line 1723, in stage5_train_models
    sample_output = model(sample_clips)
                    ^^^^^^^^^^^^^^^^^^^
  File "/gpfs/accounts/si670f25_class_root/si670f25_class/santoshd/fvc/venv/lib/python3.11/site-packages/torch/nn/modules/module.py", line 1775, in _wrapped_call_impl
    return self._call_impl(*args, **kwargs)
           ^^^^^^^^^^^^^^^^^^^^^^^^^^^^^^^^
  File "/gpfs/accounts/si670f25_class_root/si670f25_class/santoshd/fvc/venv/lib/python3.11/site-packages/torch/nn/modules/module.py", line 1786, in _call_impl
    return forward_call(*args, **kwargs)
           ^^^^^^^^^^^^^^^^^^^^^^^^^^^^^
  File "/gpfs/accounts/si670f25_class_root/si670f25_class/santoshd/fvc/lib/training/slowfast.py", line 517, in forward
    return self.backbone([slow_x, fast_x])
           ^^^^^^^^^^^^^^^^^^^^^^^^^^^^^^^
  File "/gpfs/accounts/si670f25_class_root/si670f25_class/santoshd/fvc/venv/lib/python3.11/site-packages/torch/nn/modules/module.py", line 1775, in _wrapped_call_impl
    return self._call_impl(*args, **kwargs)
           ^^^^^^^^^^^^^^^^^^^^^^^^^^^^^^^^
  File "/gpfs/accounts/si670f25_class_root/si670f25_class/santoshd/fvc/venv/lib/python3.11/site-packages/torch/nn/modules/module.py", line 1786, in _call_impl
    return forward_call(*args, **kwargs)
           ^^^^^^^^^^^^^^^^^^^^^^^^^^^^^
  File "/home/suzanef/.cache/torch/hub/facebookresearch_pytorchvideo_main/pytorchvideo/models/net.py", line 43, in forward
    x = block(x)
        ^^^^^^^^
  File "/gpfs/accounts/si670f25_class_root/si670f25_class/santoshd/fvc/venv/lib/python3.11/site-packages/torch/nn/modules/module.py", line 1775, in _wrapped_call_impl
    return self._call_impl(*args, **kwargs)
           ^^^^^^^^^^^^^^^^^^^^^^^^^^^^^^^^
  File "/gpfs/accounts/si670f25_class_root/si670f25_class/santoshd/fvc/venv/lib/python3.11/site-packages/torch/nn/modules/module.py", line 1786, in _call_impl
    return forward_call(*args, **kwargs)
           ^^^^^^^^^^^^^^^^^^^^^^^^^^^^^
  File "/home/suzanef/.cache/torch/hub/facebookresearch_pytorchvideo_main/pytorchvideo/models/net.py", line 121, in forward
    x_out = self.multipathway_fusion(x_out)
            ^^^^^^^^^^^^^^^^^^^^^^^^^^^^^^^
  File "/gpfs/accounts/si670f25_class_root/si670f25_class/santoshd/fvc/venv/lib/python3.11/site-packages/torch/nn/modules/module.py", line 1775, in _wrapped_call_impl
    return self._call_impl(*args, **kwargs)
           ^^^^^^^^^^^^^^^^^^^^^^^^^^^^^^^^
  File "/gpfs/accounts/si670f25_class_root/si670f25_class/santoshd/fvc/venv/lib/python3.11/site-packages/torch/nn/modules/module.py", line 1786, in _call_impl
    return forward_call(*args, **kwargs)
           ^^^^^^^^^^^^^^^^^^^^^^^^^^^^^
  File "/home/suzanef/.cache/torch/hub/facebookresearch_pytorchvideo_main/pytorchvideo/models/slowfast.py", line 728, in forward
    x_s_fuse = torch.cat([x_s, fuse], 1)
               ^^^^^^^^^^^^^^^^^^^^^^^^^
RuntimeError: Sizes of tensors must match except in dimension 1. Expected size 63 but got size 125 for tensor number 1 in the list.
2025-12-14 16:53:04 [ERROR] [lib.training.pipeline:2026] Error training fold 1: Model initialization failed: Sizes of tensors must match except in dimension 1. Expected size 63 but got size 125 for tensor number 1 in the list.
Traceback (most recent call last):
  File "/gpfs/accounts/si670f25_class_root/si670f25_class/santoshd/fvc/lib/training/pipeline.py", line 1723, in stage5_train_models
    sample_output = model(sample_clips)
                    ^^^^^^^^^^^^^^^^^^^
  File "/gpfs/accounts/si670f25_class_root/si670f25_class/santoshd/fvc/venv/lib/python3.11/site-packages/torch/nn/modules/module.py", line 1775, in _wrapped_call_impl
    return self._call_impl(*args, **kwargs)
           ^^^^^^^^^^^^^^^^^^^^^^^^^^^^^^^^
  File "/gpfs/accounts/si670f25_class_root/si670f25_class/santoshd/fvc/venv/lib/python3.11/site-packages/torch/nn/modules/module.py", line 1786, in _call_impl
    return forward_call(*args, **kwargs)
           ^^^^^^^^^^^^^^^^^^^^^^^^^^^^^
  File "/gpfs/accounts/si670f25_class_root/si670f25_class/santoshd/fvc/lib/training/slowfast.py", line 517, in forward
    return self.backbone([slow_x, fast_x])
           ^^^^^^^^^^^^^^^^^^^^^^^^^^^^^^^
  File "/gpfs/accounts/si670f25_class_root/si670f25_class/santoshd/fvc/venv/lib/python3.11/site-packages/torch/nn/modules/module.py", line 1775, in _wrapped_call_impl
    return self._call_impl(*args, **kwargs)
           ^^^^^^^^^^^^^^^^^^^^^^^^^^^^^^^^
  File "/gpfs/accounts/si670f25_class_root/si670f25_class/santoshd/fvc/venv/lib/python3.11/site-packages/torch/nn/modules/module.py", line 1786, in _call_impl
    return forward_call(*args, **kwargs)
           ^^^^^^^^^^^^^^^^^^^^^^^^^^^^^
  File "/home/suzanef/.cache/torch/hub/facebookresearch_pytorchvideo_main/pytorchvideo/models/net.py", line 43, in forward
    x = block(x)
        ^^^^^^^^
  File "/gpfs/accounts/si670f25_class_root/si670f25_class/santoshd/fvc/venv/lib/python3.11/site-packages/torch/nn/modules/module.py", line 1775, in _wrapped_call_impl
    return self._call_impl(*args, **kwargs)
           ^^^^^^^^^^^^^^^^^^^^^^^^^^^^^^^^
  File "/gpfs/accounts/si670f25_class_root/si670f25_class/santoshd/fvc/venv/lib/python3.11/site-packages/torch/nn/modules/module.py", line 1786, in _call_impl
    return forward_call(*args, **kwargs)
           ^^^^^^^^^^^^^^^^^^^^^^^^^^^^^
  File "/home/suzanef/.cache/torch/hub/facebookresearch_pytorchvideo_main/pytorchvideo/models/net.py", line 121, in forward
    x_out = self.multipathway_fusion(x_out)
            ^^^^^^^^^^^^^^^^^^^^^^^^^^^^^^^
  File "/gpfs/accounts/si670f25_class_root/si670f25_class/santoshd/fvc/venv/lib/python3.11/site-packages/torch/nn/modules/module.py", line 1775, in _wrapped_call_impl
    return self._call_impl(*args, **kwargs)
           ^^^^^^^^^^^^^^^^^^^^^^^^^^^^^^^^
  File "/gpfs/accounts/si670f25_class_root/si670f25_class/santoshd/fvc/venv/lib/python3.11/site-packages/torch/nn/modules/module.py", line 1786, in _call_impl
    return forward_call(*args, **kwargs)
           ^^^^^^^^^^^^^^^^^^^^^^^^^^^^^
  File "/home/suzanef/.cache/torch/hub/facebookresearch_pytorchvideo_main/pytorchvideo/models/slowfast.py", line 728, in forward
    x_s_fuse = torch.cat([x_s, fuse], 1)
               ^^^^^^^^^^^^^^^^^^^^^^^^^
RuntimeError: Sizes of tensors must match except in dimension 1. Expected size 63 but got size 125 for tensor number 1 in the list.

The above exception was the direct cause of the following exception:

Traceback (most recent call last):
  File "/gpfs/accounts/si670f25_class_root/si670f25_class/santoshd/fvc/lib/training/pipeline.py", line 1776, in stage5_train_models
    raise ValueError(f"Model initialization failed: {e}") from e
ValueError: Model initialization failed: Sizes of tensors must match except in dimension 1. Expected size 63 but got size 125 for tensor number 1 in the list.
2025-12-14 16:53:04 [INFO] [lib.mlops.mlflow_tracker:142] MLflow run ended: c8a6a7475f344169b0e6d48087da98bb
2025-12-14 16:53:04 [INFO] [lib.training.pipeline:1372] 
Hyperparameter Search - slowfast - Fold 2/5 (10.0% sample)
2025-12-14 16:53:04 [INFO] [lib.training.pipeline:1468] Training configuration - Batch size: 1, Gradient accumulation steps: 32, Effective batch size: 32
2025-12-14 16:53:05 [INFO] [lib.training.pipeline:1513] Applied PyTorch memory optimizations: expandable_segments, cudnn.benchmark=False
2025-12-14 16:53:05 [INFO] [lib.training.slowfast:102] torchvision SlowFast not available. Trying PyTorch Hub (pytorchvideo)...
2025-12-14 16:53:05 [INFO] [lib.training.slowfast:108] Loading SlowFast R50 from PyTorch Hub (facebookresearch/pytorchvideo)...
2025-12-14 16:53:06 [INFO] [lib.training.slowfast:163] ✓ Loaded SlowFast from PyTorch Hub (pytorchvideo)
2025-12-14 16:53:06 [INFO] [lib.training.slowfast:188] ✓ Verified SlowFast model structure: Net
2025-12-14 16:53:06 [INFO] [lib.mlops.mlflow_tracker:89] MLflow run started: a676b673c60542f9899a52b07dee2693 (experiment: slowfast)
2025-12-14 16:53:06 [INFO] [lib.training.pipeline:1606] Training PyTorch model slowfast on fold 2...
2025-12-14 16:53:09 [ERROR] [lib.training.pipeline:1775] Model forward pass test failed: Sizes of tensors must match except in dimension 1. Expected size 63 but got size 125 for tensor number 1 in the list.
Traceback (most recent call last):
  File "/gpfs/accounts/si670f25_class_root/si670f25_class/santoshd/fvc/lib/training/pipeline.py", line 1723, in stage5_train_models
    sample_output = model(sample_clips)
                    ^^^^^^^^^^^^^^^^^^^
  File "/gpfs/accounts/si670f25_class_root/si670f25_class/santoshd/fvc/venv/lib/python3.11/site-packages/torch/nn/modules/module.py", line 1775, in _wrapped_call_impl
    return self._call_impl(*args, **kwargs)
           ^^^^^^^^^^^^^^^^^^^^^^^^^^^^^^^^
  File "/gpfs/accounts/si670f25_class_root/si670f25_class/santoshd/fvc/venv/lib/python3.11/site-packages/torch/nn/modules/module.py", line 1786, in _call_impl
    return forward_call(*args, **kwargs)
           ^^^^^^^^^^^^^^^^^^^^^^^^^^^^^
  File "/gpfs/accounts/si670f25_class_root/si670f25_class/santoshd/fvc/lib/training/slowfast.py", line 517, in forward
    return self.backbone([slow_x, fast_x])
           ^^^^^^^^^^^^^^^^^^^^^^^^^^^^^^^
  File "/gpfs/accounts/si670f25_class_root/si670f25_class/santoshd/fvc/venv/lib/python3.11/site-packages/torch/nn/modules/module.py", line 1775, in _wrapped_call_impl
    return self._call_impl(*args, **kwargs)
           ^^^^^^^^^^^^^^^^^^^^^^^^^^^^^^^^
  File "/gpfs/accounts/si670f25_class_root/si670f25_class/santoshd/fvc/venv/lib/python3.11/site-packages/torch/nn/modules/module.py", line 1786, in _call_impl
    return forward_call(*args, **kwargs)
           ^^^^^^^^^^^^^^^^^^^^^^^^^^^^^
  File "/home/suzanef/.cache/torch/hub/facebookresearch_pytorchvideo_main/pytorchvideo/models/net.py", line 43, in forward
    x = block(x)
        ^^^^^^^^
  File "/gpfs/accounts/si670f25_class_root/si670f25_class/santoshd/fvc/venv/lib/python3.11/site-packages/torch/nn/modules/module.py", line 1775, in _wrapped_call_impl
    return self._call_impl(*args, **kwargs)
           ^^^^^^^^^^^^^^^^^^^^^^^^^^^^^^^^
  File "/gpfs/accounts/si670f25_class_root/si670f25_class/santoshd/fvc/venv/lib/python3.11/site-packages/torch/nn/modules/module.py", line 1786, in _call_impl
    return forward_call(*args, **kwargs)
           ^^^^^^^^^^^^^^^^^^^^^^^^^^^^^
  File "/home/suzanef/.cache/torch/hub/facebookresearch_pytorchvideo_main/pytorchvideo/models/net.py", line 121, in forward
    x_out = self.multipathway_fusion(x_out)
            ^^^^^^^^^^^^^^^^^^^^^^^^^^^^^^^
  File "/gpfs/accounts/si670f25_class_root/si670f25_class/santoshd/fvc/venv/lib/python3.11/site-packages/torch/nn/modules/module.py", line 1775, in _wrapped_call_impl
    return self._call_impl(*args, **kwargs)
           ^^^^^^^^^^^^^^^^^^^^^^^^^^^^^^^^
  File "/gpfs/accounts/si670f25_class_root/si670f25_class/santoshd/fvc/venv/lib/python3.11/site-packages/torch/nn/modules/module.py", line 1786, in _call_impl
    return forward_call(*args, **kwargs)
           ^^^^^^^^^^^^^^^^^^^^^^^^^^^^^
  File "/home/suzanef/.cache/torch/hub/facebookresearch_pytorchvideo_main/pytorchvideo/models/slowfast.py", line 728, in forward
    x_s_fuse = torch.cat([x_s, fuse], 1)
               ^^^^^^^^^^^^^^^^^^^^^^^^^
RuntimeError: Sizes of tensors must match except in dimension 1. Expected size 63 but got size 125 for tensor number 1 in the list.
2025-12-14 16:53:09 [ERROR] [lib.training.pipeline:2026] Error training fold 2: Model initialization failed: Sizes of tensors must match except in dimension 1. Expected size 63 but got size 125 for tensor number 1 in the list.
Traceback (most recent call last):
  File "/gpfs/accounts/si670f25_class_root/si670f25_class/santoshd/fvc/lib/training/pipeline.py", line 1723, in stage5_train_models
    sample_output = model(sample_clips)
                    ^^^^^^^^^^^^^^^^^^^
  File "/gpfs/accounts/si670f25_class_root/si670f25_class/santoshd/fvc/venv/lib/python3.11/site-packages/torch/nn/modules/module.py", line 1775, in _wrapped_call_impl
    return self._call_impl(*args, **kwargs)
           ^^^^^^^^^^^^^^^^^^^^^^^^^^^^^^^^
  File "/gpfs/accounts/si670f25_class_root/si670f25_class/santoshd/fvc/venv/lib/python3.11/site-packages/torch/nn/modules/module.py", line 1786, in _call_impl
    return forward_call(*args, **kwargs)
           ^^^^^^^^^^^^^^^^^^^^^^^^^^^^^
  File "/gpfs/accounts/si670f25_class_root/si670f25_class/santoshd/fvc/lib/training/slowfast.py", line 517, in forward
    return self.backbone([slow_x, fast_x])
           ^^^^^^^^^^^^^^^^^^^^^^^^^^^^^^^
  File "/gpfs/accounts/si670f25_class_root/si670f25_class/santoshd/fvc/venv/lib/python3.11/site-packages/torch/nn/modules/module.py", line 1775, in _wrapped_call_impl
    return self._call_impl(*args, **kwargs)
           ^^^^^^^^^^^^^^^^^^^^^^^^^^^^^^^^
  File "/gpfs/accounts/si670f25_class_root/si670f25_class/santoshd/fvc/venv/lib/python3.11/site-packages/torch/nn/modules/module.py", line 1786, in _call_impl
    return forward_call(*args, **kwargs)
           ^^^^^^^^^^^^^^^^^^^^^^^^^^^^^
  File "/home/suzanef/.cache/torch/hub/facebookresearch_pytorchvideo_main/pytorchvideo/models/net.py", line 43, in forward
    x = block(x)
        ^^^^^^^^
  File "/gpfs/accounts/si670f25_class_root/si670f25_class/santoshd/fvc/venv/lib/python3.11/site-packages/torch/nn/modules/module.py", line 1775, in _wrapped_call_impl
    return self._call_impl(*args, **kwargs)
           ^^^^^^^^^^^^^^^^^^^^^^^^^^^^^^^^
  File "/gpfs/accounts/si670f25_class_root/si670f25_class/santoshd/fvc/venv/lib/python3.11/site-packages/torch/nn/modules/module.py", line 1786, in _call_impl
    return forward_call(*args, **kwargs)
           ^^^^^^^^^^^^^^^^^^^^^^^^^^^^^
  File "/home/suzanef/.cache/torch/hub/facebookresearch_pytorchvideo_main/pytorchvideo/models/net.py", line 121, in forward
    x_out = self.multipathway_fusion(x_out)
            ^^^^^^^^^^^^^^^^^^^^^^^^^^^^^^^
  File "/gpfs/accounts/si670f25_class_root/si670f25_class/santoshd/fvc/venv/lib/python3.11/site-packages/torch/nn/modules/module.py", line 1775, in _wrapped_call_impl
    return self._call_impl(*args, **kwargs)
           ^^^^^^^^^^^^^^^^^^^^^^^^^^^^^^^^
  File "/gpfs/accounts/si670f25_class_root/si670f25_class/santoshd/fvc/venv/lib/python3.11/site-packages/torch/nn/modules/module.py", line 1786, in _call_impl
    return forward_call(*args, **kwargs)
           ^^^^^^^^^^^^^^^^^^^^^^^^^^^^^
  File "/home/suzanef/.cache/torch/hub/facebookresearch_pytorchvideo_main/pytorchvideo/models/slowfast.py", line 728, in forward
    x_s_fuse = torch.cat([x_s, fuse], 1)
               ^^^^^^^^^^^^^^^^^^^^^^^^^
RuntimeError: Sizes of tensors must match except in dimension 1. Expected size 63 but got size 125 for tensor number 1 in the list.

The above exception was the direct cause of the following exception:

Traceback (most recent call last):
  File "/gpfs/accounts/si670f25_class_root/si670f25_class/santoshd/fvc/lib/training/pipeline.py", line 1776, in stage5_train_models
    raise ValueError(f"Model initialization failed: {e}") from e
ValueError: Model initialization failed: Sizes of tensors must match except in dimension 1. Expected size 63 but got size 125 for tensor number 1 in the list.
2025-12-14 16:53:09 [INFO] [lib.mlops.mlflow_tracker:142] MLflow run ended: a676b673c60542f9899a52b07dee2693
2025-12-14 16:53:09 [INFO] [lib.training.pipeline:1372] 
Hyperparameter Search - slowfast - Fold 3/5 (10.0% sample)
2025-12-14 16:53:09 [INFO] [lib.training.pipeline:1468] Training configuration - Batch size: 1, Gradient accumulation steps: 32, Effective batch size: 32
2025-12-14 16:53:09 [INFO] [lib.training.pipeline:1513] Applied PyTorch memory optimizations: expandable_segments, cudnn.benchmark=False
2025-12-14 16:53:09 [INFO] [lib.training.slowfast:102] torchvision SlowFast not available. Trying PyTorch Hub (pytorchvideo)...
2025-12-14 16:53:09 [INFO] [lib.training.slowfast:108] Loading SlowFast R50 from PyTorch Hub (facebookresearch/pytorchvideo)...
2025-12-14 16:53:10 [INFO] [lib.training.slowfast:163] ✓ Loaded SlowFast from PyTorch Hub (pytorchvideo)
2025-12-14 16:53:10 [INFO] [lib.training.slowfast:188] ✓ Verified SlowFast model structure: Net
2025-12-14 16:53:10 [INFO] [lib.mlops.mlflow_tracker:89] MLflow run started: 9ace73a66cc44ddcaaf4ad7e91a3b36d (experiment: slowfast)
2025-12-14 16:53:10 [INFO] [lib.training.pipeline:1606] Training PyTorch model slowfast on fold 3...
2025-12-14 16:53:12 [ERROR] [lib.training.pipeline:1775] Model forward pass test failed: Sizes of tensors must match except in dimension 1. Expected size 63 but got size 125 for tensor number 1 in the list.
Traceback (most recent call last):
  File "/gpfs/accounts/si670f25_class_root/si670f25_class/santoshd/fvc/lib/training/pipeline.py", line 1723, in stage5_train_models
    sample_output = model(sample_clips)
                    ^^^^^^^^^^^^^^^^^^^
  File "/gpfs/accounts/si670f25_class_root/si670f25_class/santoshd/fvc/venv/lib/python3.11/site-packages/torch/nn/modules/module.py", line 1775, in _wrapped_call_impl
    return self._call_impl(*args, **kwargs)
           ^^^^^^^^^^^^^^^^^^^^^^^^^^^^^^^^
  File "/gpfs/accounts/si670f25_class_root/si670f25_class/santoshd/fvc/venv/lib/python3.11/site-packages/torch/nn/modules/module.py", line 1786, in _call_impl
    return forward_call(*args, **kwargs)
           ^^^^^^^^^^^^^^^^^^^^^^^^^^^^^
  File "/gpfs/accounts/si670f25_class_root/si670f25_class/santoshd/fvc/lib/training/slowfast.py", line 517, in forward
    return self.backbone([slow_x, fast_x])
           ^^^^^^^^^^^^^^^^^^^^^^^^^^^^^^^
  File "/gpfs/accounts/si670f25_class_root/si670f25_class/santoshd/fvc/venv/lib/python3.11/site-packages/torch/nn/modules/module.py", line 1775, in _wrapped_call_impl
    return self._call_impl(*args, **kwargs)
           ^^^^^^^^^^^^^^^^^^^^^^^^^^^^^^^^
  File "/gpfs/accounts/si670f25_class_root/si670f25_class/santoshd/fvc/venv/lib/python3.11/site-packages/torch/nn/modules/module.py", line 1786, in _call_impl
    return forward_call(*args, **kwargs)
           ^^^^^^^^^^^^^^^^^^^^^^^^^^^^^
  File "/home/suzanef/.cache/torch/hub/facebookresearch_pytorchvideo_main/pytorchvideo/models/net.py", line 43, in forward
    x = block(x)
        ^^^^^^^^
  File "/gpfs/accounts/si670f25_class_root/si670f25_class/santoshd/fvc/venv/lib/python3.11/site-packages/torch/nn/modules/module.py", line 1775, in _wrapped_call_impl
    return self._call_impl(*args, **kwargs)
           ^^^^^^^^^^^^^^^^^^^^^^^^^^^^^^^^
  File "/gpfs/accounts/si670f25_class_root/si670f25_class/santoshd/fvc/venv/lib/python3.11/site-packages/torch/nn/modules/module.py", line 1786, in _call_impl
    return forward_call(*args, **kwargs)
           ^^^^^^^^^^^^^^^^^^^^^^^^^^^^^
  File "/home/suzanef/.cache/torch/hub/facebookresearch_pytorchvideo_main/pytorchvideo/models/net.py", line 121, in forward
    x_out = self.multipathway_fusion(x_out)
            ^^^^^^^^^^^^^^^^^^^^^^^^^^^^^^^
  File "/gpfs/accounts/si670f25_class_root/si670f25_class/santoshd/fvc/venv/lib/python3.11/site-packages/torch/nn/modules/module.py", line 1775, in _wrapped_call_impl
    return self._call_impl(*args, **kwargs)
           ^^^^^^^^^^^^^^^^^^^^^^^^^^^^^^^^
  File "/gpfs/accounts/si670f25_class_root/si670f25_class/santoshd/fvc/venv/lib/python3.11/site-packages/torch/nn/modules/module.py", line 1786, in _call_impl
    return forward_call(*args, **kwargs)
           ^^^^^^^^^^^^^^^^^^^^^^^^^^^^^
  File "/home/suzanef/.cache/torch/hub/facebookresearch_pytorchvideo_main/pytorchvideo/models/slowfast.py", line 728, in forward
    x_s_fuse = torch.cat([x_s, fuse], 1)
               ^^^^^^^^^^^^^^^^^^^^^^^^^
RuntimeError: Sizes of tensors must match except in dimension 1. Expected size 63 but got size 125 for tensor number 1 in the list.
2025-12-14 16:53:12 [ERROR] [lib.training.pipeline:2026] Error training fold 3: Model initialization failed: Sizes of tensors must match except in dimension 1. Expected size 63 but got size 125 for tensor number 1 in the list.
Traceback (most recent call last):
  File "/gpfs/accounts/si670f25_class_root/si670f25_class/santoshd/fvc/lib/training/pipeline.py", line 1723, in stage5_train_models
    sample_output = model(sample_clips)
                    ^^^^^^^^^^^^^^^^^^^
  File "/gpfs/accounts/si670f25_class_root/si670f25_class/santoshd/fvc/venv/lib/python3.11/site-packages/torch/nn/modules/module.py", line 1775, in _wrapped_call_impl
    return self._call_impl(*args, **kwargs)
           ^^^^^^^^^^^^^^^^^^^^^^^^^^^^^^^^
  File "/gpfs/accounts/si670f25_class_root/si670f25_class/santoshd/fvc/venv/lib/python3.11/site-packages/torch/nn/modules/module.py", line 1786, in _call_impl
    return forward_call(*args, **kwargs)
           ^^^^^^^^^^^^^^^^^^^^^^^^^^^^^
  File "/gpfs/accounts/si670f25_class_root/si670f25_class/santoshd/fvc/lib/training/slowfast.py", line 517, in forward
    return self.backbone([slow_x, fast_x])
           ^^^^^^^^^^^^^^^^^^^^^^^^^^^^^^^
  File "/gpfs/accounts/si670f25_class_root/si670f25_class/santoshd/fvc/venv/lib/python3.11/site-packages/torch/nn/modules/module.py", line 1775, in _wrapped_call_impl
    return self._call_impl(*args, **kwargs)
           ^^^^^^^^^^^^^^^^^^^^^^^^^^^^^^^^
  File "/gpfs/accounts/si670f25_class_root/si670f25_class/santoshd/fvc/venv/lib/python3.11/site-packages/torch/nn/modules/module.py", line 1786, in _call_impl
    return forward_call(*args, **kwargs)
           ^^^^^^^^^^^^^^^^^^^^^^^^^^^^^
  File "/home/suzanef/.cache/torch/hub/facebookresearch_pytorchvideo_main/pytorchvideo/models/net.py", line 43, in forward
    x = block(x)
        ^^^^^^^^
  File "/gpfs/accounts/si670f25_class_root/si670f25_class/santoshd/fvc/venv/lib/python3.11/site-packages/torch/nn/modules/module.py", line 1775, in _wrapped_call_impl
    return self._call_impl(*args, **kwargs)
           ^^^^^^^^^^^^^^^^^^^^^^^^^^^^^^^^
  File "/gpfs/accounts/si670f25_class_root/si670f25_class/santoshd/fvc/venv/lib/python3.11/site-packages/torch/nn/modules/module.py", line 1786, in _call_impl
    return forward_call(*args, **kwargs)
           ^^^^^^^^^^^^^^^^^^^^^^^^^^^^^
  File "/home/suzanef/.cache/torch/hub/facebookresearch_pytorchvideo_main/pytorchvideo/models/net.py", line 121, in forward
    x_out = self.multipathway_fusion(x_out)
            ^^^^^^^^^^^^^^^^^^^^^^^^^^^^^^^
  File "/gpfs/accounts/si670f25_class_root/si670f25_class/santoshd/fvc/venv/lib/python3.11/site-packages/torch/nn/modules/module.py", line 1775, in _wrapped_call_impl
    return self._call_impl(*args, **kwargs)
           ^^^^^^^^^^^^^^^^^^^^^^^^^^^^^^^^
  File "/gpfs/accounts/si670f25_class_root/si670f25_class/santoshd/fvc/venv/lib/python3.11/site-packages/torch/nn/modules/module.py", line 1786, in _call_impl
    return forward_call(*args, **kwargs)
           ^^^^^^^^^^^^^^^^^^^^^^^^^^^^^
  File "/home/suzanef/.cache/torch/hub/facebookresearch_pytorchvideo_main/pytorchvideo/models/slowfast.py", line 728, in forward
    x_s_fuse = torch.cat([x_s, fuse], 1)
               ^^^^^^^^^^^^^^^^^^^^^^^^^
RuntimeError: Sizes of tensors must match except in dimension 1. Expected size 63 but got size 125 for tensor number 1 in the list.

The above exception was the direct cause of the following exception:

Traceback (most recent call last):
  File "/gpfs/accounts/si670f25_class_root/si670f25_class/santoshd/fvc/lib/training/pipeline.py", line 1776, in stage5_train_models
    raise ValueError(f"Model initialization failed: {e}") from e
ValueError: Model initialization failed: Sizes of tensors must match except in dimension 1. Expected size 63 but got size 125 for tensor number 1 in the list.
2025-12-14 16:53:13 [INFO] [lib.mlops.mlflow_tracker:142] MLflow run ended: 9ace73a66cc44ddcaaf4ad7e91a3b36d
2025-12-14 16:53:13 [INFO] [lib.training.pipeline:1372] 
Hyperparameter Search - slowfast - Fold 4/5 (10.0% sample)
2025-12-14 16:53:13 [INFO] [lib.training.pipeline:1468] Training configuration - Batch size: 1, Gradient accumulation steps: 32, Effective batch size: 32
2025-12-14 16:53:13 [INFO] [lib.training.pipeline:1513] Applied PyTorch memory optimizations: expandable_segments, cudnn.benchmark=False
2025-12-14 16:53:13 [INFO] [lib.training.slowfast:102] torchvision SlowFast not available. Trying PyTorch Hub (pytorchvideo)...
2025-12-14 16:53:13 [INFO] [lib.training.slowfast:108] Loading SlowFast R50 from PyTorch Hub (facebookresearch/pytorchvideo)...
2025-12-14 16:53:14 [INFO] [lib.training.slowfast:163] ✓ Loaded SlowFast from PyTorch Hub (pytorchvideo)
2025-12-14 16:53:14 [INFO] [lib.training.slowfast:188] ✓ Verified SlowFast model structure: Net
2025-12-14 16:53:14 [INFO] [lib.mlops.mlflow_tracker:89] MLflow run started: 5470b4cdb9b544b0a530f795912dcdd8 (experiment: slowfast)
2025-12-14 16:53:14 [INFO] [lib.training.pipeline:1606] Training PyTorch model slowfast on fold 4...
2025-12-14 16:53:16 [ERROR] [lib.training.pipeline:1775] Model forward pass test failed: Sizes of tensors must match except in dimension 1. Expected size 63 but got size 125 for tensor number 1 in the list.
Traceback (most recent call last):
  File "/gpfs/accounts/si670f25_class_root/si670f25_class/santoshd/fvc/lib/training/pipeline.py", line 1723, in stage5_train_models
    sample_output = model(sample_clips)
                    ^^^^^^^^^^^^^^^^^^^
  File "/gpfs/accounts/si670f25_class_root/si670f25_class/santoshd/fvc/venv/lib/python3.11/site-packages/torch/nn/modules/module.py", line 1775, in _wrapped_call_impl
    return self._call_impl(*args, **kwargs)
           ^^^^^^^^^^^^^^^^^^^^^^^^^^^^^^^^
  File "/gpfs/accounts/si670f25_class_root/si670f25_class/santoshd/fvc/venv/lib/python3.11/site-packages/torch/nn/modules/module.py", line 1786, in _call_impl
    return forward_call(*args, **kwargs)
           ^^^^^^^^^^^^^^^^^^^^^^^^^^^^^
  File "/gpfs/accounts/si670f25_class_root/si670f25_class/santoshd/fvc/lib/training/slowfast.py", line 517, in forward
    return self.backbone([slow_x, fast_x])
           ^^^^^^^^^^^^^^^^^^^^^^^^^^^^^^^
  File "/gpfs/accounts/si670f25_class_root/si670f25_class/santoshd/fvc/venv/lib/python3.11/site-packages/torch/nn/modules/module.py", line 1775, in _wrapped_call_impl
    return self._call_impl(*args, **kwargs)
           ^^^^^^^^^^^^^^^^^^^^^^^^^^^^^^^^
  File "/gpfs/accounts/si670f25_class_root/si670f25_class/santoshd/fvc/venv/lib/python3.11/site-packages/torch/nn/modules/module.py", line 1786, in _call_impl
    return forward_call(*args, **kwargs)
           ^^^^^^^^^^^^^^^^^^^^^^^^^^^^^
  File "/home/suzanef/.cache/torch/hub/facebookresearch_pytorchvideo_main/pytorchvideo/models/net.py", line 43, in forward
    x = block(x)
        ^^^^^^^^
  File "/gpfs/accounts/si670f25_class_root/si670f25_class/santoshd/fvc/venv/lib/python3.11/site-packages/torch/nn/modules/module.py", line 1775, in _wrapped_call_impl
    return self._call_impl(*args, **kwargs)
           ^^^^^^^^^^^^^^^^^^^^^^^^^^^^^^^^
  File "/gpfs/accounts/si670f25_class_root/si670f25_class/santoshd/fvc/venv/lib/python3.11/site-packages/torch/nn/modules/module.py", line 1786, in _call_impl
    return forward_call(*args, **kwargs)
           ^^^^^^^^^^^^^^^^^^^^^^^^^^^^^
  File "/home/suzanef/.cache/torch/hub/facebookresearch_pytorchvideo_main/pytorchvideo/models/net.py", line 121, in forward
    x_out = self.multipathway_fusion(x_out)
            ^^^^^^^^^^^^^^^^^^^^^^^^^^^^^^^
  File "/gpfs/accounts/si670f25_class_root/si670f25_class/santoshd/fvc/venv/lib/python3.11/site-packages/torch/nn/modules/module.py", line 1775, in _wrapped_call_impl
    return self._call_impl(*args, **kwargs)
           ^^^^^^^^^^^^^^^^^^^^^^^^^^^^^^^^
  File "/gpfs/accounts/si670f25_class_root/si670f25_class/santoshd/fvc/venv/lib/python3.11/site-packages/torch/nn/modules/module.py", line 1786, in _call_impl
    return forward_call(*args, **kwargs)
           ^^^^^^^^^^^^^^^^^^^^^^^^^^^^^
  File "/home/suzanef/.cache/torch/hub/facebookresearch_pytorchvideo_main/pytorchvideo/models/slowfast.py", line 728, in forward
    x_s_fuse = torch.cat([x_s, fuse], 1)
               ^^^^^^^^^^^^^^^^^^^^^^^^^
RuntimeError: Sizes of tensors must match except in dimension 1. Expected size 63 but got size 125 for tensor number 1 in the list.
2025-12-14 16:53:16 [ERROR] [lib.training.pipeline:2026] Error training fold 4: Model initialization failed: Sizes of tensors must match except in dimension 1. Expected size 63 but got size 125 for tensor number 1 in the list.
Traceback (most recent call last):
  File "/gpfs/accounts/si670f25_class_root/si670f25_class/santoshd/fvc/lib/training/pipeline.py", line 1723, in stage5_train_models
    sample_output = model(sample_clips)
                    ^^^^^^^^^^^^^^^^^^^
  File "/gpfs/accounts/si670f25_class_root/si670f25_class/santoshd/fvc/venv/lib/python3.11/site-packages/torch/nn/modules/module.py", line 1775, in _wrapped_call_impl
    return self._call_impl(*args, **kwargs)
           ^^^^^^^^^^^^^^^^^^^^^^^^^^^^^^^^
  File "/gpfs/accounts/si670f25_class_root/si670f25_class/santoshd/fvc/venv/lib/python3.11/site-packages/torch/nn/modules/module.py", line 1786, in _call_impl
    return forward_call(*args, **kwargs)
           ^^^^^^^^^^^^^^^^^^^^^^^^^^^^^
  File "/gpfs/accounts/si670f25_class_root/si670f25_class/santoshd/fvc/lib/training/slowfast.py", line 517, in forward
    return self.backbone([slow_x, fast_x])
           ^^^^^^^^^^^^^^^^^^^^^^^^^^^^^^^
  File "/gpfs/accounts/si670f25_class_root/si670f25_class/santoshd/fvc/venv/lib/python3.11/site-packages/torch/nn/modules/module.py", line 1775, in _wrapped_call_impl
    return self._call_impl(*args, **kwargs)
           ^^^^^^^^^^^^^^^^^^^^^^^^^^^^^^^^
  File "/gpfs/accounts/si670f25_class_root/si670f25_class/santoshd/fvc/venv/lib/python3.11/site-packages/torch/nn/modules/module.py", line 1786, in _call_impl
    return forward_call(*args, **kwargs)
           ^^^^^^^^^^^^^^^^^^^^^^^^^^^^^
  File "/home/suzanef/.cache/torch/hub/facebookresearch_pytorchvideo_main/pytorchvideo/models/net.py", line 43, in forward
    x = block(x)
        ^^^^^^^^
  File "/gpfs/accounts/si670f25_class_root/si670f25_class/santoshd/fvc/venv/lib/python3.11/site-packages/torch/nn/modules/module.py", line 1775, in _wrapped_call_impl
    return self._call_impl(*args, **kwargs)
           ^^^^^^^^^^^^^^^^^^^^^^^^^^^^^^^^
  File "/gpfs/accounts/si670f25_class_root/si670f25_class/santoshd/fvc/venv/lib/python3.11/site-packages/torch/nn/modules/module.py", line 1786, in _call_impl
    return forward_call(*args, **kwargs)
           ^^^^^^^^^^^^^^^^^^^^^^^^^^^^^
  File "/home/suzanef/.cache/torch/hub/facebookresearch_pytorchvideo_main/pytorchvideo/models/net.py", line 121, in forward
    x_out = self.multipathway_fusion(x_out)
            ^^^^^^^^^^^^^^^^^^^^^^^^^^^^^^^
  File "/gpfs/accounts/si670f25_class_root/si670f25_class/santoshd/fvc/venv/lib/python3.11/site-packages/torch/nn/modules/module.py", line 1775, in _wrapped_call_impl
    return self._call_impl(*args, **kwargs)
           ^^^^^^^^^^^^^^^^^^^^^^^^^^^^^^^^
  File "/gpfs/accounts/si670f25_class_root/si670f25_class/santoshd/fvc/venv/lib/python3.11/site-packages/torch/nn/modules/module.py", line 1786, in _call_impl
    return forward_call(*args, **kwargs)
           ^^^^^^^^^^^^^^^^^^^^^^^^^^^^^
  File "/home/suzanef/.cache/torch/hub/facebookresearch_pytorchvideo_main/pytorchvideo/models/slowfast.py", line 728, in forward
    x_s_fuse = torch.cat([x_s, fuse], 1)
               ^^^^^^^^^^^^^^^^^^^^^^^^^
RuntimeError: Sizes of tensors must match except in dimension 1. Expected size 63 but got size 125 for tensor number 1 in the list.

The above exception was the direct cause of the following exception:

Traceback (most recent call last):
  File "/gpfs/accounts/si670f25_class_root/si670f25_class/santoshd/fvc/lib/training/pipeline.py", line 1776, in stage5_train_models
    raise ValueError(f"Model initialization failed: {e}") from e
ValueError: Model initialization failed: Sizes of tensors must match except in dimension 1. Expected size 63 but got size 125 for tensor number 1 in the list.
2025-12-14 16:53:17 [INFO] [lib.mlops.mlflow_tracker:142] MLflow run ended: 5470b4cdb9b544b0a530f795912dcdd8
2025-12-14 16:53:17 [INFO] [lib.training.pipeline:1372] 
Hyperparameter Search - slowfast - Fold 5/5 (10.0% sample)
2025-12-14 16:53:17 [INFO] [lib.training.pipeline:1468] Training configuration - Batch size: 1, Gradient accumulation steps: 32, Effective batch size: 32
2025-12-14 16:53:17 [INFO] [lib.training.pipeline:1513] Applied PyTorch memory optimizations: expandable_segments, cudnn.benchmark=False
2025-12-14 16:53:17 [INFO] [lib.training.slowfast:102] torchvision SlowFast not available. Trying PyTorch Hub (pytorchvideo)...
2025-12-14 16:53:17 [INFO] [lib.training.slowfast:108] Loading SlowFast R50 from PyTorch Hub (facebookresearch/pytorchvideo)...
2025-12-14 16:53:18 [INFO] [lib.training.slowfast:163] ✓ Loaded SlowFast from PyTorch Hub (pytorchvideo)
2025-12-14 16:53:18 [INFO] [lib.training.slowfast:188] ✓ Verified SlowFast model structure: Net
2025-12-14 16:53:18 [INFO] [lib.mlops.mlflow_tracker:89] MLflow run started: d63b01fc964b4c6cae52bcff20a0c588 (experiment: slowfast)
2025-12-14 16:53:18 [INFO] [lib.training.pipeline:1606] Training PyTorch model slowfast on fold 5...
2025-12-14 16:53:20 [ERROR] [lib.training.pipeline:1775] Model forward pass test failed: Sizes of tensors must match except in dimension 1. Expected size 63 but got size 125 for tensor number 1 in the list.
Traceback (most recent call last):
  File "/gpfs/accounts/si670f25_class_root/si670f25_class/santoshd/fvc/lib/training/pipeline.py", line 1723, in stage5_train_models
    sample_output = model(sample_clips)
                    ^^^^^^^^^^^^^^^^^^^
  File "/gpfs/accounts/si670f25_class_root/si670f25_class/santoshd/fvc/venv/lib/python3.11/site-packages/torch/nn/modules/module.py", line 1775, in _wrapped_call_impl
    return self._call_impl(*args, **kwargs)
           ^^^^^^^^^^^^^^^^^^^^^^^^^^^^^^^^
  File "/gpfs/accounts/si670f25_class_root/si670f25_class/santoshd/fvc/venv/lib/python3.11/site-packages/torch/nn/modules/module.py", line 1786, in _call_impl
    return forward_call(*args, **kwargs)
           ^^^^^^^^^^^^^^^^^^^^^^^^^^^^^
  File "/gpfs/accounts/si670f25_class_root/si670f25_class/santoshd/fvc/lib/training/slowfast.py", line 517, in forward
    return self.backbone([slow_x, fast_x])
           ^^^^^^^^^^^^^^^^^^^^^^^^^^^^^^^
  File "/gpfs/accounts/si670f25_class_root/si670f25_class/santoshd/fvc/venv/lib/python3.11/site-packages/torch/nn/modules/module.py", line 1775, in _wrapped_call_impl
    return self._call_impl(*args, **kwargs)
           ^^^^^^^^^^^^^^^^^^^^^^^^^^^^^^^^
  File "/gpfs/accounts/si670f25_class_root/si670f25_class/santoshd/fvc/venv/lib/python3.11/site-packages/torch/nn/modules/module.py", line 1786, in _call_impl
    return forward_call(*args, **kwargs)
           ^^^^^^^^^^^^^^^^^^^^^^^^^^^^^
  File "/home/suzanef/.cache/torch/hub/facebookresearch_pytorchvideo_main/pytorchvideo/models/net.py", line 43, in forward
    x = block(x)
        ^^^^^^^^
  File "/gpfs/accounts/si670f25_class_root/si670f25_class/santoshd/fvc/venv/lib/python3.11/site-packages/torch/nn/modules/module.py", line 1775, in _wrapped_call_impl
    return self._call_impl(*args, **kwargs)
           ^^^^^^^^^^^^^^^^^^^^^^^^^^^^^^^^
  File "/gpfs/accounts/si670f25_class_root/si670f25_class/santoshd/fvc/venv/lib/python3.11/site-packages/torch/nn/modules/module.py", line 1786, in _call_impl
    return forward_call(*args, **kwargs)
           ^^^^^^^^^^^^^^^^^^^^^^^^^^^^^
  File "/home/suzanef/.cache/torch/hub/facebookresearch_pytorchvideo_main/pytorchvideo/models/net.py", line 121, in forward
    x_out = self.multipathway_fusion(x_out)
            ^^^^^^^^^^^^^^^^^^^^^^^^^^^^^^^
  File "/gpfs/accounts/si670f25_class_root/si670f25_class/santoshd/fvc/venv/lib/python3.11/site-packages/torch/nn/modules/module.py", line 1775, in _wrapped_call_impl
    return self._call_impl(*args, **kwargs)
           ^^^^^^^^^^^^^^^^^^^^^^^^^^^^^^^^
  File "/gpfs/accounts/si670f25_class_root/si670f25_class/santoshd/fvc/venv/lib/python3.11/site-packages/torch/nn/modules/module.py", line 1786, in _call_impl
    return forward_call(*args, **kwargs)
           ^^^^^^^^^^^^^^^^^^^^^^^^^^^^^
  File "/home/suzanef/.cache/torch/hub/facebookresearch_pytorchvideo_main/pytorchvideo/models/slowfast.py", line 728, in forward
    x_s_fuse = torch.cat([x_s, fuse], 1)
               ^^^^^^^^^^^^^^^^^^^^^^^^^
RuntimeError: Sizes of tensors must match except in dimension 1. Expected size 63 but got size 125 for tensor number 1 in the list.
2025-12-14 16:53:20 [ERROR] [lib.training.pipeline:2026] Error training fold 5: Model initialization failed: Sizes of tensors must match except in dimension 1. Expected size 63 but got size 125 for tensor number 1 in the list.
Traceback (most recent call last):
  File "/gpfs/accounts/si670f25_class_root/si670f25_class/santoshd/fvc/lib/training/pipeline.py", line 1723, in stage5_train_models
    sample_output = model(sample_clips)
                    ^^^^^^^^^^^^^^^^^^^
  File "/gpfs/accounts/si670f25_class_root/si670f25_class/santoshd/fvc/venv/lib/python3.11/site-packages/torch/nn/modules/module.py", line 1775, in _wrapped_call_impl
    return self._call_impl(*args, **kwargs)
           ^^^^^^^^^^^^^^^^^^^^^^^^^^^^^^^^
  File "/gpfs/accounts/si670f25_class_root/si670f25_class/santoshd/fvc/venv/lib/python3.11/site-packages/torch/nn/modules/module.py", line 1786, in _call_impl
    return forward_call(*args, **kwargs)
           ^^^^^^^^^^^^^^^^^^^^^^^^^^^^^
  File "/gpfs/accounts/si670f25_class_root/si670f25_class/santoshd/fvc/lib/training/slowfast.py", line 517, in forward
    return self.backbone([slow_x, fast_x])
           ^^^^^^^^^^^^^^^^^^^^^^^^^^^^^^^
  File "/gpfs/accounts/si670f25_class_root/si670f25_class/santoshd/fvc/venv/lib/python3.11/site-packages/torch/nn/modules/module.py", line 1775, in _wrapped_call_impl
    return self._call_impl(*args, **kwargs)
           ^^^^^^^^^^^^^^^^^^^^^^^^^^^^^^^^
  File "/gpfs/accounts/si670f25_class_root/si670f25_class/santoshd/fvc/venv/lib/python3.11/site-packages/torch/nn/modules/module.py", line 1786, in _call_impl
    return forward_call(*args, **kwargs)
           ^^^^^^^^^^^^^^^^^^^^^^^^^^^^^
  File "/home/suzanef/.cache/torch/hub/facebookresearch_pytorchvideo_main/pytorchvideo/models/net.py", line 43, in forward
    x = block(x)
        ^^^^^^^^
  File "/gpfs/accounts/si670f25_class_root/si670f25_class/santoshd/fvc/venv/lib/python3.11/site-packages/torch/nn/modules/module.py", line 1775, in _wrapped_call_impl
    return self._call_impl(*args, **kwargs)
           ^^^^^^^^^^^^^^^^^^^^^^^^^^^^^^^^
  File "/gpfs/accounts/si670f25_class_root/si670f25_class/santoshd/fvc/venv/lib/python3.11/site-packages/torch/nn/modules/module.py", line 1786, in _call_impl
    return forward_call(*args, **kwargs)
           ^^^^^^^^^^^^^^^^^^^^^^^^^^^^^
  File "/home/suzanef/.cache/torch/hub/facebookresearch_pytorchvideo_main/pytorchvideo/models/net.py", line 121, in forward
    x_out = self.multipathway_fusion(x_out)
            ^^^^^^^^^^^^^^^^^^^^^^^^^^^^^^^
  File "/gpfs/accounts/si670f25_class_root/si670f25_class/santoshd/fvc/venv/lib/python3.11/site-packages/torch/nn/modules/module.py", line 1775, in _wrapped_call_impl
    return self._call_impl(*args, **kwargs)
           ^^^^^^^^^^^^^^^^^^^^^^^^^^^^^^^^
  File "/gpfs/accounts/si670f25_class_root/si670f25_class/santoshd/fvc/venv/lib/python3.11/site-packages/torch/nn/modules/module.py", line 1786, in _call_impl
    return forward_call(*args, **kwargs)
           ^^^^^^^^^^^^^^^^^^^^^^^^^^^^^
  File "/home/suzanef/.cache/torch/hub/facebookresearch_pytorchvideo_main/pytorchvideo/models/slowfast.py", line 728, in forward
    x_s_fuse = torch.cat([x_s, fuse], 1)
               ^^^^^^^^^^^^^^^^^^^^^^^^^
RuntimeError: Sizes of tensors must match except in dimension 1. Expected size 63 but got size 125 for tensor number 1 in the list.

The above exception was the direct cause of the following exception:

Traceback (most recent call last):
  File "/gpfs/accounts/si670f25_class_root/si670f25_class/santoshd/fvc/lib/training/pipeline.py", line 1776, in stage5_train_models
    raise ValueError(f"Model initialization failed: {e}") from e
ValueError: Model initialization failed: Sizes of tensors must match except in dimension 1. Expected size 63 but got size 125 for tensor number 1 in the list.
2025-12-14 16:53:20 [INFO] [lib.mlops.mlflow_tracker:142] MLflow run ended: d63b01fc964b4c6cae52bcff20a0c588
2025-12-14 16:53:21 [INFO] [lib.training.pipeline:2082] Using single parameter combination: {'learning_rate': 0.0001, 'backbone_lr': 5e-06, 'head_lr': 0.0005, 'weight_decay': 0.0001}
2025-12-14 16:53:21 [INFO] [lib.training.pipeline:2085] ================================================================================
2025-12-14 16:53:21 [INFO] [lib.training.pipeline:2086] FINAL TRAINING: Using full dataset with best hyperparameters
2025-12-14 16:53:21 [INFO] [lib.training.pipeline:2087] ================================================================================
2025-12-14 16:53:21 [INFO] [lib.training.pipeline:2100] Final training: Using 5-fold stratified cross-validation on full dataset (3277 rows)
2025-12-14 16:53:21 [INFO] [lib.training.pipeline:2108] Final training using best hyperparameters: {'learning_rate': 0.0001, 'backbone_lr': 5e-06, 'head_lr': 0.0005, 'weight_decay': 0.0001}
2025-12-14 16:53:21 [INFO] [lib.training.pipeline:2114] 
Final Training - slowfast - Fold 1/5 (full dataset)
2025-12-14 16:53:21 [INFO] [lib.training.pipeline:2214] Applied PyTorch memory optimizations: expandable_segments, cudnn.benchmark=False
2025-12-14 16:53:21 [INFO] [lib.training.slowfast:102] torchvision SlowFast not available. Trying PyTorch Hub (pytorchvideo)...
2025-12-14 16:53:21 [INFO] [lib.training.slowfast:108] Loading SlowFast R50 from PyTorch Hub (facebookresearch/pytorchvideo)...
2025-12-14 16:53:22 [INFO] [lib.training.slowfast:163] ✓ Loaded SlowFast from PyTorch Hub (pytorchvideo)
2025-12-14 16:53:22 [INFO] [lib.training.slowfast:188] ✓ Verified SlowFast model structure: Net
2025-12-14 16:53:22 [INFO] [lib.mlops.mlflow_tracker:89] MLflow run started: edb1b36b03e04e3cab6b05de3aeb65a3 (experiment: slowfast)
2025-12-14 16:53:22 [INFO] [lib.training.pipeline:2279] Training PyTorch model slowfast on fold 1 (full dataset)...
2025-12-14 16:53:22 [INFO] [lib.training.trainer:260] Warmup will be handled in training loop (2 epochs)
2025-12-14 16:53:32 [ERROR] [lib.training.pipeline:2379] Error training final fold 1: Sizes of tensors must match except in dimension 1. Expected size 63 but got size 125 for tensor number 1 in the list.
Traceback (most recent call last):
  File "/gpfs/accounts/si670f25_class_root/si670f25_class/santoshd/fvc/lib/training/pipeline.py", line 2285, in stage5_train_models
    model = fit(model, train_loader, val_loader, optim_cfg, train_cfg, use_differential_lr=use_differential_lr)
            ^^^^^^^^^^^^^^^^^^^^^^^^^^^^^^^^^^^^^^^^^^^^^^^^^^^^^^^^^^^^^^^^^^^^^^^^^^^^^^^^^^^^^^^^^^^^^^^^^^^
  File "/gpfs/accounts/si670f25_class_root/si670f25_class/santoshd/fvc/lib/training/trainer.py", line 684, in fit
    train_loss = train_one_epoch(
                 ^^^^^^^^^^^^^^^^
  File "/gpfs/accounts/si670f25_class_root/si670f25_class/santoshd/fvc/lib/training/trainer.py", line 331, in train_one_epoch
    logits = model(clips)
             ^^^^^^^^^^^^
  File "/gpfs/accounts/si670f25_class_root/si670f25_class/santoshd/fvc/venv/lib/python3.11/site-packages/torch/nn/modules/module.py", line 1775, in _wrapped_call_impl
    return self._call_impl(*args, **kwargs)
           ^^^^^^^^^^^^^^^^^^^^^^^^^^^^^^^^
  File "/gpfs/accounts/si670f25_class_root/si670f25_class/santoshd/fvc/venv/lib/python3.11/site-packages/torch/nn/modules/module.py", line 1786, in _call_impl
    return forward_call(*args, **kwargs)
           ^^^^^^^^^^^^^^^^^^^^^^^^^^^^^
  File "/gpfs/accounts/si670f25_class_root/si670f25_class/santoshd/fvc/lib/training/slowfast.py", line 517, in forward
    return self.backbone([slow_x, fast_x])
           ^^^^^^^^^^^^^^^^^^^^^^^^^^^^^^^
  File "/gpfs/accounts/si670f25_class_root/si670f25_class/santoshd/fvc/venv/lib/python3.11/site-packages/torch/nn/modules/module.py", line 1775, in _wrapped_call_impl
    return self._call_impl(*args, **kwargs)
           ^^^^^^^^^^^^^^^^^^^^^^^^^^^^^^^^
  File "/gpfs/accounts/si670f25_class_root/si670f25_class/santoshd/fvc/venv/lib/python3.11/site-packages/torch/nn/modules/module.py", line 1786, in _call_impl
    return forward_call(*args, **kwargs)
           ^^^^^^^^^^^^^^^^^^^^^^^^^^^^^
  File "/home/suzanef/.cache/torch/hub/facebookresearch_pytorchvideo_main/pytorchvideo/models/net.py", line 43, in forward
    x = block(x)
        ^^^^^^^^
  File "/gpfs/accounts/si670f25_class_root/si670f25_class/santoshd/fvc/venv/lib/python3.11/site-packages/torch/nn/modules/module.py", line 1775, in _wrapped_call_impl
    return self._call_impl(*args, **kwargs)
           ^^^^^^^^^^^^^^^^^^^^^^^^^^^^^^^^
  File "/gpfs/accounts/si670f25_class_root/si670f25_class/santoshd/fvc/venv/lib/python3.11/site-packages/torch/nn/modules/module.py", line 1786, in _call_impl
    return forward_call(*args, **kwargs)
           ^^^^^^^^^^^^^^^^^^^^^^^^^^^^^
  File "/home/suzanef/.cache/torch/hub/facebookresearch_pytorchvideo_main/pytorchvideo/models/net.py", line 121, in forward
    x_out = self.multipathway_fusion(x_out)
            ^^^^^^^^^^^^^^^^^^^^^^^^^^^^^^^
  File "/gpfs/accounts/si670f25_class_root/si670f25_class/santoshd/fvc/venv/lib/python3.11/site-packages/torch/nn/modules/module.py", line 1775, in _wrapped_call_impl
    return self._call_impl(*args, **kwargs)
           ^^^^^^^^^^^^^^^^^^^^^^^^^^^^^^^^
  File "/gpfs/accounts/si670f25_class_root/si670f25_class/santoshd/fvc/venv/lib/python3.11/site-packages/torch/nn/modules/module.py", line 1786, in _call_impl
    return forward_call(*args, **kwargs)
           ^^^^^^^^^^^^^^^^^^^^^^^^^^^^^
  File "/home/suzanef/.cache/torch/hub/facebookresearch_pytorchvideo_main/pytorchvideo/models/slowfast.py", line 728, in forward
    x_s_fuse = torch.cat([x_s, fuse], 1)
               ^^^^^^^^^^^^^^^^^^^^^^^^^
RuntimeError: Sizes of tensors must match except in dimension 1. Expected size 63 but got size 125 for tensor number 1 in the list.
2025-12-14 16:53:32 [INFO] [lib.training.pipeline:2114] 
Final Training - slowfast - Fold 2/5 (full dataset)
2025-12-14 16:53:32 [INFO] [lib.training.pipeline:2214] Applied PyTorch memory optimizations: expandable_segments, cudnn.benchmark=False
2025-12-14 16:53:32 [INFO] [lib.training.slowfast:102] torchvision SlowFast not available. Trying PyTorch Hub (pytorchvideo)...
2025-12-14 16:53:32 [INFO] [lib.training.slowfast:108] Loading SlowFast R50 from PyTorch Hub (facebookresearch/pytorchvideo)...
2025-12-14 16:53:33 [INFO] [lib.training.slowfast:163] ✓ Loaded SlowFast from PyTorch Hub (pytorchvideo)
2025-12-14 16:53:33 [INFO] [lib.training.slowfast:188] ✓ Verified SlowFast model structure: Net
2025-12-14 16:53:33 [INFO] [lib.mlops.mlflow_tracker:89] MLflow run started: 290e526598144fdaaa5e710d66d319d2 (experiment: slowfast)
2025-12-14 16:53:33 [INFO] [lib.training.pipeline:2279] Training PyTorch model slowfast on fold 2 (full dataset)...
2025-12-14 16:53:33 [INFO] [lib.training.trainer:260] Warmup will be handled in training loop (2 epochs)
2025-12-14 16:53:40 [ERROR] [lib.training.pipeline:2379] Error training final fold 2: Sizes of tensors must match except in dimension 1. Expected size 63 but got size 125 for tensor number 1 in the list.
Traceback (most recent call last):
  File "/gpfs/accounts/si670f25_class_root/si670f25_class/santoshd/fvc/lib/training/pipeline.py", line 2285, in stage5_train_models
    model = fit(model, train_loader, val_loader, optim_cfg, train_cfg, use_differential_lr=use_differential_lr)
            ^^^^^^^^^^^^^^^^^^^^^^^^^^^^^^^^^^^^^^^^^^^^^^^^^^^^^^^^^^^^^^^^^^^^^^^^^^^^^^^^^^^^^^^^^^^^^^^^^^^
  File "/gpfs/accounts/si670f25_class_root/si670f25_class/santoshd/fvc/lib/training/trainer.py", line 684, in fit
    train_loss = train_one_epoch(
                 ^^^^^^^^^^^^^^^^
  File "/gpfs/accounts/si670f25_class_root/si670f25_class/santoshd/fvc/lib/training/trainer.py", line 331, in train_one_epoch
    logits = model(clips)
             ^^^^^^^^^^^^
  File "/gpfs/accounts/si670f25_class_root/si670f25_class/santoshd/fvc/venv/lib/python3.11/site-packages/torch/nn/modules/module.py", line 1775, in _wrapped_call_impl
    return self._call_impl(*args, **kwargs)
           ^^^^^^^^^^^^^^^^^^^^^^^^^^^^^^^^
  File "/gpfs/accounts/si670f25_class_root/si670f25_class/santoshd/fvc/venv/lib/python3.11/site-packages/torch/nn/modules/module.py", line 1786, in _call_impl
    return forward_call(*args, **kwargs)
           ^^^^^^^^^^^^^^^^^^^^^^^^^^^^^
  File "/gpfs/accounts/si670f25_class_root/si670f25_class/santoshd/fvc/lib/training/slowfast.py", line 517, in forward
    return self.backbone([slow_x, fast_x])
           ^^^^^^^^^^^^^^^^^^^^^^^^^^^^^^^
  File "/gpfs/accounts/si670f25_class_root/si670f25_class/santoshd/fvc/venv/lib/python3.11/site-packages/torch/nn/modules/module.py", line 1775, in _wrapped_call_impl
    return self._call_impl(*args, **kwargs)
           ^^^^^^^^^^^^^^^^^^^^^^^^^^^^^^^^
  File "/gpfs/accounts/si670f25_class_root/si670f25_class/santoshd/fvc/venv/lib/python3.11/site-packages/torch/nn/modules/module.py", line 1786, in _call_impl
    return forward_call(*args, **kwargs)
           ^^^^^^^^^^^^^^^^^^^^^^^^^^^^^
  File "/home/suzanef/.cache/torch/hub/facebookresearch_pytorchvideo_main/pytorchvideo/models/net.py", line 43, in forward
    x = block(x)
        ^^^^^^^^
  File "/gpfs/accounts/si670f25_class_root/si670f25_class/santoshd/fvc/venv/lib/python3.11/site-packages/torch/nn/modules/module.py", line 1775, in _wrapped_call_impl
    return self._call_impl(*args, **kwargs)
           ^^^^^^^^^^^^^^^^^^^^^^^^^^^^^^^^
  File "/gpfs/accounts/si670f25_class_root/si670f25_class/santoshd/fvc/venv/lib/python3.11/site-packages/torch/nn/modules/module.py", line 1786, in _call_impl
    return forward_call(*args, **kwargs)
           ^^^^^^^^^^^^^^^^^^^^^^^^^^^^^
  File "/home/suzanef/.cache/torch/hub/facebookresearch_pytorchvideo_main/pytorchvideo/models/net.py", line 121, in forward
    x_out = self.multipathway_fusion(x_out)
            ^^^^^^^^^^^^^^^^^^^^^^^^^^^^^^^
  File "/gpfs/accounts/si670f25_class_root/si670f25_class/santoshd/fvc/venv/lib/python3.11/site-packages/torch/nn/modules/module.py", line 1775, in _wrapped_call_impl
    return self._call_impl(*args, **kwargs)
           ^^^^^^^^^^^^^^^^^^^^^^^^^^^^^^^^
  File "/gpfs/accounts/si670f25_class_root/si670f25_class/santoshd/fvc/venv/lib/python3.11/site-packages/torch/nn/modules/module.py", line 1786, in _call_impl
    return forward_call(*args, **kwargs)
           ^^^^^^^^^^^^^^^^^^^^^^^^^^^^^
  File "/home/suzanef/.cache/torch/hub/facebookresearch_pytorchvideo_main/pytorchvideo/models/slowfast.py", line 728, in forward
    x_s_fuse = torch.cat([x_s, fuse], 1)
               ^^^^^^^^^^^^^^^^^^^^^^^^^
RuntimeError: Sizes of tensors must match except in dimension 1. Expected size 63 but got size 125 for tensor number 1 in the list.
2025-12-14 16:53:40 [INFO] [lib.training.pipeline:2114] 
Final Training - slowfast - Fold 3/5 (full dataset)
2025-12-14 16:53:40 [INFO] [lib.training.pipeline:2214] Applied PyTorch memory optimizations: expandable_segments, cudnn.benchmark=False
2025-12-14 16:53:40 [INFO] [lib.training.slowfast:102] torchvision SlowFast not available. Trying PyTorch Hub (pytorchvideo)...
2025-12-14 16:53:40 [INFO] [lib.training.slowfast:108] Loading SlowFast R50 from PyTorch Hub (facebookresearch/pytorchvideo)...
2025-12-14 16:53:41 [INFO] [lib.training.slowfast:163] ✓ Loaded SlowFast from PyTorch Hub (pytorchvideo)
2025-12-14 16:53:41 [INFO] [lib.training.slowfast:188] ✓ Verified SlowFast model structure: Net
2025-12-14 16:53:41 [INFO] [lib.mlops.mlflow_tracker:89] MLflow run started: ff6c5455c1c34f2c900d0d9f3684c7df (experiment: slowfast)
2025-12-14 16:53:41 [INFO] [lib.training.pipeline:2279] Training PyTorch model slowfast on fold 3 (full dataset)...
2025-12-14 16:53:41 [INFO] [lib.training.trainer:260] Warmup will be handled in training loop (2 epochs)
2025-12-14 16:53:46 [INFO] [lib.models.video:462] Chunk size increased from 30 to 40 (after 3 successes, increment: 10)
2025-12-14 16:53:49 [ERROR] [lib.training.pipeline:2379] Error training final fold 3: Sizes of tensors must match except in dimension 1. Expected size 63 but got size 125 for tensor number 1 in the list.
Traceback (most recent call last):
  File "/gpfs/accounts/si670f25_class_root/si670f25_class/santoshd/fvc/lib/training/pipeline.py", line 2285, in stage5_train_models
    model = fit(model, train_loader, val_loader, optim_cfg, train_cfg, use_differential_lr=use_differential_lr)
            ^^^^^^^^^^^^^^^^^^^^^^^^^^^^^^^^^^^^^^^^^^^^^^^^^^^^^^^^^^^^^^^^^^^^^^^^^^^^^^^^^^^^^^^^^^^^^^^^^^^
  File "/gpfs/accounts/si670f25_class_root/si670f25_class/santoshd/fvc/lib/training/trainer.py", line 684, in fit
    train_loss = train_one_epoch(
                 ^^^^^^^^^^^^^^^^
  File "/gpfs/accounts/si670f25_class_root/si670f25_class/santoshd/fvc/lib/training/trainer.py", line 331, in train_one_epoch
    logits = model(clips)
             ^^^^^^^^^^^^
  File "/gpfs/accounts/si670f25_class_root/si670f25_class/santoshd/fvc/venv/lib/python3.11/site-packages/torch/nn/modules/module.py", line 1775, in _wrapped_call_impl
    return self._call_impl(*args, **kwargs)
           ^^^^^^^^^^^^^^^^^^^^^^^^^^^^^^^^
  File "/gpfs/accounts/si670f25_class_root/si670f25_class/santoshd/fvc/venv/lib/python3.11/site-packages/torch/nn/modules/module.py", line 1786, in _call_impl
    return forward_call(*args, **kwargs)
           ^^^^^^^^^^^^^^^^^^^^^^^^^^^^^
  File "/gpfs/accounts/si670f25_class_root/si670f25_class/santoshd/fvc/lib/training/slowfast.py", line 517, in forward
    return self.backbone([slow_x, fast_x])
           ^^^^^^^^^^^^^^^^^^^^^^^^^^^^^^^
  File "/gpfs/accounts/si670f25_class_root/si670f25_class/santoshd/fvc/venv/lib/python3.11/site-packages/torch/nn/modules/module.py", line 1775, in _wrapped_call_impl
    return self._call_impl(*args, **kwargs)
           ^^^^^^^^^^^^^^^^^^^^^^^^^^^^^^^^
  File "/gpfs/accounts/si670f25_class_root/si670f25_class/santoshd/fvc/venv/lib/python3.11/site-packages/torch/nn/modules/module.py", line 1786, in _call_impl
    return forward_call(*args, **kwargs)
           ^^^^^^^^^^^^^^^^^^^^^^^^^^^^^
  File "/home/suzanef/.cache/torch/hub/facebookresearch_pytorchvideo_main/pytorchvideo/models/net.py", line 43, in forward
    x = block(x)
        ^^^^^^^^
  File "/gpfs/accounts/si670f25_class_root/si670f25_class/santoshd/fvc/venv/lib/python3.11/site-packages/torch/nn/modules/module.py", line 1775, in _wrapped_call_impl
    return self._call_impl(*args, **kwargs)
           ^^^^^^^^^^^^^^^^^^^^^^^^^^^^^^^^
  File "/gpfs/accounts/si670f25_class_root/si670f25_class/santoshd/fvc/venv/lib/python3.11/site-packages/torch/nn/modules/module.py", line 1786, in _call_impl
    return forward_call(*args, **kwargs)
           ^^^^^^^^^^^^^^^^^^^^^^^^^^^^^
  File "/home/suzanef/.cache/torch/hub/facebookresearch_pytorchvideo_main/pytorchvideo/models/net.py", line 121, in forward
    x_out = self.multipathway_fusion(x_out)
            ^^^^^^^^^^^^^^^^^^^^^^^^^^^^^^^
  File "/gpfs/accounts/si670f25_class_root/si670f25_class/santoshd/fvc/venv/lib/python3.11/site-packages/torch/nn/modules/module.py", line 1775, in _wrapped_call_impl
    return self._call_impl(*args, **kwargs)
           ^^^^^^^^^^^^^^^^^^^^^^^^^^^^^^^^
  File "/gpfs/accounts/si670f25_class_root/si670f25_class/santoshd/fvc/venv/lib/python3.11/site-packages/torch/nn/modules/module.py", line 1786, in _call_impl
    return forward_call(*args, **kwargs)
           ^^^^^^^^^^^^^^^^^^^^^^^^^^^^^
  File "/home/suzanef/.cache/torch/hub/facebookresearch_pytorchvideo_main/pytorchvideo/models/slowfast.py", line 728, in forward
    x_s_fuse = torch.cat([x_s, fuse], 1)
               ^^^^^^^^^^^^^^^^^^^^^^^^^
RuntimeError: Sizes of tensors must match except in dimension 1. Expected size 63 but got size 125 for tensor number 1 in the list.
2025-12-14 16:53:49 [INFO] [lib.training.pipeline:2114] 
Final Training - slowfast - Fold 4/5 (full dataset)
2025-12-14 16:53:49 [INFO] [lib.training.pipeline:2214] Applied PyTorch memory optimizations: expandable_segments, cudnn.benchmark=False
2025-12-14 16:53:49 [INFO] [lib.training.slowfast:102] torchvision SlowFast not available. Trying PyTorch Hub (pytorchvideo)...
2025-12-14 16:53:49 [INFO] [lib.training.slowfast:108] Loading SlowFast R50 from PyTorch Hub (facebookresearch/pytorchvideo)...
2025-12-14 16:53:50 [INFO] [lib.training.slowfast:163] ✓ Loaded SlowFast from PyTorch Hub (pytorchvideo)
2025-12-14 16:53:50 [INFO] [lib.training.slowfast:188] ✓ Verified SlowFast model structure: Net
2025-12-14 16:53:50 [INFO] [lib.mlops.mlflow_tracker:89] MLflow run started: 7f3e2d607d2247a5835c3bcc6668fd05 (experiment: slowfast)
2025-12-14 16:53:50 [INFO] [lib.training.pipeline:2279] Training PyTorch model slowfast on fold 4 (full dataset)...
2025-12-14 16:53:50 [INFO] [lib.training.trainer:260] Warmup will be handled in training loop (2 epochs)
2025-12-14 16:53:59 [ERROR] [lib.training.pipeline:2379] Error training final fold 4: Sizes of tensors must match except in dimension 1. Expected size 63 but got size 125 for tensor number 1 in the list.
Traceback (most recent call last):
  File "/gpfs/accounts/si670f25_class_root/si670f25_class/santoshd/fvc/lib/training/pipeline.py", line 2285, in stage5_train_models
    model = fit(model, train_loader, val_loader, optim_cfg, train_cfg, use_differential_lr=use_differential_lr)
            ^^^^^^^^^^^^^^^^^^^^^^^^^^^^^^^^^^^^^^^^^^^^^^^^^^^^^^^^^^^^^^^^^^^^^^^^^^^^^^^^^^^^^^^^^^^^^^^^^^^
  File "/gpfs/accounts/si670f25_class_root/si670f25_class/santoshd/fvc/lib/training/trainer.py", line 684, in fit
    train_loss = train_one_epoch(
                 ^^^^^^^^^^^^^^^^
  File "/gpfs/accounts/si670f25_class_root/si670f25_class/santoshd/fvc/lib/training/trainer.py", line 331, in train_one_epoch
    logits = model(clips)
             ^^^^^^^^^^^^
  File "/gpfs/accounts/si670f25_class_root/si670f25_class/santoshd/fvc/venv/lib/python3.11/site-packages/torch/nn/modules/module.py", line 1775, in _wrapped_call_impl
    return self._call_impl(*args, **kwargs)
           ^^^^^^^^^^^^^^^^^^^^^^^^^^^^^^^^
  File "/gpfs/accounts/si670f25_class_root/si670f25_class/santoshd/fvc/venv/lib/python3.11/site-packages/torch/nn/modules/module.py", line 1786, in _call_impl
    return forward_call(*args, **kwargs)
           ^^^^^^^^^^^^^^^^^^^^^^^^^^^^^
  File "/gpfs/accounts/si670f25_class_root/si670f25_class/santoshd/fvc/lib/training/slowfast.py", line 517, in forward
    return self.backbone([slow_x, fast_x])
           ^^^^^^^^^^^^^^^^^^^^^^^^^^^^^^^
  File "/gpfs/accounts/si670f25_class_root/si670f25_class/santoshd/fvc/venv/lib/python3.11/site-packages/torch/nn/modules/module.py", line 1775, in _wrapped_call_impl
    return self._call_impl(*args, **kwargs)
           ^^^^^^^^^^^^^^^^^^^^^^^^^^^^^^^^
  File "/gpfs/accounts/si670f25_class_root/si670f25_class/santoshd/fvc/venv/lib/python3.11/site-packages/torch/nn/modules/module.py", line 1786, in _call_impl
    return forward_call(*args, **kwargs)
           ^^^^^^^^^^^^^^^^^^^^^^^^^^^^^
  File "/home/suzanef/.cache/torch/hub/facebookresearch_pytorchvideo_main/pytorchvideo/models/net.py", line 43, in forward
    x = block(x)
        ^^^^^^^^
  File "/gpfs/accounts/si670f25_class_root/si670f25_class/santoshd/fvc/venv/lib/python3.11/site-packages/torch/nn/modules/module.py", line 1775, in _wrapped_call_impl
    return self._call_impl(*args, **kwargs)
           ^^^^^^^^^^^^^^^^^^^^^^^^^^^^^^^^
  File "/gpfs/accounts/si670f25_class_root/si670f25_class/santoshd/fvc/venv/lib/python3.11/site-packages/torch/nn/modules/module.py", line 1786, in _call_impl
    return forward_call(*args, **kwargs)
           ^^^^^^^^^^^^^^^^^^^^^^^^^^^^^
  File "/home/suzanef/.cache/torch/hub/facebookresearch_pytorchvideo_main/pytorchvideo/models/net.py", line 121, in forward
    x_out = self.multipathway_fusion(x_out)
            ^^^^^^^^^^^^^^^^^^^^^^^^^^^^^^^
  File "/gpfs/accounts/si670f25_class_root/si670f25_class/santoshd/fvc/venv/lib/python3.11/site-packages/torch/nn/modules/module.py", line 1775, in _wrapped_call_impl
    return self._call_impl(*args, **kwargs)
           ^^^^^^^^^^^^^^^^^^^^^^^^^^^^^^^^
  File "/gpfs/accounts/si670f25_class_root/si670f25_class/santoshd/fvc/venv/lib/python3.11/site-packages/torch/nn/modules/module.py", line 1786, in _call_impl
    return forward_call(*args, **kwargs)
           ^^^^^^^^^^^^^^^^^^^^^^^^^^^^^
  File "/home/suzanef/.cache/torch/hub/facebookresearch_pytorchvideo_main/pytorchvideo/models/slowfast.py", line 728, in forward
    x_s_fuse = torch.cat([x_s, fuse], 1)
               ^^^^^^^^^^^^^^^^^^^^^^^^^
RuntimeError: Sizes of tensors must match except in dimension 1. Expected size 63 but got size 125 for tensor number 1 in the list.
2025-12-14 16:53:59 [INFO] [lib.training.pipeline:2114] 
Final Training - slowfast - Fold 5/5 (full dataset)
2025-12-14 16:54:00 [INFO] [lib.training.pipeline:2214] Applied PyTorch memory optimizations: expandable_segments, cudnn.benchmark=False
2025-12-14 16:54:00 [INFO] [lib.training.slowfast:102] torchvision SlowFast not available. Trying PyTorch Hub (pytorchvideo)...
2025-12-14 16:54:00 [INFO] [lib.training.slowfast:108] Loading SlowFast R50 from PyTorch Hub (facebookresearch/pytorchvideo)...
2025-12-14 16:54:00 [INFO] [lib.training.slowfast:163] ✓ Loaded SlowFast from PyTorch Hub (pytorchvideo)
2025-12-14 16:54:00 [INFO] [lib.training.slowfast:188] ✓ Verified SlowFast model structure: Net
2025-12-14 16:54:00 [INFO] [lib.mlops.mlflow_tracker:89] MLflow run started: c951bd9982664678976deed4712bf590 (experiment: slowfast)
2025-12-14 16:54:00 [INFO] [lib.training.pipeline:2279] Training PyTorch model slowfast on fold 5 (full dataset)...
2025-12-14 16:54:00 [INFO] [lib.training.trainer:260] Warmup will be handled in training loop (2 epochs)
2025-12-14 16:54:07 [ERROR] [lib.training.pipeline:2379] Error training final fold 5: Sizes of tensors must match except in dimension 1. Expected size 63 but got size 125 for tensor number 1 in the list.
Traceback (most recent call last):
  File "/gpfs/accounts/si670f25_class_root/si670f25_class/santoshd/fvc/lib/training/pipeline.py", line 2285, in stage5_train_models
    model = fit(model, train_loader, val_loader, optim_cfg, train_cfg, use_differential_lr=use_differential_lr)
            ^^^^^^^^^^^^^^^^^^^^^^^^^^^^^^^^^^^^^^^^^^^^^^^^^^^^^^^^^^^^^^^^^^^^^^^^^^^^^^^^^^^^^^^^^^^^^^^^^^^
  File "/gpfs/accounts/si670f25_class_root/si670f25_class/santoshd/fvc/lib/training/trainer.py", line 684, in fit
    train_loss = train_one_epoch(
                 ^^^^^^^^^^^^^^^^
  File "/gpfs/accounts/si670f25_class_root/si670f25_class/santoshd/fvc/lib/training/trainer.py", line 331, in train_one_epoch
    logits = model(clips)
             ^^^^^^^^^^^^
  File "/gpfs/accounts/si670f25_class_root/si670f25_class/santoshd/fvc/venv/lib/python3.11/site-packages/torch/nn/modules/module.py", line 1775, in _wrapped_call_impl
    return self._call_impl(*args, **kwargs)
           ^^^^^^^^^^^^^^^^^^^^^^^^^^^^^^^^
  File "/gpfs/accounts/si670f25_class_root/si670f25_class/santoshd/fvc/venv/lib/python3.11/site-packages/torch/nn/modules/module.py", line 1786, in _call_impl
    return forward_call(*args, **kwargs)
           ^^^^^^^^^^^^^^^^^^^^^^^^^^^^^
  File "/gpfs/accounts/si670f25_class_root/si670f25_class/santoshd/fvc/lib/training/slowfast.py", line 517, in forward
    return self.backbone([slow_x, fast_x])
           ^^^^^^^^^^^^^^^^^^^^^^^^^^^^^^^
  File "/gpfs/accounts/si670f25_class_root/si670f25_class/santoshd/fvc/venv/lib/python3.11/site-packages/torch/nn/modules/module.py", line 1775, in _wrapped_call_impl
    return self._call_impl(*args, **kwargs)
           ^^^^^^^^^^^^^^^^^^^^^^^^^^^^^^^^
  File "/gpfs/accounts/si670f25_class_root/si670f25_class/santoshd/fvc/venv/lib/python3.11/site-packages/torch/nn/modules/module.py", line 1786, in _call_impl
    return forward_call(*args, **kwargs)
           ^^^^^^^^^^^^^^^^^^^^^^^^^^^^^
  File "/home/suzanef/.cache/torch/hub/facebookresearch_pytorchvideo_main/pytorchvideo/models/net.py", line 43, in forward
    x = block(x)
        ^^^^^^^^
  File "/gpfs/accounts/si670f25_class_root/si670f25_class/santoshd/fvc/venv/lib/python3.11/site-packages/torch/nn/modules/module.py", line 1775, in _wrapped_call_impl
    return self._call_impl(*args, **kwargs)
           ^^^^^^^^^^^^^^^^^^^^^^^^^^^^^^^^
  File "/gpfs/accounts/si670f25_class_root/si670f25_class/santoshd/fvc/venv/lib/python3.11/site-packages/torch/nn/modules/module.py", line 1786, in _call_impl
    return forward_call(*args, **kwargs)
           ^^^^^^^^^^^^^^^^^^^^^^^^^^^^^
  File "/home/suzanef/.cache/torch/hub/facebookresearch_pytorchvideo_main/pytorchvideo/models/net.py", line 121, in forward
    x_out = self.multipathway_fusion(x_out)
            ^^^^^^^^^^^^^^^^^^^^^^^^^^^^^^^
  File "/gpfs/accounts/si670f25_class_root/si670f25_class/santoshd/fvc/venv/lib/python3.11/site-packages/torch/nn/modules/module.py", line 1775, in _wrapped_call_impl
    return self._call_impl(*args, **kwargs)
           ^^^^^^^^^^^^^^^^^^^^^^^^^^^^^^^^
  File "/gpfs/accounts/si670f25_class_root/si670f25_class/santoshd/fvc/venv/lib/python3.11/site-packages/torch/nn/modules/module.py", line 1786, in _call_impl
    return forward_call(*args, **kwargs)
           ^^^^^^^^^^^^^^^^^^^^^^^^^^^^^
  File "/home/suzanef/.cache/torch/hub/facebookresearch_pytorchvideo_main/pytorchvideo/models/slowfast.py", line 728, in forward
    x_s_fuse = torch.cat([x_s, fuse], 1)
               ^^^^^^^^^^^^^^^^^^^^^^^^^
RuntimeError: Sizes of tensors must match except in dimension 1. Expected size 63 but got size 125 for tensor number 1 in the list.
2025-12-14 16:54:07 [WARNING] [lib.training.pipeline:114] No model files found in /gpfs/accounts/si670f25_class_root/si670f25_class/santoshd/fvc/data/stage5/slowfast/fold_1 to copy
2025-12-14 16:54:07 [INFO] [lib.training.pipeline:2452] 
slowfast - Avg Val Loss: nan, Avg Val Acc: nan, Avg Val F1: nan
2025-12-14 16:54:10 [INFO] [lib.training.visualization:256] Saved CV fold comparison to /gpfs/accounts/si670f25_class_root/si670f25_class/santoshd/fvc/data/stage5/slowfast/plots/cv_fold_comparison.png
2025-12-14 16:54:10 [INFO] [lib.training.pipeline:2480] Generated plots for slowfast in /gpfs/accounts/si670f25_class_root/si670f25_class/santoshd/fvc/data/stage5/slowfast/plots
2025-12-14 16:54:10 [INFO] [lib.training.pipeline:2517] ================================================================================
2025-12-14 16:54:10 [INFO] [lib.training.pipeline:2518] Stage 5: Model Training Pipeline Completed
2025-12-14 16:54:10 [INFO] [lib.training.pipeline:2519] ================================================================================
2025-12-14 16:54:10 [INFO] [__main__:401] ================================================================================
2025-12-14 16:54:10 [INFO] [__main__:402] STAGE 5 COMPLETED SUCCESSFULLY
2025-12-14 16:54:10 [INFO] [__main__:403] ================================================================================
2025-12-14 16:54:10 [INFO] [__main__:404] Execution time: 89.60 seconds (1.49 minutes)
2025-12-14 16:54:10 [INFO] [__main__:406] Output directory: /gpfs/accounts/si670f25_class_root/si670f25_class/santoshd/fvc/data/stage5
2025-12-14 16:54:10 [INFO] [__main__:407] Models trained: ['slowfast']
2025-12-14 16:54:10 [INFO] [__main__:408] K-fold splits: 5
2025-12-14 16:54:10 [INFO] [__main__:414] ================================================================================
2025-12-14 16:54:10 [INFO] [__main__:415] Final memory statistics:
2025-12-14 16:54:10 [INFO] [__main__:416] ================================================================================
2025-12-14 16:54:10 [INFO] [lib.utils.memory:91] Memory stats (Stage 5: after training): {'cpu_memory_mb': 3433.66796875, 'cpu_memory_gb': 3.353191375732422, 'cpu_vms_mb': 50750.125, 'gpu_allocated_gb': 0.0, 'gpu_reserved_gb': 1.312817152, 'gpu_total_gb': 16.928342016, 'gpu_free_gb': 15.615524864}
2025-12-14 16:54:10 [INFO] [__main__:419] ================================================================================
2025-12-14 16:54:10 [INFO] [__main__:420] Training complete!
2025-12-14 16:54:10 [INFO] [__main__:421] Results saved to: /gpfs/accounts/si670f25_class_root/si670f25_class/santoshd/fvc/data/stage5
2025-12-14 16:54:10 [INFO] [__main__:422] ================================================================================
