2025-12-09 20:28:18 [INFO] [lib.utils.memory:89] Memory stats (Stage 5: before training): {'cpu_memory_mb': 754.953125, 'cpu_memory_gb': 0.7372589111328125, 'cpu_vms_mb': 10240.99609375, 'gpu_allocated_gb': 0.0, 'gpu_reserved_gb': 0.0, 'gpu_total_gb': 16.928342016, 'gpu_free_gb': 16.928342016}
2025-12-09 20:28:18 [DEBUG] [lib.utils.memory:95] CPU percent: 0.0%
2025-12-09 20:28:18 [DEBUG] [lib.utils.memory:96] Num threads: 4
2025-12-09 20:28:18 [INFO] [lib.training.pipeline:71] Stage 5: Loading metadata...
2025-12-09 20:28:19 [WARNING] [lib.utils.paths:169] Metadata file is empty: /gpfs/accounts/si670f25_class_root/si670f25_class/santoshd/fvc/data/features_stage2/features_metadata.arrow, trying other formats...
2025-12-09 20:28:19 [WARNING] [lib.utils.paths:178] No valid metadata file found for /gpfs/accounts/si670f25_class_root/si670f25_class/santoshd/fvc/data/features_stage2/features_metadata.arrow
2025-12-09 20:28:20 [INFO] [lib.training.pipeline:82] Stage 5: Found 3244 scaled videos
2025-12-09 20:28:20 [ERROR] [lib.training.pipeline:96] Failed to import VideoConfig from lib.models: No module named 'lib.models'
2025-12-09 20:28:20 [ERROR] [lib.training.pipeline:97] Python path: ['/gpfs/accounts/si670f25_class_root/si670f25_class/santoshd/fvc', '/gpfs/accounts/si670f25_class_root/si670f25_class/santoshd/fvc/src/scripts', '/sw/pkgs/arc/python3.11-anaconda/2024.02-1/lib/python311.zip', '/sw/pkgs/arc/python3.11-anaconda/2024.02-1/lib/python3.11', '/sw/pkgs/arc/python3.11-anaconda/2024.02-1/lib/python3.11/lib-dynload', '/gpfs/accounts/si670f25_class_root/si670f25_class/santoshd/fvc/venv/lib/python3.11/site-packages', '/tmp/tmpa01oeihf']
2025-12-09 20:28:20 [ERROR] [lib.training.pipeline:98] Project root: /gpfs/accounts/si670f25_class_root/si670f25_class/santoshd/fvc
2025-12-09 20:28:20 [ERROR] [lib.training.pipeline:99] lib/models exists: False
2025-12-09 20:28:20 [ERROR] [__main__:332] ================================================================================
2025-12-09 20:28:20 [ERROR] [__main__:333] STAGE 5 FAILED
2025-12-09 20:28:20 [ERROR] [__main__:334] ================================================================================
2025-12-09 20:28:20 [ERROR] [__main__:335] Error: No module named 'lib.models'
2025-12-09 20:28:20 [ERROR] [__main__:336] Exception type: ModuleNotFoundError
2025-12-09 20:28:20 [ERROR] [__main__:337] Full traceback:
Traceback (most recent call last):
  File "/gpfs/accounts/si670f25_class_root/si670f25_class/santoshd/fvc/src/scripts/run_stage5_training.py", line 277, in main
    results = stage5_train_models(
              ^^^^^^^^^^^^^^^^^^^^
  File "/gpfs/accounts/si670f25_class_root/si670f25_class/santoshd/fvc/lib/training/pipeline.py", line 94, in stage5_train_models
    from lib.models import VideoConfig
ModuleNotFoundError: No module named 'lib.models'
2025-12-09 20:28:20 [ERROR] [__main__:338] Output directory: /gpfs/accounts/si670f25_class_root/si670f25_class/santoshd/fvc/data/stage5
2025-12-09 20:28:20 [ERROR] [__main__:339] Partial results may be available
2025-12-09 20:28:20 [ERROR] [__main__:340] ================================================================================
