2025-12-10 02:33:27 [INFO] [lib.utils.memory:89] Memory stats (Stage 5: before training): {'cpu_memory_mb': 751.2109375, 'cpu_memory_gb': 0.7336044311523438, 'cpu_vms_mb': 10236.86328125, 'gpu_allocated_gb': 0.0, 'gpu_reserved_gb': 0.0, 'gpu_total_gb': 16.928342016, 'gpu_free_gb': 16.928342016}
2025-12-10 02:33:27 [DEBUG] [lib.utils.memory:95] CPU percent: 0.0%
2025-12-10 02:33:27 [DEBUG] [lib.utils.memory:96] Num threads: 4
2025-12-10 02:33:27 [INFO] [lib.training.pipeline:65] Created minimal lib/models/__init__.py at /gpfs/accounts/si670f25_class_root/si670f25_class/santoshd/fvc/lib/models/__init__.py
2025-12-10 02:33:27 [INFO] [lib.training.pipeline:121] Created minimal lib/models/video.py at /gpfs/accounts/si670f25_class_root/si670f25_class/santoshd/fvc/lib/models/video.py
2025-12-10 02:33:27 [WARNING] [lib.training.pipeline:122] Created minimal lib/models stub. For PyTorch models to work, ensure the full lib/models directory is synced to the server.
2025-12-10 02:33:27 [INFO] [lib.training.pipeline:169] ================================================================================
2025-12-10 02:33:27 [INFO] [lib.training.pipeline:170] STAGE 5 PREREQUISITE VALIDATION
2025-12-10 02:33:27 [INFO] [lib.training.pipeline:171] ================================================================================
2025-12-10 02:33:27 [INFO] [lib.training.pipeline:174] 
[1/3] Checking Stage 3 (scaled videos) - REQUIRED for all models...
2025-12-10 02:33:28 [INFO] [lib.training.pipeline:183] ✓ Stage 3 metadata found: 3244 scaled videos
2025-12-10 02:33:28 [INFO] [lib.training.pipeline:184]   Path: /gpfs/accounts/si670f25_class_root/si670f25_class/santoshd/fvc/data/scaled_videos/scaled_metadata.arrow
2025-12-10 02:33:28 [INFO] [lib.training.pipeline:187] 
[2/3] Checking Stage 2 (features) - REQUIRED for *_stage2 models...
2025-12-10 02:33:28 [WARNING] [lib.utils.paths:169] Metadata file is empty: /gpfs/accounts/si670f25_class_root/si670f25_class/santoshd/fvc/data/features_stage2/features_metadata.arrow, trying other formats...
2025-12-10 02:33:28 [WARNING] [lib.utils.paths:178] No valid metadata file found for /gpfs/accounts/si670f25_class_root/si670f25_class/santoshd/fvc/data/features_stage2/features_metadata.arrow
2025-12-10 02:33:28 [WARNING] [lib.training.pipeline:190] ✗ Stage 2 metadata not found or empty: /gpfs/accounts/si670f25_class_root/si670f25_class/santoshd/fvc/data/features_stage2/features_metadata.arrow
2025-12-10 02:33:28 [INFO] [lib.training.pipeline:199] 
[3/3] Checking Stage 4 (scaled features) - REQUIRED for *_stage2_stage4 models...
2025-12-10 02:33:28 [INFO] [lib.training.pipeline:207] ✓ Stage 4 metadata found: 3243 feature rows
2025-12-10 02:33:28 [INFO] [lib.training.pipeline:208]   Path: /gpfs/accounts/si670f25_class_root/si670f25_class/santoshd/fvc/data/features_stage4/features_scaled_metadata.arrow
2025-12-10 02:33:28 [INFO] [lib.training.pipeline:211] 
================================================================================
2025-12-10 02:33:28 [INFO] [lib.training.pipeline:212] MODEL REQUIREMENTS CHECK
2025-12-10 02:33:28 [INFO] [lib.training.pipeline:213] ================================================================================
2025-12-10 02:33:28 [INFO] [lib.training.pipeline:247] ✓ logistic_regression: CAN RUN
2025-12-10 02:33:28 [INFO] [lib.training.pipeline:250] 
================================================================================
2025-12-10 02:33:28 [INFO] [lib.training.pipeline:251] VALIDATION SUMMARY
2025-12-10 02:33:28 [INFO] [lib.training.pipeline:252] ================================================================================
2025-12-10 02:33:28 [INFO] [lib.training.pipeline:253] Stage 3 (scaled videos): ✓ Available
2025-12-10 02:33:28 [INFO] [lib.training.pipeline:254]   Count: 3244 videos
2025-12-10 02:33:28 [INFO] [lib.training.pipeline:255] Stage 2 (features): ✗ MISSING
2025-12-10 02:33:28 [INFO] [lib.training.pipeline:256]   Count: 0 feature rows
2025-12-10 02:33:28 [INFO] [lib.training.pipeline:257] Stage 4 (scaled features): ✓ Available
2025-12-10 02:33:28 [INFO] [lib.training.pipeline:258]   Count: 3243 feature rows
2025-12-10 02:33:28 [INFO] [lib.training.pipeline:259] 
Runnable models: 1/1
2025-12-10 02:33:28 [INFO] [lib.training.pipeline:260]   ['logistic_regression']
2025-12-10 02:33:28 [INFO] [lib.training.pipeline:267] ================================================================================
2025-12-10 02:33:28 [INFO] [lib.training.pipeline:353] 
Stage 5: Loading metadata...
2025-12-10 02:33:28 [WARNING] [lib.utils.paths:169] Metadata file is empty: /gpfs/accounts/si670f25_class_root/si670f25_class/santoshd/fvc/data/features_stage2/features_metadata.arrow, trying other formats...
2025-12-10 02:33:28 [WARNING] [lib.utils.paths:178] No valid metadata file found for /gpfs/accounts/si670f25_class_root/si670f25_class/santoshd/fvc/data/features_stage2/features_metadata.arrow
2025-12-10 02:33:28 [DEBUG] [lib.training.pipeline:369] Stage 2 features metadata not found (optional for some models)
2025-12-10 02:33:28 [INFO] [lib.training.pipeline:373] Stage 5: Found 3244 scaled videos
2025-12-10 02:33:28 [DEBUG] [lib.training.pipeline:403] Successfully imported VideoConfig from lib.models
2025-12-10 02:33:28 [INFO] [lib.training.pipeline:468] 
================================================================================
2025-12-10 02:33:28 [INFO] [lib.training.pipeline:469] Stage 5: Training model: logistic_regression
2025-12-10 02:33:28 [INFO] [lib.training.pipeline:470] ================================================================================
2025-12-10 02:33:31 [INFO] [lib.training.pipeline:507] Using 5-fold stratified cross-validation
2025-12-10 02:33:37 [INFO] [lib.training.pipeline:516] Grid search: 40 hyperparameter combinations to try
2025-12-10 02:33:37 [INFO] [lib.training.pipeline:528] 
================================================================================
2025-12-10 02:33:37 [INFO] [lib.training.pipeline:529] Grid Search: Hyperparameter combination 1/40
2025-12-10 02:33:37 [INFO] [lib.training.pipeline:530] Parameters: {'C': 0.01, 'penalty': 'l1', 'solver': 'liblinear', 'max_iter': 1000}
2025-12-10 02:33:37 [INFO] [lib.training.pipeline:531] ================================================================================
2025-12-10 02:33:37 [INFO] [lib.training.pipeline:542] 
Training logistic_regression - Fold 1/5
2025-12-10 02:33:37 [INFO] [lib.training.pipeline:994] Training baseline model logistic_regression on fold 1...
2025-12-10 02:33:37 [ERROR] [lib.training.pipeline:1077] Error training baseline fold 1: Stage 2 features path is required. Please provide features_stage2_path when creating the model.
Traceback (most recent call last):
  File "/gpfs/accounts/si670f25_class_root/si670f25_class/santoshd/fvc/lib/training/pipeline.py", line 1018, in stage5_train_models
    model.fit(train_df, project_root=project_root_str_orig)
  File "/gpfs/accounts/si670f25_class_root/si670f25_class/santoshd/fvc/lib/training/_linear.py", line 80, in fit
    raise ValueError(
ValueError: Stage 2 features path is required. Please provide features_stage2_path when creating the model.
2025-12-10 02:33:38 [INFO] [lib.training.pipeline:542] 
Training logistic_regression - Fold 2/5
2025-12-10 02:33:38 [INFO] [lib.training.pipeline:994] Training baseline model logistic_regression on fold 2...
2025-12-10 02:33:38 [ERROR] [lib.training.pipeline:1077] Error training baseline fold 2: Stage 2 features path is required. Please provide features_stage2_path when creating the model.
Traceback (most recent call last):
  File "/gpfs/accounts/si670f25_class_root/si670f25_class/santoshd/fvc/lib/training/pipeline.py", line 1018, in stage5_train_models
    model.fit(train_df, project_root=project_root_str_orig)
  File "/gpfs/accounts/si670f25_class_root/si670f25_class/santoshd/fvc/lib/training/_linear.py", line 80, in fit
    raise ValueError(
ValueError: Stage 2 features path is required. Please provide features_stage2_path when creating the model.
2025-12-10 02:33:38 [INFO] [lib.training.pipeline:542] 
Training logistic_regression - Fold 3/5
2025-12-10 02:33:38 [INFO] [lib.training.pipeline:994] Training baseline model logistic_regression on fold 3...
2025-12-10 02:33:38 [ERROR] [lib.training.pipeline:1077] Error training baseline fold 3: Stage 2 features path is required. Please provide features_stage2_path when creating the model.
Traceback (most recent call last):
  File "/gpfs/accounts/si670f25_class_root/si670f25_class/santoshd/fvc/lib/training/pipeline.py", line 1018, in stage5_train_models
    model.fit(train_df, project_root=project_root_str_orig)
  File "/gpfs/accounts/si670f25_class_root/si670f25_class/santoshd/fvc/lib/training/_linear.py", line 80, in fit
    raise ValueError(
ValueError: Stage 2 features path is required. Please provide features_stage2_path when creating the model.
2025-12-10 02:33:38 [INFO] [lib.training.pipeline:542] 
Training logistic_regression - Fold 4/5
2025-12-10 02:33:38 [INFO] [lib.training.pipeline:994] Training baseline model logistic_regression on fold 4...
2025-12-10 02:33:38 [ERROR] [lib.training.pipeline:1077] Error training baseline fold 4: Stage 2 features path is required. Please provide features_stage2_path when creating the model.
Traceback (most recent call last):
  File "/gpfs/accounts/si670f25_class_root/si670f25_class/santoshd/fvc/lib/training/pipeline.py", line 1018, in stage5_train_models
    model.fit(train_df, project_root=project_root_str_orig)
  File "/gpfs/accounts/si670f25_class_root/si670f25_class/santoshd/fvc/lib/training/_linear.py", line 80, in fit
    raise ValueError(
ValueError: Stage 2 features path is required. Please provide features_stage2_path when creating the model.
2025-12-10 02:33:38 [INFO] [lib.training.pipeline:542] 
Training logistic_regression - Fold 5/5
2025-12-10 02:33:38 [INFO] [lib.training.pipeline:994] Training baseline model logistic_regression on fold 5...
2025-12-10 02:33:38 [ERROR] [lib.training.pipeline:1077] Error training baseline fold 5: Stage 2 features path is required. Please provide features_stage2_path when creating the model.
Traceback (most recent call last):
  File "/gpfs/accounts/si670f25_class_root/si670f25_class/santoshd/fvc/lib/training/pipeline.py", line 1018, in stage5_train_models
    model.fit(train_df, project_root=project_root_str_orig)
  File "/gpfs/accounts/si670f25_class_root/si670f25_class/santoshd/fvc/lib/training/_linear.py", line 80, in fit
    raise ValueError(
ValueError: Stage 2 features path is required. Please provide features_stage2_path when creating the model.
2025-12-10 02:33:38 [INFO] [lib.training.pipeline:1106] Parameter combination 1 - Mean F1: 0.0000, Mean Acc: nan
2025-12-10 02:33:38 [INFO] [lib.training.pipeline:528] 
================================================================================
2025-12-10 02:33:38 [INFO] [lib.training.pipeline:529] Grid Search: Hyperparameter combination 2/40
2025-12-10 02:33:38 [INFO] [lib.training.pipeline:530] Parameters: {'C': 0.01, 'penalty': 'l1', 'solver': 'liblinear', 'max_iter': 2000}
2025-12-10 02:33:38 [INFO] [lib.training.pipeline:531] ================================================================================
2025-12-10 02:33:38 [INFO] [lib.training.pipeline:542] 
Training logistic_regression - Fold 1/5
2025-12-10 02:33:38 [INFO] [lib.training.pipeline:994] Training baseline model logistic_regression on fold 1...
2025-12-10 02:33:38 [ERROR] [lib.training.pipeline:1077] Error training baseline fold 1: Stage 2 features path is required. Please provide features_stage2_path when creating the model.
Traceback (most recent call last):
  File "/gpfs/accounts/si670f25_class_root/si670f25_class/santoshd/fvc/lib/training/pipeline.py", line 1018, in stage5_train_models
    model.fit(train_df, project_root=project_root_str_orig)
  File "/gpfs/accounts/si670f25_class_root/si670f25_class/santoshd/fvc/lib/training/_linear.py", line 80, in fit
    raise ValueError(
ValueError: Stage 2 features path is required. Please provide features_stage2_path when creating the model.
2025-12-10 02:33:38 [INFO] [lib.training.pipeline:542] 
Training logistic_regression - Fold 2/5
2025-12-10 02:33:38 [INFO] [lib.training.pipeline:994] Training baseline model logistic_regression on fold 2...
2025-12-10 02:33:38 [ERROR] [lib.training.pipeline:1077] Error training baseline fold 2: Stage 2 features path is required. Please provide features_stage2_path when creating the model.
Traceback (most recent call last):
  File "/gpfs/accounts/si670f25_class_root/si670f25_class/santoshd/fvc/lib/training/pipeline.py", line 1018, in stage5_train_models
    model.fit(train_df, project_root=project_root_str_orig)
  File "/gpfs/accounts/si670f25_class_root/si670f25_class/santoshd/fvc/lib/training/_linear.py", line 80, in fit
    raise ValueError(
ValueError: Stage 2 features path is required. Please provide features_stage2_path when creating the model.
2025-12-10 02:33:39 [INFO] [lib.training.pipeline:542] 
Training logistic_regression - Fold 3/5
2025-12-10 02:33:39 [INFO] [lib.training.pipeline:994] Training baseline model logistic_regression on fold 3...
2025-12-10 02:33:39 [ERROR] [lib.training.pipeline:1077] Error training baseline fold 3: Stage 2 features path is required. Please provide features_stage2_path when creating the model.
Traceback (most recent call last):
  File "/gpfs/accounts/si670f25_class_root/si670f25_class/santoshd/fvc/lib/training/pipeline.py", line 1018, in stage5_train_models
    model.fit(train_df, project_root=project_root_str_orig)
  File "/gpfs/accounts/si670f25_class_root/si670f25_class/santoshd/fvc/lib/training/_linear.py", line 80, in fit
    raise ValueError(
ValueError: Stage 2 features path is required. Please provide features_stage2_path when creating the model.
2025-12-10 02:33:39 [INFO] [lib.training.pipeline:542] 
Training logistic_regression - Fold 4/5
2025-12-10 02:33:39 [INFO] [lib.training.pipeline:994] Training baseline model logistic_regression on fold 4...
2025-12-10 02:33:39 [ERROR] [lib.training.pipeline:1077] Error training baseline fold 4: Stage 2 features path is required. Please provide features_stage2_path when creating the model.
Traceback (most recent call last):
  File "/gpfs/accounts/si670f25_class_root/si670f25_class/santoshd/fvc/lib/training/pipeline.py", line 1018, in stage5_train_models
    model.fit(train_df, project_root=project_root_str_orig)
  File "/gpfs/accounts/si670f25_class_root/si670f25_class/santoshd/fvc/lib/training/_linear.py", line 80, in fit
    raise ValueError(
ValueError: Stage 2 features path is required. Please provide features_stage2_path when creating the model.
2025-12-10 02:33:39 [INFO] [lib.training.pipeline:542] 
Training logistic_regression - Fold 5/5
2025-12-10 02:33:39 [INFO] [lib.training.pipeline:994] Training baseline model logistic_regression on fold 5...
2025-12-10 02:33:39 [ERROR] [lib.training.pipeline:1077] Error training baseline fold 5: Stage 2 features path is required. Please provide features_stage2_path when creating the model.
Traceback (most recent call last):
  File "/gpfs/accounts/si670f25_class_root/si670f25_class/santoshd/fvc/lib/training/pipeline.py", line 1018, in stage5_train_models
    model.fit(train_df, project_root=project_root_str_orig)
  File "/gpfs/accounts/si670f25_class_root/si670f25_class/santoshd/fvc/lib/training/_linear.py", line 80, in fit
    raise ValueError(
ValueError: Stage 2 features path is required. Please provide features_stage2_path when creating the model.
2025-12-10 02:33:39 [INFO] [lib.training.pipeline:1106] Parameter combination 2 - Mean F1: 0.0000, Mean Acc: nan
2025-12-10 02:33:39 [INFO] [lib.training.pipeline:528] 
================================================================================
2025-12-10 02:33:39 [INFO] [lib.training.pipeline:529] Grid Search: Hyperparameter combination 3/40
2025-12-10 02:33:39 [INFO] [lib.training.pipeline:530] Parameters: {'C': 0.01, 'penalty': 'l1', 'solver': 'saga', 'max_iter': 1000}
2025-12-10 02:33:39 [INFO] [lib.training.pipeline:531] ================================================================================
2025-12-10 02:33:39 [INFO] [lib.training.pipeline:542] 
Training logistic_regression - Fold 1/5
2025-12-10 02:33:39 [INFO] [lib.training.pipeline:994] Training baseline model logistic_regression on fold 1...
2025-12-10 02:33:39 [ERROR] [lib.training.pipeline:1077] Error training baseline fold 1: Stage 2 features path is required. Please provide features_stage2_path when creating the model.
Traceback (most recent call last):
  File "/gpfs/accounts/si670f25_class_root/si670f25_class/santoshd/fvc/lib/training/pipeline.py", line 1018, in stage5_train_models
    model.fit(train_df, project_root=project_root_str_orig)
  File "/gpfs/accounts/si670f25_class_root/si670f25_class/santoshd/fvc/lib/training/_linear.py", line 80, in fit
    raise ValueError(
ValueError: Stage 2 features path is required. Please provide features_stage2_path when creating the model.
2025-12-10 02:33:39 [INFO] [lib.training.pipeline:542] 
Training logistic_regression - Fold 2/5
2025-12-10 02:33:39 [INFO] [lib.training.pipeline:994] Training baseline model logistic_regression on fold 2...
2025-12-10 02:33:39 [ERROR] [lib.training.pipeline:1077] Error training baseline fold 2: Stage 2 features path is required. Please provide features_stage2_path when creating the model.
Traceback (most recent call last):
  File "/gpfs/accounts/si670f25_class_root/si670f25_class/santoshd/fvc/lib/training/pipeline.py", line 1018, in stage5_train_models
    model.fit(train_df, project_root=project_root_str_orig)
  File "/gpfs/accounts/si670f25_class_root/si670f25_class/santoshd/fvc/lib/training/_linear.py", line 80, in fit
    raise ValueError(
ValueError: Stage 2 features path is required. Please provide features_stage2_path when creating the model.
2025-12-10 02:33:39 [INFO] [lib.training.pipeline:542] 
Training logistic_regression - Fold 3/5
2025-12-10 02:33:39 [INFO] [lib.training.pipeline:994] Training baseline model logistic_regression on fold 3...
2025-12-10 02:33:39 [ERROR] [lib.training.pipeline:1077] Error training baseline fold 3: Stage 2 features path is required. Please provide features_stage2_path when creating the model.
Traceback (most recent call last):
  File "/gpfs/accounts/si670f25_class_root/si670f25_class/santoshd/fvc/lib/training/pipeline.py", line 1018, in stage5_train_models
    model.fit(train_df, project_root=project_root_str_orig)
  File "/gpfs/accounts/si670f25_class_root/si670f25_class/santoshd/fvc/lib/training/_linear.py", line 80, in fit
    raise ValueError(
ValueError: Stage 2 features path is required. Please provide features_stage2_path when creating the model.
2025-12-10 02:33:40 [INFO] [lib.training.pipeline:542] 
Training logistic_regression - Fold 4/5
2025-12-10 02:33:40 [INFO] [lib.training.pipeline:994] Training baseline model logistic_regression on fold 4...
2025-12-10 02:33:40 [ERROR] [lib.training.pipeline:1077] Error training baseline fold 4: Stage 2 features path is required. Please provide features_stage2_path when creating the model.
Traceback (most recent call last):
  File "/gpfs/accounts/si670f25_class_root/si670f25_class/santoshd/fvc/lib/training/pipeline.py", line 1018, in stage5_train_models
    model.fit(train_df, project_root=project_root_str_orig)
  File "/gpfs/accounts/si670f25_class_root/si670f25_class/santoshd/fvc/lib/training/_linear.py", line 80, in fit
    raise ValueError(
ValueError: Stage 2 features path is required. Please provide features_stage2_path when creating the model.
2025-12-10 02:33:40 [INFO] [lib.training.pipeline:542] 
Training logistic_regression - Fold 5/5
2025-12-10 02:33:40 [INFO] [lib.training.pipeline:994] Training baseline model logistic_regression on fold 5...
2025-12-10 02:33:40 [ERROR] [lib.training.pipeline:1077] Error training baseline fold 5: Stage 2 features path is required. Please provide features_stage2_path when creating the model.
Traceback (most recent call last):
  File "/gpfs/accounts/si670f25_class_root/si670f25_class/santoshd/fvc/lib/training/pipeline.py", line 1018, in stage5_train_models
    model.fit(train_df, project_root=project_root_str_orig)
  File "/gpfs/accounts/si670f25_class_root/si670f25_class/santoshd/fvc/lib/training/_linear.py", line 80, in fit
    raise ValueError(
ValueError: Stage 2 features path is required. Please provide features_stage2_path when creating the model.
2025-12-10 02:33:40 [INFO] [lib.training.pipeline:1106] Parameter combination 3 - Mean F1: 0.0000, Mean Acc: nan
2025-12-10 02:33:40 [INFO] [lib.training.pipeline:528] 
================================================================================
2025-12-10 02:33:40 [INFO] [lib.training.pipeline:529] Grid Search: Hyperparameter combination 4/40
2025-12-10 02:33:40 [INFO] [lib.training.pipeline:530] Parameters: {'C': 0.01, 'penalty': 'l1', 'solver': 'saga', 'max_iter': 2000}
2025-12-10 02:33:40 [INFO] [lib.training.pipeline:531] ================================================================================
2025-12-10 02:33:40 [INFO] [lib.training.pipeline:542] 
Training logistic_regression - Fold 1/5
2025-12-10 02:33:40 [INFO] [lib.training.pipeline:994] Training baseline model logistic_regression on fold 1...
2025-12-10 02:33:40 [ERROR] [lib.training.pipeline:1077] Error training baseline fold 1: Stage 2 features path is required. Please provide features_stage2_path when creating the model.
Traceback (most recent call last):
  File "/gpfs/accounts/si670f25_class_root/si670f25_class/santoshd/fvc/lib/training/pipeline.py", line 1018, in stage5_train_models
    model.fit(train_df, project_root=project_root_str_orig)
  File "/gpfs/accounts/si670f25_class_root/si670f25_class/santoshd/fvc/lib/training/_linear.py", line 80, in fit
    raise ValueError(
ValueError: Stage 2 features path is required. Please provide features_stage2_path when creating the model.
2025-12-10 02:33:40 [INFO] [lib.training.pipeline:542] 
Training logistic_regression - Fold 2/5
2025-12-10 02:33:40 [INFO] [lib.training.pipeline:994] Training baseline model logistic_regression on fold 2...
2025-12-10 02:33:40 [ERROR] [lib.training.pipeline:1077] Error training baseline fold 2: Stage 2 features path is required. Please provide features_stage2_path when creating the model.
Traceback (most recent call last):
  File "/gpfs/accounts/si670f25_class_root/si670f25_class/santoshd/fvc/lib/training/pipeline.py", line 1018, in stage5_train_models
    model.fit(train_df, project_root=project_root_str_orig)
  File "/gpfs/accounts/si670f25_class_root/si670f25_class/santoshd/fvc/lib/training/_linear.py", line 80, in fit
    raise ValueError(
ValueError: Stage 2 features path is required. Please provide features_stage2_path when creating the model.
2025-12-10 02:33:40 [INFO] [lib.training.pipeline:542] 
Training logistic_regression - Fold 3/5
2025-12-10 02:33:40 [INFO] [lib.training.pipeline:994] Training baseline model logistic_regression on fold 3...
2025-12-10 02:33:40 [ERROR] [lib.training.pipeline:1077] Error training baseline fold 3: Stage 2 features path is required. Please provide features_stage2_path when creating the model.
Traceback (most recent call last):
  File "/gpfs/accounts/si670f25_class_root/si670f25_class/santoshd/fvc/lib/training/pipeline.py", line 1018, in stage5_train_models
    model.fit(train_df, project_root=project_root_str_orig)
  File "/gpfs/accounts/si670f25_class_root/si670f25_class/santoshd/fvc/lib/training/_linear.py", line 80, in fit
    raise ValueError(
ValueError: Stage 2 features path is required. Please provide features_stage2_path when creating the model.
2025-12-10 02:33:40 [INFO] [lib.training.pipeline:542] 
Training logistic_regression - Fold 4/5
2025-12-10 02:33:40 [INFO] [lib.training.pipeline:994] Training baseline model logistic_regression on fold 4...
2025-12-10 02:33:40 [ERROR] [lib.training.pipeline:1077] Error training baseline fold 4: Stage 2 features path is required. Please provide features_stage2_path when creating the model.
Traceback (most recent call last):
  File "/gpfs/accounts/si670f25_class_root/si670f25_class/santoshd/fvc/lib/training/pipeline.py", line 1018, in stage5_train_models
    model.fit(train_df, project_root=project_root_str_orig)
  File "/gpfs/accounts/si670f25_class_root/si670f25_class/santoshd/fvc/lib/training/_linear.py", line 80, in fit
    raise ValueError(
ValueError: Stage 2 features path is required. Please provide features_stage2_path when creating the model.
2025-12-10 02:33:41 [INFO] [lib.training.pipeline:542] 
Training logistic_regression - Fold 5/5
2025-12-10 02:33:41 [INFO] [lib.training.pipeline:994] Training baseline model logistic_regression on fold 5...
2025-12-10 02:33:41 [ERROR] [lib.training.pipeline:1077] Error training baseline fold 5: Stage 2 features path is required. Please provide features_stage2_path when creating the model.
Traceback (most recent call last):
  File "/gpfs/accounts/si670f25_class_root/si670f25_class/santoshd/fvc/lib/training/pipeline.py", line 1018, in stage5_train_models
    model.fit(train_df, project_root=project_root_str_orig)
  File "/gpfs/accounts/si670f25_class_root/si670f25_class/santoshd/fvc/lib/training/_linear.py", line 80, in fit
    raise ValueError(
ValueError: Stage 2 features path is required. Please provide features_stage2_path when creating the model.
2025-12-10 02:33:41 [INFO] [lib.training.pipeline:1106] Parameter combination 4 - Mean F1: 0.0000, Mean Acc: nan
2025-12-10 02:33:41 [INFO] [lib.training.pipeline:528] 
================================================================================
2025-12-10 02:33:41 [INFO] [lib.training.pipeline:529] Grid Search: Hyperparameter combination 5/40
2025-12-10 02:33:41 [INFO] [lib.training.pipeline:530] Parameters: {'C': 0.01, 'penalty': 'l2', 'solver': 'liblinear', 'max_iter': 1000}
2025-12-10 02:33:41 [INFO] [lib.training.pipeline:531] ================================================================================
2025-12-10 02:33:41 [INFO] [lib.training.pipeline:542] 
Training logistic_regression - Fold 1/5
2025-12-10 02:33:41 [INFO] [lib.training.pipeline:994] Training baseline model logistic_regression on fold 1...
2025-12-10 02:33:41 [ERROR] [lib.training.pipeline:1077] Error training baseline fold 1: Stage 2 features path is required. Please provide features_stage2_path when creating the model.
Traceback (most recent call last):
  File "/gpfs/accounts/si670f25_class_root/si670f25_class/santoshd/fvc/lib/training/pipeline.py", line 1018, in stage5_train_models
    model.fit(train_df, project_root=project_root_str_orig)
  File "/gpfs/accounts/si670f25_class_root/si670f25_class/santoshd/fvc/lib/training/_linear.py", line 80, in fit
    raise ValueError(
ValueError: Stage 2 features path is required. Please provide features_stage2_path when creating the model.
2025-12-10 02:33:41 [INFO] [lib.training.pipeline:542] 
Training logistic_regression - Fold 2/5
2025-12-10 02:33:41 [INFO] [lib.training.pipeline:994] Training baseline model logistic_regression on fold 2...
2025-12-10 02:33:41 [ERROR] [lib.training.pipeline:1077] Error training baseline fold 2: Stage 2 features path is required. Please provide features_stage2_path when creating the model.
Traceback (most recent call last):
  File "/gpfs/accounts/si670f25_class_root/si670f25_class/santoshd/fvc/lib/training/pipeline.py", line 1018, in stage5_train_models
    model.fit(train_df, project_root=project_root_str_orig)
  File "/gpfs/accounts/si670f25_class_root/si670f25_class/santoshd/fvc/lib/training/_linear.py", line 80, in fit
    raise ValueError(
ValueError: Stage 2 features path is required. Please provide features_stage2_path when creating the model.
2025-12-10 02:33:41 [INFO] [lib.training.pipeline:542] 
Training logistic_regression - Fold 3/5
2025-12-10 02:33:41 [INFO] [lib.training.pipeline:994] Training baseline model logistic_regression on fold 3...
2025-12-10 02:33:41 [ERROR] [lib.training.pipeline:1077] Error training baseline fold 3: Stage 2 features path is required. Please provide features_stage2_path when creating the model.
Traceback (most recent call last):
  File "/gpfs/accounts/si670f25_class_root/si670f25_class/santoshd/fvc/lib/training/pipeline.py", line 1018, in stage5_train_models
    model.fit(train_df, project_root=project_root_str_orig)
  File "/gpfs/accounts/si670f25_class_root/si670f25_class/santoshd/fvc/lib/training/_linear.py", line 80, in fit
    raise ValueError(
ValueError: Stage 2 features path is required. Please provide features_stage2_path when creating the model.
2025-12-10 02:33:41 [INFO] [lib.training.pipeline:542] 
Training logistic_regression - Fold 4/5
2025-12-10 02:33:41 [INFO] [lib.training.pipeline:994] Training baseline model logistic_regression on fold 4...
2025-12-10 02:33:41 [ERROR] [lib.training.pipeline:1077] Error training baseline fold 4: Stage 2 features path is required. Please provide features_stage2_path when creating the model.
Traceback (most recent call last):
  File "/gpfs/accounts/si670f25_class_root/si670f25_class/santoshd/fvc/lib/training/pipeline.py", line 1018, in stage5_train_models
    model.fit(train_df, project_root=project_root_str_orig)
  File "/gpfs/accounts/si670f25_class_root/si670f25_class/santoshd/fvc/lib/training/_linear.py", line 80, in fit
    raise ValueError(
ValueError: Stage 2 features path is required. Please provide features_stage2_path when creating the model.
2025-12-10 02:33:41 [INFO] [lib.training.pipeline:542] 
Training logistic_regression - Fold 5/5
2025-12-10 02:33:41 [INFO] [lib.training.pipeline:994] Training baseline model logistic_regression on fold 5...
2025-12-10 02:33:41 [ERROR] [lib.training.pipeline:1077] Error training baseline fold 5: Stage 2 features path is required. Please provide features_stage2_path when creating the model.
Traceback (most recent call last):
  File "/gpfs/accounts/si670f25_class_root/si670f25_class/santoshd/fvc/lib/training/pipeline.py", line 1018, in stage5_train_models
    model.fit(train_df, project_root=project_root_str_orig)
  File "/gpfs/accounts/si670f25_class_root/si670f25_class/santoshd/fvc/lib/training/_linear.py", line 80, in fit
    raise ValueError(
ValueError: Stage 2 features path is required. Please provide features_stage2_path when creating the model.
2025-12-10 02:33:42 [INFO] [lib.training.pipeline:1106] Parameter combination 5 - Mean F1: 0.0000, Mean Acc: nan
2025-12-10 02:33:42 [INFO] [lib.training.pipeline:528] 
================================================================================
2025-12-10 02:33:42 [INFO] [lib.training.pipeline:529] Grid Search: Hyperparameter combination 6/40
2025-12-10 02:33:42 [INFO] [lib.training.pipeline:530] Parameters: {'C': 0.01, 'penalty': 'l2', 'solver': 'liblinear', 'max_iter': 2000}
2025-12-10 02:33:42 [INFO] [lib.training.pipeline:531] ================================================================================
2025-12-10 02:33:42 [INFO] [lib.training.pipeline:542] 
Training logistic_regression - Fold 1/5
2025-12-10 02:33:42 [INFO] [lib.training.pipeline:994] Training baseline model logistic_regression on fold 1...
2025-12-10 02:33:42 [ERROR] [lib.training.pipeline:1077] Error training baseline fold 1: Stage 2 features path is required. Please provide features_stage2_path when creating the model.
Traceback (most recent call last):
  File "/gpfs/accounts/si670f25_class_root/si670f25_class/santoshd/fvc/lib/training/pipeline.py", line 1018, in stage5_train_models
    model.fit(train_df, project_root=project_root_str_orig)
  File "/gpfs/accounts/si670f25_class_root/si670f25_class/santoshd/fvc/lib/training/_linear.py", line 80, in fit
    raise ValueError(
ValueError: Stage 2 features path is required. Please provide features_stage2_path when creating the model.
2025-12-10 02:33:42 [INFO] [lib.training.pipeline:542] 
Training logistic_regression - Fold 2/5
2025-12-10 02:33:42 [INFO] [lib.training.pipeline:994] Training baseline model logistic_regression on fold 2...
2025-12-10 02:33:42 [ERROR] [lib.training.pipeline:1077] Error training baseline fold 2: Stage 2 features path is required. Please provide features_stage2_path when creating the model.
Traceback (most recent call last):
  File "/gpfs/accounts/si670f25_class_root/si670f25_class/santoshd/fvc/lib/training/pipeline.py", line 1018, in stage5_train_models
    model.fit(train_df, project_root=project_root_str_orig)
  File "/gpfs/accounts/si670f25_class_root/si670f25_class/santoshd/fvc/lib/training/_linear.py", line 80, in fit
    raise ValueError(
ValueError: Stage 2 features path is required. Please provide features_stage2_path when creating the model.
2025-12-10 02:33:42 [INFO] [lib.training.pipeline:542] 
Training logistic_regression - Fold 3/5
2025-12-10 02:33:42 [INFO] [lib.training.pipeline:994] Training baseline model logistic_regression on fold 3...
2025-12-10 02:33:42 [ERROR] [lib.training.pipeline:1077] Error training baseline fold 3: Stage 2 features path is required. Please provide features_stage2_path when creating the model.
Traceback (most recent call last):
  File "/gpfs/accounts/si670f25_class_root/si670f25_class/santoshd/fvc/lib/training/pipeline.py", line 1018, in stage5_train_models
    model.fit(train_df, project_root=project_root_str_orig)
  File "/gpfs/accounts/si670f25_class_root/si670f25_class/santoshd/fvc/lib/training/_linear.py", line 80, in fit
    raise ValueError(
ValueError: Stage 2 features path is required. Please provide features_stage2_path when creating the model.
2025-12-10 02:33:42 [INFO] [lib.training.pipeline:542] 
Training logistic_regression - Fold 4/5
2025-12-10 02:33:42 [INFO] [lib.training.pipeline:994] Training baseline model logistic_regression on fold 4...
2025-12-10 02:33:42 [ERROR] [lib.training.pipeline:1077] Error training baseline fold 4: Stage 2 features path is required. Please provide features_stage2_path when creating the model.
Traceback (most recent call last):
  File "/gpfs/accounts/si670f25_class_root/si670f25_class/santoshd/fvc/lib/training/pipeline.py", line 1018, in stage5_train_models
    model.fit(train_df, project_root=project_root_str_orig)
  File "/gpfs/accounts/si670f25_class_root/si670f25_class/santoshd/fvc/lib/training/_linear.py", line 80, in fit
    raise ValueError(
ValueError: Stage 2 features path is required. Please provide features_stage2_path when creating the model.
2025-12-10 02:33:42 [INFO] [lib.training.pipeline:542] 
Training logistic_regression - Fold 5/5
2025-12-10 02:33:42 [INFO] [lib.training.pipeline:994] Training baseline model logistic_regression on fold 5...
2025-12-10 02:33:42 [ERROR] [lib.training.pipeline:1077] Error training baseline fold 5: Stage 2 features path is required. Please provide features_stage2_path when creating the model.
Traceback (most recent call last):
  File "/gpfs/accounts/si670f25_class_root/si670f25_class/santoshd/fvc/lib/training/pipeline.py", line 1018, in stage5_train_models
    model.fit(train_df, project_root=project_root_str_orig)
  File "/gpfs/accounts/si670f25_class_root/si670f25_class/santoshd/fvc/lib/training/_linear.py", line 80, in fit
    raise ValueError(
ValueError: Stage 2 features path is required. Please provide features_stage2_path when creating the model.
2025-12-10 02:33:42 [INFO] [lib.training.pipeline:1106] Parameter combination 6 - Mean F1: 0.0000, Mean Acc: nan
2025-12-10 02:33:42 [INFO] [lib.training.pipeline:528] 
================================================================================
2025-12-10 02:33:42 [INFO] [lib.training.pipeline:529] Grid Search: Hyperparameter combination 7/40
2025-12-10 02:33:42 [INFO] [lib.training.pipeline:530] Parameters: {'C': 0.01, 'penalty': 'l2', 'solver': 'saga', 'max_iter': 1000}
2025-12-10 02:33:42 [INFO] [lib.training.pipeline:531] ================================================================================
2025-12-10 02:33:42 [INFO] [lib.training.pipeline:542] 
Training logistic_regression - Fold 1/5
2025-12-10 02:33:42 [INFO] [lib.training.pipeline:994] Training baseline model logistic_regression on fold 1...
2025-12-10 02:33:42 [ERROR] [lib.training.pipeline:1077] Error training baseline fold 1: Stage 2 features path is required. Please provide features_stage2_path when creating the model.
Traceback (most recent call last):
  File "/gpfs/accounts/si670f25_class_root/si670f25_class/santoshd/fvc/lib/training/pipeline.py", line 1018, in stage5_train_models
    model.fit(train_df, project_root=project_root_str_orig)
  File "/gpfs/accounts/si670f25_class_root/si670f25_class/santoshd/fvc/lib/training/_linear.py", line 80, in fit
    raise ValueError(
ValueError: Stage 2 features path is required. Please provide features_stage2_path when creating the model.
2025-12-10 02:33:43 [INFO] [lib.training.pipeline:542] 
Training logistic_regression - Fold 2/5
2025-12-10 02:33:43 [INFO] [lib.training.pipeline:994] Training baseline model logistic_regression on fold 2...
2025-12-10 02:33:43 [ERROR] [lib.training.pipeline:1077] Error training baseline fold 2: Stage 2 features path is required. Please provide features_stage2_path when creating the model.
Traceback (most recent call last):
  File "/gpfs/accounts/si670f25_class_root/si670f25_class/santoshd/fvc/lib/training/pipeline.py", line 1018, in stage5_train_models
    model.fit(train_df, project_root=project_root_str_orig)
  File "/gpfs/accounts/si670f25_class_root/si670f25_class/santoshd/fvc/lib/training/_linear.py", line 80, in fit
    raise ValueError(
ValueError: Stage 2 features path is required. Please provide features_stage2_path when creating the model.
2025-12-10 02:33:43 [INFO] [lib.training.pipeline:542] 
Training logistic_regression - Fold 3/5
2025-12-10 02:33:43 [INFO] [lib.training.pipeline:994] Training baseline model logistic_regression on fold 3...
2025-12-10 02:33:43 [ERROR] [lib.training.pipeline:1077] Error training baseline fold 3: Stage 2 features path is required. Please provide features_stage2_path when creating the model.
Traceback (most recent call last):
  File "/gpfs/accounts/si670f25_class_root/si670f25_class/santoshd/fvc/lib/training/pipeline.py", line 1018, in stage5_train_models
    model.fit(train_df, project_root=project_root_str_orig)
  File "/gpfs/accounts/si670f25_class_root/si670f25_class/santoshd/fvc/lib/training/_linear.py", line 80, in fit
    raise ValueError(
ValueError: Stage 2 features path is required. Please provide features_stage2_path when creating the model.
2025-12-10 02:33:43 [INFO] [lib.training.pipeline:542] 
Training logistic_regression - Fold 4/5
2025-12-10 02:33:43 [INFO] [lib.training.pipeline:994] Training baseline model logistic_regression on fold 4...
2025-12-10 02:33:43 [ERROR] [lib.training.pipeline:1077] Error training baseline fold 4: Stage 2 features path is required. Please provide features_stage2_path when creating the model.
Traceback (most recent call last):
  File "/gpfs/accounts/si670f25_class_root/si670f25_class/santoshd/fvc/lib/training/pipeline.py", line 1018, in stage5_train_models
    model.fit(train_df, project_root=project_root_str_orig)
  File "/gpfs/accounts/si670f25_class_root/si670f25_class/santoshd/fvc/lib/training/_linear.py", line 80, in fit
    raise ValueError(
ValueError: Stage 2 features path is required. Please provide features_stage2_path when creating the model.
2025-12-10 02:33:43 [INFO] [lib.training.pipeline:542] 
Training logistic_regression - Fold 5/5
2025-12-10 02:33:43 [INFO] [lib.training.pipeline:994] Training baseline model logistic_regression on fold 5...
2025-12-10 02:33:43 [ERROR] [lib.training.pipeline:1077] Error training baseline fold 5: Stage 2 features path is required. Please provide features_stage2_path when creating the model.
Traceback (most recent call last):
  File "/gpfs/accounts/si670f25_class_root/si670f25_class/santoshd/fvc/lib/training/pipeline.py", line 1018, in stage5_train_models
    model.fit(train_df, project_root=project_root_str_orig)
  File "/gpfs/accounts/si670f25_class_root/si670f25_class/santoshd/fvc/lib/training/_linear.py", line 80, in fit
    raise ValueError(
ValueError: Stage 2 features path is required. Please provide features_stage2_path when creating the model.
2025-12-10 02:33:43 [INFO] [lib.training.pipeline:1106] Parameter combination 7 - Mean F1: 0.0000, Mean Acc: nan
2025-12-10 02:33:43 [INFO] [lib.training.pipeline:528] 
================================================================================
2025-12-10 02:33:43 [INFO] [lib.training.pipeline:529] Grid Search: Hyperparameter combination 8/40
2025-12-10 02:33:43 [INFO] [lib.training.pipeline:530] Parameters: {'C': 0.01, 'penalty': 'l2', 'solver': 'saga', 'max_iter': 2000}
2025-12-10 02:33:43 [INFO] [lib.training.pipeline:531] ================================================================================
2025-12-10 02:33:43 [INFO] [lib.training.pipeline:542] 
Training logistic_regression - Fold 1/5
2025-12-10 02:33:43 [INFO] [lib.training.pipeline:994] Training baseline model logistic_regression on fold 1...
2025-12-10 02:33:43 [ERROR] [lib.training.pipeline:1077] Error training baseline fold 1: Stage 2 features path is required. Please provide features_stage2_path when creating the model.
Traceback (most recent call last):
  File "/gpfs/accounts/si670f25_class_root/si670f25_class/santoshd/fvc/lib/training/pipeline.py", line 1018, in stage5_train_models
    model.fit(train_df, project_root=project_root_str_orig)
  File "/gpfs/accounts/si670f25_class_root/si670f25_class/santoshd/fvc/lib/training/_linear.py", line 80, in fit
    raise ValueError(
ValueError: Stage 2 features path is required. Please provide features_stage2_path when creating the model.
2025-12-10 02:33:43 [INFO] [lib.training.pipeline:542] 
Training logistic_regression - Fold 2/5
2025-12-10 02:33:43 [INFO] [lib.training.pipeline:994] Training baseline model logistic_regression on fold 2...
2025-12-10 02:33:43 [ERROR] [lib.training.pipeline:1077] Error training baseline fold 2: Stage 2 features path is required. Please provide features_stage2_path when creating the model.
Traceback (most recent call last):
  File "/gpfs/accounts/si670f25_class_root/si670f25_class/santoshd/fvc/lib/training/pipeline.py", line 1018, in stage5_train_models
    model.fit(train_df, project_root=project_root_str_orig)
  File "/gpfs/accounts/si670f25_class_root/si670f25_class/santoshd/fvc/lib/training/_linear.py", line 80, in fit
    raise ValueError(
ValueError: Stage 2 features path is required. Please provide features_stage2_path when creating the model.
2025-12-10 02:33:44 [INFO] [lib.training.pipeline:542] 
Training logistic_regression - Fold 3/5
2025-12-10 02:33:44 [INFO] [lib.training.pipeline:994] Training baseline model logistic_regression on fold 3...
2025-12-10 02:33:44 [ERROR] [lib.training.pipeline:1077] Error training baseline fold 3: Stage 2 features path is required. Please provide features_stage2_path when creating the model.
Traceback (most recent call last):
  File "/gpfs/accounts/si670f25_class_root/si670f25_class/santoshd/fvc/lib/training/pipeline.py", line 1018, in stage5_train_models
    model.fit(train_df, project_root=project_root_str_orig)
  File "/gpfs/accounts/si670f25_class_root/si670f25_class/santoshd/fvc/lib/training/_linear.py", line 80, in fit
    raise ValueError(
ValueError: Stage 2 features path is required. Please provide features_stage2_path when creating the model.
2025-12-10 02:33:44 [INFO] [lib.training.pipeline:542] 
Training logistic_regression - Fold 4/5
2025-12-10 02:33:44 [INFO] [lib.training.pipeline:994] Training baseline model logistic_regression on fold 4...
2025-12-10 02:33:44 [ERROR] [lib.training.pipeline:1077] Error training baseline fold 4: Stage 2 features path is required. Please provide features_stage2_path when creating the model.
Traceback (most recent call last):
  File "/gpfs/accounts/si670f25_class_root/si670f25_class/santoshd/fvc/lib/training/pipeline.py", line 1018, in stage5_train_models
    model.fit(train_df, project_root=project_root_str_orig)
  File "/gpfs/accounts/si670f25_class_root/si670f25_class/santoshd/fvc/lib/training/_linear.py", line 80, in fit
    raise ValueError(
ValueError: Stage 2 features path is required. Please provide features_stage2_path when creating the model.
2025-12-10 02:33:44 [INFO] [lib.training.pipeline:542] 
Training logistic_regression - Fold 5/5
2025-12-10 02:33:44 [INFO] [lib.training.pipeline:994] Training baseline model logistic_regression on fold 5...
2025-12-10 02:33:44 [ERROR] [lib.training.pipeline:1077] Error training baseline fold 5: Stage 2 features path is required. Please provide features_stage2_path when creating the model.
Traceback (most recent call last):
  File "/gpfs/accounts/si670f25_class_root/si670f25_class/santoshd/fvc/lib/training/pipeline.py", line 1018, in stage5_train_models
    model.fit(train_df, project_root=project_root_str_orig)
  File "/gpfs/accounts/si670f25_class_root/si670f25_class/santoshd/fvc/lib/training/_linear.py", line 80, in fit
    raise ValueError(
ValueError: Stage 2 features path is required. Please provide features_stage2_path when creating the model.
2025-12-10 02:33:44 [INFO] [lib.training.pipeline:1106] Parameter combination 8 - Mean F1: 0.0000, Mean Acc: nan
2025-12-10 02:33:44 [INFO] [lib.training.pipeline:528] 
================================================================================
2025-12-10 02:33:44 [INFO] [lib.training.pipeline:529] Grid Search: Hyperparameter combination 9/40
2025-12-10 02:33:44 [INFO] [lib.training.pipeline:530] Parameters: {'C': 0.1, 'penalty': 'l1', 'solver': 'liblinear', 'max_iter': 1000}
2025-12-10 02:33:44 [INFO] [lib.training.pipeline:531] ================================================================================
2025-12-10 02:33:44 [INFO] [lib.training.pipeline:542] 
Training logistic_regression - Fold 1/5
2025-12-10 02:33:44 [INFO] [lib.training.pipeline:994] Training baseline model logistic_regression on fold 1...
2025-12-10 02:33:44 [ERROR] [lib.training.pipeline:1077] Error training baseline fold 1: Stage 2 features path is required. Please provide features_stage2_path when creating the model.
Traceback (most recent call last):
  File "/gpfs/accounts/si670f25_class_root/si670f25_class/santoshd/fvc/lib/training/pipeline.py", line 1018, in stage5_train_models
    model.fit(train_df, project_root=project_root_str_orig)
  File "/gpfs/accounts/si670f25_class_root/si670f25_class/santoshd/fvc/lib/training/_linear.py", line 80, in fit
    raise ValueError(
ValueError: Stage 2 features path is required. Please provide features_stage2_path when creating the model.
2025-12-10 02:33:44 [INFO] [lib.training.pipeline:542] 
Training logistic_regression - Fold 2/5
2025-12-10 02:33:44 [INFO] [lib.training.pipeline:994] Training baseline model logistic_regression on fold 2...
2025-12-10 02:33:44 [ERROR] [lib.training.pipeline:1077] Error training baseline fold 2: Stage 2 features path is required. Please provide features_stage2_path when creating the model.
Traceback (most recent call last):
  File "/gpfs/accounts/si670f25_class_root/si670f25_class/santoshd/fvc/lib/training/pipeline.py", line 1018, in stage5_train_models
    model.fit(train_df, project_root=project_root_str_orig)
  File "/gpfs/accounts/si670f25_class_root/si670f25_class/santoshd/fvc/lib/training/_linear.py", line 80, in fit
    raise ValueError(
ValueError: Stage 2 features path is required. Please provide features_stage2_path when creating the model.
2025-12-10 02:33:44 [INFO] [lib.training.pipeline:542] 
Training logistic_regression - Fold 3/5
2025-12-10 02:33:44 [INFO] [lib.training.pipeline:994] Training baseline model logistic_regression on fold 3...
2025-12-10 02:33:44 [ERROR] [lib.training.pipeline:1077] Error training baseline fold 3: Stage 2 features path is required. Please provide features_stage2_path when creating the model.
Traceback (most recent call last):
  File "/gpfs/accounts/si670f25_class_root/si670f25_class/santoshd/fvc/lib/training/pipeline.py", line 1018, in stage5_train_models
    model.fit(train_df, project_root=project_root_str_orig)
  File "/gpfs/accounts/si670f25_class_root/si670f25_class/santoshd/fvc/lib/training/_linear.py", line 80, in fit
    raise ValueError(
ValueError: Stage 2 features path is required. Please provide features_stage2_path when creating the model.
2025-12-10 02:33:45 [INFO] [lib.training.pipeline:542] 
Training logistic_regression - Fold 4/5
2025-12-10 02:33:45 [INFO] [lib.training.pipeline:994] Training baseline model logistic_regression on fold 4...
2025-12-10 02:33:45 [ERROR] [lib.training.pipeline:1077] Error training baseline fold 4: Stage 2 features path is required. Please provide features_stage2_path when creating the model.
Traceback (most recent call last):
  File "/gpfs/accounts/si670f25_class_root/si670f25_class/santoshd/fvc/lib/training/pipeline.py", line 1018, in stage5_train_models
    model.fit(train_df, project_root=project_root_str_orig)
  File "/gpfs/accounts/si670f25_class_root/si670f25_class/santoshd/fvc/lib/training/_linear.py", line 80, in fit
    raise ValueError(
ValueError: Stage 2 features path is required. Please provide features_stage2_path when creating the model.
2025-12-10 02:33:45 [INFO] [lib.training.pipeline:542] 
Training logistic_regression - Fold 5/5
2025-12-10 02:33:45 [INFO] [lib.training.pipeline:994] Training baseline model logistic_regression on fold 5...
2025-12-10 02:33:45 [ERROR] [lib.training.pipeline:1077] Error training baseline fold 5: Stage 2 features path is required. Please provide features_stage2_path when creating the model.
Traceback (most recent call last):
  File "/gpfs/accounts/si670f25_class_root/si670f25_class/santoshd/fvc/lib/training/pipeline.py", line 1018, in stage5_train_models
    model.fit(train_df, project_root=project_root_str_orig)
  File "/gpfs/accounts/si670f25_class_root/si670f25_class/santoshd/fvc/lib/training/_linear.py", line 80, in fit
    raise ValueError(
ValueError: Stage 2 features path is required. Please provide features_stage2_path when creating the model.
2025-12-10 02:33:45 [INFO] [lib.training.pipeline:1106] Parameter combination 9 - Mean F1: 0.0000, Mean Acc: nan
2025-12-10 02:33:45 [INFO] [lib.training.pipeline:528] 
================================================================================
2025-12-10 02:33:45 [INFO] [lib.training.pipeline:529] Grid Search: Hyperparameter combination 10/40
2025-12-10 02:33:45 [INFO] [lib.training.pipeline:530] Parameters: {'C': 0.1, 'penalty': 'l1', 'solver': 'liblinear', 'max_iter': 2000}
2025-12-10 02:33:45 [INFO] [lib.training.pipeline:531] ================================================================================
2025-12-10 02:33:45 [INFO] [lib.training.pipeline:542] 
Training logistic_regression - Fold 1/5
2025-12-10 02:33:45 [INFO] [lib.training.pipeline:994] Training baseline model logistic_regression on fold 1...
2025-12-10 02:33:45 [ERROR] [lib.training.pipeline:1077] Error training baseline fold 1: Stage 2 features path is required. Please provide features_stage2_path when creating the model.
Traceback (most recent call last):
  File "/gpfs/accounts/si670f25_class_root/si670f25_class/santoshd/fvc/lib/training/pipeline.py", line 1018, in stage5_train_models
    model.fit(train_df, project_root=project_root_str_orig)
  File "/gpfs/accounts/si670f25_class_root/si670f25_class/santoshd/fvc/lib/training/_linear.py", line 80, in fit
    raise ValueError(
ValueError: Stage 2 features path is required. Please provide features_stage2_path when creating the model.
2025-12-10 02:33:45 [INFO] [lib.training.pipeline:542] 
Training logistic_regression - Fold 2/5
2025-12-10 02:33:45 [INFO] [lib.training.pipeline:994] Training baseline model logistic_regression on fold 2...
2025-12-10 02:33:45 [ERROR] [lib.training.pipeline:1077] Error training baseline fold 2: Stage 2 features path is required. Please provide features_stage2_path when creating the model.
Traceback (most recent call last):
  File "/gpfs/accounts/si670f25_class_root/si670f25_class/santoshd/fvc/lib/training/pipeline.py", line 1018, in stage5_train_models
    model.fit(train_df, project_root=project_root_str_orig)
  File "/gpfs/accounts/si670f25_class_root/si670f25_class/santoshd/fvc/lib/training/_linear.py", line 80, in fit
    raise ValueError(
ValueError: Stage 2 features path is required. Please provide features_stage2_path when creating the model.
2025-12-10 02:33:45 [INFO] [lib.training.pipeline:542] 
Training logistic_regression - Fold 3/5
2025-12-10 02:33:45 [INFO] [lib.training.pipeline:994] Training baseline model logistic_regression on fold 3...
2025-12-10 02:33:45 [ERROR] [lib.training.pipeline:1077] Error training baseline fold 3: Stage 2 features path is required. Please provide features_stage2_path when creating the model.
Traceback (most recent call last):
  File "/gpfs/accounts/si670f25_class_root/si670f25_class/santoshd/fvc/lib/training/pipeline.py", line 1018, in stage5_train_models
    model.fit(train_df, project_root=project_root_str_orig)
  File "/gpfs/accounts/si670f25_class_root/si670f25_class/santoshd/fvc/lib/training/_linear.py", line 80, in fit
    raise ValueError(
ValueError: Stage 2 features path is required. Please provide features_stage2_path when creating the model.
2025-12-10 02:33:45 [INFO] [lib.training.pipeline:542] 
Training logistic_regression - Fold 4/5
2025-12-10 02:33:45 [INFO] [lib.training.pipeline:994] Training baseline model logistic_regression on fold 4...
2025-12-10 02:33:45 [ERROR] [lib.training.pipeline:1077] Error training baseline fold 4: Stage 2 features path is required. Please provide features_stage2_path when creating the model.
Traceback (most recent call last):
  File "/gpfs/accounts/si670f25_class_root/si670f25_class/santoshd/fvc/lib/training/pipeline.py", line 1018, in stage5_train_models
    model.fit(train_df, project_root=project_root_str_orig)
  File "/gpfs/accounts/si670f25_class_root/si670f25_class/santoshd/fvc/lib/training/_linear.py", line 80, in fit
    raise ValueError(
ValueError: Stage 2 features path is required. Please provide features_stage2_path when creating the model.
2025-12-10 02:33:46 [INFO] [lib.training.pipeline:542] 
Training logistic_regression - Fold 5/5
2025-12-10 02:33:46 [INFO] [lib.training.pipeline:994] Training baseline model logistic_regression on fold 5...
2025-12-10 02:33:46 [ERROR] [lib.training.pipeline:1077] Error training baseline fold 5: Stage 2 features path is required. Please provide features_stage2_path when creating the model.
Traceback (most recent call last):
  File "/gpfs/accounts/si670f25_class_root/si670f25_class/santoshd/fvc/lib/training/pipeline.py", line 1018, in stage5_train_models
    model.fit(train_df, project_root=project_root_str_orig)
  File "/gpfs/accounts/si670f25_class_root/si670f25_class/santoshd/fvc/lib/training/_linear.py", line 80, in fit
    raise ValueError(
ValueError: Stage 2 features path is required. Please provide features_stage2_path when creating the model.
2025-12-10 02:33:46 [INFO] [lib.training.pipeline:1106] Parameter combination 10 - Mean F1: 0.0000, Mean Acc: nan
2025-12-10 02:33:46 [INFO] [lib.training.pipeline:528] 
================================================================================
2025-12-10 02:33:46 [INFO] [lib.training.pipeline:529] Grid Search: Hyperparameter combination 11/40
2025-12-10 02:33:46 [INFO] [lib.training.pipeline:530] Parameters: {'C': 0.1, 'penalty': 'l1', 'solver': 'saga', 'max_iter': 1000}
2025-12-10 02:33:46 [INFO] [lib.training.pipeline:531] ================================================================================
2025-12-10 02:33:46 [INFO] [lib.training.pipeline:542] 
Training logistic_regression - Fold 1/5
2025-12-10 02:33:46 [INFO] [lib.training.pipeline:994] Training baseline model logistic_regression on fold 1...
2025-12-10 02:33:46 [ERROR] [lib.training.pipeline:1077] Error training baseline fold 1: Stage 2 features path is required. Please provide features_stage2_path when creating the model.
Traceback (most recent call last):
  File "/gpfs/accounts/si670f25_class_root/si670f25_class/santoshd/fvc/lib/training/pipeline.py", line 1018, in stage5_train_models
    model.fit(train_df, project_root=project_root_str_orig)
  File "/gpfs/accounts/si670f25_class_root/si670f25_class/santoshd/fvc/lib/training/_linear.py", line 80, in fit
    raise ValueError(
ValueError: Stage 2 features path is required. Please provide features_stage2_path when creating the model.
2025-12-10 02:33:46 [INFO] [lib.training.pipeline:542] 
Training logistic_regression - Fold 2/5
2025-12-10 02:33:46 [INFO] [lib.training.pipeline:994] Training baseline model logistic_regression on fold 2...
2025-12-10 02:33:46 [ERROR] [lib.training.pipeline:1077] Error training baseline fold 2: Stage 2 features path is required. Please provide features_stage2_path when creating the model.
Traceback (most recent call last):
  File "/gpfs/accounts/si670f25_class_root/si670f25_class/santoshd/fvc/lib/training/pipeline.py", line 1018, in stage5_train_models
    model.fit(train_df, project_root=project_root_str_orig)
  File "/gpfs/accounts/si670f25_class_root/si670f25_class/santoshd/fvc/lib/training/_linear.py", line 80, in fit
    raise ValueError(
ValueError: Stage 2 features path is required. Please provide features_stage2_path when creating the model.
2025-12-10 02:33:46 [INFO] [lib.training.pipeline:542] 
Training logistic_regression - Fold 3/5
2025-12-10 02:33:46 [INFO] [lib.training.pipeline:994] Training baseline model logistic_regression on fold 3...
2025-12-10 02:33:46 [ERROR] [lib.training.pipeline:1077] Error training baseline fold 3: Stage 2 features path is required. Please provide features_stage2_path when creating the model.
Traceback (most recent call last):
  File "/gpfs/accounts/si670f25_class_root/si670f25_class/santoshd/fvc/lib/training/pipeline.py", line 1018, in stage5_train_models
    model.fit(train_df, project_root=project_root_str_orig)
  File "/gpfs/accounts/si670f25_class_root/si670f25_class/santoshd/fvc/lib/training/_linear.py", line 80, in fit
    raise ValueError(
ValueError: Stage 2 features path is required. Please provide features_stage2_path when creating the model.
2025-12-10 02:33:46 [INFO] [lib.training.pipeline:542] 
Training logistic_regression - Fold 4/5
2025-12-10 02:33:46 [INFO] [lib.training.pipeline:994] Training baseline model logistic_regression on fold 4...
2025-12-10 02:33:46 [ERROR] [lib.training.pipeline:1077] Error training baseline fold 4: Stage 2 features path is required. Please provide features_stage2_path when creating the model.
Traceback (most recent call last):
  File "/gpfs/accounts/si670f25_class_root/si670f25_class/santoshd/fvc/lib/training/pipeline.py", line 1018, in stage5_train_models
    model.fit(train_df, project_root=project_root_str_orig)
  File "/gpfs/accounts/si670f25_class_root/si670f25_class/santoshd/fvc/lib/training/_linear.py", line 80, in fit
    raise ValueError(
ValueError: Stage 2 features path is required. Please provide features_stage2_path when creating the model.
2025-12-10 02:33:46 [INFO] [lib.training.pipeline:542] 
Training logistic_regression - Fold 5/5
2025-12-10 02:33:46 [INFO] [lib.training.pipeline:994] Training baseline model logistic_regression on fold 5...
2025-12-10 02:33:46 [ERROR] [lib.training.pipeline:1077] Error training baseline fold 5: Stage 2 features path is required. Please provide features_stage2_path when creating the model.
Traceback (most recent call last):
  File "/gpfs/accounts/si670f25_class_root/si670f25_class/santoshd/fvc/lib/training/pipeline.py", line 1018, in stage5_train_models
    model.fit(train_df, project_root=project_root_str_orig)
  File "/gpfs/accounts/si670f25_class_root/si670f25_class/santoshd/fvc/lib/training/_linear.py", line 80, in fit
    raise ValueError(
ValueError: Stage 2 features path is required. Please provide features_stage2_path when creating the model.
2025-12-10 02:33:47 [INFO] [lib.training.pipeline:1106] Parameter combination 11 - Mean F1: 0.0000, Mean Acc: nan
2025-12-10 02:33:47 [INFO] [lib.training.pipeline:528] 
================================================================================
2025-12-10 02:33:47 [INFO] [lib.training.pipeline:529] Grid Search: Hyperparameter combination 12/40
2025-12-10 02:33:47 [INFO] [lib.training.pipeline:530] Parameters: {'C': 0.1, 'penalty': 'l1', 'solver': 'saga', 'max_iter': 2000}
2025-12-10 02:33:47 [INFO] [lib.training.pipeline:531] ================================================================================
2025-12-10 02:33:47 [INFO] [lib.training.pipeline:542] 
Training logistic_regression - Fold 1/5
2025-12-10 02:33:47 [INFO] [lib.training.pipeline:994] Training baseline model logistic_regression on fold 1...
2025-12-10 02:33:47 [ERROR] [lib.training.pipeline:1077] Error training baseline fold 1: Stage 2 features path is required. Please provide features_stage2_path when creating the model.
Traceback (most recent call last):
  File "/gpfs/accounts/si670f25_class_root/si670f25_class/santoshd/fvc/lib/training/pipeline.py", line 1018, in stage5_train_models
    model.fit(train_df, project_root=project_root_str_orig)
  File "/gpfs/accounts/si670f25_class_root/si670f25_class/santoshd/fvc/lib/training/_linear.py", line 80, in fit
    raise ValueError(
ValueError: Stage 2 features path is required. Please provide features_stage2_path when creating the model.
2025-12-10 02:33:47 [INFO] [lib.training.pipeline:542] 
Training logistic_regression - Fold 2/5
2025-12-10 02:33:47 [INFO] [lib.training.pipeline:994] Training baseline model logistic_regression on fold 2...
2025-12-10 02:33:47 [ERROR] [lib.training.pipeline:1077] Error training baseline fold 2: Stage 2 features path is required. Please provide features_stage2_path when creating the model.
Traceback (most recent call last):
  File "/gpfs/accounts/si670f25_class_root/si670f25_class/santoshd/fvc/lib/training/pipeline.py", line 1018, in stage5_train_models
    model.fit(train_df, project_root=project_root_str_orig)
  File "/gpfs/accounts/si670f25_class_root/si670f25_class/santoshd/fvc/lib/training/_linear.py", line 80, in fit
    raise ValueError(
ValueError: Stage 2 features path is required. Please provide features_stage2_path when creating the model.
2025-12-10 02:33:47 [INFO] [lib.training.pipeline:542] 
Training logistic_regression - Fold 3/5
2025-12-10 02:33:47 [INFO] [lib.training.pipeline:994] Training baseline model logistic_regression on fold 3...
2025-12-10 02:33:47 [ERROR] [lib.training.pipeline:1077] Error training baseline fold 3: Stage 2 features path is required. Please provide features_stage2_path when creating the model.
Traceback (most recent call last):
  File "/gpfs/accounts/si670f25_class_root/si670f25_class/santoshd/fvc/lib/training/pipeline.py", line 1018, in stage5_train_models
    model.fit(train_df, project_root=project_root_str_orig)
  File "/gpfs/accounts/si670f25_class_root/si670f25_class/santoshd/fvc/lib/training/_linear.py", line 80, in fit
    raise ValueError(
ValueError: Stage 2 features path is required. Please provide features_stage2_path when creating the model.
2025-12-10 02:33:47 [INFO] [lib.training.pipeline:542] 
Training logistic_regression - Fold 4/5
2025-12-10 02:33:47 [INFO] [lib.training.pipeline:994] Training baseline model logistic_regression on fold 4...
2025-12-10 02:33:47 [ERROR] [lib.training.pipeline:1077] Error training baseline fold 4: Stage 2 features path is required. Please provide features_stage2_path when creating the model.
Traceback (most recent call last):
  File "/gpfs/accounts/si670f25_class_root/si670f25_class/santoshd/fvc/lib/training/pipeline.py", line 1018, in stage5_train_models
    model.fit(train_df, project_root=project_root_str_orig)
  File "/gpfs/accounts/si670f25_class_root/si670f25_class/santoshd/fvc/lib/training/_linear.py", line 80, in fit
    raise ValueError(
ValueError: Stage 2 features path is required. Please provide features_stage2_path when creating the model.
2025-12-10 02:33:47 [INFO] [lib.training.pipeline:542] 
Training logistic_regression - Fold 5/5
2025-12-10 02:33:47 [INFO] [lib.training.pipeline:994] Training baseline model logistic_regression on fold 5...
2025-12-10 02:33:47 [ERROR] [lib.training.pipeline:1077] Error training baseline fold 5: Stage 2 features path is required. Please provide features_stage2_path when creating the model.
Traceback (most recent call last):
  File "/gpfs/accounts/si670f25_class_root/si670f25_class/santoshd/fvc/lib/training/pipeline.py", line 1018, in stage5_train_models
    model.fit(train_df, project_root=project_root_str_orig)
  File "/gpfs/accounts/si670f25_class_root/si670f25_class/santoshd/fvc/lib/training/_linear.py", line 80, in fit
    raise ValueError(
ValueError: Stage 2 features path is required. Please provide features_stage2_path when creating the model.
2025-12-10 02:33:47 [INFO] [lib.training.pipeline:1106] Parameter combination 12 - Mean F1: 0.0000, Mean Acc: nan
2025-12-10 02:33:47 [INFO] [lib.training.pipeline:528] 
================================================================================
2025-12-10 02:33:47 [INFO] [lib.training.pipeline:529] Grid Search: Hyperparameter combination 13/40
2025-12-10 02:33:47 [INFO] [lib.training.pipeline:530] Parameters: {'C': 0.1, 'penalty': 'l2', 'solver': 'liblinear', 'max_iter': 1000}
2025-12-10 02:33:47 [INFO] [lib.training.pipeline:531] ================================================================================
2025-12-10 02:33:47 [INFO] [lib.training.pipeline:542] 
Training logistic_regression - Fold 1/5
2025-12-10 02:33:47 [INFO] [lib.training.pipeline:994] Training baseline model logistic_regression on fold 1...
2025-12-10 02:33:47 [ERROR] [lib.training.pipeline:1077] Error training baseline fold 1: Stage 2 features path is required. Please provide features_stage2_path when creating the model.
Traceback (most recent call last):
  File "/gpfs/accounts/si670f25_class_root/si670f25_class/santoshd/fvc/lib/training/pipeline.py", line 1018, in stage5_train_models
    model.fit(train_df, project_root=project_root_str_orig)
  File "/gpfs/accounts/si670f25_class_root/si670f25_class/santoshd/fvc/lib/training/_linear.py", line 80, in fit
    raise ValueError(
ValueError: Stage 2 features path is required. Please provide features_stage2_path when creating the model.
2025-12-10 02:33:48 [INFO] [lib.training.pipeline:542] 
Training logistic_regression - Fold 2/5
2025-12-10 02:33:48 [INFO] [lib.training.pipeline:994] Training baseline model logistic_regression on fold 2...
2025-12-10 02:33:48 [ERROR] [lib.training.pipeline:1077] Error training baseline fold 2: Stage 2 features path is required. Please provide features_stage2_path when creating the model.
Traceback (most recent call last):
  File "/gpfs/accounts/si670f25_class_root/si670f25_class/santoshd/fvc/lib/training/pipeline.py", line 1018, in stage5_train_models
    model.fit(train_df, project_root=project_root_str_orig)
  File "/gpfs/accounts/si670f25_class_root/si670f25_class/santoshd/fvc/lib/training/_linear.py", line 80, in fit
    raise ValueError(
ValueError: Stage 2 features path is required. Please provide features_stage2_path when creating the model.
2025-12-10 02:33:48 [INFO] [lib.training.pipeline:542] 
Training logistic_regression - Fold 3/5
2025-12-10 02:33:48 [INFO] [lib.training.pipeline:994] Training baseline model logistic_regression on fold 3...
2025-12-10 02:33:48 [ERROR] [lib.training.pipeline:1077] Error training baseline fold 3: Stage 2 features path is required. Please provide features_stage2_path when creating the model.
Traceback (most recent call last):
  File "/gpfs/accounts/si670f25_class_root/si670f25_class/santoshd/fvc/lib/training/pipeline.py", line 1018, in stage5_train_models
    model.fit(train_df, project_root=project_root_str_orig)
  File "/gpfs/accounts/si670f25_class_root/si670f25_class/santoshd/fvc/lib/training/_linear.py", line 80, in fit
    raise ValueError(
ValueError: Stage 2 features path is required. Please provide features_stage2_path when creating the model.
2025-12-10 02:33:48 [INFO] [lib.training.pipeline:542] 
Training logistic_regression - Fold 4/5
2025-12-10 02:33:48 [INFO] [lib.training.pipeline:994] Training baseline model logistic_regression on fold 4...
2025-12-10 02:33:48 [ERROR] [lib.training.pipeline:1077] Error training baseline fold 4: Stage 2 features path is required. Please provide features_stage2_path when creating the model.
Traceback (most recent call last):
  File "/gpfs/accounts/si670f25_class_root/si670f25_class/santoshd/fvc/lib/training/pipeline.py", line 1018, in stage5_train_models
    model.fit(train_df, project_root=project_root_str_orig)
  File "/gpfs/accounts/si670f25_class_root/si670f25_class/santoshd/fvc/lib/training/_linear.py", line 80, in fit
    raise ValueError(
ValueError: Stage 2 features path is required. Please provide features_stage2_path when creating the model.
2025-12-10 02:33:48 [INFO] [lib.training.pipeline:542] 
Training logistic_regression - Fold 5/5
2025-12-10 02:33:48 [INFO] [lib.training.pipeline:994] Training baseline model logistic_regression on fold 5...
2025-12-10 02:33:48 [ERROR] [lib.training.pipeline:1077] Error training baseline fold 5: Stage 2 features path is required. Please provide features_stage2_path when creating the model.
Traceback (most recent call last):
  File "/gpfs/accounts/si670f25_class_root/si670f25_class/santoshd/fvc/lib/training/pipeline.py", line 1018, in stage5_train_models
    model.fit(train_df, project_root=project_root_str_orig)
  File "/gpfs/accounts/si670f25_class_root/si670f25_class/santoshd/fvc/lib/training/_linear.py", line 80, in fit
    raise ValueError(
ValueError: Stage 2 features path is required. Please provide features_stage2_path when creating the model.
2025-12-10 02:33:48 [INFO] [lib.training.pipeline:1106] Parameter combination 13 - Mean F1: 0.0000, Mean Acc: nan
2025-12-10 02:33:48 [INFO] [lib.training.pipeline:528] 
================================================================================
2025-12-10 02:33:48 [INFO] [lib.training.pipeline:529] Grid Search: Hyperparameter combination 14/40
2025-12-10 02:33:48 [INFO] [lib.training.pipeline:530] Parameters: {'C': 0.1, 'penalty': 'l2', 'solver': 'liblinear', 'max_iter': 2000}
2025-12-10 02:33:48 [INFO] [lib.training.pipeline:531] ================================================================================
2025-12-10 02:33:48 [INFO] [lib.training.pipeline:542] 
Training logistic_regression - Fold 1/5
2025-12-10 02:33:48 [INFO] [lib.training.pipeline:994] Training baseline model logistic_regression on fold 1...
2025-12-10 02:33:48 [ERROR] [lib.training.pipeline:1077] Error training baseline fold 1: Stage 2 features path is required. Please provide features_stage2_path when creating the model.
Traceback (most recent call last):
  File "/gpfs/accounts/si670f25_class_root/si670f25_class/santoshd/fvc/lib/training/pipeline.py", line 1018, in stage5_train_models
    model.fit(train_df, project_root=project_root_str_orig)
  File "/gpfs/accounts/si670f25_class_root/si670f25_class/santoshd/fvc/lib/training/_linear.py", line 80, in fit
    raise ValueError(
ValueError: Stage 2 features path is required. Please provide features_stage2_path when creating the model.
2025-12-10 02:33:48 [INFO] [lib.training.pipeline:542] 
Training logistic_regression - Fold 2/5
2025-12-10 02:33:48 [INFO] [lib.training.pipeline:994] Training baseline model logistic_regression on fold 2...
2025-12-10 02:33:48 [ERROR] [lib.training.pipeline:1077] Error training baseline fold 2: Stage 2 features path is required. Please provide features_stage2_path when creating the model.
Traceback (most recent call last):
  File "/gpfs/accounts/si670f25_class_root/si670f25_class/santoshd/fvc/lib/training/pipeline.py", line 1018, in stage5_train_models
    model.fit(train_df, project_root=project_root_str_orig)
  File "/gpfs/accounts/si670f25_class_root/si670f25_class/santoshd/fvc/lib/training/_linear.py", line 80, in fit
    raise ValueError(
ValueError: Stage 2 features path is required. Please provide features_stage2_path when creating the model.
2025-12-10 02:33:49 [INFO] [lib.training.pipeline:542] 
Training logistic_regression - Fold 3/5
2025-12-10 02:33:49 [INFO] [lib.training.pipeline:994] Training baseline model logistic_regression on fold 3...
2025-12-10 02:33:49 [ERROR] [lib.training.pipeline:1077] Error training baseline fold 3: Stage 2 features path is required. Please provide features_stage2_path when creating the model.
Traceback (most recent call last):
  File "/gpfs/accounts/si670f25_class_root/si670f25_class/santoshd/fvc/lib/training/pipeline.py", line 1018, in stage5_train_models
    model.fit(train_df, project_root=project_root_str_orig)
  File "/gpfs/accounts/si670f25_class_root/si670f25_class/santoshd/fvc/lib/training/_linear.py", line 80, in fit
    raise ValueError(
ValueError: Stage 2 features path is required. Please provide features_stage2_path when creating the model.
2025-12-10 02:33:49 [INFO] [lib.training.pipeline:542] 
Training logistic_regression - Fold 4/5
2025-12-10 02:33:49 [INFO] [lib.training.pipeline:994] Training baseline model logistic_regression on fold 4...
2025-12-10 02:33:49 [ERROR] [lib.training.pipeline:1077] Error training baseline fold 4: Stage 2 features path is required. Please provide features_stage2_path when creating the model.
Traceback (most recent call last):
  File "/gpfs/accounts/si670f25_class_root/si670f25_class/santoshd/fvc/lib/training/pipeline.py", line 1018, in stage5_train_models
    model.fit(train_df, project_root=project_root_str_orig)
  File "/gpfs/accounts/si670f25_class_root/si670f25_class/santoshd/fvc/lib/training/_linear.py", line 80, in fit
    raise ValueError(
ValueError: Stage 2 features path is required. Please provide features_stage2_path when creating the model.
2025-12-10 02:33:49 [INFO] [lib.training.pipeline:542] 
Training logistic_regression - Fold 5/5
2025-12-10 02:33:49 [INFO] [lib.training.pipeline:994] Training baseline model logistic_regression on fold 5...
2025-12-10 02:33:49 [ERROR] [lib.training.pipeline:1077] Error training baseline fold 5: Stage 2 features path is required. Please provide features_stage2_path when creating the model.
Traceback (most recent call last):
  File "/gpfs/accounts/si670f25_class_root/si670f25_class/santoshd/fvc/lib/training/pipeline.py", line 1018, in stage5_train_models
    model.fit(train_df, project_root=project_root_str_orig)
  File "/gpfs/accounts/si670f25_class_root/si670f25_class/santoshd/fvc/lib/training/_linear.py", line 80, in fit
    raise ValueError(
ValueError: Stage 2 features path is required. Please provide features_stage2_path when creating the model.
2025-12-10 02:33:49 [INFO] [lib.training.pipeline:1106] Parameter combination 14 - Mean F1: 0.0000, Mean Acc: nan
2025-12-10 02:33:49 [INFO] [lib.training.pipeline:528] 
================================================================================
2025-12-10 02:33:49 [INFO] [lib.training.pipeline:529] Grid Search: Hyperparameter combination 15/40
2025-12-10 02:33:49 [INFO] [lib.training.pipeline:530] Parameters: {'C': 0.1, 'penalty': 'l2', 'solver': 'saga', 'max_iter': 1000}
2025-12-10 02:33:49 [INFO] [lib.training.pipeline:531] ================================================================================
2025-12-10 02:33:49 [INFO] [lib.training.pipeline:542] 
Training logistic_regression - Fold 1/5
2025-12-10 02:33:49 [INFO] [lib.training.pipeline:994] Training baseline model logistic_regression on fold 1...
2025-12-10 02:33:49 [ERROR] [lib.training.pipeline:1077] Error training baseline fold 1: Stage 2 features path is required. Please provide features_stage2_path when creating the model.
Traceback (most recent call last):
  File "/gpfs/accounts/si670f25_class_root/si670f25_class/santoshd/fvc/lib/training/pipeline.py", line 1018, in stage5_train_models
    model.fit(train_df, project_root=project_root_str_orig)
  File "/gpfs/accounts/si670f25_class_root/si670f25_class/santoshd/fvc/lib/training/_linear.py", line 80, in fit
    raise ValueError(
ValueError: Stage 2 features path is required. Please provide features_stage2_path when creating the model.
2025-12-10 02:33:49 [INFO] [lib.training.pipeline:542] 
Training logistic_regression - Fold 2/5
2025-12-10 02:33:49 [INFO] [lib.training.pipeline:994] Training baseline model logistic_regression on fold 2...
2025-12-10 02:33:49 [ERROR] [lib.training.pipeline:1077] Error training baseline fold 2: Stage 2 features path is required. Please provide features_stage2_path when creating the model.
Traceback (most recent call last):
  File "/gpfs/accounts/si670f25_class_root/si670f25_class/santoshd/fvc/lib/training/pipeline.py", line 1018, in stage5_train_models
    model.fit(train_df, project_root=project_root_str_orig)
  File "/gpfs/accounts/si670f25_class_root/si670f25_class/santoshd/fvc/lib/training/_linear.py", line 80, in fit
    raise ValueError(
ValueError: Stage 2 features path is required. Please provide features_stage2_path when creating the model.
2025-12-10 02:33:49 [INFO] [lib.training.pipeline:542] 
Training logistic_regression - Fold 3/5
2025-12-10 02:33:49 [INFO] [lib.training.pipeline:994] Training baseline model logistic_regression on fold 3...
2025-12-10 02:33:49 [ERROR] [lib.training.pipeline:1077] Error training baseline fold 3: Stage 2 features path is required. Please provide features_stage2_path when creating the model.
Traceback (most recent call last):
  File "/gpfs/accounts/si670f25_class_root/si670f25_class/santoshd/fvc/lib/training/pipeline.py", line 1018, in stage5_train_models
    model.fit(train_df, project_root=project_root_str_orig)
  File "/gpfs/accounts/si670f25_class_root/si670f25_class/santoshd/fvc/lib/training/_linear.py", line 80, in fit
    raise ValueError(
ValueError: Stage 2 features path is required. Please provide features_stage2_path when creating the model.
2025-12-10 02:33:49 [INFO] [lib.training.pipeline:542] 
Training logistic_regression - Fold 4/5
2025-12-10 02:33:49 [INFO] [lib.training.pipeline:994] Training baseline model logistic_regression on fold 4...
2025-12-10 02:33:49 [ERROR] [lib.training.pipeline:1077] Error training baseline fold 4: Stage 2 features path is required. Please provide features_stage2_path when creating the model.
Traceback (most recent call last):
  File "/gpfs/accounts/si670f25_class_root/si670f25_class/santoshd/fvc/lib/training/pipeline.py", line 1018, in stage5_train_models
    model.fit(train_df, project_root=project_root_str_orig)
  File "/gpfs/accounts/si670f25_class_root/si670f25_class/santoshd/fvc/lib/training/_linear.py", line 80, in fit
    raise ValueError(
ValueError: Stage 2 features path is required. Please provide features_stage2_path when creating the model.
2025-12-10 02:33:50 [INFO] [lib.training.pipeline:542] 
Training logistic_regression - Fold 5/5
2025-12-10 02:33:50 [INFO] [lib.training.pipeline:994] Training baseline model logistic_regression on fold 5...
2025-12-10 02:33:50 [ERROR] [lib.training.pipeline:1077] Error training baseline fold 5: Stage 2 features path is required. Please provide features_stage2_path when creating the model.
Traceback (most recent call last):
  File "/gpfs/accounts/si670f25_class_root/si670f25_class/santoshd/fvc/lib/training/pipeline.py", line 1018, in stage5_train_models
    model.fit(train_df, project_root=project_root_str_orig)
  File "/gpfs/accounts/si670f25_class_root/si670f25_class/santoshd/fvc/lib/training/_linear.py", line 80, in fit
    raise ValueError(
ValueError: Stage 2 features path is required. Please provide features_stage2_path when creating the model.
2025-12-10 02:33:50 [INFO] [lib.training.pipeline:1106] Parameter combination 15 - Mean F1: 0.0000, Mean Acc: nan
2025-12-10 02:33:50 [INFO] [lib.training.pipeline:528] 
================================================================================
2025-12-10 02:33:50 [INFO] [lib.training.pipeline:529] Grid Search: Hyperparameter combination 16/40
2025-12-10 02:33:50 [INFO] [lib.training.pipeline:530] Parameters: {'C': 0.1, 'penalty': 'l2', 'solver': 'saga', 'max_iter': 2000}
2025-12-10 02:33:50 [INFO] [lib.training.pipeline:531] ================================================================================
2025-12-10 02:33:50 [INFO] [lib.training.pipeline:542] 
Training logistic_regression - Fold 1/5
2025-12-10 02:33:50 [INFO] [lib.training.pipeline:994] Training baseline model logistic_regression on fold 1...
2025-12-10 02:33:50 [ERROR] [lib.training.pipeline:1077] Error training baseline fold 1: Stage 2 features path is required. Please provide features_stage2_path when creating the model.
Traceback (most recent call last):
  File "/gpfs/accounts/si670f25_class_root/si670f25_class/santoshd/fvc/lib/training/pipeline.py", line 1018, in stage5_train_models
    model.fit(train_df, project_root=project_root_str_orig)
  File "/gpfs/accounts/si670f25_class_root/si670f25_class/santoshd/fvc/lib/training/_linear.py", line 80, in fit
    raise ValueError(
ValueError: Stage 2 features path is required. Please provide features_stage2_path when creating the model.
2025-12-10 02:33:50 [INFO] [lib.training.pipeline:542] 
Training logistic_regression - Fold 2/5
2025-12-10 02:33:50 [INFO] [lib.training.pipeline:994] Training baseline model logistic_regression on fold 2...
2025-12-10 02:33:50 [ERROR] [lib.training.pipeline:1077] Error training baseline fold 2: Stage 2 features path is required. Please provide features_stage2_path when creating the model.
Traceback (most recent call last):
  File "/gpfs/accounts/si670f25_class_root/si670f25_class/santoshd/fvc/lib/training/pipeline.py", line 1018, in stage5_train_models
    model.fit(train_df, project_root=project_root_str_orig)
  File "/gpfs/accounts/si670f25_class_root/si670f25_class/santoshd/fvc/lib/training/_linear.py", line 80, in fit
    raise ValueError(
ValueError: Stage 2 features path is required. Please provide features_stage2_path when creating the model.
2025-12-10 02:33:50 [INFO] [lib.training.pipeline:542] 
Training logistic_regression - Fold 3/5
2025-12-10 02:33:50 [INFO] [lib.training.pipeline:994] Training baseline model logistic_regression on fold 3...
2025-12-10 02:33:50 [ERROR] [lib.training.pipeline:1077] Error training baseline fold 3: Stage 2 features path is required. Please provide features_stage2_path when creating the model.
Traceback (most recent call last):
  File "/gpfs/accounts/si670f25_class_root/si670f25_class/santoshd/fvc/lib/training/pipeline.py", line 1018, in stage5_train_models
    model.fit(train_df, project_root=project_root_str_orig)
  File "/gpfs/accounts/si670f25_class_root/si670f25_class/santoshd/fvc/lib/training/_linear.py", line 80, in fit
    raise ValueError(
ValueError: Stage 2 features path is required. Please provide features_stage2_path when creating the model.
2025-12-10 02:33:50 [INFO] [lib.training.pipeline:542] 
Training logistic_regression - Fold 4/5
2025-12-10 02:33:50 [INFO] [lib.training.pipeline:994] Training baseline model logistic_regression on fold 4...
2025-12-10 02:33:50 [ERROR] [lib.training.pipeline:1077] Error training baseline fold 4: Stage 2 features path is required. Please provide features_stage2_path when creating the model.
Traceback (most recent call last):
  File "/gpfs/accounts/si670f25_class_root/si670f25_class/santoshd/fvc/lib/training/pipeline.py", line 1018, in stage5_train_models
    model.fit(train_df, project_root=project_root_str_orig)
  File "/gpfs/accounts/si670f25_class_root/si670f25_class/santoshd/fvc/lib/training/_linear.py", line 80, in fit
    raise ValueError(
ValueError: Stage 2 features path is required. Please provide features_stage2_path when creating the model.
2025-12-10 02:33:50 [INFO] [lib.training.pipeline:542] 
Training logistic_regression - Fold 5/5
2025-12-10 02:33:50 [INFO] [lib.training.pipeline:994] Training baseline model logistic_regression on fold 5...
2025-12-10 02:33:50 [ERROR] [lib.training.pipeline:1077] Error training baseline fold 5: Stage 2 features path is required. Please provide features_stage2_path when creating the model.
Traceback (most recent call last):
  File "/gpfs/accounts/si670f25_class_root/si670f25_class/santoshd/fvc/lib/training/pipeline.py", line 1018, in stage5_train_models
    model.fit(train_df, project_root=project_root_str_orig)
  File "/gpfs/accounts/si670f25_class_root/si670f25_class/santoshd/fvc/lib/training/_linear.py", line 80, in fit
    raise ValueError(
ValueError: Stage 2 features path is required. Please provide features_stage2_path when creating the model.
2025-12-10 02:33:51 [INFO] [lib.training.pipeline:1106] Parameter combination 16 - Mean F1: 0.0000, Mean Acc: nan
2025-12-10 02:33:51 [INFO] [lib.training.pipeline:528] 
================================================================================
2025-12-10 02:33:51 [INFO] [lib.training.pipeline:529] Grid Search: Hyperparameter combination 17/40
2025-12-10 02:33:51 [INFO] [lib.training.pipeline:530] Parameters: {'C': 1.0, 'penalty': 'l1', 'solver': 'liblinear', 'max_iter': 1000}
2025-12-10 02:33:51 [INFO] [lib.training.pipeline:531] ================================================================================
2025-12-10 02:33:51 [INFO] [lib.training.pipeline:542] 
Training logistic_regression - Fold 1/5
2025-12-10 02:33:51 [INFO] [lib.training.pipeline:994] Training baseline model logistic_regression on fold 1...
2025-12-10 02:33:51 [ERROR] [lib.training.pipeline:1077] Error training baseline fold 1: Stage 2 features path is required. Please provide features_stage2_path when creating the model.
Traceback (most recent call last):
  File "/gpfs/accounts/si670f25_class_root/si670f25_class/santoshd/fvc/lib/training/pipeline.py", line 1018, in stage5_train_models
    model.fit(train_df, project_root=project_root_str_orig)
  File "/gpfs/accounts/si670f25_class_root/si670f25_class/santoshd/fvc/lib/training/_linear.py", line 80, in fit
    raise ValueError(
ValueError: Stage 2 features path is required. Please provide features_stage2_path when creating the model.
2025-12-10 02:33:51 [INFO] [lib.training.pipeline:542] 
Training logistic_regression - Fold 2/5
2025-12-10 02:33:51 [INFO] [lib.training.pipeline:994] Training baseline model logistic_regression on fold 2...
2025-12-10 02:33:51 [ERROR] [lib.training.pipeline:1077] Error training baseline fold 2: Stage 2 features path is required. Please provide features_stage2_path when creating the model.
Traceback (most recent call last):
  File "/gpfs/accounts/si670f25_class_root/si670f25_class/santoshd/fvc/lib/training/pipeline.py", line 1018, in stage5_train_models
    model.fit(train_df, project_root=project_root_str_orig)
  File "/gpfs/accounts/si670f25_class_root/si670f25_class/santoshd/fvc/lib/training/_linear.py", line 80, in fit
    raise ValueError(
ValueError: Stage 2 features path is required. Please provide features_stage2_path when creating the model.
2025-12-10 02:33:51 [INFO] [lib.training.pipeline:542] 
Training logistic_regression - Fold 3/5
2025-12-10 02:33:51 [INFO] [lib.training.pipeline:994] Training baseline model logistic_regression on fold 3...
2025-12-10 02:33:51 [ERROR] [lib.training.pipeline:1077] Error training baseline fold 3: Stage 2 features path is required. Please provide features_stage2_path when creating the model.
Traceback (most recent call last):
  File "/gpfs/accounts/si670f25_class_root/si670f25_class/santoshd/fvc/lib/training/pipeline.py", line 1018, in stage5_train_models
    model.fit(train_df, project_root=project_root_str_orig)
  File "/gpfs/accounts/si670f25_class_root/si670f25_class/santoshd/fvc/lib/training/_linear.py", line 80, in fit
    raise ValueError(
ValueError: Stage 2 features path is required. Please provide features_stage2_path when creating the model.
2025-12-10 02:33:51 [INFO] [lib.training.pipeline:542] 
Training logistic_regression - Fold 4/5
2025-12-10 02:33:51 [INFO] [lib.training.pipeline:994] Training baseline model logistic_regression on fold 4...
2025-12-10 02:33:51 [ERROR] [lib.training.pipeline:1077] Error training baseline fold 4: Stage 2 features path is required. Please provide features_stage2_path when creating the model.
Traceback (most recent call last):
  File "/gpfs/accounts/si670f25_class_root/si670f25_class/santoshd/fvc/lib/training/pipeline.py", line 1018, in stage5_train_models
    model.fit(train_df, project_root=project_root_str_orig)
  File "/gpfs/accounts/si670f25_class_root/si670f25_class/santoshd/fvc/lib/training/_linear.py", line 80, in fit
    raise ValueError(
ValueError: Stage 2 features path is required. Please provide features_stage2_path when creating the model.
2025-12-10 02:33:51 [INFO] [lib.training.pipeline:542] 
Training logistic_regression - Fold 5/5
2025-12-10 02:33:51 [INFO] [lib.training.pipeline:994] Training baseline model logistic_regression on fold 5...
2025-12-10 02:33:51 [ERROR] [lib.training.pipeline:1077] Error training baseline fold 5: Stage 2 features path is required. Please provide features_stage2_path when creating the model.
Traceback (most recent call last):
  File "/gpfs/accounts/si670f25_class_root/si670f25_class/santoshd/fvc/lib/training/pipeline.py", line 1018, in stage5_train_models
    model.fit(train_df, project_root=project_root_str_orig)
  File "/gpfs/accounts/si670f25_class_root/si670f25_class/santoshd/fvc/lib/training/_linear.py", line 80, in fit
    raise ValueError(
ValueError: Stage 2 features path is required. Please provide features_stage2_path when creating the model.
2025-12-10 02:33:51 [INFO] [lib.training.pipeline:1106] Parameter combination 17 - Mean F1: 0.0000, Mean Acc: nan
2025-12-10 02:33:51 [INFO] [lib.training.pipeline:528] 
================================================================================
2025-12-10 02:33:51 [INFO] [lib.training.pipeline:529] Grid Search: Hyperparameter combination 18/40
2025-12-10 02:33:51 [INFO] [lib.training.pipeline:530] Parameters: {'C': 1.0, 'penalty': 'l1', 'solver': 'liblinear', 'max_iter': 2000}
2025-12-10 02:33:51 [INFO] [lib.training.pipeline:531] ================================================================================
2025-12-10 02:33:51 [INFO] [lib.training.pipeline:542] 
Training logistic_regression - Fold 1/5
2025-12-10 02:33:51 [INFO] [lib.training.pipeline:994] Training baseline model logistic_regression on fold 1...
2025-12-10 02:33:51 [ERROR] [lib.training.pipeline:1077] Error training baseline fold 1: Stage 2 features path is required. Please provide features_stage2_path when creating the model.
Traceback (most recent call last):
  File "/gpfs/accounts/si670f25_class_root/si670f25_class/santoshd/fvc/lib/training/pipeline.py", line 1018, in stage5_train_models
    model.fit(train_df, project_root=project_root_str_orig)
  File "/gpfs/accounts/si670f25_class_root/si670f25_class/santoshd/fvc/lib/training/_linear.py", line 80, in fit
    raise ValueError(
ValueError: Stage 2 features path is required. Please provide features_stage2_path when creating the model.
2025-12-10 02:33:52 [INFO] [lib.training.pipeline:542] 
Training logistic_regression - Fold 2/5
2025-12-10 02:33:52 [INFO] [lib.training.pipeline:994] Training baseline model logistic_regression on fold 2...
2025-12-10 02:33:52 [ERROR] [lib.training.pipeline:1077] Error training baseline fold 2: Stage 2 features path is required. Please provide features_stage2_path when creating the model.
Traceback (most recent call last):
  File "/gpfs/accounts/si670f25_class_root/si670f25_class/santoshd/fvc/lib/training/pipeline.py", line 1018, in stage5_train_models
    model.fit(train_df, project_root=project_root_str_orig)
  File "/gpfs/accounts/si670f25_class_root/si670f25_class/santoshd/fvc/lib/training/_linear.py", line 80, in fit
    raise ValueError(
ValueError: Stage 2 features path is required. Please provide features_stage2_path when creating the model.
2025-12-10 02:33:52 [INFO] [lib.training.pipeline:542] 
Training logistic_regression - Fold 3/5
2025-12-10 02:33:52 [INFO] [lib.training.pipeline:994] Training baseline model logistic_regression on fold 3...
2025-12-10 02:33:52 [ERROR] [lib.training.pipeline:1077] Error training baseline fold 3: Stage 2 features path is required. Please provide features_stage2_path when creating the model.
Traceback (most recent call last):
  File "/gpfs/accounts/si670f25_class_root/si670f25_class/santoshd/fvc/lib/training/pipeline.py", line 1018, in stage5_train_models
    model.fit(train_df, project_root=project_root_str_orig)
  File "/gpfs/accounts/si670f25_class_root/si670f25_class/santoshd/fvc/lib/training/_linear.py", line 80, in fit
    raise ValueError(
ValueError: Stage 2 features path is required. Please provide features_stage2_path when creating the model.
2025-12-10 02:33:52 [INFO] [lib.training.pipeline:542] 
Training logistic_regression - Fold 4/5
2025-12-10 02:33:52 [INFO] [lib.training.pipeline:994] Training baseline model logistic_regression on fold 4...
2025-12-10 02:33:52 [ERROR] [lib.training.pipeline:1077] Error training baseline fold 4: Stage 2 features path is required. Please provide features_stage2_path when creating the model.
Traceback (most recent call last):
  File "/gpfs/accounts/si670f25_class_root/si670f25_class/santoshd/fvc/lib/training/pipeline.py", line 1018, in stage5_train_models
    model.fit(train_df, project_root=project_root_str_orig)
  File "/gpfs/accounts/si670f25_class_root/si670f25_class/santoshd/fvc/lib/training/_linear.py", line 80, in fit
    raise ValueError(
ValueError: Stage 2 features path is required. Please provide features_stage2_path when creating the model.
2025-12-10 02:33:52 [INFO] [lib.training.pipeline:542] 
Training logistic_regression - Fold 5/5
2025-12-10 02:33:52 [INFO] [lib.training.pipeline:994] Training baseline model logistic_regression on fold 5...
2025-12-10 02:33:52 [ERROR] [lib.training.pipeline:1077] Error training baseline fold 5: Stage 2 features path is required. Please provide features_stage2_path when creating the model.
Traceback (most recent call last):
  File "/gpfs/accounts/si670f25_class_root/si670f25_class/santoshd/fvc/lib/training/pipeline.py", line 1018, in stage5_train_models
    model.fit(train_df, project_root=project_root_str_orig)
  File "/gpfs/accounts/si670f25_class_root/si670f25_class/santoshd/fvc/lib/training/_linear.py", line 80, in fit
    raise ValueError(
ValueError: Stage 2 features path is required. Please provide features_stage2_path when creating the model.
2025-12-10 02:33:52 [INFO] [lib.training.pipeline:1106] Parameter combination 18 - Mean F1: 0.0000, Mean Acc: nan
2025-12-10 02:33:52 [INFO] [lib.training.pipeline:528] 
================================================================================
2025-12-10 02:33:52 [INFO] [lib.training.pipeline:529] Grid Search: Hyperparameter combination 19/40
2025-12-10 02:33:52 [INFO] [lib.training.pipeline:530] Parameters: {'C': 1.0, 'penalty': 'l1', 'solver': 'saga', 'max_iter': 1000}
2025-12-10 02:33:52 [INFO] [lib.training.pipeline:531] ================================================================================
2025-12-10 02:33:52 [INFO] [lib.training.pipeline:542] 
Training logistic_regression - Fold 1/5
2025-12-10 02:33:52 [INFO] [lib.training.pipeline:994] Training baseline model logistic_regression on fold 1...
2025-12-10 02:33:52 [ERROR] [lib.training.pipeline:1077] Error training baseline fold 1: Stage 2 features path is required. Please provide features_stage2_path when creating the model.
Traceback (most recent call last):
  File "/gpfs/accounts/si670f25_class_root/si670f25_class/santoshd/fvc/lib/training/pipeline.py", line 1018, in stage5_train_models
    model.fit(train_df, project_root=project_root_str_orig)
  File "/gpfs/accounts/si670f25_class_root/si670f25_class/santoshd/fvc/lib/training/_linear.py", line 80, in fit
    raise ValueError(
ValueError: Stage 2 features path is required. Please provide features_stage2_path when creating the model.
2025-12-10 02:33:52 [INFO] [lib.training.pipeline:542] 
Training logistic_regression - Fold 2/5
2025-12-10 02:33:52 [INFO] [lib.training.pipeline:994] Training baseline model logistic_regression on fold 2...
2025-12-10 02:33:52 [ERROR] [lib.training.pipeline:1077] Error training baseline fold 2: Stage 2 features path is required. Please provide features_stage2_path when creating the model.
Traceback (most recent call last):
  File "/gpfs/accounts/si670f25_class_root/si670f25_class/santoshd/fvc/lib/training/pipeline.py", line 1018, in stage5_train_models
    model.fit(train_df, project_root=project_root_str_orig)
  File "/gpfs/accounts/si670f25_class_root/si670f25_class/santoshd/fvc/lib/training/_linear.py", line 80, in fit
    raise ValueError(
ValueError: Stage 2 features path is required. Please provide features_stage2_path when creating the model.
2025-12-10 02:33:53 [INFO] [lib.training.pipeline:542] 
Training logistic_regression - Fold 3/5
2025-12-10 02:33:53 [INFO] [lib.training.pipeline:994] Training baseline model logistic_regression on fold 3...
2025-12-10 02:33:53 [ERROR] [lib.training.pipeline:1077] Error training baseline fold 3: Stage 2 features path is required. Please provide features_stage2_path when creating the model.
Traceback (most recent call last):
  File "/gpfs/accounts/si670f25_class_root/si670f25_class/santoshd/fvc/lib/training/pipeline.py", line 1018, in stage5_train_models
    model.fit(train_df, project_root=project_root_str_orig)
  File "/gpfs/accounts/si670f25_class_root/si670f25_class/santoshd/fvc/lib/training/_linear.py", line 80, in fit
    raise ValueError(
ValueError: Stage 2 features path is required. Please provide features_stage2_path when creating the model.
2025-12-10 02:33:53 [INFO] [lib.training.pipeline:542] 
Training logistic_regression - Fold 4/5
2025-12-10 02:33:53 [INFO] [lib.training.pipeline:994] Training baseline model logistic_regression on fold 4...
2025-12-10 02:33:53 [ERROR] [lib.training.pipeline:1077] Error training baseline fold 4: Stage 2 features path is required. Please provide features_stage2_path when creating the model.
Traceback (most recent call last):
  File "/gpfs/accounts/si670f25_class_root/si670f25_class/santoshd/fvc/lib/training/pipeline.py", line 1018, in stage5_train_models
    model.fit(train_df, project_root=project_root_str_orig)
  File "/gpfs/accounts/si670f25_class_root/si670f25_class/santoshd/fvc/lib/training/_linear.py", line 80, in fit
    raise ValueError(
ValueError: Stage 2 features path is required. Please provide features_stage2_path when creating the model.
2025-12-10 02:33:53 [INFO] [lib.training.pipeline:542] 
Training logistic_regression - Fold 5/5
2025-12-10 02:33:53 [INFO] [lib.training.pipeline:994] Training baseline model logistic_regression on fold 5...
2025-12-10 02:33:53 [ERROR] [lib.training.pipeline:1077] Error training baseline fold 5: Stage 2 features path is required. Please provide features_stage2_path when creating the model.
Traceback (most recent call last):
  File "/gpfs/accounts/si670f25_class_root/si670f25_class/santoshd/fvc/lib/training/pipeline.py", line 1018, in stage5_train_models
    model.fit(train_df, project_root=project_root_str_orig)
  File "/gpfs/accounts/si670f25_class_root/si670f25_class/santoshd/fvc/lib/training/_linear.py", line 80, in fit
    raise ValueError(
ValueError: Stage 2 features path is required. Please provide features_stage2_path when creating the model.
2025-12-10 02:33:53 [INFO] [lib.training.pipeline:1106] Parameter combination 19 - Mean F1: 0.0000, Mean Acc: nan
2025-12-10 02:33:53 [INFO] [lib.training.pipeline:528] 
================================================================================
2025-12-10 02:33:53 [INFO] [lib.training.pipeline:529] Grid Search: Hyperparameter combination 20/40
2025-12-10 02:33:53 [INFO] [lib.training.pipeline:530] Parameters: {'C': 1.0, 'penalty': 'l1', 'solver': 'saga', 'max_iter': 2000}
2025-12-10 02:33:53 [INFO] [lib.training.pipeline:531] ================================================================================
2025-12-10 02:33:53 [INFO] [lib.training.pipeline:542] 
Training logistic_regression - Fold 1/5
2025-12-10 02:33:53 [INFO] [lib.training.pipeline:994] Training baseline model logistic_regression on fold 1...
2025-12-10 02:33:53 [ERROR] [lib.training.pipeline:1077] Error training baseline fold 1: Stage 2 features path is required. Please provide features_stage2_path when creating the model.
Traceback (most recent call last):
  File "/gpfs/accounts/si670f25_class_root/si670f25_class/santoshd/fvc/lib/training/pipeline.py", line 1018, in stage5_train_models
    model.fit(train_df, project_root=project_root_str_orig)
  File "/gpfs/accounts/si670f25_class_root/si670f25_class/santoshd/fvc/lib/training/_linear.py", line 80, in fit
    raise ValueError(
ValueError: Stage 2 features path is required. Please provide features_stage2_path when creating the model.
2025-12-10 02:33:53 [INFO] [lib.training.pipeline:542] 
Training logistic_regression - Fold 2/5
2025-12-10 02:33:53 [INFO] [lib.training.pipeline:994] Training baseline model logistic_regression on fold 2...
2025-12-10 02:33:53 [ERROR] [lib.training.pipeline:1077] Error training baseline fold 2: Stage 2 features path is required. Please provide features_stage2_path when creating the model.
Traceback (most recent call last):
  File "/gpfs/accounts/si670f25_class_root/si670f25_class/santoshd/fvc/lib/training/pipeline.py", line 1018, in stage5_train_models
    model.fit(train_df, project_root=project_root_str_orig)
  File "/gpfs/accounts/si670f25_class_root/si670f25_class/santoshd/fvc/lib/training/_linear.py", line 80, in fit
    raise ValueError(
ValueError: Stage 2 features path is required. Please provide features_stage2_path when creating the model.
2025-12-10 02:33:53 [INFO] [lib.training.pipeline:542] 
Training logistic_regression - Fold 3/5
2025-12-10 02:33:53 [INFO] [lib.training.pipeline:994] Training baseline model logistic_regression on fold 3...
2025-12-10 02:33:53 [ERROR] [lib.training.pipeline:1077] Error training baseline fold 3: Stage 2 features path is required. Please provide features_stage2_path when creating the model.
Traceback (most recent call last):
  File "/gpfs/accounts/si670f25_class_root/si670f25_class/santoshd/fvc/lib/training/pipeline.py", line 1018, in stage5_train_models
    model.fit(train_df, project_root=project_root_str_orig)
  File "/gpfs/accounts/si670f25_class_root/si670f25_class/santoshd/fvc/lib/training/_linear.py", line 80, in fit
    raise ValueError(
ValueError: Stage 2 features path is required. Please provide features_stage2_path when creating the model.
2025-12-10 02:33:54 [INFO] [lib.training.pipeline:542] 
Training logistic_regression - Fold 4/5
2025-12-10 02:33:54 [INFO] [lib.training.pipeline:994] Training baseline model logistic_regression on fold 4...
2025-12-10 02:33:54 [ERROR] [lib.training.pipeline:1077] Error training baseline fold 4: Stage 2 features path is required. Please provide features_stage2_path when creating the model.
Traceback (most recent call last):
  File "/gpfs/accounts/si670f25_class_root/si670f25_class/santoshd/fvc/lib/training/pipeline.py", line 1018, in stage5_train_models
    model.fit(train_df, project_root=project_root_str_orig)
  File "/gpfs/accounts/si670f25_class_root/si670f25_class/santoshd/fvc/lib/training/_linear.py", line 80, in fit
    raise ValueError(
ValueError: Stage 2 features path is required. Please provide features_stage2_path when creating the model.
2025-12-10 02:33:54 [INFO] [lib.training.pipeline:542] 
Training logistic_regression - Fold 5/5
2025-12-10 02:33:54 [INFO] [lib.training.pipeline:994] Training baseline model logistic_regression on fold 5...
2025-12-10 02:33:54 [ERROR] [lib.training.pipeline:1077] Error training baseline fold 5: Stage 2 features path is required. Please provide features_stage2_path when creating the model.
Traceback (most recent call last):
  File "/gpfs/accounts/si670f25_class_root/si670f25_class/santoshd/fvc/lib/training/pipeline.py", line 1018, in stage5_train_models
    model.fit(train_df, project_root=project_root_str_orig)
  File "/gpfs/accounts/si670f25_class_root/si670f25_class/santoshd/fvc/lib/training/_linear.py", line 80, in fit
    raise ValueError(
ValueError: Stage 2 features path is required. Please provide features_stage2_path when creating the model.
2025-12-10 02:33:54 [INFO] [lib.training.pipeline:1106] Parameter combination 20 - Mean F1: 0.0000, Mean Acc: nan
2025-12-10 02:33:54 [INFO] [lib.training.pipeline:528] 
================================================================================
2025-12-10 02:33:54 [INFO] [lib.training.pipeline:529] Grid Search: Hyperparameter combination 21/40
2025-12-10 02:33:54 [INFO] [lib.training.pipeline:530] Parameters: {'C': 1.0, 'penalty': 'l2', 'solver': 'liblinear', 'max_iter': 1000}
2025-12-10 02:33:54 [INFO] [lib.training.pipeline:531] ================================================================================
2025-12-10 02:33:54 [INFO] [lib.training.pipeline:542] 
Training logistic_regression - Fold 1/5
2025-12-10 02:33:54 [INFO] [lib.training.pipeline:994] Training baseline model logistic_regression on fold 1...
2025-12-10 02:33:54 [ERROR] [lib.training.pipeline:1077] Error training baseline fold 1: Stage 2 features path is required. Please provide features_stage2_path when creating the model.
Traceback (most recent call last):
  File "/gpfs/accounts/si670f25_class_root/si670f25_class/santoshd/fvc/lib/training/pipeline.py", line 1018, in stage5_train_models
    model.fit(train_df, project_root=project_root_str_orig)
  File "/gpfs/accounts/si670f25_class_root/si670f25_class/santoshd/fvc/lib/training/_linear.py", line 80, in fit
    raise ValueError(
ValueError: Stage 2 features path is required. Please provide features_stage2_path when creating the model.
2025-12-10 02:33:54 [INFO] [lib.training.pipeline:542] 
Training logistic_regression - Fold 2/5
2025-12-10 02:33:54 [INFO] [lib.training.pipeline:994] Training baseline model logistic_regression on fold 2...
2025-12-10 02:33:54 [ERROR] [lib.training.pipeline:1077] Error training baseline fold 2: Stage 2 features path is required. Please provide features_stage2_path when creating the model.
Traceback (most recent call last):
  File "/gpfs/accounts/si670f25_class_root/si670f25_class/santoshd/fvc/lib/training/pipeline.py", line 1018, in stage5_train_models
    model.fit(train_df, project_root=project_root_str_orig)
  File "/gpfs/accounts/si670f25_class_root/si670f25_class/santoshd/fvc/lib/training/_linear.py", line 80, in fit
    raise ValueError(
ValueError: Stage 2 features path is required. Please provide features_stage2_path when creating the model.
2025-12-10 02:33:54 [INFO] [lib.training.pipeline:542] 
Training logistic_regression - Fold 3/5
2025-12-10 02:33:54 [INFO] [lib.training.pipeline:994] Training baseline model logistic_regression on fold 3...
2025-12-10 02:33:54 [ERROR] [lib.training.pipeline:1077] Error training baseline fold 3: Stage 2 features path is required. Please provide features_stage2_path when creating the model.
Traceback (most recent call last):
  File "/gpfs/accounts/si670f25_class_root/si670f25_class/santoshd/fvc/lib/training/pipeline.py", line 1018, in stage5_train_models
    model.fit(train_df, project_root=project_root_str_orig)
  File "/gpfs/accounts/si670f25_class_root/si670f25_class/santoshd/fvc/lib/training/_linear.py", line 80, in fit
    raise ValueError(
ValueError: Stage 2 features path is required. Please provide features_stage2_path when creating the model.
2025-12-10 02:33:54 [INFO] [lib.training.pipeline:542] 
Training logistic_regression - Fold 4/5
2025-12-10 02:33:54 [INFO] [lib.training.pipeline:994] Training baseline model logistic_regression on fold 4...
2025-12-10 02:33:54 [ERROR] [lib.training.pipeline:1077] Error training baseline fold 4: Stage 2 features path is required. Please provide features_stage2_path when creating the model.
Traceback (most recent call last):
  File "/gpfs/accounts/si670f25_class_root/si670f25_class/santoshd/fvc/lib/training/pipeline.py", line 1018, in stage5_train_models
    model.fit(train_df, project_root=project_root_str_orig)
  File "/gpfs/accounts/si670f25_class_root/si670f25_class/santoshd/fvc/lib/training/_linear.py", line 80, in fit
    raise ValueError(
ValueError: Stage 2 features path is required. Please provide features_stage2_path when creating the model.
2025-12-10 02:33:55 [INFO] [lib.training.pipeline:542] 
Training logistic_regression - Fold 5/5
2025-12-10 02:33:55 [INFO] [lib.training.pipeline:994] Training baseline model logistic_regression on fold 5...
2025-12-10 02:33:55 [ERROR] [lib.training.pipeline:1077] Error training baseline fold 5: Stage 2 features path is required. Please provide features_stage2_path when creating the model.
Traceback (most recent call last):
  File "/gpfs/accounts/si670f25_class_root/si670f25_class/santoshd/fvc/lib/training/pipeline.py", line 1018, in stage5_train_models
    model.fit(train_df, project_root=project_root_str_orig)
  File "/gpfs/accounts/si670f25_class_root/si670f25_class/santoshd/fvc/lib/training/_linear.py", line 80, in fit
    raise ValueError(
ValueError: Stage 2 features path is required. Please provide features_stage2_path when creating the model.
2025-12-10 02:33:55 [INFO] [lib.training.pipeline:1106] Parameter combination 21 - Mean F1: 0.0000, Mean Acc: nan
2025-12-10 02:33:55 [INFO] [lib.training.pipeline:528] 
================================================================================
2025-12-10 02:33:55 [INFO] [lib.training.pipeline:529] Grid Search: Hyperparameter combination 22/40
2025-12-10 02:33:55 [INFO] [lib.training.pipeline:530] Parameters: {'C': 1.0, 'penalty': 'l2', 'solver': 'liblinear', 'max_iter': 2000}
2025-12-10 02:33:55 [INFO] [lib.training.pipeline:531] ================================================================================
2025-12-10 02:33:55 [INFO] [lib.training.pipeline:542] 
Training logistic_regression - Fold 1/5
2025-12-10 02:33:55 [INFO] [lib.training.pipeline:994] Training baseline model logistic_regression on fold 1...
2025-12-10 02:33:55 [ERROR] [lib.training.pipeline:1077] Error training baseline fold 1: Stage 2 features path is required. Please provide features_stage2_path when creating the model.
Traceback (most recent call last):
  File "/gpfs/accounts/si670f25_class_root/si670f25_class/santoshd/fvc/lib/training/pipeline.py", line 1018, in stage5_train_models
    model.fit(train_df, project_root=project_root_str_orig)
  File "/gpfs/accounts/si670f25_class_root/si670f25_class/santoshd/fvc/lib/training/_linear.py", line 80, in fit
    raise ValueError(
ValueError: Stage 2 features path is required. Please provide features_stage2_path when creating the model.
2025-12-10 02:33:55 [INFO] [lib.training.pipeline:542] 
Training logistic_regression - Fold 2/5
2025-12-10 02:33:55 [INFO] [lib.training.pipeline:994] Training baseline model logistic_regression on fold 2...
2025-12-10 02:33:55 [ERROR] [lib.training.pipeline:1077] Error training baseline fold 2: Stage 2 features path is required. Please provide features_stage2_path when creating the model.
Traceback (most recent call last):
  File "/gpfs/accounts/si670f25_class_root/si670f25_class/santoshd/fvc/lib/training/pipeline.py", line 1018, in stage5_train_models
    model.fit(train_df, project_root=project_root_str_orig)
  File "/gpfs/accounts/si670f25_class_root/si670f25_class/santoshd/fvc/lib/training/_linear.py", line 80, in fit
    raise ValueError(
ValueError: Stage 2 features path is required. Please provide features_stage2_path when creating the model.
2025-12-10 02:33:55 [INFO] [lib.training.pipeline:542] 
Training logistic_regression - Fold 3/5
2025-12-10 02:33:55 [INFO] [lib.training.pipeline:994] Training baseline model logistic_regression on fold 3...
2025-12-10 02:33:55 [ERROR] [lib.training.pipeline:1077] Error training baseline fold 3: Stage 2 features path is required. Please provide features_stage2_path when creating the model.
Traceback (most recent call last):
  File "/gpfs/accounts/si670f25_class_root/si670f25_class/santoshd/fvc/lib/training/pipeline.py", line 1018, in stage5_train_models
    model.fit(train_df, project_root=project_root_str_orig)
  File "/gpfs/accounts/si670f25_class_root/si670f25_class/santoshd/fvc/lib/training/_linear.py", line 80, in fit
    raise ValueError(
ValueError: Stage 2 features path is required. Please provide features_stage2_path when creating the model.
2025-12-10 02:33:55 [INFO] [lib.training.pipeline:542] 
Training logistic_regression - Fold 4/5
2025-12-10 02:33:55 [INFO] [lib.training.pipeline:994] Training baseline model logistic_regression on fold 4...
2025-12-10 02:33:55 [ERROR] [lib.training.pipeline:1077] Error training baseline fold 4: Stage 2 features path is required. Please provide features_stage2_path when creating the model.
Traceback (most recent call last):
  File "/gpfs/accounts/si670f25_class_root/si670f25_class/santoshd/fvc/lib/training/pipeline.py", line 1018, in stage5_train_models
    model.fit(train_df, project_root=project_root_str_orig)
  File "/gpfs/accounts/si670f25_class_root/si670f25_class/santoshd/fvc/lib/training/_linear.py", line 80, in fit
    raise ValueError(
ValueError: Stage 2 features path is required. Please provide features_stage2_path when creating the model.
2025-12-10 02:33:55 [INFO] [lib.training.pipeline:542] 
Training logistic_regression - Fold 5/5
2025-12-10 02:33:55 [INFO] [lib.training.pipeline:994] Training baseline model logistic_regression on fold 5...
2025-12-10 02:33:55 [ERROR] [lib.training.pipeline:1077] Error training baseline fold 5: Stage 2 features path is required. Please provide features_stage2_path when creating the model.
Traceback (most recent call last):
  File "/gpfs/accounts/si670f25_class_root/si670f25_class/santoshd/fvc/lib/training/pipeline.py", line 1018, in stage5_train_models
    model.fit(train_df, project_root=project_root_str_orig)
  File "/gpfs/accounts/si670f25_class_root/si670f25_class/santoshd/fvc/lib/training/_linear.py", line 80, in fit
    raise ValueError(
ValueError: Stage 2 features path is required. Please provide features_stage2_path when creating the model.
2025-12-10 02:33:56 [INFO] [lib.training.pipeline:1106] Parameter combination 22 - Mean F1: 0.0000, Mean Acc: nan
2025-12-10 02:33:56 [INFO] [lib.training.pipeline:528] 
================================================================================
2025-12-10 02:33:56 [INFO] [lib.training.pipeline:529] Grid Search: Hyperparameter combination 23/40
2025-12-10 02:33:56 [INFO] [lib.training.pipeline:530] Parameters: {'C': 1.0, 'penalty': 'l2', 'solver': 'saga', 'max_iter': 1000}
2025-12-10 02:33:56 [INFO] [lib.training.pipeline:531] ================================================================================
2025-12-10 02:33:56 [INFO] [lib.training.pipeline:542] 
Training logistic_regression - Fold 1/5
2025-12-10 02:33:56 [INFO] [lib.training.pipeline:994] Training baseline model logistic_regression on fold 1...
2025-12-10 02:33:56 [ERROR] [lib.training.pipeline:1077] Error training baseline fold 1: Stage 2 features path is required. Please provide features_stage2_path when creating the model.
Traceback (most recent call last):
  File "/gpfs/accounts/si670f25_class_root/si670f25_class/santoshd/fvc/lib/training/pipeline.py", line 1018, in stage5_train_models
    model.fit(train_df, project_root=project_root_str_orig)
  File "/gpfs/accounts/si670f25_class_root/si670f25_class/santoshd/fvc/lib/training/_linear.py", line 80, in fit
    raise ValueError(
ValueError: Stage 2 features path is required. Please provide features_stage2_path when creating the model.
2025-12-10 02:33:56 [INFO] [lib.training.pipeline:542] 
Training logistic_regression - Fold 2/5
2025-12-10 02:33:56 [INFO] [lib.training.pipeline:994] Training baseline model logistic_regression on fold 2...
2025-12-10 02:33:56 [ERROR] [lib.training.pipeline:1077] Error training baseline fold 2: Stage 2 features path is required. Please provide features_stage2_path when creating the model.
Traceback (most recent call last):
  File "/gpfs/accounts/si670f25_class_root/si670f25_class/santoshd/fvc/lib/training/pipeline.py", line 1018, in stage5_train_models
    model.fit(train_df, project_root=project_root_str_orig)
  File "/gpfs/accounts/si670f25_class_root/si670f25_class/santoshd/fvc/lib/training/_linear.py", line 80, in fit
    raise ValueError(
ValueError: Stage 2 features path is required. Please provide features_stage2_path when creating the model.
2025-12-10 02:33:56 [INFO] [lib.training.pipeline:542] 
Training logistic_regression - Fold 3/5
2025-12-10 02:33:56 [INFO] [lib.training.pipeline:994] Training baseline model logistic_regression on fold 3...
2025-12-10 02:33:56 [ERROR] [lib.training.pipeline:1077] Error training baseline fold 3: Stage 2 features path is required. Please provide features_stage2_path when creating the model.
Traceback (most recent call last):
  File "/gpfs/accounts/si670f25_class_root/si670f25_class/santoshd/fvc/lib/training/pipeline.py", line 1018, in stage5_train_models
    model.fit(train_df, project_root=project_root_str_orig)
  File "/gpfs/accounts/si670f25_class_root/si670f25_class/santoshd/fvc/lib/training/_linear.py", line 80, in fit
    raise ValueError(
ValueError: Stage 2 features path is required. Please provide features_stage2_path when creating the model.
2025-12-10 02:33:56 [INFO] [lib.training.pipeline:542] 
Training logistic_regression - Fold 4/5
2025-12-10 02:33:56 [INFO] [lib.training.pipeline:994] Training baseline model logistic_regression on fold 4...
2025-12-10 02:33:56 [ERROR] [lib.training.pipeline:1077] Error training baseline fold 4: Stage 2 features path is required. Please provide features_stage2_path when creating the model.
Traceback (most recent call last):
  File "/gpfs/accounts/si670f25_class_root/si670f25_class/santoshd/fvc/lib/training/pipeline.py", line 1018, in stage5_train_models
    model.fit(train_df, project_root=project_root_str_orig)
  File "/gpfs/accounts/si670f25_class_root/si670f25_class/santoshd/fvc/lib/training/_linear.py", line 80, in fit
    raise ValueError(
ValueError: Stage 2 features path is required. Please provide features_stage2_path when creating the model.
2025-12-10 02:33:56 [INFO] [lib.training.pipeline:542] 
Training logistic_regression - Fold 5/5
2025-12-10 02:33:56 [INFO] [lib.training.pipeline:994] Training baseline model logistic_regression on fold 5...
2025-12-10 02:33:56 [ERROR] [lib.training.pipeline:1077] Error training baseline fold 5: Stage 2 features path is required. Please provide features_stage2_path when creating the model.
Traceback (most recent call last):
  File "/gpfs/accounts/si670f25_class_root/si670f25_class/santoshd/fvc/lib/training/pipeline.py", line 1018, in stage5_train_models
    model.fit(train_df, project_root=project_root_str_orig)
  File "/gpfs/accounts/si670f25_class_root/si670f25_class/santoshd/fvc/lib/training/_linear.py", line 80, in fit
    raise ValueError(
ValueError: Stage 2 features path is required. Please provide features_stage2_path when creating the model.
2025-12-10 02:33:56 [INFO] [lib.training.pipeline:1106] Parameter combination 23 - Mean F1: 0.0000, Mean Acc: nan
2025-12-10 02:33:56 [INFO] [lib.training.pipeline:528] 
================================================================================
2025-12-10 02:33:56 [INFO] [lib.training.pipeline:529] Grid Search: Hyperparameter combination 24/40
2025-12-10 02:33:56 [INFO] [lib.training.pipeline:530] Parameters: {'C': 1.0, 'penalty': 'l2', 'solver': 'saga', 'max_iter': 2000}
2025-12-10 02:33:56 [INFO] [lib.training.pipeline:531] ================================================================================
2025-12-10 02:33:56 [INFO] [lib.training.pipeline:542] 
Training logistic_regression - Fold 1/5
2025-12-10 02:33:56 [INFO] [lib.training.pipeline:994] Training baseline model logistic_regression on fold 1...
2025-12-10 02:33:56 [ERROR] [lib.training.pipeline:1077] Error training baseline fold 1: Stage 2 features path is required. Please provide features_stage2_path when creating the model.
Traceback (most recent call last):
  File "/gpfs/accounts/si670f25_class_root/si670f25_class/santoshd/fvc/lib/training/pipeline.py", line 1018, in stage5_train_models
    model.fit(train_df, project_root=project_root_str_orig)
  File "/gpfs/accounts/si670f25_class_root/si670f25_class/santoshd/fvc/lib/training/_linear.py", line 80, in fit
    raise ValueError(
ValueError: Stage 2 features path is required. Please provide features_stage2_path when creating the model.
2025-12-10 02:33:56 [INFO] [lib.training.pipeline:542] 
Training logistic_regression - Fold 2/5
2025-12-10 02:33:56 [INFO] [lib.training.pipeline:994] Training baseline model logistic_regression on fold 2...
2025-12-10 02:33:56 [ERROR] [lib.training.pipeline:1077] Error training baseline fold 2: Stage 2 features path is required. Please provide features_stage2_path when creating the model.
Traceback (most recent call last):
  File "/gpfs/accounts/si670f25_class_root/si670f25_class/santoshd/fvc/lib/training/pipeline.py", line 1018, in stage5_train_models
    model.fit(train_df, project_root=project_root_str_orig)
  File "/gpfs/accounts/si670f25_class_root/si670f25_class/santoshd/fvc/lib/training/_linear.py", line 80, in fit
    raise ValueError(
ValueError: Stage 2 features path is required. Please provide features_stage2_path when creating the model.
2025-12-10 02:33:57 [INFO] [lib.training.pipeline:542] 
Training logistic_regression - Fold 3/5
2025-12-10 02:33:57 [INFO] [lib.training.pipeline:994] Training baseline model logistic_regression on fold 3...
2025-12-10 02:33:57 [ERROR] [lib.training.pipeline:1077] Error training baseline fold 3: Stage 2 features path is required. Please provide features_stage2_path when creating the model.
Traceback (most recent call last):
  File "/gpfs/accounts/si670f25_class_root/si670f25_class/santoshd/fvc/lib/training/pipeline.py", line 1018, in stage5_train_models
    model.fit(train_df, project_root=project_root_str_orig)
  File "/gpfs/accounts/si670f25_class_root/si670f25_class/santoshd/fvc/lib/training/_linear.py", line 80, in fit
    raise ValueError(
ValueError: Stage 2 features path is required. Please provide features_stage2_path when creating the model.
2025-12-10 02:33:57 [INFO] [lib.training.pipeline:542] 
Training logistic_regression - Fold 4/5
2025-12-10 02:33:57 [INFO] [lib.training.pipeline:994] Training baseline model logistic_regression on fold 4...
2025-12-10 02:33:57 [ERROR] [lib.training.pipeline:1077] Error training baseline fold 4: Stage 2 features path is required. Please provide features_stage2_path when creating the model.
Traceback (most recent call last):
  File "/gpfs/accounts/si670f25_class_root/si670f25_class/santoshd/fvc/lib/training/pipeline.py", line 1018, in stage5_train_models
    model.fit(train_df, project_root=project_root_str_orig)
  File "/gpfs/accounts/si670f25_class_root/si670f25_class/santoshd/fvc/lib/training/_linear.py", line 80, in fit
    raise ValueError(
ValueError: Stage 2 features path is required. Please provide features_stage2_path when creating the model.
2025-12-10 02:33:57 [INFO] [lib.training.pipeline:542] 
Training logistic_regression - Fold 5/5
2025-12-10 02:33:57 [INFO] [lib.training.pipeline:994] Training baseline model logistic_regression on fold 5...
2025-12-10 02:33:57 [ERROR] [lib.training.pipeline:1077] Error training baseline fold 5: Stage 2 features path is required. Please provide features_stage2_path when creating the model.
Traceback (most recent call last):
  File "/gpfs/accounts/si670f25_class_root/si670f25_class/santoshd/fvc/lib/training/pipeline.py", line 1018, in stage5_train_models
    model.fit(train_df, project_root=project_root_str_orig)
  File "/gpfs/accounts/si670f25_class_root/si670f25_class/santoshd/fvc/lib/training/_linear.py", line 80, in fit
    raise ValueError(
ValueError: Stage 2 features path is required. Please provide features_stage2_path when creating the model.
2025-12-10 02:33:57 [INFO] [lib.training.pipeline:1106] Parameter combination 24 - Mean F1: 0.0000, Mean Acc: nan
2025-12-10 02:33:57 [INFO] [lib.training.pipeline:528] 
================================================================================
2025-12-10 02:33:57 [INFO] [lib.training.pipeline:529] Grid Search: Hyperparameter combination 25/40
2025-12-10 02:33:57 [INFO] [lib.training.pipeline:530] Parameters: {'C': 10.0, 'penalty': 'l1', 'solver': 'liblinear', 'max_iter': 1000}
2025-12-10 02:33:57 [INFO] [lib.training.pipeline:531] ================================================================================
2025-12-10 02:33:57 [INFO] [lib.training.pipeline:542] 
Training logistic_regression - Fold 1/5
2025-12-10 02:33:57 [INFO] [lib.training.pipeline:994] Training baseline model logistic_regression on fold 1...
2025-12-10 02:33:57 [ERROR] [lib.training.pipeline:1077] Error training baseline fold 1: Stage 2 features path is required. Please provide features_stage2_path when creating the model.
Traceback (most recent call last):
  File "/gpfs/accounts/si670f25_class_root/si670f25_class/santoshd/fvc/lib/training/pipeline.py", line 1018, in stage5_train_models
    model.fit(train_df, project_root=project_root_str_orig)
  File "/gpfs/accounts/si670f25_class_root/si670f25_class/santoshd/fvc/lib/training/_linear.py", line 80, in fit
    raise ValueError(
ValueError: Stage 2 features path is required. Please provide features_stage2_path when creating the model.
2025-12-10 02:33:57 [INFO] [lib.training.pipeline:542] 
Training logistic_regression - Fold 2/5
2025-12-10 02:33:57 [INFO] [lib.training.pipeline:994] Training baseline model logistic_regression on fold 2...
2025-12-10 02:33:57 [ERROR] [lib.training.pipeline:1077] Error training baseline fold 2: Stage 2 features path is required. Please provide features_stage2_path when creating the model.
Traceback (most recent call last):
  File "/gpfs/accounts/si670f25_class_root/si670f25_class/santoshd/fvc/lib/training/pipeline.py", line 1018, in stage5_train_models
    model.fit(train_df, project_root=project_root_str_orig)
  File "/gpfs/accounts/si670f25_class_root/si670f25_class/santoshd/fvc/lib/training/_linear.py", line 80, in fit
    raise ValueError(
ValueError: Stage 2 features path is required. Please provide features_stage2_path when creating the model.
2025-12-10 02:33:57 [INFO] [lib.training.pipeline:542] 
Training logistic_regression - Fold 3/5
2025-12-10 02:33:57 [INFO] [lib.training.pipeline:994] Training baseline model logistic_regression on fold 3...
2025-12-10 02:33:57 [ERROR] [lib.training.pipeline:1077] Error training baseline fold 3: Stage 2 features path is required. Please provide features_stage2_path when creating the model.
Traceback (most recent call last):
  File "/gpfs/accounts/si670f25_class_root/si670f25_class/santoshd/fvc/lib/training/pipeline.py", line 1018, in stage5_train_models
    model.fit(train_df, project_root=project_root_str_orig)
  File "/gpfs/accounts/si670f25_class_root/si670f25_class/santoshd/fvc/lib/training/_linear.py", line 80, in fit
    raise ValueError(
ValueError: Stage 2 features path is required. Please provide features_stage2_path when creating the model.
2025-12-10 02:33:58 [INFO] [lib.training.pipeline:542] 
Training logistic_regression - Fold 4/5
2025-12-10 02:33:58 [INFO] [lib.training.pipeline:994] Training baseline model logistic_regression on fold 4...
2025-12-10 02:33:58 [ERROR] [lib.training.pipeline:1077] Error training baseline fold 4: Stage 2 features path is required. Please provide features_stage2_path when creating the model.
Traceback (most recent call last):
  File "/gpfs/accounts/si670f25_class_root/si670f25_class/santoshd/fvc/lib/training/pipeline.py", line 1018, in stage5_train_models
    model.fit(train_df, project_root=project_root_str_orig)
  File "/gpfs/accounts/si670f25_class_root/si670f25_class/santoshd/fvc/lib/training/_linear.py", line 80, in fit
    raise ValueError(
ValueError: Stage 2 features path is required. Please provide features_stage2_path when creating the model.
2025-12-10 02:33:58 [INFO] [lib.training.pipeline:542] 
Training logistic_regression - Fold 5/5
2025-12-10 02:33:58 [INFO] [lib.training.pipeline:994] Training baseline model logistic_regression on fold 5...
2025-12-10 02:33:58 [ERROR] [lib.training.pipeline:1077] Error training baseline fold 5: Stage 2 features path is required. Please provide features_stage2_path when creating the model.
Traceback (most recent call last):
  File "/gpfs/accounts/si670f25_class_root/si670f25_class/santoshd/fvc/lib/training/pipeline.py", line 1018, in stage5_train_models
    model.fit(train_df, project_root=project_root_str_orig)
  File "/gpfs/accounts/si670f25_class_root/si670f25_class/santoshd/fvc/lib/training/_linear.py", line 80, in fit
    raise ValueError(
ValueError: Stage 2 features path is required. Please provide features_stage2_path when creating the model.
2025-12-10 02:33:58 [INFO] [lib.training.pipeline:1106] Parameter combination 25 - Mean F1: 0.0000, Mean Acc: nan
2025-12-10 02:33:58 [INFO] [lib.training.pipeline:528] 
================================================================================
2025-12-10 02:33:58 [INFO] [lib.training.pipeline:529] Grid Search: Hyperparameter combination 26/40
2025-12-10 02:33:58 [INFO] [lib.training.pipeline:530] Parameters: {'C': 10.0, 'penalty': 'l1', 'solver': 'liblinear', 'max_iter': 2000}
2025-12-10 02:33:58 [INFO] [lib.training.pipeline:531] ================================================================================
2025-12-10 02:33:58 [INFO] [lib.training.pipeline:542] 
Training logistic_regression - Fold 1/5
2025-12-10 02:33:58 [INFO] [lib.training.pipeline:994] Training baseline model logistic_regression on fold 1...
2025-12-10 02:33:58 [ERROR] [lib.training.pipeline:1077] Error training baseline fold 1: Stage 2 features path is required. Please provide features_stage2_path when creating the model.
Traceback (most recent call last):
  File "/gpfs/accounts/si670f25_class_root/si670f25_class/santoshd/fvc/lib/training/pipeline.py", line 1018, in stage5_train_models
    model.fit(train_df, project_root=project_root_str_orig)
  File "/gpfs/accounts/si670f25_class_root/si670f25_class/santoshd/fvc/lib/training/_linear.py", line 80, in fit
    raise ValueError(
ValueError: Stage 2 features path is required. Please provide features_stage2_path when creating the model.
2025-12-10 02:33:58 [INFO] [lib.training.pipeline:542] 
Training logistic_regression - Fold 2/5
2025-12-10 02:33:58 [INFO] [lib.training.pipeline:994] Training baseline model logistic_regression on fold 2...
2025-12-10 02:33:58 [ERROR] [lib.training.pipeline:1077] Error training baseline fold 2: Stage 2 features path is required. Please provide features_stage2_path when creating the model.
Traceback (most recent call last):
  File "/gpfs/accounts/si670f25_class_root/si670f25_class/santoshd/fvc/lib/training/pipeline.py", line 1018, in stage5_train_models
    model.fit(train_df, project_root=project_root_str_orig)
  File "/gpfs/accounts/si670f25_class_root/si670f25_class/santoshd/fvc/lib/training/_linear.py", line 80, in fit
    raise ValueError(
ValueError: Stage 2 features path is required. Please provide features_stage2_path when creating the model.
2025-12-10 02:33:58 [INFO] [lib.training.pipeline:542] 
Training logistic_regression - Fold 3/5
2025-12-10 02:33:58 [INFO] [lib.training.pipeline:994] Training baseline model logistic_regression on fold 3...
2025-12-10 02:33:58 [ERROR] [lib.training.pipeline:1077] Error training baseline fold 3: Stage 2 features path is required. Please provide features_stage2_path when creating the model.
Traceback (most recent call last):
  File "/gpfs/accounts/si670f25_class_root/si670f25_class/santoshd/fvc/lib/training/pipeline.py", line 1018, in stage5_train_models
    model.fit(train_df, project_root=project_root_str_orig)
  File "/gpfs/accounts/si670f25_class_root/si670f25_class/santoshd/fvc/lib/training/_linear.py", line 80, in fit
    raise ValueError(
ValueError: Stage 2 features path is required. Please provide features_stage2_path when creating the model.
2025-12-10 02:33:58 [INFO] [lib.training.pipeline:542] 
Training logistic_regression - Fold 4/5
2025-12-10 02:33:58 [INFO] [lib.training.pipeline:994] Training baseline model logistic_regression on fold 4...
2025-12-10 02:33:58 [ERROR] [lib.training.pipeline:1077] Error training baseline fold 4: Stage 2 features path is required. Please provide features_stage2_path when creating the model.
Traceback (most recent call last):
  File "/gpfs/accounts/si670f25_class_root/si670f25_class/santoshd/fvc/lib/training/pipeline.py", line 1018, in stage5_train_models
    model.fit(train_df, project_root=project_root_str_orig)
  File "/gpfs/accounts/si670f25_class_root/si670f25_class/santoshd/fvc/lib/training/_linear.py", line 80, in fit
    raise ValueError(
ValueError: Stage 2 features path is required. Please provide features_stage2_path when creating the model.
2025-12-10 02:33:59 [INFO] [lib.training.pipeline:542] 
Training logistic_regression - Fold 5/5
2025-12-10 02:33:59 [INFO] [lib.training.pipeline:994] Training baseline model logistic_regression on fold 5...
2025-12-10 02:33:59 [ERROR] [lib.training.pipeline:1077] Error training baseline fold 5: Stage 2 features path is required. Please provide features_stage2_path when creating the model.
Traceback (most recent call last):
  File "/gpfs/accounts/si670f25_class_root/si670f25_class/santoshd/fvc/lib/training/pipeline.py", line 1018, in stage5_train_models
    model.fit(train_df, project_root=project_root_str_orig)
  File "/gpfs/accounts/si670f25_class_root/si670f25_class/santoshd/fvc/lib/training/_linear.py", line 80, in fit
    raise ValueError(
ValueError: Stage 2 features path is required. Please provide features_stage2_path when creating the model.
2025-12-10 02:33:59 [INFO] [lib.training.pipeline:1106] Parameter combination 26 - Mean F1: 0.0000, Mean Acc: nan
2025-12-10 02:33:59 [INFO] [lib.training.pipeline:528] 
================================================================================
2025-12-10 02:33:59 [INFO] [lib.training.pipeline:529] Grid Search: Hyperparameter combination 27/40
2025-12-10 02:33:59 [INFO] [lib.training.pipeline:530] Parameters: {'C': 10.0, 'penalty': 'l1', 'solver': 'saga', 'max_iter': 1000}
2025-12-10 02:33:59 [INFO] [lib.training.pipeline:531] ================================================================================
2025-12-10 02:33:59 [INFO] [lib.training.pipeline:542] 
Training logistic_regression - Fold 1/5
2025-12-10 02:33:59 [INFO] [lib.training.pipeline:994] Training baseline model logistic_regression on fold 1...
2025-12-10 02:33:59 [ERROR] [lib.training.pipeline:1077] Error training baseline fold 1: Stage 2 features path is required. Please provide features_stage2_path when creating the model.
Traceback (most recent call last):
  File "/gpfs/accounts/si670f25_class_root/si670f25_class/santoshd/fvc/lib/training/pipeline.py", line 1018, in stage5_train_models
    model.fit(train_df, project_root=project_root_str_orig)
  File "/gpfs/accounts/si670f25_class_root/si670f25_class/santoshd/fvc/lib/training/_linear.py", line 80, in fit
    raise ValueError(
ValueError: Stage 2 features path is required. Please provide features_stage2_path when creating the model.
2025-12-10 02:33:59 [INFO] [lib.training.pipeline:542] 
Training logistic_regression - Fold 2/5
2025-12-10 02:33:59 [INFO] [lib.training.pipeline:994] Training baseline model logistic_regression on fold 2...
2025-12-10 02:33:59 [ERROR] [lib.training.pipeline:1077] Error training baseline fold 2: Stage 2 features path is required. Please provide features_stage2_path when creating the model.
Traceback (most recent call last):
  File "/gpfs/accounts/si670f25_class_root/si670f25_class/santoshd/fvc/lib/training/pipeline.py", line 1018, in stage5_train_models
    model.fit(train_df, project_root=project_root_str_orig)
  File "/gpfs/accounts/si670f25_class_root/si670f25_class/santoshd/fvc/lib/training/_linear.py", line 80, in fit
    raise ValueError(
ValueError: Stage 2 features path is required. Please provide features_stage2_path when creating the model.
2025-12-10 02:33:59 [INFO] [lib.training.pipeline:542] 
Training logistic_regression - Fold 3/5
2025-12-10 02:33:59 [INFO] [lib.training.pipeline:994] Training baseline model logistic_regression on fold 3...
2025-12-10 02:33:59 [ERROR] [lib.training.pipeline:1077] Error training baseline fold 3: Stage 2 features path is required. Please provide features_stage2_path when creating the model.
Traceback (most recent call last):
  File "/gpfs/accounts/si670f25_class_root/si670f25_class/santoshd/fvc/lib/training/pipeline.py", line 1018, in stage5_train_models
    model.fit(train_df, project_root=project_root_str_orig)
  File "/gpfs/accounts/si670f25_class_root/si670f25_class/santoshd/fvc/lib/training/_linear.py", line 80, in fit
    raise ValueError(
ValueError: Stage 2 features path is required. Please provide features_stage2_path when creating the model.
2025-12-10 02:33:59 [INFO] [lib.training.pipeline:542] 
Training logistic_regression - Fold 4/5
2025-12-10 02:33:59 [INFO] [lib.training.pipeline:994] Training baseline model logistic_regression on fold 4...
2025-12-10 02:33:59 [ERROR] [lib.training.pipeline:1077] Error training baseline fold 4: Stage 2 features path is required. Please provide features_stage2_path when creating the model.
Traceback (most recent call last):
  File "/gpfs/accounts/si670f25_class_root/si670f25_class/santoshd/fvc/lib/training/pipeline.py", line 1018, in stage5_train_models
    model.fit(train_df, project_root=project_root_str_orig)
  File "/gpfs/accounts/si670f25_class_root/si670f25_class/santoshd/fvc/lib/training/_linear.py", line 80, in fit
    raise ValueError(
ValueError: Stage 2 features path is required. Please provide features_stage2_path when creating the model.
2025-12-10 02:33:59 [INFO] [lib.training.pipeline:542] 
Training logistic_regression - Fold 5/5
2025-12-10 02:33:59 [INFO] [lib.training.pipeline:994] Training baseline model logistic_regression on fold 5...
2025-12-10 02:33:59 [ERROR] [lib.training.pipeline:1077] Error training baseline fold 5: Stage 2 features path is required. Please provide features_stage2_path when creating the model.
Traceback (most recent call last):
  File "/gpfs/accounts/si670f25_class_root/si670f25_class/santoshd/fvc/lib/training/pipeline.py", line 1018, in stage5_train_models
    model.fit(train_df, project_root=project_root_str_orig)
  File "/gpfs/accounts/si670f25_class_root/si670f25_class/santoshd/fvc/lib/training/_linear.py", line 80, in fit
    raise ValueError(
ValueError: Stage 2 features path is required. Please provide features_stage2_path when creating the model.
2025-12-10 02:34:00 [INFO] [lib.training.pipeline:1106] Parameter combination 27 - Mean F1: 0.0000, Mean Acc: nan
2025-12-10 02:34:00 [INFO] [lib.training.pipeline:528] 
================================================================================
2025-12-10 02:34:00 [INFO] [lib.training.pipeline:529] Grid Search: Hyperparameter combination 28/40
2025-12-10 02:34:00 [INFO] [lib.training.pipeline:530] Parameters: {'C': 10.0, 'penalty': 'l1', 'solver': 'saga', 'max_iter': 2000}
2025-12-10 02:34:00 [INFO] [lib.training.pipeline:531] ================================================================================
2025-12-10 02:34:00 [INFO] [lib.training.pipeline:542] 
Training logistic_regression - Fold 1/5
2025-12-10 02:34:00 [INFO] [lib.training.pipeline:994] Training baseline model logistic_regression on fold 1...
2025-12-10 02:34:00 [ERROR] [lib.training.pipeline:1077] Error training baseline fold 1: Stage 2 features path is required. Please provide features_stage2_path when creating the model.
Traceback (most recent call last):
  File "/gpfs/accounts/si670f25_class_root/si670f25_class/santoshd/fvc/lib/training/pipeline.py", line 1018, in stage5_train_models
    model.fit(train_df, project_root=project_root_str_orig)
  File "/gpfs/accounts/si670f25_class_root/si670f25_class/santoshd/fvc/lib/training/_linear.py", line 80, in fit
    raise ValueError(
ValueError: Stage 2 features path is required. Please provide features_stage2_path when creating the model.
2025-12-10 02:34:00 [INFO] [lib.training.pipeline:542] 
Training logistic_regression - Fold 2/5
2025-12-10 02:34:00 [INFO] [lib.training.pipeline:994] Training baseline model logistic_regression on fold 2...
2025-12-10 02:34:00 [ERROR] [lib.training.pipeline:1077] Error training baseline fold 2: Stage 2 features path is required. Please provide features_stage2_path when creating the model.
Traceback (most recent call last):
  File "/gpfs/accounts/si670f25_class_root/si670f25_class/santoshd/fvc/lib/training/pipeline.py", line 1018, in stage5_train_models
    model.fit(train_df, project_root=project_root_str_orig)
  File "/gpfs/accounts/si670f25_class_root/si670f25_class/santoshd/fvc/lib/training/_linear.py", line 80, in fit
    raise ValueError(
ValueError: Stage 2 features path is required. Please provide features_stage2_path when creating the model.
2025-12-10 02:34:00 [INFO] [lib.training.pipeline:542] 
Training logistic_regression - Fold 3/5
2025-12-10 02:34:00 [INFO] [lib.training.pipeline:994] Training baseline model logistic_regression on fold 3...
2025-12-10 02:34:00 [ERROR] [lib.training.pipeline:1077] Error training baseline fold 3: Stage 2 features path is required. Please provide features_stage2_path when creating the model.
Traceback (most recent call last):
  File "/gpfs/accounts/si670f25_class_root/si670f25_class/santoshd/fvc/lib/training/pipeline.py", line 1018, in stage5_train_models
    model.fit(train_df, project_root=project_root_str_orig)
  File "/gpfs/accounts/si670f25_class_root/si670f25_class/santoshd/fvc/lib/training/_linear.py", line 80, in fit
    raise ValueError(
ValueError: Stage 2 features path is required. Please provide features_stage2_path when creating the model.
2025-12-10 02:34:00 [INFO] [lib.training.pipeline:542] 
Training logistic_regression - Fold 4/5
2025-12-10 02:34:00 [INFO] [lib.training.pipeline:994] Training baseline model logistic_regression on fold 4...
2025-12-10 02:34:00 [ERROR] [lib.training.pipeline:1077] Error training baseline fold 4: Stage 2 features path is required. Please provide features_stage2_path when creating the model.
Traceback (most recent call last):
  File "/gpfs/accounts/si670f25_class_root/si670f25_class/santoshd/fvc/lib/training/pipeline.py", line 1018, in stage5_train_models
    model.fit(train_df, project_root=project_root_str_orig)
  File "/gpfs/accounts/si670f25_class_root/si670f25_class/santoshd/fvc/lib/training/_linear.py", line 80, in fit
    raise ValueError(
ValueError: Stage 2 features path is required. Please provide features_stage2_path when creating the model.
2025-12-10 02:34:00 [INFO] [lib.training.pipeline:542] 
Training logistic_regression - Fold 5/5
2025-12-10 02:34:00 [INFO] [lib.training.pipeline:994] Training baseline model logistic_regression on fold 5...
2025-12-10 02:34:00 [ERROR] [lib.training.pipeline:1077] Error training baseline fold 5: Stage 2 features path is required. Please provide features_stage2_path when creating the model.
Traceback (most recent call last):
  File "/gpfs/accounts/si670f25_class_root/si670f25_class/santoshd/fvc/lib/training/pipeline.py", line 1018, in stage5_train_models
    model.fit(train_df, project_root=project_root_str_orig)
  File "/gpfs/accounts/si670f25_class_root/si670f25_class/santoshd/fvc/lib/training/_linear.py", line 80, in fit
    raise ValueError(
ValueError: Stage 2 features path is required. Please provide features_stage2_path when creating the model.
2025-12-10 02:34:00 [INFO] [lib.training.pipeline:1106] Parameter combination 28 - Mean F1: 0.0000, Mean Acc: nan
2025-12-10 02:34:00 [INFO] [lib.training.pipeline:528] 
================================================================================
2025-12-10 02:34:00 [INFO] [lib.training.pipeline:529] Grid Search: Hyperparameter combination 29/40
2025-12-10 02:34:00 [INFO] [lib.training.pipeline:530] Parameters: {'C': 10.0, 'penalty': 'l2', 'solver': 'liblinear', 'max_iter': 1000}
2025-12-10 02:34:00 [INFO] [lib.training.pipeline:531] ================================================================================
2025-12-10 02:34:00 [INFO] [lib.training.pipeline:542] 
Training logistic_regression - Fold 1/5
2025-12-10 02:34:00 [INFO] [lib.training.pipeline:994] Training baseline model logistic_regression on fold 1...
2025-12-10 02:34:00 [ERROR] [lib.training.pipeline:1077] Error training baseline fold 1: Stage 2 features path is required. Please provide features_stage2_path when creating the model.
Traceback (most recent call last):
  File "/gpfs/accounts/si670f25_class_root/si670f25_class/santoshd/fvc/lib/training/pipeline.py", line 1018, in stage5_train_models
    model.fit(train_df, project_root=project_root_str_orig)
  File "/gpfs/accounts/si670f25_class_root/si670f25_class/santoshd/fvc/lib/training/_linear.py", line 80, in fit
    raise ValueError(
ValueError: Stage 2 features path is required. Please provide features_stage2_path when creating the model.
2025-12-10 02:34:01 [INFO] [lib.training.pipeline:542] 
Training logistic_regression - Fold 2/5
2025-12-10 02:34:01 [INFO] [lib.training.pipeline:994] Training baseline model logistic_regression on fold 2...
2025-12-10 02:34:01 [ERROR] [lib.training.pipeline:1077] Error training baseline fold 2: Stage 2 features path is required. Please provide features_stage2_path when creating the model.
Traceback (most recent call last):
  File "/gpfs/accounts/si670f25_class_root/si670f25_class/santoshd/fvc/lib/training/pipeline.py", line 1018, in stage5_train_models
    model.fit(train_df, project_root=project_root_str_orig)
  File "/gpfs/accounts/si670f25_class_root/si670f25_class/santoshd/fvc/lib/training/_linear.py", line 80, in fit
    raise ValueError(
ValueError: Stage 2 features path is required. Please provide features_stage2_path when creating the model.
2025-12-10 02:34:01 [INFO] [lib.training.pipeline:542] 
Training logistic_regression - Fold 3/5
2025-12-10 02:34:01 [INFO] [lib.training.pipeline:994] Training baseline model logistic_regression on fold 3...
2025-12-10 02:34:01 [ERROR] [lib.training.pipeline:1077] Error training baseline fold 3: Stage 2 features path is required. Please provide features_stage2_path when creating the model.
Traceback (most recent call last):
  File "/gpfs/accounts/si670f25_class_root/si670f25_class/santoshd/fvc/lib/training/pipeline.py", line 1018, in stage5_train_models
    model.fit(train_df, project_root=project_root_str_orig)
  File "/gpfs/accounts/si670f25_class_root/si670f25_class/santoshd/fvc/lib/training/_linear.py", line 80, in fit
    raise ValueError(
ValueError: Stage 2 features path is required. Please provide features_stage2_path when creating the model.
2025-12-10 02:34:01 [INFO] [lib.training.pipeline:542] 
Training logistic_regression - Fold 4/5
2025-12-10 02:34:01 [INFO] [lib.training.pipeline:994] Training baseline model logistic_regression on fold 4...
2025-12-10 02:34:01 [ERROR] [lib.training.pipeline:1077] Error training baseline fold 4: Stage 2 features path is required. Please provide features_stage2_path when creating the model.
Traceback (most recent call last):
  File "/gpfs/accounts/si670f25_class_root/si670f25_class/santoshd/fvc/lib/training/pipeline.py", line 1018, in stage5_train_models
    model.fit(train_df, project_root=project_root_str_orig)
  File "/gpfs/accounts/si670f25_class_root/si670f25_class/santoshd/fvc/lib/training/_linear.py", line 80, in fit
    raise ValueError(
ValueError: Stage 2 features path is required. Please provide features_stage2_path when creating the model.
2025-12-10 02:34:01 [INFO] [lib.training.pipeline:542] 
Training logistic_regression - Fold 5/5
2025-12-10 02:34:01 [INFO] [lib.training.pipeline:994] Training baseline model logistic_regression on fold 5...
2025-12-10 02:34:01 [ERROR] [lib.training.pipeline:1077] Error training baseline fold 5: Stage 2 features path is required. Please provide features_stage2_path when creating the model.
Traceback (most recent call last):
  File "/gpfs/accounts/si670f25_class_root/si670f25_class/santoshd/fvc/lib/training/pipeline.py", line 1018, in stage5_train_models
    model.fit(train_df, project_root=project_root_str_orig)
  File "/gpfs/accounts/si670f25_class_root/si670f25_class/santoshd/fvc/lib/training/_linear.py", line 80, in fit
    raise ValueError(
ValueError: Stage 2 features path is required. Please provide features_stage2_path when creating the model.
2025-12-10 02:34:01 [INFO] [lib.training.pipeline:1106] Parameter combination 29 - Mean F1: 0.0000, Mean Acc: nan
2025-12-10 02:34:01 [INFO] [lib.training.pipeline:528] 
================================================================================
2025-12-10 02:34:01 [INFO] [lib.training.pipeline:529] Grid Search: Hyperparameter combination 30/40
2025-12-10 02:34:01 [INFO] [lib.training.pipeline:530] Parameters: {'C': 10.0, 'penalty': 'l2', 'solver': 'liblinear', 'max_iter': 2000}
2025-12-10 02:34:01 [INFO] [lib.training.pipeline:531] ================================================================================
2025-12-10 02:34:01 [INFO] [lib.training.pipeline:542] 
Training logistic_regression - Fold 1/5
2025-12-10 02:34:01 [INFO] [lib.training.pipeline:994] Training baseline model logistic_regression on fold 1...
2025-12-10 02:34:01 [ERROR] [lib.training.pipeline:1077] Error training baseline fold 1: Stage 2 features path is required. Please provide features_stage2_path when creating the model.
Traceback (most recent call last):
  File "/gpfs/accounts/si670f25_class_root/si670f25_class/santoshd/fvc/lib/training/pipeline.py", line 1018, in stage5_train_models
    model.fit(train_df, project_root=project_root_str_orig)
  File "/gpfs/accounts/si670f25_class_root/si670f25_class/santoshd/fvc/lib/training/_linear.py", line 80, in fit
    raise ValueError(
ValueError: Stage 2 features path is required. Please provide features_stage2_path when creating the model.
2025-12-10 02:34:01 [INFO] [lib.training.pipeline:542] 
Training logistic_regression - Fold 2/5
2025-12-10 02:34:01 [INFO] [lib.training.pipeline:994] Training baseline model logistic_regression on fold 2...
2025-12-10 02:34:01 [ERROR] [lib.training.pipeline:1077] Error training baseline fold 2: Stage 2 features path is required. Please provide features_stage2_path when creating the model.
Traceback (most recent call last):
  File "/gpfs/accounts/si670f25_class_root/si670f25_class/santoshd/fvc/lib/training/pipeline.py", line 1018, in stage5_train_models
    model.fit(train_df, project_root=project_root_str_orig)
  File "/gpfs/accounts/si670f25_class_root/si670f25_class/santoshd/fvc/lib/training/_linear.py", line 80, in fit
    raise ValueError(
ValueError: Stage 2 features path is required. Please provide features_stage2_path when creating the model.
2025-12-10 02:34:02 [INFO] [lib.training.pipeline:542] 
Training logistic_regression - Fold 3/5
2025-12-10 02:34:02 [INFO] [lib.training.pipeline:994] Training baseline model logistic_regression on fold 3...
2025-12-10 02:34:02 [ERROR] [lib.training.pipeline:1077] Error training baseline fold 3: Stage 2 features path is required. Please provide features_stage2_path when creating the model.
Traceback (most recent call last):
  File "/gpfs/accounts/si670f25_class_root/si670f25_class/santoshd/fvc/lib/training/pipeline.py", line 1018, in stage5_train_models
    model.fit(train_df, project_root=project_root_str_orig)
  File "/gpfs/accounts/si670f25_class_root/si670f25_class/santoshd/fvc/lib/training/_linear.py", line 80, in fit
    raise ValueError(
ValueError: Stage 2 features path is required. Please provide features_stage2_path when creating the model.
2025-12-10 02:34:02 [INFO] [lib.training.pipeline:542] 
Training logistic_regression - Fold 4/5
2025-12-10 02:34:02 [INFO] [lib.training.pipeline:994] Training baseline model logistic_regression on fold 4...
2025-12-10 02:34:02 [ERROR] [lib.training.pipeline:1077] Error training baseline fold 4: Stage 2 features path is required. Please provide features_stage2_path when creating the model.
Traceback (most recent call last):
  File "/gpfs/accounts/si670f25_class_root/si670f25_class/santoshd/fvc/lib/training/pipeline.py", line 1018, in stage5_train_models
    model.fit(train_df, project_root=project_root_str_orig)
  File "/gpfs/accounts/si670f25_class_root/si670f25_class/santoshd/fvc/lib/training/_linear.py", line 80, in fit
    raise ValueError(
ValueError: Stage 2 features path is required. Please provide features_stage2_path when creating the model.
2025-12-10 02:34:02 [INFO] [lib.training.pipeline:542] 
Training logistic_regression - Fold 5/5
2025-12-10 02:34:02 [INFO] [lib.training.pipeline:994] Training baseline model logistic_regression on fold 5...
2025-12-10 02:34:02 [ERROR] [lib.training.pipeline:1077] Error training baseline fold 5: Stage 2 features path is required. Please provide features_stage2_path when creating the model.
Traceback (most recent call last):
  File "/gpfs/accounts/si670f25_class_root/si670f25_class/santoshd/fvc/lib/training/pipeline.py", line 1018, in stage5_train_models
    model.fit(train_df, project_root=project_root_str_orig)
  File "/gpfs/accounts/si670f25_class_root/si670f25_class/santoshd/fvc/lib/training/_linear.py", line 80, in fit
    raise ValueError(
ValueError: Stage 2 features path is required. Please provide features_stage2_path when creating the model.
2025-12-10 02:34:02 [INFO] [lib.training.pipeline:1106] Parameter combination 30 - Mean F1: 0.0000, Mean Acc: nan
2025-12-10 02:34:02 [INFO] [lib.training.pipeline:528] 
================================================================================
2025-12-10 02:34:02 [INFO] [lib.training.pipeline:529] Grid Search: Hyperparameter combination 31/40
2025-12-10 02:34:02 [INFO] [lib.training.pipeline:530] Parameters: {'C': 10.0, 'penalty': 'l2', 'solver': 'saga', 'max_iter': 1000}
2025-12-10 02:34:02 [INFO] [lib.training.pipeline:531] ================================================================================
2025-12-10 02:34:02 [INFO] [lib.training.pipeline:542] 
Training logistic_regression - Fold 1/5
2025-12-10 02:34:02 [INFO] [lib.training.pipeline:994] Training baseline model logistic_regression on fold 1...
2025-12-10 02:34:02 [ERROR] [lib.training.pipeline:1077] Error training baseline fold 1: Stage 2 features path is required. Please provide features_stage2_path when creating the model.
Traceback (most recent call last):
  File "/gpfs/accounts/si670f25_class_root/si670f25_class/santoshd/fvc/lib/training/pipeline.py", line 1018, in stage5_train_models
    model.fit(train_df, project_root=project_root_str_orig)
  File "/gpfs/accounts/si670f25_class_root/si670f25_class/santoshd/fvc/lib/training/_linear.py", line 80, in fit
    raise ValueError(
ValueError: Stage 2 features path is required. Please provide features_stage2_path when creating the model.
2025-12-10 02:34:02 [INFO] [lib.training.pipeline:542] 
Training logistic_regression - Fold 2/5
2025-12-10 02:34:02 [INFO] [lib.training.pipeline:994] Training baseline model logistic_regression on fold 2...
2025-12-10 02:34:02 [ERROR] [lib.training.pipeline:1077] Error training baseline fold 2: Stage 2 features path is required. Please provide features_stage2_path when creating the model.
Traceback (most recent call last):
  File "/gpfs/accounts/si670f25_class_root/si670f25_class/santoshd/fvc/lib/training/pipeline.py", line 1018, in stage5_train_models
    model.fit(train_df, project_root=project_root_str_orig)
  File "/gpfs/accounts/si670f25_class_root/si670f25_class/santoshd/fvc/lib/training/_linear.py", line 80, in fit
    raise ValueError(
ValueError: Stage 2 features path is required. Please provide features_stage2_path when creating the model.
2025-12-10 02:34:02 [INFO] [lib.training.pipeline:542] 
Training logistic_regression - Fold 3/5
2025-12-10 02:34:02 [INFO] [lib.training.pipeline:994] Training baseline model logistic_regression on fold 3...
2025-12-10 02:34:02 [ERROR] [lib.training.pipeline:1077] Error training baseline fold 3: Stage 2 features path is required. Please provide features_stage2_path when creating the model.
Traceback (most recent call last):
  File "/gpfs/accounts/si670f25_class_root/si670f25_class/santoshd/fvc/lib/training/pipeline.py", line 1018, in stage5_train_models
    model.fit(train_df, project_root=project_root_str_orig)
  File "/gpfs/accounts/si670f25_class_root/si670f25_class/santoshd/fvc/lib/training/_linear.py", line 80, in fit
    raise ValueError(
ValueError: Stage 2 features path is required. Please provide features_stage2_path when creating the model.
2025-12-10 02:34:02 [INFO] [lib.training.pipeline:542] 
Training logistic_regression - Fold 4/5
2025-12-10 02:34:02 [INFO] [lib.training.pipeline:994] Training baseline model logistic_regression on fold 4...
2025-12-10 02:34:02 [ERROR] [lib.training.pipeline:1077] Error training baseline fold 4: Stage 2 features path is required. Please provide features_stage2_path when creating the model.
Traceback (most recent call last):
  File "/gpfs/accounts/si670f25_class_root/si670f25_class/santoshd/fvc/lib/training/pipeline.py", line 1018, in stage5_train_models
    model.fit(train_df, project_root=project_root_str_orig)
  File "/gpfs/accounts/si670f25_class_root/si670f25_class/santoshd/fvc/lib/training/_linear.py", line 80, in fit
    raise ValueError(
ValueError: Stage 2 features path is required. Please provide features_stage2_path when creating the model.
2025-12-10 02:34:03 [INFO] [lib.training.pipeline:542] 
Training logistic_regression - Fold 5/5
2025-12-10 02:34:03 [INFO] [lib.training.pipeline:994] Training baseline model logistic_regression on fold 5...
2025-12-10 02:34:03 [ERROR] [lib.training.pipeline:1077] Error training baseline fold 5: Stage 2 features path is required. Please provide features_stage2_path when creating the model.
Traceback (most recent call last):
  File "/gpfs/accounts/si670f25_class_root/si670f25_class/santoshd/fvc/lib/training/pipeline.py", line 1018, in stage5_train_models
    model.fit(train_df, project_root=project_root_str_orig)
  File "/gpfs/accounts/si670f25_class_root/si670f25_class/santoshd/fvc/lib/training/_linear.py", line 80, in fit
    raise ValueError(
ValueError: Stage 2 features path is required. Please provide features_stage2_path when creating the model.
2025-12-10 02:34:03 [INFO] [lib.training.pipeline:1106] Parameter combination 31 - Mean F1: 0.0000, Mean Acc: nan
2025-12-10 02:34:03 [INFO] [lib.training.pipeline:528] 
================================================================================
2025-12-10 02:34:03 [INFO] [lib.training.pipeline:529] Grid Search: Hyperparameter combination 32/40
2025-12-10 02:34:03 [INFO] [lib.training.pipeline:530] Parameters: {'C': 10.0, 'penalty': 'l2', 'solver': 'saga', 'max_iter': 2000}
2025-12-10 02:34:03 [INFO] [lib.training.pipeline:531] ================================================================================
2025-12-10 02:34:03 [INFO] [lib.training.pipeline:542] 
Training logistic_regression - Fold 1/5
2025-12-10 02:34:03 [INFO] [lib.training.pipeline:994] Training baseline model logistic_regression on fold 1...
2025-12-10 02:34:03 [ERROR] [lib.training.pipeline:1077] Error training baseline fold 1: Stage 2 features path is required. Please provide features_stage2_path when creating the model.
Traceback (most recent call last):
  File "/gpfs/accounts/si670f25_class_root/si670f25_class/santoshd/fvc/lib/training/pipeline.py", line 1018, in stage5_train_models
    model.fit(train_df, project_root=project_root_str_orig)
  File "/gpfs/accounts/si670f25_class_root/si670f25_class/santoshd/fvc/lib/training/_linear.py", line 80, in fit
    raise ValueError(
ValueError: Stage 2 features path is required. Please provide features_stage2_path when creating the model.
2025-12-10 02:34:03 [INFO] [lib.training.pipeline:542] 
Training logistic_regression - Fold 2/5
2025-12-10 02:34:03 [INFO] [lib.training.pipeline:994] Training baseline model logistic_regression on fold 2...
2025-12-10 02:34:03 [ERROR] [lib.training.pipeline:1077] Error training baseline fold 2: Stage 2 features path is required. Please provide features_stage2_path when creating the model.
Traceback (most recent call last):
  File "/gpfs/accounts/si670f25_class_root/si670f25_class/santoshd/fvc/lib/training/pipeline.py", line 1018, in stage5_train_models
    model.fit(train_df, project_root=project_root_str_orig)
  File "/gpfs/accounts/si670f25_class_root/si670f25_class/santoshd/fvc/lib/training/_linear.py", line 80, in fit
    raise ValueError(
ValueError: Stage 2 features path is required. Please provide features_stage2_path when creating the model.
2025-12-10 02:34:03 [INFO] [lib.training.pipeline:542] 
Training logistic_regression - Fold 3/5
2025-12-10 02:34:03 [INFO] [lib.training.pipeline:994] Training baseline model logistic_regression on fold 3...
2025-12-10 02:34:03 [ERROR] [lib.training.pipeline:1077] Error training baseline fold 3: Stage 2 features path is required. Please provide features_stage2_path when creating the model.
Traceback (most recent call last):
  File "/gpfs/accounts/si670f25_class_root/si670f25_class/santoshd/fvc/lib/training/pipeline.py", line 1018, in stage5_train_models
    model.fit(train_df, project_root=project_root_str_orig)
  File "/gpfs/accounts/si670f25_class_root/si670f25_class/santoshd/fvc/lib/training/_linear.py", line 80, in fit
    raise ValueError(
ValueError: Stage 2 features path is required. Please provide features_stage2_path when creating the model.
2025-12-10 02:34:03 [INFO] [lib.training.pipeline:542] 
Training logistic_regression - Fold 4/5
2025-12-10 02:34:03 [INFO] [lib.training.pipeline:994] Training baseline model logistic_regression on fold 4...
2025-12-10 02:34:03 [ERROR] [lib.training.pipeline:1077] Error training baseline fold 4: Stage 2 features path is required. Please provide features_stage2_path when creating the model.
Traceback (most recent call last):
  File "/gpfs/accounts/si670f25_class_root/si670f25_class/santoshd/fvc/lib/training/pipeline.py", line 1018, in stage5_train_models
    model.fit(train_df, project_root=project_root_str_orig)
  File "/gpfs/accounts/si670f25_class_root/si670f25_class/santoshd/fvc/lib/training/_linear.py", line 80, in fit
    raise ValueError(
ValueError: Stage 2 features path is required. Please provide features_stage2_path when creating the model.
2025-12-10 02:34:03 [INFO] [lib.training.pipeline:542] 
Training logistic_regression - Fold 5/5
2025-12-10 02:34:03 [INFO] [lib.training.pipeline:994] Training baseline model logistic_regression on fold 5...
2025-12-10 02:34:03 [ERROR] [lib.training.pipeline:1077] Error training baseline fold 5: Stage 2 features path is required. Please provide features_stage2_path when creating the model.
Traceback (most recent call last):
  File "/gpfs/accounts/si670f25_class_root/si670f25_class/santoshd/fvc/lib/training/pipeline.py", line 1018, in stage5_train_models
    model.fit(train_df, project_root=project_root_str_orig)
  File "/gpfs/accounts/si670f25_class_root/si670f25_class/santoshd/fvc/lib/training/_linear.py", line 80, in fit
    raise ValueError(
ValueError: Stage 2 features path is required. Please provide features_stage2_path when creating the model.
2025-12-10 02:34:04 [INFO] [lib.training.pipeline:1106] Parameter combination 32 - Mean F1: 0.0000, Mean Acc: nan
2025-12-10 02:34:04 [INFO] [lib.training.pipeline:528] 
================================================================================
2025-12-10 02:34:04 [INFO] [lib.training.pipeline:529] Grid Search: Hyperparameter combination 33/40
2025-12-10 02:34:04 [INFO] [lib.training.pipeline:530] Parameters: {'C': 100.0, 'penalty': 'l1', 'solver': 'liblinear', 'max_iter': 1000}
2025-12-10 02:34:04 [INFO] [lib.training.pipeline:531] ================================================================================
2025-12-10 02:34:04 [INFO] [lib.training.pipeline:542] 
Training logistic_regression - Fold 1/5
2025-12-10 02:34:04 [INFO] [lib.training.pipeline:994] Training baseline model logistic_regression on fold 1...
2025-12-10 02:34:04 [ERROR] [lib.training.pipeline:1077] Error training baseline fold 1: Stage 2 features path is required. Please provide features_stage2_path when creating the model.
Traceback (most recent call last):
  File "/gpfs/accounts/si670f25_class_root/si670f25_class/santoshd/fvc/lib/training/pipeline.py", line 1018, in stage5_train_models
    model.fit(train_df, project_root=project_root_str_orig)
  File "/gpfs/accounts/si670f25_class_root/si670f25_class/santoshd/fvc/lib/training/_linear.py", line 80, in fit
    raise ValueError(
ValueError: Stage 2 features path is required. Please provide features_stage2_path when creating the model.
2025-12-10 02:34:04 [INFO] [lib.training.pipeline:542] 
Training logistic_regression - Fold 2/5
2025-12-10 02:34:04 [INFO] [lib.training.pipeline:994] Training baseline model logistic_regression on fold 2...
2025-12-10 02:34:04 [ERROR] [lib.training.pipeline:1077] Error training baseline fold 2: Stage 2 features path is required. Please provide features_stage2_path when creating the model.
Traceback (most recent call last):
  File "/gpfs/accounts/si670f25_class_root/si670f25_class/santoshd/fvc/lib/training/pipeline.py", line 1018, in stage5_train_models
    model.fit(train_df, project_root=project_root_str_orig)
  File "/gpfs/accounts/si670f25_class_root/si670f25_class/santoshd/fvc/lib/training/_linear.py", line 80, in fit
    raise ValueError(
ValueError: Stage 2 features path is required. Please provide features_stage2_path when creating the model.
2025-12-10 02:34:04 [INFO] [lib.training.pipeline:542] 
Training logistic_regression - Fold 3/5
2025-12-10 02:34:04 [INFO] [lib.training.pipeline:994] Training baseline model logistic_regression on fold 3...
2025-12-10 02:34:04 [ERROR] [lib.training.pipeline:1077] Error training baseline fold 3: Stage 2 features path is required. Please provide features_stage2_path when creating the model.
Traceback (most recent call last):
  File "/gpfs/accounts/si670f25_class_root/si670f25_class/santoshd/fvc/lib/training/pipeline.py", line 1018, in stage5_train_models
    model.fit(train_df, project_root=project_root_str_orig)
  File "/gpfs/accounts/si670f25_class_root/si670f25_class/santoshd/fvc/lib/training/_linear.py", line 80, in fit
    raise ValueError(
ValueError: Stage 2 features path is required. Please provide features_stage2_path when creating the model.
2025-12-10 02:34:04 [INFO] [lib.training.pipeline:542] 
Training logistic_regression - Fold 4/5
2025-12-10 02:34:04 [INFO] [lib.training.pipeline:994] Training baseline model logistic_regression on fold 4...
2025-12-10 02:34:04 [ERROR] [lib.training.pipeline:1077] Error training baseline fold 4: Stage 2 features path is required. Please provide features_stage2_path when creating the model.
Traceback (most recent call last):
  File "/gpfs/accounts/si670f25_class_root/si670f25_class/santoshd/fvc/lib/training/pipeline.py", line 1018, in stage5_train_models
    model.fit(train_df, project_root=project_root_str_orig)
  File "/gpfs/accounts/si670f25_class_root/si670f25_class/santoshd/fvc/lib/training/_linear.py", line 80, in fit
    raise ValueError(
ValueError: Stage 2 features path is required. Please provide features_stage2_path when creating the model.
2025-12-10 02:34:04 [INFO] [lib.training.pipeline:542] 
Training logistic_regression - Fold 5/5
2025-12-10 02:34:04 [INFO] [lib.training.pipeline:994] Training baseline model logistic_regression on fold 5...
2025-12-10 02:34:04 [ERROR] [lib.training.pipeline:1077] Error training baseline fold 5: Stage 2 features path is required. Please provide features_stage2_path when creating the model.
Traceback (most recent call last):
  File "/gpfs/accounts/si670f25_class_root/si670f25_class/santoshd/fvc/lib/training/pipeline.py", line 1018, in stage5_train_models
    model.fit(train_df, project_root=project_root_str_orig)
  File "/gpfs/accounts/si670f25_class_root/si670f25_class/santoshd/fvc/lib/training/_linear.py", line 80, in fit
    raise ValueError(
ValueError: Stage 2 features path is required. Please provide features_stage2_path when creating the model.
2025-12-10 02:34:04 [INFO] [lib.training.pipeline:1106] Parameter combination 33 - Mean F1: 0.0000, Mean Acc: nan
2025-12-10 02:34:04 [INFO] [lib.training.pipeline:528] 
================================================================================
2025-12-10 02:34:04 [INFO] [lib.training.pipeline:529] Grid Search: Hyperparameter combination 34/40
2025-12-10 02:34:04 [INFO] [lib.training.pipeline:530] Parameters: {'C': 100.0, 'penalty': 'l1', 'solver': 'liblinear', 'max_iter': 2000}
2025-12-10 02:34:04 [INFO] [lib.training.pipeline:531] ================================================================================
2025-12-10 02:34:04 [INFO] [lib.training.pipeline:542] 
Training logistic_regression - Fold 1/5
2025-12-10 02:34:04 [INFO] [lib.training.pipeline:994] Training baseline model logistic_regression on fold 1...
2025-12-10 02:34:04 [ERROR] [lib.training.pipeline:1077] Error training baseline fold 1: Stage 2 features path is required. Please provide features_stage2_path when creating the model.
Traceback (most recent call last):
  File "/gpfs/accounts/si670f25_class_root/si670f25_class/santoshd/fvc/lib/training/pipeline.py", line 1018, in stage5_train_models
    model.fit(train_df, project_root=project_root_str_orig)
  File "/gpfs/accounts/si670f25_class_root/si670f25_class/santoshd/fvc/lib/training/_linear.py", line 80, in fit
    raise ValueError(
ValueError: Stage 2 features path is required. Please provide features_stage2_path when creating the model.
2025-12-10 02:34:05 [INFO] [lib.training.pipeline:542] 
Training logistic_regression - Fold 2/5
2025-12-10 02:34:05 [INFO] [lib.training.pipeline:994] Training baseline model logistic_regression on fold 2...
2025-12-10 02:34:05 [ERROR] [lib.training.pipeline:1077] Error training baseline fold 2: Stage 2 features path is required. Please provide features_stage2_path when creating the model.
Traceback (most recent call last):
  File "/gpfs/accounts/si670f25_class_root/si670f25_class/santoshd/fvc/lib/training/pipeline.py", line 1018, in stage5_train_models
    model.fit(train_df, project_root=project_root_str_orig)
  File "/gpfs/accounts/si670f25_class_root/si670f25_class/santoshd/fvc/lib/training/_linear.py", line 80, in fit
    raise ValueError(
ValueError: Stage 2 features path is required. Please provide features_stage2_path when creating the model.
2025-12-10 02:34:05 [INFO] [lib.training.pipeline:542] 
Training logistic_regression - Fold 3/5
2025-12-10 02:34:05 [INFO] [lib.training.pipeline:994] Training baseline model logistic_regression on fold 3...
2025-12-10 02:34:05 [ERROR] [lib.training.pipeline:1077] Error training baseline fold 3: Stage 2 features path is required. Please provide features_stage2_path when creating the model.
Traceback (most recent call last):
  File "/gpfs/accounts/si670f25_class_root/si670f25_class/santoshd/fvc/lib/training/pipeline.py", line 1018, in stage5_train_models
    model.fit(train_df, project_root=project_root_str_orig)
  File "/gpfs/accounts/si670f25_class_root/si670f25_class/santoshd/fvc/lib/training/_linear.py", line 80, in fit
    raise ValueError(
ValueError: Stage 2 features path is required. Please provide features_stage2_path when creating the model.
2025-12-10 02:34:05 [INFO] [lib.training.pipeline:542] 
Training logistic_regression - Fold 4/5
2025-12-10 02:34:05 [INFO] [lib.training.pipeline:994] Training baseline model logistic_regression on fold 4...
2025-12-10 02:34:05 [ERROR] [lib.training.pipeline:1077] Error training baseline fold 4: Stage 2 features path is required. Please provide features_stage2_path when creating the model.
Traceback (most recent call last):
  File "/gpfs/accounts/si670f25_class_root/si670f25_class/santoshd/fvc/lib/training/pipeline.py", line 1018, in stage5_train_models
    model.fit(train_df, project_root=project_root_str_orig)
  File "/gpfs/accounts/si670f25_class_root/si670f25_class/santoshd/fvc/lib/training/_linear.py", line 80, in fit
    raise ValueError(
ValueError: Stage 2 features path is required. Please provide features_stage2_path when creating the model.
2025-12-10 02:34:05 [INFO] [lib.training.pipeline:542] 
Training logistic_regression - Fold 5/5
2025-12-10 02:34:05 [INFO] [lib.training.pipeline:994] Training baseline model logistic_regression on fold 5...
2025-12-10 02:34:05 [ERROR] [lib.training.pipeline:1077] Error training baseline fold 5: Stage 2 features path is required. Please provide features_stage2_path when creating the model.
Traceback (most recent call last):
  File "/gpfs/accounts/si670f25_class_root/si670f25_class/santoshd/fvc/lib/training/pipeline.py", line 1018, in stage5_train_models
    model.fit(train_df, project_root=project_root_str_orig)
  File "/gpfs/accounts/si670f25_class_root/si670f25_class/santoshd/fvc/lib/training/_linear.py", line 80, in fit
    raise ValueError(
ValueError: Stage 2 features path is required. Please provide features_stage2_path when creating the model.
2025-12-10 02:34:05 [INFO] [lib.training.pipeline:1106] Parameter combination 34 - Mean F1: 0.0000, Mean Acc: nan
2025-12-10 02:34:05 [INFO] [lib.training.pipeline:528] 
================================================================================
2025-12-10 02:34:05 [INFO] [lib.training.pipeline:529] Grid Search: Hyperparameter combination 35/40
2025-12-10 02:34:05 [INFO] [lib.training.pipeline:530] Parameters: {'C': 100.0, 'penalty': 'l1', 'solver': 'saga', 'max_iter': 1000}
2025-12-10 02:34:05 [INFO] [lib.training.pipeline:531] ================================================================================
2025-12-10 02:34:05 [INFO] [lib.training.pipeline:542] 
Training logistic_regression - Fold 1/5
2025-12-10 02:34:05 [INFO] [lib.training.pipeline:994] Training baseline model logistic_regression on fold 1...
2025-12-10 02:34:05 [ERROR] [lib.training.pipeline:1077] Error training baseline fold 1: Stage 2 features path is required. Please provide features_stage2_path when creating the model.
Traceback (most recent call last):
  File "/gpfs/accounts/si670f25_class_root/si670f25_class/santoshd/fvc/lib/training/pipeline.py", line 1018, in stage5_train_models
    model.fit(train_df, project_root=project_root_str_orig)
  File "/gpfs/accounts/si670f25_class_root/si670f25_class/santoshd/fvc/lib/training/_linear.py", line 80, in fit
    raise ValueError(
ValueError: Stage 2 features path is required. Please provide features_stage2_path when creating the model.
2025-12-10 02:34:05 [INFO] [lib.training.pipeline:542] 
Training logistic_regression - Fold 2/5
2025-12-10 02:34:05 [INFO] [lib.training.pipeline:994] Training baseline model logistic_regression on fold 2...
2025-12-10 02:34:05 [ERROR] [lib.training.pipeline:1077] Error training baseline fold 2: Stage 2 features path is required. Please provide features_stage2_path when creating the model.
Traceback (most recent call last):
  File "/gpfs/accounts/si670f25_class_root/si670f25_class/santoshd/fvc/lib/training/pipeline.py", line 1018, in stage5_train_models
    model.fit(train_df, project_root=project_root_str_orig)
  File "/gpfs/accounts/si670f25_class_root/si670f25_class/santoshd/fvc/lib/training/_linear.py", line 80, in fit
    raise ValueError(
ValueError: Stage 2 features path is required. Please provide features_stage2_path when creating the model.
2025-12-10 02:34:06 [INFO] [lib.training.pipeline:542] 
Training logistic_regression - Fold 3/5
2025-12-10 02:34:06 [INFO] [lib.training.pipeline:994] Training baseline model logistic_regression on fold 3...
2025-12-10 02:34:06 [ERROR] [lib.training.pipeline:1077] Error training baseline fold 3: Stage 2 features path is required. Please provide features_stage2_path when creating the model.
Traceback (most recent call last):
  File "/gpfs/accounts/si670f25_class_root/si670f25_class/santoshd/fvc/lib/training/pipeline.py", line 1018, in stage5_train_models
    model.fit(train_df, project_root=project_root_str_orig)
  File "/gpfs/accounts/si670f25_class_root/si670f25_class/santoshd/fvc/lib/training/_linear.py", line 80, in fit
    raise ValueError(
ValueError: Stage 2 features path is required. Please provide features_stage2_path when creating the model.
2025-12-10 02:34:06 [INFO] [lib.training.pipeline:542] 
Training logistic_regression - Fold 4/5
2025-12-10 02:34:06 [INFO] [lib.training.pipeline:994] Training baseline model logistic_regression on fold 4...
2025-12-10 02:34:06 [ERROR] [lib.training.pipeline:1077] Error training baseline fold 4: Stage 2 features path is required. Please provide features_stage2_path when creating the model.
Traceback (most recent call last):
  File "/gpfs/accounts/si670f25_class_root/si670f25_class/santoshd/fvc/lib/training/pipeline.py", line 1018, in stage5_train_models
    model.fit(train_df, project_root=project_root_str_orig)
  File "/gpfs/accounts/si670f25_class_root/si670f25_class/santoshd/fvc/lib/training/_linear.py", line 80, in fit
    raise ValueError(
ValueError: Stage 2 features path is required. Please provide features_stage2_path when creating the model.
2025-12-10 02:34:06 [INFO] [lib.training.pipeline:542] 
Training logistic_regression - Fold 5/5
2025-12-10 02:34:06 [INFO] [lib.training.pipeline:994] Training baseline model logistic_regression on fold 5...
2025-12-10 02:34:06 [ERROR] [lib.training.pipeline:1077] Error training baseline fold 5: Stage 2 features path is required. Please provide features_stage2_path when creating the model.
Traceback (most recent call last):
  File "/gpfs/accounts/si670f25_class_root/si670f25_class/santoshd/fvc/lib/training/pipeline.py", line 1018, in stage5_train_models
    model.fit(train_df, project_root=project_root_str_orig)
  File "/gpfs/accounts/si670f25_class_root/si670f25_class/santoshd/fvc/lib/training/_linear.py", line 80, in fit
    raise ValueError(
ValueError: Stage 2 features path is required. Please provide features_stage2_path when creating the model.
2025-12-10 02:34:06 [INFO] [lib.training.pipeline:1106] Parameter combination 35 - Mean F1: 0.0000, Mean Acc: nan
2025-12-10 02:34:06 [INFO] [lib.training.pipeline:528] 
================================================================================
2025-12-10 02:34:06 [INFO] [lib.training.pipeline:529] Grid Search: Hyperparameter combination 36/40
2025-12-10 02:34:06 [INFO] [lib.training.pipeline:530] Parameters: {'C': 100.0, 'penalty': 'l1', 'solver': 'saga', 'max_iter': 2000}
2025-12-10 02:34:06 [INFO] [lib.training.pipeline:531] ================================================================================
2025-12-10 02:34:06 [INFO] [lib.training.pipeline:542] 
Training logistic_regression - Fold 1/5
2025-12-10 02:34:06 [INFO] [lib.training.pipeline:994] Training baseline model logistic_regression on fold 1...
2025-12-10 02:34:06 [ERROR] [lib.training.pipeline:1077] Error training baseline fold 1: Stage 2 features path is required. Please provide features_stage2_path when creating the model.
Traceback (most recent call last):
  File "/gpfs/accounts/si670f25_class_root/si670f25_class/santoshd/fvc/lib/training/pipeline.py", line 1018, in stage5_train_models
    model.fit(train_df, project_root=project_root_str_orig)
  File "/gpfs/accounts/si670f25_class_root/si670f25_class/santoshd/fvc/lib/training/_linear.py", line 80, in fit
    raise ValueError(
ValueError: Stage 2 features path is required. Please provide features_stage2_path when creating the model.
2025-12-10 02:34:06 [INFO] [lib.training.pipeline:542] 
Training logistic_regression - Fold 2/5
2025-12-10 02:34:06 [INFO] [lib.training.pipeline:994] Training baseline model logistic_regression on fold 2...
2025-12-10 02:34:06 [ERROR] [lib.training.pipeline:1077] Error training baseline fold 2: Stage 2 features path is required. Please provide features_stage2_path when creating the model.
Traceback (most recent call last):
  File "/gpfs/accounts/si670f25_class_root/si670f25_class/santoshd/fvc/lib/training/pipeline.py", line 1018, in stage5_train_models
    model.fit(train_df, project_root=project_root_str_orig)
  File "/gpfs/accounts/si670f25_class_root/si670f25_class/santoshd/fvc/lib/training/_linear.py", line 80, in fit
    raise ValueError(
ValueError: Stage 2 features path is required. Please provide features_stage2_path when creating the model.
2025-12-10 02:34:06 [INFO] [lib.training.pipeline:542] 
Training logistic_regression - Fold 3/5
2025-12-10 02:34:06 [INFO] [lib.training.pipeline:994] Training baseline model logistic_regression on fold 3...
2025-12-10 02:34:06 [ERROR] [lib.training.pipeline:1077] Error training baseline fold 3: Stage 2 features path is required. Please provide features_stage2_path when creating the model.
Traceback (most recent call last):
  File "/gpfs/accounts/si670f25_class_root/si670f25_class/santoshd/fvc/lib/training/pipeline.py", line 1018, in stage5_train_models
    model.fit(train_df, project_root=project_root_str_orig)
  File "/gpfs/accounts/si670f25_class_root/si670f25_class/santoshd/fvc/lib/training/_linear.py", line 80, in fit
    raise ValueError(
ValueError: Stage 2 features path is required. Please provide features_stage2_path when creating the model.
2025-12-10 02:34:07 [INFO] [lib.training.pipeline:542] 
Training logistic_regression - Fold 4/5
2025-12-10 02:34:07 [INFO] [lib.training.pipeline:994] Training baseline model logistic_regression on fold 4...
2025-12-10 02:34:07 [ERROR] [lib.training.pipeline:1077] Error training baseline fold 4: Stage 2 features path is required. Please provide features_stage2_path when creating the model.
Traceback (most recent call last):
  File "/gpfs/accounts/si670f25_class_root/si670f25_class/santoshd/fvc/lib/training/pipeline.py", line 1018, in stage5_train_models
    model.fit(train_df, project_root=project_root_str_orig)
  File "/gpfs/accounts/si670f25_class_root/si670f25_class/santoshd/fvc/lib/training/_linear.py", line 80, in fit
    raise ValueError(
ValueError: Stage 2 features path is required. Please provide features_stage2_path when creating the model.
2025-12-10 02:34:07 [INFO] [lib.training.pipeline:542] 
Training logistic_regression - Fold 5/5
2025-12-10 02:34:07 [INFO] [lib.training.pipeline:994] Training baseline model logistic_regression on fold 5...
2025-12-10 02:34:07 [ERROR] [lib.training.pipeline:1077] Error training baseline fold 5: Stage 2 features path is required. Please provide features_stage2_path when creating the model.
Traceback (most recent call last):
  File "/gpfs/accounts/si670f25_class_root/si670f25_class/santoshd/fvc/lib/training/pipeline.py", line 1018, in stage5_train_models
    model.fit(train_df, project_root=project_root_str_orig)
  File "/gpfs/accounts/si670f25_class_root/si670f25_class/santoshd/fvc/lib/training/_linear.py", line 80, in fit
    raise ValueError(
ValueError: Stage 2 features path is required. Please provide features_stage2_path when creating the model.
2025-12-10 02:34:07 [INFO] [lib.training.pipeline:1106] Parameter combination 36 - Mean F1: 0.0000, Mean Acc: nan
2025-12-10 02:34:07 [INFO] [lib.training.pipeline:528] 
================================================================================
2025-12-10 02:34:07 [INFO] [lib.training.pipeline:529] Grid Search: Hyperparameter combination 37/40
2025-12-10 02:34:07 [INFO] [lib.training.pipeline:530] Parameters: {'C': 100.0, 'penalty': 'l2', 'solver': 'liblinear', 'max_iter': 1000}
2025-12-10 02:34:07 [INFO] [lib.training.pipeline:531] ================================================================================
2025-12-10 02:34:07 [INFO] [lib.training.pipeline:542] 
Training logistic_regression - Fold 1/5
2025-12-10 02:34:07 [INFO] [lib.training.pipeline:994] Training baseline model logistic_regression on fold 1...
2025-12-10 02:34:07 [ERROR] [lib.training.pipeline:1077] Error training baseline fold 1: Stage 2 features path is required. Please provide features_stage2_path when creating the model.
Traceback (most recent call last):
  File "/gpfs/accounts/si670f25_class_root/si670f25_class/santoshd/fvc/lib/training/pipeline.py", line 1018, in stage5_train_models
    model.fit(train_df, project_root=project_root_str_orig)
  File "/gpfs/accounts/si670f25_class_root/si670f25_class/santoshd/fvc/lib/training/_linear.py", line 80, in fit
    raise ValueError(
ValueError: Stage 2 features path is required. Please provide features_stage2_path when creating the model.
2025-12-10 02:34:07 [INFO] [lib.training.pipeline:542] 
Training logistic_regression - Fold 2/5
2025-12-10 02:34:07 [INFO] [lib.training.pipeline:994] Training baseline model logistic_regression on fold 2...
2025-12-10 02:34:07 [ERROR] [lib.training.pipeline:1077] Error training baseline fold 2: Stage 2 features path is required. Please provide features_stage2_path when creating the model.
Traceback (most recent call last):
  File "/gpfs/accounts/si670f25_class_root/si670f25_class/santoshd/fvc/lib/training/pipeline.py", line 1018, in stage5_train_models
    model.fit(train_df, project_root=project_root_str_orig)
  File "/gpfs/accounts/si670f25_class_root/si670f25_class/santoshd/fvc/lib/training/_linear.py", line 80, in fit
    raise ValueError(
ValueError: Stage 2 features path is required. Please provide features_stage2_path when creating the model.
2025-12-10 02:34:07 [INFO] [lib.training.pipeline:542] 
Training logistic_regression - Fold 3/5
2025-12-10 02:34:07 [INFO] [lib.training.pipeline:994] Training baseline model logistic_regression on fold 3...
2025-12-10 02:34:07 [ERROR] [lib.training.pipeline:1077] Error training baseline fold 3: Stage 2 features path is required. Please provide features_stage2_path when creating the model.
Traceback (most recent call last):
  File "/gpfs/accounts/si670f25_class_root/si670f25_class/santoshd/fvc/lib/training/pipeline.py", line 1018, in stage5_train_models
    model.fit(train_df, project_root=project_root_str_orig)
  File "/gpfs/accounts/si670f25_class_root/si670f25_class/santoshd/fvc/lib/training/_linear.py", line 80, in fit
    raise ValueError(
ValueError: Stage 2 features path is required. Please provide features_stage2_path when creating the model.
2025-12-10 02:34:07 [INFO] [lib.training.pipeline:542] 
Training logistic_regression - Fold 4/5
2025-12-10 02:34:07 [INFO] [lib.training.pipeline:994] Training baseline model logistic_regression on fold 4...
2025-12-10 02:34:07 [ERROR] [lib.training.pipeline:1077] Error training baseline fold 4: Stage 2 features path is required. Please provide features_stage2_path when creating the model.
Traceback (most recent call last):
  File "/gpfs/accounts/si670f25_class_root/si670f25_class/santoshd/fvc/lib/training/pipeline.py", line 1018, in stage5_train_models
    model.fit(train_df, project_root=project_root_str_orig)
  File "/gpfs/accounts/si670f25_class_root/si670f25_class/santoshd/fvc/lib/training/_linear.py", line 80, in fit
    raise ValueError(
ValueError: Stage 2 features path is required. Please provide features_stage2_path when creating the model.
2025-12-10 02:34:07 [INFO] [lib.training.pipeline:542] 
Training logistic_regression - Fold 5/5
2025-12-10 02:34:07 [INFO] [lib.training.pipeline:994] Training baseline model logistic_regression on fold 5...
2025-12-10 02:34:07 [ERROR] [lib.training.pipeline:1077] Error training baseline fold 5: Stage 2 features path is required. Please provide features_stage2_path when creating the model.
Traceback (most recent call last):
  File "/gpfs/accounts/si670f25_class_root/si670f25_class/santoshd/fvc/lib/training/pipeline.py", line 1018, in stage5_train_models
    model.fit(train_df, project_root=project_root_str_orig)
  File "/gpfs/accounts/si670f25_class_root/si670f25_class/santoshd/fvc/lib/training/_linear.py", line 80, in fit
    raise ValueError(
ValueError: Stage 2 features path is required. Please provide features_stage2_path when creating the model.
2025-12-10 02:34:08 [INFO] [lib.training.pipeline:1106] Parameter combination 37 - Mean F1: 0.0000, Mean Acc: nan
2025-12-10 02:34:08 [INFO] [lib.training.pipeline:528] 
================================================================================
2025-12-10 02:34:08 [INFO] [lib.training.pipeline:529] Grid Search: Hyperparameter combination 38/40
2025-12-10 02:34:08 [INFO] [lib.training.pipeline:530] Parameters: {'C': 100.0, 'penalty': 'l2', 'solver': 'liblinear', 'max_iter': 2000}
2025-12-10 02:34:08 [INFO] [lib.training.pipeline:531] ================================================================================
2025-12-10 02:34:08 [INFO] [lib.training.pipeline:542] 
Training logistic_regression - Fold 1/5
2025-12-10 02:34:08 [INFO] [lib.training.pipeline:994] Training baseline model logistic_regression on fold 1...
2025-12-10 02:34:08 [ERROR] [lib.training.pipeline:1077] Error training baseline fold 1: Stage 2 features path is required. Please provide features_stage2_path when creating the model.
Traceback (most recent call last):
  File "/gpfs/accounts/si670f25_class_root/si670f25_class/santoshd/fvc/lib/training/pipeline.py", line 1018, in stage5_train_models
    model.fit(train_df, project_root=project_root_str_orig)
  File "/gpfs/accounts/si670f25_class_root/si670f25_class/santoshd/fvc/lib/training/_linear.py", line 80, in fit
    raise ValueError(
ValueError: Stage 2 features path is required. Please provide features_stage2_path when creating the model.
2025-12-10 02:34:08 [INFO] [lib.training.pipeline:542] 
Training logistic_regression - Fold 2/5
2025-12-10 02:34:08 [INFO] [lib.training.pipeline:994] Training baseline model logistic_regression on fold 2...
2025-12-10 02:34:08 [ERROR] [lib.training.pipeline:1077] Error training baseline fold 2: Stage 2 features path is required. Please provide features_stage2_path when creating the model.
Traceback (most recent call last):
  File "/gpfs/accounts/si670f25_class_root/si670f25_class/santoshd/fvc/lib/training/pipeline.py", line 1018, in stage5_train_models
    model.fit(train_df, project_root=project_root_str_orig)
  File "/gpfs/accounts/si670f25_class_root/si670f25_class/santoshd/fvc/lib/training/_linear.py", line 80, in fit
    raise ValueError(
ValueError: Stage 2 features path is required. Please provide features_stage2_path when creating the model.
2025-12-10 02:34:08 [INFO] [lib.training.pipeline:542] 
Training logistic_regression - Fold 3/5
2025-12-10 02:34:08 [INFO] [lib.training.pipeline:994] Training baseline model logistic_regression on fold 3...
2025-12-10 02:34:08 [ERROR] [lib.training.pipeline:1077] Error training baseline fold 3: Stage 2 features path is required. Please provide features_stage2_path when creating the model.
Traceback (most recent call last):
  File "/gpfs/accounts/si670f25_class_root/si670f25_class/santoshd/fvc/lib/training/pipeline.py", line 1018, in stage5_train_models
    model.fit(train_df, project_root=project_root_str_orig)
  File "/gpfs/accounts/si670f25_class_root/si670f25_class/santoshd/fvc/lib/training/_linear.py", line 80, in fit
    raise ValueError(
ValueError: Stage 2 features path is required. Please provide features_stage2_path when creating the model.
2025-12-10 02:34:08 [INFO] [lib.training.pipeline:542] 
Training logistic_regression - Fold 4/5
2025-12-10 02:34:08 [INFO] [lib.training.pipeline:994] Training baseline model logistic_regression on fold 4...
2025-12-10 02:34:08 [ERROR] [lib.training.pipeline:1077] Error training baseline fold 4: Stage 2 features path is required. Please provide features_stage2_path when creating the model.
Traceback (most recent call last):
  File "/gpfs/accounts/si670f25_class_root/si670f25_class/santoshd/fvc/lib/training/pipeline.py", line 1018, in stage5_train_models
    model.fit(train_df, project_root=project_root_str_orig)
  File "/gpfs/accounts/si670f25_class_root/si670f25_class/santoshd/fvc/lib/training/_linear.py", line 80, in fit
    raise ValueError(
ValueError: Stage 2 features path is required. Please provide features_stage2_path when creating the model.
2025-12-10 02:34:08 [INFO] [lib.training.pipeline:542] 
Training logistic_regression - Fold 5/5
2025-12-10 02:34:08 [INFO] [lib.training.pipeline:994] Training baseline model logistic_regression on fold 5...
2025-12-10 02:34:08 [ERROR] [lib.training.pipeline:1077] Error training baseline fold 5: Stage 2 features path is required. Please provide features_stage2_path when creating the model.
Traceback (most recent call last):
  File "/gpfs/accounts/si670f25_class_root/si670f25_class/santoshd/fvc/lib/training/pipeline.py", line 1018, in stage5_train_models
    model.fit(train_df, project_root=project_root_str_orig)
  File "/gpfs/accounts/si670f25_class_root/si670f25_class/santoshd/fvc/lib/training/_linear.py", line 80, in fit
    raise ValueError(
ValueError: Stage 2 features path is required. Please provide features_stage2_path when creating the model.
2025-12-10 02:34:08 [INFO] [lib.training.pipeline:1106] Parameter combination 38 - Mean F1: 0.0000, Mean Acc: nan
2025-12-10 02:34:08 [INFO] [lib.training.pipeline:528] 
================================================================================
2025-12-10 02:34:08 [INFO] [lib.training.pipeline:529] Grid Search: Hyperparameter combination 39/40
2025-12-10 02:34:08 [INFO] [lib.training.pipeline:530] Parameters: {'C': 100.0, 'penalty': 'l2', 'solver': 'saga', 'max_iter': 1000}
2025-12-10 02:34:08 [INFO] [lib.training.pipeline:531] ================================================================================
2025-12-10 02:34:08 [INFO] [lib.training.pipeline:542] 
Training logistic_regression - Fold 1/5
2025-12-10 02:34:08 [INFO] [lib.training.pipeline:994] Training baseline model logistic_regression on fold 1...
2025-12-10 02:34:08 [ERROR] [lib.training.pipeline:1077] Error training baseline fold 1: Stage 2 features path is required. Please provide features_stage2_path when creating the model.
Traceback (most recent call last):
  File "/gpfs/accounts/si670f25_class_root/si670f25_class/santoshd/fvc/lib/training/pipeline.py", line 1018, in stage5_train_models
    model.fit(train_df, project_root=project_root_str_orig)
  File "/gpfs/accounts/si670f25_class_root/si670f25_class/santoshd/fvc/lib/training/_linear.py", line 80, in fit
    raise ValueError(
ValueError: Stage 2 features path is required. Please provide features_stage2_path when creating the model.
2025-12-10 02:34:09 [INFO] [lib.training.pipeline:542] 
Training logistic_regression - Fold 2/5
2025-12-10 02:34:09 [INFO] [lib.training.pipeline:994] Training baseline model logistic_regression on fold 2...
2025-12-10 02:34:09 [ERROR] [lib.training.pipeline:1077] Error training baseline fold 2: Stage 2 features path is required. Please provide features_stage2_path when creating the model.
Traceback (most recent call last):
  File "/gpfs/accounts/si670f25_class_root/si670f25_class/santoshd/fvc/lib/training/pipeline.py", line 1018, in stage5_train_models
    model.fit(train_df, project_root=project_root_str_orig)
  File "/gpfs/accounts/si670f25_class_root/si670f25_class/santoshd/fvc/lib/training/_linear.py", line 80, in fit
    raise ValueError(
ValueError: Stage 2 features path is required. Please provide features_stage2_path when creating the model.
2025-12-10 02:34:09 [INFO] [lib.training.pipeline:542] 
Training logistic_regression - Fold 3/5
2025-12-10 02:34:09 [INFO] [lib.training.pipeline:994] Training baseline model logistic_regression on fold 3...
2025-12-10 02:34:09 [ERROR] [lib.training.pipeline:1077] Error training baseline fold 3: Stage 2 features path is required. Please provide features_stage2_path when creating the model.
Traceback (most recent call last):
  File "/gpfs/accounts/si670f25_class_root/si670f25_class/santoshd/fvc/lib/training/pipeline.py", line 1018, in stage5_train_models
    model.fit(train_df, project_root=project_root_str_orig)
  File "/gpfs/accounts/si670f25_class_root/si670f25_class/santoshd/fvc/lib/training/_linear.py", line 80, in fit
    raise ValueError(
ValueError: Stage 2 features path is required. Please provide features_stage2_path when creating the model.
2025-12-10 02:34:09 [INFO] [lib.training.pipeline:542] 
Training logistic_regression - Fold 4/5
2025-12-10 02:34:09 [INFO] [lib.training.pipeline:994] Training baseline model logistic_regression on fold 4...
2025-12-10 02:34:09 [ERROR] [lib.training.pipeline:1077] Error training baseline fold 4: Stage 2 features path is required. Please provide features_stage2_path when creating the model.
Traceback (most recent call last):
  File "/gpfs/accounts/si670f25_class_root/si670f25_class/santoshd/fvc/lib/training/pipeline.py", line 1018, in stage5_train_models
    model.fit(train_df, project_root=project_root_str_orig)
  File "/gpfs/accounts/si670f25_class_root/si670f25_class/santoshd/fvc/lib/training/_linear.py", line 80, in fit
    raise ValueError(
ValueError: Stage 2 features path is required. Please provide features_stage2_path when creating the model.
2025-12-10 02:34:09 [INFO] [lib.training.pipeline:542] 
Training logistic_regression - Fold 5/5
2025-12-10 02:34:09 [INFO] [lib.training.pipeline:994] Training baseline model logistic_regression on fold 5...
2025-12-10 02:34:09 [ERROR] [lib.training.pipeline:1077] Error training baseline fold 5: Stage 2 features path is required. Please provide features_stage2_path when creating the model.
Traceback (most recent call last):
  File "/gpfs/accounts/si670f25_class_root/si670f25_class/santoshd/fvc/lib/training/pipeline.py", line 1018, in stage5_train_models
    model.fit(train_df, project_root=project_root_str_orig)
  File "/gpfs/accounts/si670f25_class_root/si670f25_class/santoshd/fvc/lib/training/_linear.py", line 80, in fit
    raise ValueError(
ValueError: Stage 2 features path is required. Please provide features_stage2_path when creating the model.
2025-12-10 02:34:09 [INFO] [lib.training.pipeline:1106] Parameter combination 39 - Mean F1: 0.0000, Mean Acc: nan
2025-12-10 02:34:09 [INFO] [lib.training.pipeline:528] 
================================================================================
2025-12-10 02:34:09 [INFO] [lib.training.pipeline:529] Grid Search: Hyperparameter combination 40/40
2025-12-10 02:34:09 [INFO] [lib.training.pipeline:530] Parameters: {'C': 100.0, 'penalty': 'l2', 'solver': 'saga', 'max_iter': 2000}
2025-12-10 02:34:09 [INFO] [lib.training.pipeline:531] ================================================================================
2025-12-10 02:34:09 [INFO] [lib.training.pipeline:542] 
Training logistic_regression - Fold 1/5
2025-12-10 02:34:09 [INFO] [lib.training.pipeline:994] Training baseline model logistic_regression on fold 1...
2025-12-10 02:34:09 [ERROR] [lib.training.pipeline:1077] Error training baseline fold 1: Stage 2 features path is required. Please provide features_stage2_path when creating the model.
Traceback (most recent call last):
  File "/gpfs/accounts/si670f25_class_root/si670f25_class/santoshd/fvc/lib/training/pipeline.py", line 1018, in stage5_train_models
    model.fit(train_df, project_root=project_root_str_orig)
  File "/gpfs/accounts/si670f25_class_root/si670f25_class/santoshd/fvc/lib/training/_linear.py", line 80, in fit
    raise ValueError(
ValueError: Stage 2 features path is required. Please provide features_stage2_path when creating the model.
2025-12-10 02:34:09 [INFO] [lib.training.pipeline:542] 
Training logistic_regression - Fold 2/5
2025-12-10 02:34:09 [INFO] [lib.training.pipeline:994] Training baseline model logistic_regression on fold 2...
2025-12-10 02:34:09 [ERROR] [lib.training.pipeline:1077] Error training baseline fold 2: Stage 2 features path is required. Please provide features_stage2_path when creating the model.
Traceback (most recent call last):
  File "/gpfs/accounts/si670f25_class_root/si670f25_class/santoshd/fvc/lib/training/pipeline.py", line 1018, in stage5_train_models
    model.fit(train_df, project_root=project_root_str_orig)
  File "/gpfs/accounts/si670f25_class_root/si670f25_class/santoshd/fvc/lib/training/_linear.py", line 80, in fit
    raise ValueError(
ValueError: Stage 2 features path is required. Please provide features_stage2_path when creating the model.
2025-12-10 02:34:10 [INFO] [lib.training.pipeline:542] 
Training logistic_regression - Fold 3/5
2025-12-10 02:34:10 [INFO] [lib.training.pipeline:994] Training baseline model logistic_regression on fold 3...
2025-12-10 02:34:10 [ERROR] [lib.training.pipeline:1077] Error training baseline fold 3: Stage 2 features path is required. Please provide features_stage2_path when creating the model.
Traceback (most recent call last):
  File "/gpfs/accounts/si670f25_class_root/si670f25_class/santoshd/fvc/lib/training/pipeline.py", line 1018, in stage5_train_models
    model.fit(train_df, project_root=project_root_str_orig)
  File "/gpfs/accounts/si670f25_class_root/si670f25_class/santoshd/fvc/lib/training/_linear.py", line 80, in fit
    raise ValueError(
ValueError: Stage 2 features path is required. Please provide features_stage2_path when creating the model.
2025-12-10 02:34:10 [INFO] [lib.training.pipeline:542] 
Training logistic_regression - Fold 4/5
2025-12-10 02:34:10 [INFO] [lib.training.pipeline:994] Training baseline model logistic_regression on fold 4...
2025-12-10 02:34:10 [ERROR] [lib.training.pipeline:1077] Error training baseline fold 4: Stage 2 features path is required. Please provide features_stage2_path when creating the model.
Traceback (most recent call last):
  File "/gpfs/accounts/si670f25_class_root/si670f25_class/santoshd/fvc/lib/training/pipeline.py", line 1018, in stage5_train_models
    model.fit(train_df, project_root=project_root_str_orig)
  File "/gpfs/accounts/si670f25_class_root/si670f25_class/santoshd/fvc/lib/training/_linear.py", line 80, in fit
    raise ValueError(
ValueError: Stage 2 features path is required. Please provide features_stage2_path when creating the model.
2025-12-10 02:34:10 [INFO] [lib.training.pipeline:542] 
Training logistic_regression - Fold 5/5
2025-12-10 02:34:10 [INFO] [lib.training.pipeline:994] Training baseline model logistic_regression on fold 5...
2025-12-10 02:34:10 [ERROR] [lib.training.pipeline:1077] Error training baseline fold 5: Stage 2 features path is required. Please provide features_stage2_path when creating the model.
Traceback (most recent call last):
  File "/gpfs/accounts/si670f25_class_root/si670f25_class/santoshd/fvc/lib/training/pipeline.py", line 1018, in stage5_train_models
    model.fit(train_df, project_root=project_root_str_orig)
  File "/gpfs/accounts/si670f25_class_root/si670f25_class/santoshd/fvc/lib/training/_linear.py", line 80, in fit
    raise ValueError(
ValueError: Stage 2 features path is required. Please provide features_stage2_path when creating the model.
2025-12-10 02:34:10 [INFO] [lib.training.pipeline:1106] Parameter combination 40 - Mean F1: 0.0000, Mean Acc: nan
2025-12-10 02:34:10 [INFO] [lib.training.pipeline:1113] Best hyperparameters selected: None
2025-12-10 02:34:10 [INFO] [lib.training.pipeline:1138] Saved best model from fold 1 to /gpfs/accounts/si670f25_class_root/si670f25_class/santoshd/fvc/data/stage5/logistic_regression/best_model
2025-12-10 02:34:10 [ERROR] [__main__:332] ================================================================================
2025-12-10 02:34:10 [ERROR] [__main__:333] STAGE 5 FAILED
2025-12-10 02:34:10 [ERROR] [__main__:334] ================================================================================
2025-12-10 02:34:10 [ERROR] [__main__:335] Error: 'val_f1'
2025-12-10 02:34:10 [ERROR] [__main__:336] Exception type: KeyError
2025-12-10 02:34:10 [ERROR] [__main__:337] Full traceback:
Traceback (most recent call last):
  File "/gpfs/accounts/si670f25_class_root/si670f25_class/santoshd/fvc/src/scripts/run_stage5_training.py", line 277, in main
    results = stage5_train_models(
              ^^^^^^^^^^^^^^^^^^^^
  File "/gpfs/accounts/si670f25_class_root/si670f25_class/santoshd/fvc/lib/training/pipeline.py", line 1174, in stage5_train_models
    valid_f1s = [
                ^
  File "/gpfs/accounts/si670f25_class_root/si670f25_class/santoshd/fvc/lib/training/pipeline.py", line 1176, in <listcomp>
    if isinstance(r["val_f1"], (int, float))
                  ~^^^^^^^^^^
KeyError: 'val_f1'
2025-12-10 02:34:10 [ERROR] [__main__:338] Output directory: /gpfs/accounts/si670f25_class_root/si670f25_class/santoshd/fvc/data/stage5
2025-12-10 02:34:10 [ERROR] [__main__:339] Partial results may be available
2025-12-10 02:34:10 [ERROR] [__main__:340] ================================================================================
